[0.025s] Invoking command in '/home/joho/ros2_ws/ROS2Moveit2ControlARoboticArm/moveit2_ws/build/my_robot_moveit_config': CMAKE_PREFIX_PATH=/home/joho/ros2_ws/ROS2Moveit2ControlARoboticArm/moveit2_ws/install/my_robot_description:/home/joho/ros2_ws/ROS2Moveit2ControlARoboticArm/moveit2_ws/install/my_robot_moveit_config:/home/joho/Documents/RoboticsAndROS2-LearnByDoingManipulators/arduinobot_ws/install/arduinobot_utils:/home/joho/Documents/RoboticsAndROS2-LearnByDoingManipulators/arduinobot_ws/install/arduinobot_remote:/home/joho/Documents/RoboticsAndROS2-LearnByDoingManipulators/arduinobot_ws/install/arduinobot_cpp_examples:/home/joho/Documents/RoboticsAndROS2-LearnByDoingManipulators/arduinobot_ws/install/arduinobot_msgs:/home/joho/Documents/RoboticsAndROS2-LearnByDoingManipulators/arduinobot_ws/install/arduinobot_moveit:/home/joho/Documents/RoboticsAndROS2-LearnByDoingManipulators/arduinobot_ws/install/arduinobot_firmware:/home/joho/Documents/RoboticsAndROS2-LearnByDoingManipulators/arduinobot_ws/install/arduinobot_description:/home/joho/Documents/RoboticsAndROS2-LearnByDoingManipulators/arduinobot_ws/install/arduinobot_controller:/home/joho/Documents/RoboticsAndROS2-LearnByDoingManipulators/arduinobot_ws/install/arduinobot_bringup:/home/joho/Documents/RoboticsAndROS2-LearnByDoingManipulators/arduinobot_ws/install/arduinobot_py_examples:/opt/ros/humble /usr/bin/cmake --build /home/joho/ros2_ws/ROS2Moveit2ControlARoboticArm/moveit2_ws/build/my_robot_moveit_config -- -j4 -l4
[0.125s] Invoked command in '/home/joho/ros2_ws/ROS2Moveit2ControlARoboticArm/moveit2_ws/build/my_robot_moveit_config' returned '0': CMAKE_PREFIX_PATH=/home/joho/ros2_ws/ROS2Moveit2ControlARoboticArm/moveit2_ws/install/my_robot_description:/home/joho/ros2_ws/ROS2Moveit2ControlARoboticArm/moveit2_ws/install/my_robot_moveit_config:/home/joho/Documents/RoboticsAndROS2-LearnByDoingManipulators/arduinobot_ws/install/arduinobot_utils:/home/joho/Documents/RoboticsAndROS2-LearnByDoingManipulators/arduinobot_ws/install/arduinobot_remote:/home/joho/Documents/RoboticsAndROS2-LearnByDoingManipulators/arduinobot_ws/install/arduinobot_cpp_examples:/home/joho/Documents/RoboticsAndROS2-LearnByDoingManipulators/arduinobot_ws/install/arduinobot_msgs:/home/joho/Documents/RoboticsAndROS2-LearnByDoingManipulators/arduinobot_ws/install/arduinobot_moveit:/home/joho/Documents/RoboticsAndROS2-LearnByDoingManipulators/arduinobot_ws/install/arduinobot_firmware:/home/joho/Documents/RoboticsAndROS2-LearnByDoingManipulators/arduinobot_ws/install/arduinobot_description:/home/joho/Documents/RoboticsAndROS2-LearnByDoingManipulators/arduinobot_ws/install/arduinobot_controller:/home/joho/Documents/RoboticsAndROS2-LearnByDoingManipulators/arduinobot_ws/install/arduinobot_bringup:/home/joho/Documents/RoboticsAndROS2-LearnByDoingManipulators/arduinobot_ws/install/arduinobot_py_examples:/opt/ros/humble /usr/bin/cmake --build /home/joho/ros2_ws/ROS2Moveit2ControlARoboticArm/moveit2_ws/build/my_robot_moveit_config -- -j4 -l4
[0.130s] Invoking command in '/home/joho/ros2_ws/ROS2Moveit2ControlARoboticArm/moveit2_ws/build/my_robot_moveit_config': CMAKE_PREFIX_PATH=/home/joho/ros2_ws/ROS2Moveit2ControlARoboticArm/moveit2_ws/install/my_robot_description:/home/joho/ros2_ws/ROS2Moveit2ControlARoboticArm/moveit2_ws/install/my_robot_moveit_config:/home/joho/Documents/RoboticsAndROS2-LearnByDoingManipulators/arduinobot_ws/install/arduinobot_utils:/home/joho/Documents/RoboticsAndROS2-LearnByDoingManipulators/arduinobot_ws/install/arduinobot_remote:/home/joho/Documents/RoboticsAndROS2-LearnByDoingManipulators/arduinobot_ws/install/arduinobot_cpp_examples:/home/joho/Documents/RoboticsAndROS2-LearnByDoingManipulators/arduinobot_ws/install/arduinobot_msgs:/home/joho/Documents/RoboticsAndROS2-LearnByDoingManipulators/arduinobot_ws/install/arduinobot_moveit:/home/joho/Documents/RoboticsAndROS2-LearnByDoingManipulators/arduinobot_ws/install/arduinobot_firmware:/home/joho/Documents/RoboticsAndROS2-LearnByDoingManipulators/arduinobot_ws/install/arduinobot_description:/home/joho/Documents/RoboticsAndROS2-LearnByDoingManipulators/arduinobot_ws/install/arduinobot_controller:/home/joho/Documents/RoboticsAndROS2-LearnByDoingManipulators/arduinobot_ws/install/arduinobot_bringup:/home/joho/Documents/RoboticsAndROS2-LearnByDoingManipulators/arduinobot_ws/install/arduinobot_py_examples:/opt/ros/humble /usr/bin/cmake --install /home/joho/ros2_ws/ROS2Moveit2ControlARoboticArm/moveit2_ws/build/my_robot_moveit_config
[0.152s] -- Install configuration: ""
[0.152s] -- Up-to-date: /home/joho/ros2_ws/ROS2Moveit2ControlARoboticArm/moveit2_ws/install/my_robot_moveit_config/share/ament_index/resource_index/package_run_dependencies/my_robot_moveit_config
[0.153s] -- Up-to-date: /home/joho/ros2_ws/ROS2Moveit2ControlARoboticArm/moveit2_ws/install/my_robot_moveit_config/share/ament_index/resource_index/parent_prefix_path/my_robot_moveit_config
[0.153s] -- Up-to-date: /home/joho/ros2_ws/ROS2Moveit2ControlARoboticArm/moveit2_ws/install/my_robot_moveit_config/share/my_robot_moveit_config/environment/ament_prefix_path.sh
[0.153s] -- Up-to-date: /home/joho/ros2_ws/ROS2Moveit2ControlARoboticArm/moveit2_ws/install/my_robot_moveit_config/share/my_robot_moveit_config/environment/ament_prefix_path.dsv
[0.154s] -- Up-to-date: /home/joho/ros2_ws/ROS2Moveit2ControlARoboticArm/moveit2_ws/install/my_robot_moveit_config/share/my_robot_moveit_config/environment/path.sh
[0.154s] -- Up-to-date: /home/joho/ros2_ws/ROS2Moveit2ControlARoboticArm/moveit2_ws/install/my_robot_moveit_config/share/my_robot_moveit_config/environment/path.dsv
[0.154s] -- Up-to-date: /home/joho/ros2_ws/ROS2Moveit2ControlARoboticArm/moveit2_ws/install/my_robot_moveit_config/share/my_robot_moveit_config/local_setup.bash
[0.154s] -- Up-to-date: /home/joho/ros2_ws/ROS2Moveit2ControlARoboticArm/moveit2_ws/install/my_robot_moveit_config/share/my_robot_moveit_config/local_setup.sh
[0.155s] -- Up-to-date: /home/joho/ros2_ws/ROS2Moveit2ControlARoboticArm/moveit2_ws/install/my_robot_moveit_config/share/my_robot_moveit_config/local_setup.zsh
[0.155s] -- Up-to-date: /home/joho/ros2_ws/ROS2Moveit2ControlARoboticArm/moveit2_ws/install/my_robot_moveit_config/share/my_robot_moveit_config/local_setup.dsv
[0.155s] -- Installing: /home/joho/ros2_ws/ROS2Moveit2ControlARoboticArm/moveit2_ws/install/my_robot_moveit_config/share/my_robot_moveit_config/package.dsv
[0.156s] -- Up-to-date: /home/joho/ros2_ws/ROS2Moveit2ControlARoboticArm/moveit2_ws/install/my_robot_moveit_config/share/ament_index/resource_index/packages/my_robot_moveit_config
[0.156s] -- Up-to-date: /home/joho/ros2_ws/ROS2Moveit2ControlARoboticArm/moveit2_ws/install/my_robot_moveit_config/share/my_robot_moveit_config/cmake/my_robot_moveit_configConfig.cmake
[0.156s] -- Up-to-date: /home/joho/ros2_ws/ROS2Moveit2ControlARoboticArm/moveit2_ws/install/my_robot_moveit_config/share/my_robot_moveit_config/cmake/my_robot_moveit_configConfig-version.cmake
[0.156s] -- Up-to-date: /home/joho/ros2_ws/ROS2Moveit2ControlARoboticArm/moveit2_ws/install/my_robot_moveit_config/share/my_robot_moveit_config/package.xml
[0.157s] -- Up-to-date: /home/joho/ros2_ws/ROS2Moveit2ControlARoboticArm/moveit2_ws/install/my_robot_moveit_config/share/my_robot_moveit_config/launch
[0.157s] -- Up-to-date: /home/joho/ros2_ws/ROS2Moveit2ControlARoboticArm/moveit2_ws/install/my_robot_moveit_config/share/my_robot_moveit_config/launch/setup_assistant.launch.py
[0.157s] -- Up-to-date: /home/joho/ros2_ws/ROS2Moveit2ControlARoboticArm/moveit2_ws/install/my_robot_moveit_config/share/my_robot_moveit_config/launch/warehouse_db.launch.py
[0.157s] -- Up-to-date: /home/joho/ros2_ws/ROS2Moveit2ControlARoboticArm/moveit2_ws/install/my_robot_moveit_config/share/my_robot_moveit_config/launch/demo.launch.py
[0.157s] -- Up-to-date: /home/joho/ros2_ws/ROS2Moveit2ControlARoboticArm/moveit2_ws/install/my_robot_moveit_config/share/my_robot_moveit_config/launch/moveit_rviz.launch.py
[0.158s] -- Up-to-date: /home/joho/ros2_ws/ROS2Moveit2ControlARoboticArm/moveit2_ws/install/my_robot_moveit_config/share/my_robot_moveit_config/launch/spawn_controllers.launch.py
[0.158s] -- Up-to-date: /home/joho/ros2_ws/ROS2Moveit2ControlARoboticArm/moveit2_ws/install/my_robot_moveit_config/share/my_robot_moveit_config/launch/rsp.launch.py
[0.158s] -- Up-to-date: /home/joho/ros2_ws/ROS2Moveit2ControlARoboticArm/moveit2_ws/install/my_robot_moveit_config/share/my_robot_moveit_config/launch/move_group.launch.py
[0.159s] -- Up-to-date: /home/joho/ros2_ws/ROS2Moveit2ControlARoboticArm/moveit2_ws/install/my_robot_moveit_config/share/my_robot_moveit_config/launch/static_virtual_joint_tfs.launch.py
[0.159s] -- Up-to-date: /home/joho/ros2_ws/ROS2Moveit2ControlARoboticArm/moveit2_ws/install/my_robot_moveit_config/share/my_robot_moveit_config/config
[0.162s] -- Up-to-date: /home/joho/ros2_ws/ROS2Moveit2ControlARoboticArm/moveit2_ws/install/my_robot_moveit_config/share/my_robot_moveit_config/config/joint_limits.yaml
[0.162s] -- Up-to-date: /home/joho/ros2_ws/ROS2Moveit2ControlARoboticArm/moveit2_ws/install/my_robot_moveit_config/share/my_robot_moveit_config/config/initial_positions.yaml
[0.163s] -- Up-to-date: /home/joho/ros2_ws/ROS2Moveit2ControlARoboticArm/moveit2_ws/install/my_robot_moveit_config/share/my_robot_moveit_config/config/my_robot.urdf.xacro
[0.163s] -- Up-to-date: /home/joho/ros2_ws/ROS2Moveit2ControlARoboticArm/moveit2_ws/install/my_robot_moveit_config/share/my_robot_moveit_config/config/kinematics.yaml
[0.163s] -- Up-to-date: /home/joho/ros2_ws/ROS2Moveit2ControlARoboticArm/moveit2_ws/install/my_robot_moveit_config/share/my_robot_moveit_config/config/my_robot.ros2_control.xacro
[0.164s] -- Up-to-date: /home/joho/ros2_ws/ROS2Moveit2ControlARoboticArm/moveit2_ws/install/my_robot_moveit_config/share/my_robot_moveit_config/config/moveit.rviz
[0.164s] -- Up-to-date: /home/joho/ros2_ws/ROS2Moveit2ControlARoboticArm/moveit2_ws/install/my_robot_moveit_config/share/my_robot_moveit_config/config/my_robot.srdf
[0.164s] -- Up-to-date: /home/joho/ros2_ws/ROS2Moveit2ControlARoboticArm/moveit2_ws/install/my_robot_moveit_config/share/my_robot_moveit_config/config/ros2_controllers.yaml
[0.165s] -- Up-to-date: /home/joho/ros2_ws/ROS2Moveit2ControlARoboticArm/moveit2_ws/install/my_robot_moveit_config/share/my_robot_moveit_config/config/pilz_cartesian_limits.yaml
[0.165s] -- Up-to-date: /home/joho/ros2_ws/ROS2Moveit2ControlARoboticArm/moveit2_ws/install/my_robot_moveit_config/share/my_robot_moveit_config/config/moveit_controllers.yaml
[0.165s] -- Up-to-date: /home/joho/ros2_ws/ROS2Moveit2ControlARoboticArm/moveit2_ws/install/my_robot_moveit_config/share/my_robot_moveit_config/.setup_assistant
[0.166s] Invoked command in '/home/joho/ros2_ws/ROS2Moveit2ControlARoboticArm/moveit2_ws/build/my_robot_moveit_config' returned '0': CMAKE_PREFIX_PATH=/home/joho/ros2_ws/ROS2Moveit2ControlARoboticArm/moveit2_ws/install/my_robot_description:/home/joho/ros2_ws/ROS2Moveit2ControlARoboticArm/moveit2_ws/install/my_robot_moveit_config:/home/joho/Documents/RoboticsAndROS2-LearnByDoingManipulators/arduinobot_ws/install/arduinobot_utils:/home/joho/Documents/RoboticsAndROS2-LearnByDoingManipulators/arduinobot_ws/install/arduinobot_remote:/home/joho/Documents/RoboticsAndROS2-LearnByDoingManipulators/arduinobot_ws/install/arduinobot_cpp_examples:/home/joho/Documents/RoboticsAndROS2-LearnByDoingManipulators/arduinobot_ws/install/arduinobot_msgs:/home/joho/Documents/RoboticsAndROS2-LearnByDoingManipulators/arduinobot_ws/install/arduinobot_moveit:/home/joho/Documents/RoboticsAndROS2-LearnByDoingManipulators/arduinobot_ws/install/arduinobot_firmware:/home/joho/Documents/RoboticsAndROS2-LearnByDoingManipulators/arduinobot_ws/install/arduinobot_description:/home/joho/Documents/RoboticsAndROS2-LearnByDoingManipulators/arduinobot_ws/install/arduinobot_controller:/home/joho/Documents/RoboticsAndROS2-LearnByDoingManipulators/arduinobot_ws/install/arduinobot_bringup:/home/joho/Documents/RoboticsAndROS2-LearnByDoingManipulators/arduinobot_ws/install/arduinobot_py_examples:/opt/ros/humble /usr/bin/cmake --install /home/joho/ros2_ws/ROS2Moveit2ControlARoboticArm/moveit2_ws/build/my_robot_moveit_config
