[0.015s] Invoking command in '/home/johotan/ros2/ROS2Moveit2ControlARoboticArm/moveit2_ws/build/my_robot_description': CMAKE_PREFIX_PATH=${CMAKE_PREFIX_PATH}:/opt/ros/jazzy DEBUGINFOD_URLS=https://debuginfod.ubuntu.com /usr/bin/cmake /home/johotan/ros2/ROS2Moveit2ControlARoboticArm/moveit2_ws/src/my_robot_description -DCMAKE_INSTALL_PREFIX=/home/johotan/ros2/ROS2Moveit2ControlARoboticArm/moveit2_ws/install/my_robot_description
[0.029s] -- Found ament_cmake: 2.5.4 (/opt/ros/jazzy/share/ament_cmake/cmake)
[0.305s] -- Configuring done (0.3s)
[0.308s] -- Generating done (0.0s)
[0.310s] -- Build files have been written to: /home/johotan/ros2/ROS2Moveit2ControlARoboticArm/moveit2_ws/build/my_robot_description
[0.312s] Invoked command in '/home/johotan/ros2/ROS2Moveit2ControlARoboticArm/moveit2_ws/build/my_robot_description' returned '0': CMAKE_PREFIX_PATH=${CMAKE_PREFIX_PATH}:/opt/ros/jazzy DEBUGINFOD_URLS=https://debuginfod.ubuntu.com /usr/bin/cmake /home/johotan/ros2/ROS2Moveit2ControlARoboticArm/moveit2_ws/src/my_robot_description -DCMAKE_INSTALL_PREFIX=/home/johotan/ros2/ROS2Moveit2ControlARoboticArm/moveit2_ws/install/my_robot_description
[0.313s] Invoking command in '/home/johotan/ros2/ROS2Moveit2ControlARoboticArm/moveit2_ws/build/my_robot_description': CMAKE_PREFIX_PATH=${CMAKE_PREFIX_PATH}:/opt/ros/jazzy DEBUGINFOD_URLS=https://debuginfod.ubuntu.com /usr/bin/cmake --build /home/johotan/ros2/ROS2Moveit2ControlARoboticArm/moveit2_ws/build/my_robot_description -- -j12 -l12
[0.352s] Invoked command in '/home/johotan/ros2/ROS2Moveit2ControlARoboticArm/moveit2_ws/build/my_robot_description' returned '0': CMAKE_PREFIX_PATH=${CMAKE_PREFIX_PATH}:/opt/ros/jazzy DEBUGINFOD_URLS=https://debuginfod.ubuntu.com /usr/bin/cmake --build /home/johotan/ros2/ROS2Moveit2ControlARoboticArm/moveit2_ws/build/my_robot_description -- -j12 -l12
[0.353s] Invoking command in '/home/johotan/ros2/ROS2Moveit2ControlARoboticArm/moveit2_ws/build/my_robot_description': CMAKE_PREFIX_PATH=${CMAKE_PREFIX_PATH}:/opt/ros/jazzy DEBUGINFOD_URLS=https://debuginfod.ubuntu.com /usr/bin/cmake --install /home/johotan/ros2/ROS2Moveit2ControlARoboticArm/moveit2_ws/build/my_robot_description
[0.362s] -- Install configuration: ""
[0.362s] -- Up-to-date: /home/johotan/ros2/ROS2Moveit2ControlARoboticArm/moveit2_ws/install/my_robot_description/share/my_robot_description/launch
[0.362s] -- Up-to-date: /home/johotan/ros2/ROS2Moveit2ControlARoboticArm/moveit2_ws/install/my_robot_description/share/my_robot_description/launch/display.launch.xml
[0.362s] -- Up-to-date: /home/johotan/ros2/ROS2Moveit2ControlARoboticArm/moveit2_ws/install/my_robot_description/share/my_robot_description/rviz
[0.362s] -- Up-to-date: /home/johotan/ros2/ROS2Moveit2ControlARoboticArm/moveit2_ws/install/my_robot_description/share/my_robot_description/rviz/urdf_config.rviz
[0.363s] -- Up-to-date: /home/johotan/ros2/ROS2Moveit2ControlARoboticArm/moveit2_ws/install/my_robot_description/share/my_robot_description/urdf
[0.363s] -- Up-to-date: /home/johotan/ros2/ROS2Moveit2ControlARoboticArm/moveit2_ws/install/my_robot_description/share/my_robot_description/urdf/common_properties.xacro
[0.363s] -- Up-to-date: /home/johotan/ros2/ROS2Moveit2ControlARoboticArm/moveit2_ws/install/my_robot_description/share/my_robot_description/urdf/my_robot.urdf.xacro
[0.363s] -- Up-to-date: /home/johotan/ros2/ROS2Moveit2ControlARoboticArm/moveit2_ws/install/my_robot_description/share/my_robot_description/urdf/gripper.xacro
[0.363s] -- Up-to-date: /home/johotan/ros2/ROS2Moveit2ControlARoboticArm/moveit2_ws/install/my_robot_description/share/my_robot_description/urdf/my_robot.ros2_control.xacro
[0.363s] -- Up-to-date: /home/johotan/ros2/ROS2Moveit2ControlARoboticArm/moveit2_ws/install/my_robot_description/share/my_robot_description/urdf/arm.xacro
[0.364s] -- Up-to-date: /home/johotan/ros2/ROS2Moveit2ControlARoboticArm/moveit2_ws/install/my_robot_description/share/ament_index/resource_index/package_run_dependencies/my_robot_description
[0.364s] -- Installing: /home/johotan/ros2/ROS2Moveit2ControlARoboticArm/moveit2_ws/install/my_robot_description/share/ament_index/resource_index/parent_prefix_path/my_robot_description
[0.364s] -- Up-to-date: /home/johotan/ros2/ROS2Moveit2ControlARoboticArm/moveit2_ws/install/my_robot_description/share/my_robot_description/environment/ament_prefix_path.sh
[0.365s] -- Up-to-date: /home/johotan/ros2/ROS2Moveit2ControlARoboticArm/moveit2_ws/install/my_robot_description/share/my_robot_description/environment/ament_prefix_path.dsv
[0.365s] -- Up-to-date: /home/johotan/ros2/ROS2Moveit2ControlARoboticArm/moveit2_ws/install/my_robot_description/share/my_robot_description/environment/path.sh
[0.365s] -- Up-to-date: /home/johotan/ros2/ROS2Moveit2ControlARoboticArm/moveit2_ws/install/my_robot_description/share/my_robot_description/environment/path.dsv
[0.366s] -- Up-to-date: /home/johotan/ros2/ROS2Moveit2ControlARoboticArm/moveit2_ws/install/my_robot_description/share/my_robot_description/local_setup.bash
[0.366s] -- Up-to-date: /home/johotan/ros2/ROS2Moveit2ControlARoboticArm/moveit2_ws/install/my_robot_description/share/my_robot_description/local_setup.sh
[0.366s] -- Up-to-date: /home/johotan/ros2/ROS2Moveit2ControlARoboticArm/moveit2_ws/install/my_robot_description/share/my_robot_description/local_setup.zsh
[0.366s] -- Up-to-date: /home/johotan/ros2/ROS2Moveit2ControlARoboticArm/moveit2_ws/install/my_robot_description/share/my_robot_description/local_setup.dsv
[0.367s] -- Installing: /home/johotan/ros2/ROS2Moveit2ControlARoboticArm/moveit2_ws/install/my_robot_description/share/my_robot_description/package.dsv
[0.367s] -- Up-to-date: /home/johotan/ros2/ROS2Moveit2ControlARoboticArm/moveit2_ws/install/my_robot_description/share/ament_index/resource_index/packages/my_robot_description
[0.367s] -- Up-to-date: /home/johotan/ros2/ROS2Moveit2ControlARoboticArm/moveit2_ws/install/my_robot_description/share/my_robot_description/cmake/my_robot_descriptionConfig.cmake
[0.367s] -- Up-to-date: /home/johotan/ros2/ROS2Moveit2ControlARoboticArm/moveit2_ws/install/my_robot_description/share/my_robot_description/cmake/my_robot_descriptionConfig-version.cmake
[0.368s] -- Up-to-date: /home/johotan/ros2/ROS2Moveit2ControlARoboticArm/moveit2_ws/install/my_robot_description/share/my_robot_description/package.xml
[0.368s] Invoked command in '/home/johotan/ros2/ROS2Moveit2ControlARoboticArm/moveit2_ws/build/my_robot_description' returned '0': CMAKE_PREFIX_PATH=${CMAKE_PREFIX_PATH}:/opt/ros/jazzy DEBUGINFOD_URLS=https://debuginfod.ubuntu.com /usr/bin/cmake --install /home/johotan/ros2/ROS2Moveit2ControlARoboticArm/moveit2_ws/build/my_robot_description
