[0.019s] Invoking command in '/home/johotan/ros2/ROS2Moveit2ControlARoboticArm/moveit2_ws/build/my_robot_interfaces': CMAKE_PREFIX_PATH=${CMAKE_PREFIX_PATH}:/opt/ros/jazzy DEBUGINFOD_URLS=https://debuginfod.ubuntu.com /usr/bin/cmake /home/johotan/ros2/ROS2Moveit2ControlARoboticArm/moveit2_ws/src/my_robot_interfaces -DCMAKE_INSTALL_PREFIX=/home/johotan/ros2/ROS2Moveit2ControlARoboticArm/moveit2_ws/install/my_robot_interfaces
[0.032s] -- Found ament_cmake: 2.5.4 (/opt/ros/jazzy/share/ament_cmake/cmake)
[0.267s] -- Found rosidl_default_generators: 1.6.0 (/opt/ros/jazzy/share/rosidl_default_generators/cmake)
[0.271s] -- Using all available rosidl_typesupport_c: rosidl_typesupport_fastrtps_c;rosidl_typesupport_introspection_c
[0.310s] -- Using all available rosidl_typesupport_cpp: rosidl_typesupport_fastrtps_cpp;rosidl_typesupport_introspection_cpp
[0.339s] -- Found rosidl_adapter: 4.6.6 (/opt/ros/jazzy/share/rosidl_adapter/cmake)
[0.616s] [31mCMake Error at /opt/ros/jazzy/share/rosidl_adapter/cmake/rosidl_adapt_interfaces.cmake:57 (message):
[0.616s]   execute_process(/usr/bin/python3 -m rosidl_adapter --package-name
[0.616s]   my_robot_interfaces --arguments-file
[0.616s]   /home/johotan/ros2/ROS2Moveit2ControlARoboticArm/moveit2_ws/build/my_robot_interfaces/rosidl_adapter__arguments__my_robot_interfaces.json
[0.616s]   --output-dir
[0.616s]   /home/johotan/ros2/ROS2Moveit2ControlARoboticArm/moveit2_ws/build/my_robot_interfaces/rosidl_adapter/my_robot_interfaces
[0.616s]   --output-file
[0.616s]   /home/johotan/ros2/ROS2Moveit2ControlARoboticArm/moveit2_ws/build/my_robot_interfaces/rosidl_adapter/my_robot_interfaces.idls)
[0.617s]   returned error code 1:
[0.617s] 
[0.617s]   Error processing 'double x' of 'my_robot_interfaces/PoseCommand': ''double'
[0.617s]   is an invalid message name.  It should have the pattern
[0.617s]   '^[A-Z][A-Za-z0-9]*$''
[0.617s] 
[0.617s]   Traceback (most recent call last):
[0.617s] 
[0.617s]     File "<frozen runpy>", line 198, in _run_module_as_main
[0.617s]     File "<frozen runpy>", line 88, in _run_code
[0.617s]     File "/opt/ros/jazzy/lib/python3.12/site-packages/rosidl_adapter/__main__.py", line 19, in <module>
[0.617s]       sys.exit(main())
[0.617s]                ^^^^^^
[0.617s]     File "/opt/ros/jazzy/lib/python3.12/site-packages/rosidl_adapter/main.py", line 53, in main
[0.617s]       abs_idl_file = convert_to_idl(
[0.618s]                      ^^^^^^^^^^^^^^^
[0.618s]     File "/opt/ros/jazzy/lib/python3.12/site-packages/rosidl_adapter/__init__.py", line 19, in convert_to_idl
[0.618s]       return convert_msg_to_idl(
[0.618s]              ^^^^^^^^^^^^^^^^^^^
[0.618s]     File "/opt/ros/jazzy/lib/python3.12/site-packages/rosidl_adapter/msg/__init__.py", line 28, in convert_msg_to_idl
[0.618s]       msg = parse_message_string(package_name, input_file.stem, content)
[0.618s]             ^^^^^^^^^^^^^^^^^^^^^^^^^^^^^^^^^^^^^^^^^^^^^^^^^^^^^^^^^^^^
[0.618s]     File "/opt/ros/jazzy/lib/python3.12/site-packages/rosidl_adapter/parser.py", line 521, in parse_message_string
[0.618s]       Type(type_string, context_package_name=pkg_name),
[0.618s]       ^^^^^^^^^^^^^^^^^^^^^^^^^^^^^^^^^^^^^^^^^^^^^^^^
[0.618s]     File "/opt/ros/jazzy/lib/python3.12/site-packages/rosidl_adapter/parser.py", line 278, in __init__
[0.618s]       super(Type, self).__init__(
[0.618s]     File "/opt/ros/jazzy/lib/python3.12/site-packages/rosidl_adapter/parser.py", line 206, in __init__
[0.618s]       raise InvalidResourceName(
[0.618s] 
[0.619s]   rosidl_adapter.parser.InvalidResourceName: 'double' is an invalid message
[0.619s]   name.  It should have the pattern '^[A-Z][A-Za-z0-9]*$'
[0.619s] 
[0.619s] Call Stack (most recent call first):
[0.619s]   /opt/ros/jazzy/share/rosidl_cmake/cmake/rosidl_generate_interfaces.cmake:132 (rosidl_adapt_interfaces)
[0.619s]   CMakeLists.txt:12 (rosidl_generate_interfaces)
[0.619s] 
[0.619s] [0m
[0.619s] -- Configuring incomplete, errors occurred!
[0.622s] Invoked command in '/home/johotan/ros2/ROS2Moveit2ControlARoboticArm/moveit2_ws/build/my_robot_interfaces' returned '1': CMAKE_PREFIX_PATH=${CMAKE_PREFIX_PATH}:/opt/ros/jazzy DEBUGINFOD_URLS=https://debuginfod.ubuntu.com /usr/bin/cmake /home/johotan/ros2/ROS2Moveit2ControlARoboticArm/moveit2_ws/src/my_robot_interfaces -DCMAKE_INSTALL_PREFIX=/home/johotan/ros2/ROS2Moveit2ControlARoboticArm/moveit2_ws/install/my_robot_interfaces
