[0.203s] DEBUG:colcon:Command line arguments: ['/usr/bin/colcon', 'build']
[0.203s] DEBUG:colcon:Parsed command line arguments: Namespace(log_base=None, log_level=None, verb_name='build', build_base='build', install_base='install', merge_install=False, symlink_install=False, test_result_base=None, continue_on_error=False, executor='parallel', parallel_workers=12, event_handlers=None, ignore_user_meta=False, metas=['./colcon.meta'], base_paths=['.'], packages_ignore=None, packages_ignore_regex=None, paths=None, packages_up_to=None, packages_up_to_regex=None, packages_above=None, packages_above_and_dependencies=None, packages_above_depth=None, packages_select_by_dep=None, packages_skip_by_dep=None, packages_skip_up_to=None, packages_select_build_failed=False, packages_skip_build_finished=False, packages_select_test_failures=False, packages_skip_test_passed=False, packages_select=None, packages_skip=None, packages_select_regex=None, packages_skip_regex=None, packages_start=None, packages_end=None, allow_overriding=[], cmake_args=None, cmake_target=None, cmake_target_skip_unavailable=False, cmake_clean_cache=False, cmake_clean_first=False, cmake_force_configure=False, ament_cmake_args=None, catkin_cmake_args=None, catkin_skip_building_tests=False, mixin_files=None, mixin=None, verb_parser=<colcon_mixin.mixin.mixin_argument.MixinArgumentDecorator object at 0x7795ac183890>, verb_extension=<colcon_core.verb.build.BuildVerb object at 0x7795ac2a7a40>, main=<bound method BuildVerb.main of <colcon_core.verb.build.BuildVerb object at 0x7795ac2a7a40>>, mixin_verb=('build',))
[0.257s] Level 1:colcon.colcon_core.package_discovery:discover_packages(colcon_meta) check parameters
[0.257s] Level 1:colcon.colcon_core.package_discovery:discover_packages(recursive) check parameters
[0.257s] Level 1:colcon.colcon_core.package_discovery:discover_packages(ignore) check parameters
[0.258s] Level 1:colcon.colcon_core.package_discovery:discover_packages(path) check parameters
[0.258s] Level 1:colcon.colcon_core.package_discovery:discover_packages(colcon_meta) discover
[0.258s] Level 1:colcon.colcon_core.package_discovery:discover_packages(recursive) discover
[0.258s] INFO:colcon.colcon_core.package_discovery:Crawling recursively for packages in '/home/johotan/ros2/ROS2Moveit2ControlARoboticArm/moveit2_ws'
[0.258s] Level 1:colcon.colcon_core.package_identification:_identify(.) by extensions ['ignore', 'ignore_ament_install']
[0.258s] Level 1:colcon.colcon_core.package_identification:_identify(.) by extension 'ignore'
[0.258s] Level 1:colcon.colcon_core.package_identification:_identify(.) by extension 'ignore_ament_install'
[0.258s] Level 1:colcon.colcon_core.package_identification:_identify(.) by extensions ['colcon_pkg']
[0.258s] Level 1:colcon.colcon_core.package_identification:_identify(.) by extension 'colcon_pkg'
[0.258s] Level 1:colcon.colcon_core.package_identification:_identify(.) by extensions ['colcon_meta']
[0.258s] Level 1:colcon.colcon_core.package_identification:_identify(.) by extension 'colcon_meta'
[0.258s] Level 1:colcon.colcon_core.package_identification:_identify(.) by extensions ['ros']
[0.258s] Level 1:colcon.colcon_core.package_identification:_identify(.) by extension 'ros'
[0.286s] Level 1:colcon.colcon_core.package_identification:_identify(.) by extensions ['cmake', 'python']
[0.286s] Level 1:colcon.colcon_core.package_identification:_identify(.) by extension 'cmake'
[0.286s] Level 1:colcon.colcon_core.package_identification:_identify(.) by extension 'python'
[0.286s] Level 1:colcon.colcon_core.package_identification:_identify(.) by extensions ['python_setup_py']
[0.286s] Level 1:colcon.colcon_core.package_identification:_identify(.) by extension 'python_setup_py'
[0.286s] Level 1:colcon.colcon_core.package_identification:_identify(build) by extensions ['ignore', 'ignore_ament_install']
[0.286s] Level 1:colcon.colcon_core.package_identification:_identify(build) by extension 'ignore'
[0.286s] Level 1:colcon.colcon_core.package_identification:_identify(build) ignored
[0.286s] Level 1:colcon.colcon_core.package_identification:_identify(install) by extensions ['ignore', 'ignore_ament_install']
[0.286s] Level 1:colcon.colcon_core.package_identification:_identify(install) by extension 'ignore'
[0.286s] Level 1:colcon.colcon_core.package_identification:_identify(install) ignored
[0.286s] Level 1:colcon.colcon_core.package_identification:_identify(log) by extensions ['ignore', 'ignore_ament_install']
[0.286s] Level 1:colcon.colcon_core.package_identification:_identify(log) by extension 'ignore'
[0.286s] Level 1:colcon.colcon_core.package_identification:_identify(log) ignored
[0.287s] Level 1:colcon.colcon_core.package_identification:_identify(src) by extensions ['ignore', 'ignore_ament_install']
[0.287s] Level 1:colcon.colcon_core.package_identification:_identify(src) by extension 'ignore'
[0.287s] Level 1:colcon.colcon_core.package_identification:_identify(src) by extension 'ignore_ament_install'
[0.287s] Level 1:colcon.colcon_core.package_identification:_identify(src) by extensions ['colcon_pkg']
[0.287s] Level 1:colcon.colcon_core.package_identification:_identify(src) by extension 'colcon_pkg'
[0.287s] Level 1:colcon.colcon_core.package_identification:_identify(src) by extensions ['colcon_meta']
[0.287s] Level 1:colcon.colcon_core.package_identification:_identify(src) by extension 'colcon_meta'
[0.287s] Level 1:colcon.colcon_core.package_identification:_identify(src) by extensions ['ros']
[0.287s] Level 1:colcon.colcon_core.package_identification:_identify(src) by extension 'ros'
[0.287s] Level 1:colcon.colcon_core.package_identification:_identify(src) by extensions ['cmake', 'python']
[0.287s] Level 1:colcon.colcon_core.package_identification:_identify(src) by extension 'cmake'
[0.287s] Level 1:colcon.colcon_core.package_identification:_identify(src) by extension 'python'
[0.287s] Level 1:colcon.colcon_core.package_identification:_identify(src) by extensions ['python_setup_py']
[0.287s] Level 1:colcon.colcon_core.package_identification:_identify(src) by extension 'python_setup_py'
[0.287s] Level 1:colcon.colcon_core.package_identification:_identify(src/my_robot_bringup) by extensions ['ignore', 'ignore_ament_install']
[0.287s] Level 1:colcon.colcon_core.package_identification:_identify(src/my_robot_bringup) by extension 'ignore'
[0.287s] Level 1:colcon.colcon_core.package_identification:_identify(src/my_robot_bringup) by extension 'ignore_ament_install'
[0.287s] Level 1:colcon.colcon_core.package_identification:_identify(src/my_robot_bringup) by extensions ['colcon_pkg']
[0.287s] Level 1:colcon.colcon_core.package_identification:_identify(src/my_robot_bringup) by extension 'colcon_pkg'
[0.287s] Level 1:colcon.colcon_core.package_identification:_identify(src/my_robot_bringup) by extensions ['colcon_meta']
[0.287s] Level 1:colcon.colcon_core.package_identification:_identify(src/my_robot_bringup) by extension 'colcon_meta'
[0.288s] Level 1:colcon.colcon_core.package_identification:_identify(src/my_robot_bringup) by extensions ['ros']
[0.288s] Level 1:colcon.colcon_core.package_identification:_identify(src/my_robot_bringup) by extension 'ros'
[0.290s] DEBUG:colcon.colcon_core.package_identification:Package 'src/my_robot_bringup' with type 'ros.ament_cmake' and name 'my_robot_bringup'
[0.290s] Level 1:colcon.colcon_core.package_identification:_identify(src/my_robot_description) by extensions ['ignore', 'ignore_ament_install']
[0.290s] Level 1:colcon.colcon_core.package_identification:_identify(src/my_robot_description) by extension 'ignore'
[0.290s] Level 1:colcon.colcon_core.package_identification:_identify(src/my_robot_description) by extension 'ignore_ament_install'
[0.290s] Level 1:colcon.colcon_core.package_identification:_identify(src/my_robot_description) by extensions ['colcon_pkg']
[0.290s] Level 1:colcon.colcon_core.package_identification:_identify(src/my_robot_description) by extension 'colcon_pkg'
[0.290s] Level 1:colcon.colcon_core.package_identification:_identify(src/my_robot_description) by extensions ['colcon_meta']
[0.290s] Level 1:colcon.colcon_core.package_identification:_identify(src/my_robot_description) by extension 'colcon_meta'
[0.291s] Level 1:colcon.colcon_core.package_identification:_identify(src/my_robot_description) by extensions ['ros']
[0.291s] Level 1:colcon.colcon_core.package_identification:_identify(src/my_robot_description) by extension 'ros'
[0.291s] DEBUG:colcon.colcon_core.package_identification:Package 'src/my_robot_description' with type 'ros.ament_cmake' and name 'my_robot_description'
[0.291s] Level 1:colcon.colcon_core.package_identification:_identify(src/my_robot_moveit_config) by extensions ['ignore', 'ignore_ament_install']
[0.291s] Level 1:colcon.colcon_core.package_identification:_identify(src/my_robot_moveit_config) by extension 'ignore'
[0.291s] Level 1:colcon.colcon_core.package_identification:_identify(src/my_robot_moveit_config) by extension 'ignore_ament_install'
[0.291s] Level 1:colcon.colcon_core.package_identification:_identify(src/my_robot_moveit_config) by extensions ['colcon_pkg']
[0.291s] Level 1:colcon.colcon_core.package_identification:_identify(src/my_robot_moveit_config) by extension 'colcon_pkg'
[0.291s] Level 1:colcon.colcon_core.package_identification:_identify(src/my_robot_moveit_config) by extensions ['colcon_meta']
[0.291s] Level 1:colcon.colcon_core.package_identification:_identify(src/my_robot_moveit_config) by extension 'colcon_meta'
[0.291s] Level 1:colcon.colcon_core.package_identification:_identify(src/my_robot_moveit_config) by extensions ['ros']
[0.291s] Level 1:colcon.colcon_core.package_identification:_identify(src/my_robot_moveit_config) by extension 'ros'
[0.292s] DEBUG:colcon.colcon_core.package_identification:Package 'src/my_robot_moveit_config' with type 'ros.ament_cmake' and name 'my_robot_moveit_config'
[0.292s] Level 1:colcon.colcon_core.package_discovery:discover_packages(recursive) using defaults
[0.292s] Level 1:colcon.colcon_core.package_discovery:discover_packages(ignore) discover
[0.292s] Level 1:colcon.colcon_core.package_discovery:discover_packages(ignore) using defaults
[0.292s] Level 1:colcon.colcon_core.package_discovery:discover_packages(path) discover
[0.292s] Level 1:colcon.colcon_core.package_discovery:discover_packages(path) using defaults
[0.313s] Level 1:colcon.colcon_core.package_discovery:discover_packages(prefix_path) check parameters
[0.313s] Level 1:colcon.colcon_core.package_discovery:discover_packages(prefix_path) discover
[0.317s] DEBUG:colcon.colcon_installed_package_information.package_discovery:Found 285 installed packages in /opt/ros/jazzy
[0.318s] Level 1:colcon.colcon_core.package_discovery:discover_packages(prefix_path) using defaults
[0.361s] Level 5:colcon.colcon_core.verb:set package 'my_robot_description' build argument 'cmake_args' from command line to 'None'
[0.361s] Level 5:colcon.colcon_core.verb:set package 'my_robot_description' build argument 'cmake_target' from command line to 'None'
[0.361s] Level 5:colcon.colcon_core.verb:set package 'my_robot_description' build argument 'cmake_target_skip_unavailable' from command line to 'False'
[0.361s] Level 5:colcon.colcon_core.verb:set package 'my_robot_description' build argument 'cmake_clean_cache' from command line to 'False'
[0.361s] Level 5:colcon.colcon_core.verb:set package 'my_robot_description' build argument 'cmake_clean_first' from command line to 'False'
[0.361s] Level 5:colcon.colcon_core.verb:set package 'my_robot_description' build argument 'cmake_force_configure' from command line to 'False'
[0.361s] Level 5:colcon.colcon_core.verb:set package 'my_robot_description' build argument 'ament_cmake_args' from command line to 'None'
[0.361s] Level 5:colcon.colcon_core.verb:set package 'my_robot_description' build argument 'catkin_cmake_args' from command line to 'None'
[0.361s] Level 5:colcon.colcon_core.verb:set package 'my_robot_description' build argument 'catkin_skip_building_tests' from command line to 'False'
[0.361s] DEBUG:colcon.colcon_core.verb:Building package 'my_robot_description' with the following arguments: {'ament_cmake_args': None, 'build_base': '/home/johotan/ros2/ROS2Moveit2ControlARoboticArm/moveit2_ws/build/my_robot_description', 'catkin_cmake_args': None, 'catkin_skip_building_tests': False, 'cmake_args': None, 'cmake_clean_cache': False, 'cmake_clean_first': False, 'cmake_force_configure': False, 'cmake_target': None, 'cmake_target_skip_unavailable': False, 'install_base': '/home/johotan/ros2/ROS2Moveit2ControlARoboticArm/moveit2_ws/install/my_robot_description', 'merge_install': False, 'path': '/home/johotan/ros2/ROS2Moveit2ControlARoboticArm/moveit2_ws/src/my_robot_description', 'symlink_install': False, 'test_result_base': None}
[0.361s] Level 5:colcon.colcon_core.verb:set package 'my_robot_moveit_config' build argument 'cmake_args' from command line to 'None'
[0.361s] Level 5:colcon.colcon_core.verb:set package 'my_robot_moveit_config' build argument 'cmake_target' from command line to 'None'
[0.361s] Level 5:colcon.colcon_core.verb:set package 'my_robot_moveit_config' build argument 'cmake_target_skip_unavailable' from command line to 'False'
[0.361s] Level 5:colcon.colcon_core.verb:set package 'my_robot_moveit_config' build argument 'cmake_clean_cache' from command line to 'False'
[0.361s] Level 5:colcon.colcon_core.verb:set package 'my_robot_moveit_config' build argument 'cmake_clean_first' from command line to 'False'
[0.361s] Level 5:colcon.colcon_core.verb:set package 'my_robot_moveit_config' build argument 'cmake_force_configure' from command line to 'False'
[0.361s] Level 5:colcon.colcon_core.verb:set package 'my_robot_moveit_config' build argument 'ament_cmake_args' from command line to 'None'
[0.361s] Level 5:colcon.colcon_core.verb:set package 'my_robot_moveit_config' build argument 'catkin_cmake_args' from command line to 'None'
[0.361s] Level 5:colcon.colcon_core.verb:set package 'my_robot_moveit_config' build argument 'catkin_skip_building_tests' from command line to 'False'
[0.362s] DEBUG:colcon.colcon_core.verb:Building package 'my_robot_moveit_config' with the following arguments: {'ament_cmake_args': None, 'build_base': '/home/johotan/ros2/ROS2Moveit2ControlARoboticArm/moveit2_ws/build/my_robot_moveit_config', 'catkin_cmake_args': None, 'catkin_skip_building_tests': False, 'cmake_args': None, 'cmake_clean_cache': False, 'cmake_clean_first': False, 'cmake_force_configure': False, 'cmake_target': None, 'cmake_target_skip_unavailable': False, 'install_base': '/home/johotan/ros2/ROS2Moveit2ControlARoboticArm/moveit2_ws/install/my_robot_moveit_config', 'merge_install': False, 'path': '/home/johotan/ros2/ROS2Moveit2ControlARoboticArm/moveit2_ws/src/my_robot_moveit_config', 'symlink_install': False, 'test_result_base': None}
[0.362s] Level 5:colcon.colcon_core.verb:set package 'my_robot_bringup' build argument 'cmake_args' from command line to 'None'
[0.362s] Level 5:colcon.colcon_core.verb:set package 'my_robot_bringup' build argument 'cmake_target' from command line to 'None'
[0.362s] Level 5:colcon.colcon_core.verb:set package 'my_robot_bringup' build argument 'cmake_target_skip_unavailable' from command line to 'False'
[0.362s] Level 5:colcon.colcon_core.verb:set package 'my_robot_bringup' build argument 'cmake_clean_cache' from command line to 'False'
[0.362s] Level 5:colcon.colcon_core.verb:set package 'my_robot_bringup' build argument 'cmake_clean_first' from command line to 'False'
[0.362s] Level 5:colcon.colcon_core.verb:set package 'my_robot_bringup' build argument 'cmake_force_configure' from command line to 'False'
[0.362s] Level 5:colcon.colcon_core.verb:set package 'my_robot_bringup' build argument 'ament_cmake_args' from command line to 'None'
[0.362s] Level 5:colcon.colcon_core.verb:set package 'my_robot_bringup' build argument 'catkin_cmake_args' from command line to 'None'
[0.362s] Level 5:colcon.colcon_core.verb:set package 'my_robot_bringup' build argument 'catkin_skip_building_tests' from command line to 'False'
[0.362s] DEBUG:colcon.colcon_core.verb:Building package 'my_robot_bringup' with the following arguments: {'ament_cmake_args': None, 'build_base': '/home/johotan/ros2/ROS2Moveit2ControlARoboticArm/moveit2_ws/build/my_robot_bringup', 'catkin_cmake_args': None, 'catkin_skip_building_tests': False, 'cmake_args': None, 'cmake_clean_cache': False, 'cmake_clean_first': False, 'cmake_force_configure': False, 'cmake_target': None, 'cmake_target_skip_unavailable': False, 'install_base': '/home/johotan/ros2/ROS2Moveit2ControlARoboticArm/moveit2_ws/install/my_robot_bringup', 'merge_install': False, 'path': '/home/johotan/ros2/ROS2Moveit2ControlARoboticArm/moveit2_ws/src/my_robot_bringup', 'symlink_install': False, 'test_result_base': None}
[0.362s] INFO:colcon.colcon_core.executor:Executing jobs using 'parallel' executor
[0.363s] DEBUG:colcon.colcon_parallel_executor.executor.parallel:run_until_complete
[0.363s] INFO:colcon.colcon_ros.task.ament_cmake.build:Building ROS package in '/home/johotan/ros2/ROS2Moveit2ControlARoboticArm/moveit2_ws/src/my_robot_description' with build type 'ament_cmake'
[0.363s] INFO:colcon.colcon_cmake.task.cmake.build:Building CMake package in '/home/johotan/ros2/ROS2Moveit2ControlARoboticArm/moveit2_ws/src/my_robot_description'
[0.367s] INFO:colcon.colcon_core.plugin_system:Skipping extension 'colcon_core.shell.bat': Not used on non-Windows systems
[0.367s] INFO:colcon.colcon_core.shell:Skip shell extension 'powershell' for command environment: Not usable outside of PowerShell
[0.367s] DEBUG:colcon.colcon_core.shell:Skip shell extension 'dsv' for command environment
[0.373s] DEBUG:colcon.colcon_core.event_handler.log_command:Invoking command in '/home/johotan/ros2/ROS2Moveit2ControlARoboticArm/moveit2_ws/build/my_robot_description': CMAKE_PREFIX_PATH=${CMAKE_PREFIX_PATH}:/opt/ros/jazzy DEBUGINFOD_URLS=https://debuginfod.ubuntu.com /usr/bin/cmake --build /home/johotan/ros2/ROS2Moveit2ControlARoboticArm/moveit2_ws/build/my_robot_description -- -j12 -l12
[0.433s] DEBUG:colcon.colcon_core.event_handler.log_command:Invoked command in '/home/johotan/ros2/ROS2Moveit2ControlARoboticArm/moveit2_ws/build/my_robot_description' returned '0': CMAKE_PREFIX_PATH=${CMAKE_PREFIX_PATH}:/opt/ros/jazzy DEBUGINFOD_URLS=https://debuginfod.ubuntu.com /usr/bin/cmake --build /home/johotan/ros2/ROS2Moveit2ControlARoboticArm/moveit2_ws/build/my_robot_description -- -j12 -l12
[0.443s] DEBUG:colcon.colcon_core.event_handler.log_command:Invoking command in '/home/johotan/ros2/ROS2Moveit2ControlARoboticArm/moveit2_ws/build/my_robot_description': CMAKE_PREFIX_PATH=${CMAKE_PREFIX_PATH}:/opt/ros/jazzy DEBUGINFOD_URLS=https://debuginfod.ubuntu.com /usr/bin/cmake --install /home/johotan/ros2/ROS2Moveit2ControlARoboticArm/moveit2_ws/build/my_robot_description
[0.452s] Level 1:colcon.colcon_core.environment:create_environment_scripts_only(my_robot_description)
[0.453s] DEBUG:colcon.colcon_core.event_handler.log_command:Invoked command in '/home/johotan/ros2/ROS2Moveit2ControlARoboticArm/moveit2_ws/build/my_robot_description' returned '0': CMAKE_PREFIX_PATH=${CMAKE_PREFIX_PATH}:/opt/ros/jazzy DEBUGINFOD_URLS=https://debuginfod.ubuntu.com /usr/bin/cmake --install /home/johotan/ros2/ROS2Moveit2ControlARoboticArm/moveit2_ws/build/my_robot_description
[0.457s] Level 1:colcon.colcon_core.environment:checking '/home/johotan/ros2/ROS2Moveit2ControlARoboticArm/moveit2_ws/install/my_robot_description' for CMake module files
[0.457s] Level 1:colcon.colcon_core.environment:checking '/home/johotan/ros2/ROS2Moveit2ControlARoboticArm/moveit2_ws/install/my_robot_description' for CMake config files
[0.458s] Level 1:colcon.colcon_core.shell:create_environment_hook('my_robot_description', 'cmake_prefix_path')
[0.458s] INFO:colcon.colcon_core.shell:Creating environment hook '/home/johotan/ros2/ROS2Moveit2ControlARoboticArm/moveit2_ws/install/my_robot_description/share/my_robot_description/hook/cmake_prefix_path.ps1'
[0.458s] INFO:colcon.colcon_core.shell:Creating environment descriptor '/home/johotan/ros2/ROS2Moveit2ControlARoboticArm/moveit2_ws/install/my_robot_description/share/my_robot_description/hook/cmake_prefix_path.dsv'
[0.459s] INFO:colcon.colcon_core.shell:Creating environment hook '/home/johotan/ros2/ROS2Moveit2ControlARoboticArm/moveit2_ws/install/my_robot_description/share/my_robot_description/hook/cmake_prefix_path.sh'
[0.460s] Level 1:colcon.colcon_core.environment:checking '/home/johotan/ros2/ROS2Moveit2ControlARoboticArm/moveit2_ws/install/my_robot_description/bin'
[0.460s] Level 1:colcon.colcon_core.environment:checking '/home/johotan/ros2/ROS2Moveit2ControlARoboticArm/moveit2_ws/install/my_robot_description/lib/pkgconfig/my_robot_description.pc'
[0.460s] Level 1:colcon.colcon_core.environment:checking '/home/johotan/ros2/ROS2Moveit2ControlARoboticArm/moveit2_ws/install/my_robot_description/lib/python3.12/site-packages'
[0.460s] Level 1:colcon.colcon_core.environment:checking '/home/johotan/ros2/ROS2Moveit2ControlARoboticArm/moveit2_ws/install/my_robot_description/bin'
[0.461s] INFO:colcon.colcon_core.shell:Creating package script '/home/johotan/ros2/ROS2Moveit2ControlARoboticArm/moveit2_ws/install/my_robot_description/share/my_robot_description/package.ps1'
[0.461s] INFO:colcon.colcon_core.shell:Creating package descriptor '/home/johotan/ros2/ROS2Moveit2ControlARoboticArm/moveit2_ws/install/my_robot_description/share/my_robot_description/package.dsv'
[0.462s] INFO:colcon.colcon_core.shell:Creating package script '/home/johotan/ros2/ROS2Moveit2ControlARoboticArm/moveit2_ws/install/my_robot_description/share/my_robot_description/package.sh'
[0.463s] INFO:colcon.colcon_core.shell:Creating package script '/home/johotan/ros2/ROS2Moveit2ControlARoboticArm/moveit2_ws/install/my_robot_description/share/my_robot_description/package.bash'
[0.464s] INFO:colcon.colcon_core.shell:Creating package script '/home/johotan/ros2/ROS2Moveit2ControlARoboticArm/moveit2_ws/install/my_robot_description/share/my_robot_description/package.zsh'
[0.464s] Level 1:colcon.colcon_core.environment:create_file_with_runtime_dependencies(/home/johotan/ros2/ROS2Moveit2ControlARoboticArm/moveit2_ws/install/my_robot_description/share/colcon-core/packages/my_robot_description)
[0.465s] Level 1:colcon.colcon_core.environment:create_environment_scripts_only(my_robot_description)
[0.465s] Level 1:colcon.colcon_core.environment:checking '/home/johotan/ros2/ROS2Moveit2ControlARoboticArm/moveit2_ws/install/my_robot_description' for CMake module files
[0.466s] Level 1:colcon.colcon_core.environment:checking '/home/johotan/ros2/ROS2Moveit2ControlARoboticArm/moveit2_ws/install/my_robot_description' for CMake config files
[0.466s] Level 1:colcon.colcon_core.shell:create_environment_hook('my_robot_description', 'cmake_prefix_path')
[0.466s] INFO:colcon.colcon_core.shell:Creating environment hook '/home/johotan/ros2/ROS2Moveit2ControlARoboticArm/moveit2_ws/install/my_robot_description/share/my_robot_description/hook/cmake_prefix_path.ps1'
[0.467s] INFO:colcon.colcon_core.shell:Creating environment descriptor '/home/johotan/ros2/ROS2Moveit2ControlARoboticArm/moveit2_ws/install/my_robot_description/share/my_robot_description/hook/cmake_prefix_path.dsv'
[0.467s] INFO:colcon.colcon_core.shell:Creating environment hook '/home/johotan/ros2/ROS2Moveit2ControlARoboticArm/moveit2_ws/install/my_robot_description/share/my_robot_description/hook/cmake_prefix_path.sh'
[0.468s] Level 1:colcon.colcon_core.environment:checking '/home/johotan/ros2/ROS2Moveit2ControlARoboticArm/moveit2_ws/install/my_robot_description/bin'
[0.468s] Level 1:colcon.colcon_core.environment:checking '/home/johotan/ros2/ROS2Moveit2ControlARoboticArm/moveit2_ws/install/my_robot_description/lib/pkgconfig/my_robot_description.pc'
[0.468s] Level 1:colcon.colcon_core.environment:checking '/home/johotan/ros2/ROS2Moveit2ControlARoboticArm/moveit2_ws/install/my_robot_description/lib/python3.12/site-packages'
[0.468s] Level 1:colcon.colcon_core.environment:checking '/home/johotan/ros2/ROS2Moveit2ControlARoboticArm/moveit2_ws/install/my_robot_description/bin'
[0.469s] INFO:colcon.colcon_core.shell:Creating package script '/home/johotan/ros2/ROS2Moveit2ControlARoboticArm/moveit2_ws/install/my_robot_description/share/my_robot_description/package.ps1'
[0.469s] INFO:colcon.colcon_core.shell:Creating package descriptor '/home/johotan/ros2/ROS2Moveit2ControlARoboticArm/moveit2_ws/install/my_robot_description/share/my_robot_description/package.dsv'
[0.470s] INFO:colcon.colcon_core.shell:Creating package script '/home/johotan/ros2/ROS2Moveit2ControlARoboticArm/moveit2_ws/install/my_robot_description/share/my_robot_description/package.sh'
[0.470s] INFO:colcon.colcon_core.shell:Creating package script '/home/johotan/ros2/ROS2Moveit2ControlARoboticArm/moveit2_ws/install/my_robot_description/share/my_robot_description/package.bash'
[0.471s] INFO:colcon.colcon_core.shell:Creating package script '/home/johotan/ros2/ROS2Moveit2ControlARoboticArm/moveit2_ws/install/my_robot_description/share/my_robot_description/package.zsh'
[0.471s] Level 1:colcon.colcon_core.environment:create_file_with_runtime_dependencies(/home/johotan/ros2/ROS2Moveit2ControlARoboticArm/moveit2_ws/install/my_robot_description/share/colcon-core/packages/my_robot_description)
[0.471s] INFO:colcon.colcon_ros.task.ament_cmake.build:Building ROS package in '/home/johotan/ros2/ROS2Moveit2ControlARoboticArm/moveit2_ws/src/my_robot_moveit_config' with build type 'ament_cmake'
[0.471s] INFO:colcon.colcon_cmake.task.cmake.build:Building CMake package in '/home/johotan/ros2/ROS2Moveit2ControlARoboticArm/moveit2_ws/src/my_robot_moveit_config'
[0.472s] INFO:colcon.colcon_core.shell:Skip shell extension 'powershell' for command environment: Not usable outside of PowerShell
[0.472s] DEBUG:colcon.colcon_core.shell:Skip shell extension 'dsv' for command environment
[0.480s] DEBUG:colcon.colcon_core.event_handler.log_command:Invoking command in '/home/johotan/ros2/ROS2Moveit2ControlARoboticArm/moveit2_ws/build/my_robot_moveit_config': AMENT_PREFIX_PATH=/home/johotan/ros2/ROS2Moveit2ControlARoboticArm/moveit2_ws/install/my_robot_description:${AMENT_PREFIX_PATH} CMAKE_PREFIX_PATH=/home/johotan/ros2/ROS2Moveit2ControlARoboticArm/moveit2_ws/install/my_robot_description:/opt/ros/jazzy/opt/gz_math_vendor:/opt/ros/jazzy/opt/gz_utils_vendor:/opt/ros/jazzy/opt/gz_cmake_vendor:/opt/ros/jazzy DEBUGINFOD_URLS=https://debuginfod.ubuntu.com /usr/bin/cmake --build /home/johotan/ros2/ROS2Moveit2ControlARoboticArm/moveit2_ws/build/my_robot_moveit_config -- -j12 -l12
[0.514s] DEBUG:colcon.colcon_core.event_handler.log_command:Invoked command in '/home/johotan/ros2/ROS2Moveit2ControlARoboticArm/moveit2_ws/build/my_robot_moveit_config' returned '0': AMENT_PREFIX_PATH=/home/johotan/ros2/ROS2Moveit2ControlARoboticArm/moveit2_ws/install/my_robot_description:${AMENT_PREFIX_PATH} CMAKE_PREFIX_PATH=/home/johotan/ros2/ROS2Moveit2ControlARoboticArm/moveit2_ws/install/my_robot_description:/opt/ros/jazzy/opt/gz_math_vendor:/opt/ros/jazzy/opt/gz_utils_vendor:/opt/ros/jazzy/opt/gz_cmake_vendor:/opt/ros/jazzy DEBUGINFOD_URLS=https://debuginfod.ubuntu.com /usr/bin/cmake --build /home/johotan/ros2/ROS2Moveit2ControlARoboticArm/moveit2_ws/build/my_robot_moveit_config -- -j12 -l12
[0.516s] DEBUG:colcon.colcon_core.event_handler.log_command:Invoking command in '/home/johotan/ros2/ROS2Moveit2ControlARoboticArm/moveit2_ws/build/my_robot_moveit_config': AMENT_PREFIX_PATH=/home/johotan/ros2/ROS2Moveit2ControlARoboticArm/moveit2_ws/install/my_robot_description:${AMENT_PREFIX_PATH} CMAKE_PREFIX_PATH=/home/johotan/ros2/ROS2Moveit2ControlARoboticArm/moveit2_ws/install/my_robot_description:/opt/ros/jazzy/opt/gz_math_vendor:/opt/ros/jazzy/opt/gz_utils_vendor:/opt/ros/jazzy/opt/gz_cmake_vendor:/opt/ros/jazzy DEBUGINFOD_URLS=https://debuginfod.ubuntu.com /usr/bin/cmake --install /home/johotan/ros2/ROS2Moveit2ControlARoboticArm/moveit2_ws/build/my_robot_moveit_config
[0.525s] Level 1:colcon.colcon_core.environment:create_environment_scripts_only(my_robot_moveit_config)
[0.526s] Level 1:colcon.colcon_core.environment:checking '/home/johotan/ros2/ROS2Moveit2ControlARoboticArm/moveit2_ws/install/my_robot_moveit_config' for CMake module files
[0.527s] Level 1:colcon.colcon_core.environment:checking '/home/johotan/ros2/ROS2Moveit2ControlARoboticArm/moveit2_ws/install/my_robot_moveit_config' for CMake config files
[0.528s] DEBUG:colcon.colcon_core.event_handler.log_command:Invoked command in '/home/johotan/ros2/ROS2Moveit2ControlARoboticArm/moveit2_ws/build/my_robot_moveit_config' returned '0': AMENT_PREFIX_PATH=/home/johotan/ros2/ROS2Moveit2ControlARoboticArm/moveit2_ws/install/my_robot_description:${AMENT_PREFIX_PATH} CMAKE_PREFIX_PATH=/home/johotan/ros2/ROS2Moveit2ControlARoboticArm/moveit2_ws/install/my_robot_description:/opt/ros/jazzy/opt/gz_math_vendor:/opt/ros/jazzy/opt/gz_utils_vendor:/opt/ros/jazzy/opt/gz_cmake_vendor:/opt/ros/jazzy DEBUGINFOD_URLS=https://debuginfod.ubuntu.com /usr/bin/cmake --install /home/johotan/ros2/ROS2Moveit2ControlARoboticArm/moveit2_ws/build/my_robot_moveit_config
[0.528s] Level 1:colcon.colcon_core.shell:create_environment_hook('my_robot_moveit_config', 'cmake_prefix_path')
[0.528s] INFO:colcon.colcon_core.shell:Creating environment hook '/home/johotan/ros2/ROS2Moveit2ControlARoboticArm/moveit2_ws/install/my_robot_moveit_config/share/my_robot_moveit_config/hook/cmake_prefix_path.ps1'
[0.528s] INFO:colcon.colcon_core.shell:Creating environment descriptor '/home/johotan/ros2/ROS2Moveit2ControlARoboticArm/moveit2_ws/install/my_robot_moveit_config/share/my_robot_moveit_config/hook/cmake_prefix_path.dsv'
[0.529s] INFO:colcon.colcon_core.shell:Creating environment hook '/home/johotan/ros2/ROS2Moveit2ControlARoboticArm/moveit2_ws/install/my_robot_moveit_config/share/my_robot_moveit_config/hook/cmake_prefix_path.sh'
[0.529s] Level 1:colcon.colcon_core.environment:checking '/home/johotan/ros2/ROS2Moveit2ControlARoboticArm/moveit2_ws/install/my_robot_moveit_config/bin'
[0.529s] Level 1:colcon.colcon_core.environment:checking '/home/johotan/ros2/ROS2Moveit2ControlARoboticArm/moveit2_ws/install/my_robot_moveit_config/lib/pkgconfig/my_robot_moveit_config.pc'
[0.529s] Level 1:colcon.colcon_core.environment:checking '/home/johotan/ros2/ROS2Moveit2ControlARoboticArm/moveit2_ws/install/my_robot_moveit_config/lib/python3.12/site-packages'
[0.530s] Level 1:colcon.colcon_core.environment:checking '/home/johotan/ros2/ROS2Moveit2ControlARoboticArm/moveit2_ws/install/my_robot_moveit_config/bin'
[0.530s] INFO:colcon.colcon_core.shell:Creating package script '/home/johotan/ros2/ROS2Moveit2ControlARoboticArm/moveit2_ws/install/my_robot_moveit_config/share/my_robot_moveit_config/package.ps1'
[0.530s] INFO:colcon.colcon_core.shell:Creating package descriptor '/home/johotan/ros2/ROS2Moveit2ControlARoboticArm/moveit2_ws/install/my_robot_moveit_config/share/my_robot_moveit_config/package.dsv'
[0.530s] INFO:colcon.colcon_core.shell:Creating package script '/home/johotan/ros2/ROS2Moveit2ControlARoboticArm/moveit2_ws/install/my_robot_moveit_config/share/my_robot_moveit_config/package.sh'
[0.531s] INFO:colcon.colcon_core.shell:Creating package script '/home/johotan/ros2/ROS2Moveit2ControlARoboticArm/moveit2_ws/install/my_robot_moveit_config/share/my_robot_moveit_config/package.bash'
[0.531s] INFO:colcon.colcon_core.shell:Creating package script '/home/johotan/ros2/ROS2Moveit2ControlARoboticArm/moveit2_ws/install/my_robot_moveit_config/share/my_robot_moveit_config/package.zsh'
[0.531s] Level 1:colcon.colcon_core.environment:create_file_with_runtime_dependencies(/home/johotan/ros2/ROS2Moveit2ControlARoboticArm/moveit2_ws/install/my_robot_moveit_config/share/colcon-core/packages/my_robot_moveit_config)
[0.532s] Level 1:colcon.colcon_core.environment:create_environment_scripts_only(my_robot_moveit_config)
[0.532s] Level 1:colcon.colcon_core.environment:checking '/home/johotan/ros2/ROS2Moveit2ControlARoboticArm/moveit2_ws/install/my_robot_moveit_config' for CMake module files
[0.532s] Level 1:colcon.colcon_core.environment:checking '/home/johotan/ros2/ROS2Moveit2ControlARoboticArm/moveit2_ws/install/my_robot_moveit_config' for CMake config files
[0.532s] Level 1:colcon.colcon_core.shell:create_environment_hook('my_robot_moveit_config', 'cmake_prefix_path')
[0.533s] INFO:colcon.colcon_core.shell:Creating environment hook '/home/johotan/ros2/ROS2Moveit2ControlARoboticArm/moveit2_ws/install/my_robot_moveit_config/share/my_robot_moveit_config/hook/cmake_prefix_path.ps1'
[0.533s] INFO:colcon.colcon_core.shell:Creating environment descriptor '/home/johotan/ros2/ROS2Moveit2ControlARoboticArm/moveit2_ws/install/my_robot_moveit_config/share/my_robot_moveit_config/hook/cmake_prefix_path.dsv'
[0.533s] INFO:colcon.colcon_core.shell:Creating environment hook '/home/johotan/ros2/ROS2Moveit2ControlARoboticArm/moveit2_ws/install/my_robot_moveit_config/share/my_robot_moveit_config/hook/cmake_prefix_path.sh'
[0.534s] Level 1:colcon.colcon_core.environment:checking '/home/johotan/ros2/ROS2Moveit2ControlARoboticArm/moveit2_ws/install/my_robot_moveit_config/bin'
[0.534s] Level 1:colcon.colcon_core.environment:checking '/home/johotan/ros2/ROS2Moveit2ControlARoboticArm/moveit2_ws/install/my_robot_moveit_config/lib/pkgconfig/my_robot_moveit_config.pc'
[0.534s] Level 1:colcon.colcon_core.environment:checking '/home/johotan/ros2/ROS2Moveit2ControlARoboticArm/moveit2_ws/install/my_robot_moveit_config/lib/python3.12/site-packages'
[0.534s] Level 1:colcon.colcon_core.environment:checking '/home/johotan/ros2/ROS2Moveit2ControlARoboticArm/moveit2_ws/install/my_robot_moveit_config/bin'
[0.534s] INFO:colcon.colcon_core.shell:Creating package script '/home/johotan/ros2/ROS2Moveit2ControlARoboticArm/moveit2_ws/install/my_robot_moveit_config/share/my_robot_moveit_config/package.ps1'
[0.535s] INFO:colcon.colcon_core.shell:Creating package descriptor '/home/johotan/ros2/ROS2Moveit2ControlARoboticArm/moveit2_ws/install/my_robot_moveit_config/share/my_robot_moveit_config/package.dsv'
[0.535s] INFO:colcon.colcon_core.shell:Creating package script '/home/johotan/ros2/ROS2Moveit2ControlARoboticArm/moveit2_ws/install/my_robot_moveit_config/share/my_robot_moveit_config/package.sh'
[0.535s] INFO:colcon.colcon_core.shell:Creating package script '/home/johotan/ros2/ROS2Moveit2ControlARoboticArm/moveit2_ws/install/my_robot_moveit_config/share/my_robot_moveit_config/package.bash'
[0.536s] INFO:colcon.colcon_core.shell:Creating package script '/home/johotan/ros2/ROS2Moveit2ControlARoboticArm/moveit2_ws/install/my_robot_moveit_config/share/my_robot_moveit_config/package.zsh'
[0.536s] Level 1:colcon.colcon_core.environment:create_file_with_runtime_dependencies(/home/johotan/ros2/ROS2Moveit2ControlARoboticArm/moveit2_ws/install/my_robot_moveit_config/share/colcon-core/packages/my_robot_moveit_config)
[0.536s] INFO:colcon.colcon_ros.task.ament_cmake.build:Building ROS package in '/home/johotan/ros2/ROS2Moveit2ControlARoboticArm/moveit2_ws/src/my_robot_bringup' with build type 'ament_cmake'
[0.537s] INFO:colcon.colcon_cmake.task.cmake.build:Building CMake package in '/home/johotan/ros2/ROS2Moveit2ControlARoboticArm/moveit2_ws/src/my_robot_bringup'
[0.537s] INFO:colcon.colcon_core.shell:Skip shell extension 'powershell' for command environment: Not usable outside of PowerShell
[0.537s] DEBUG:colcon.colcon_core.shell:Skip shell extension 'dsv' for command environment
[0.545s] DEBUG:colcon.colcon_core.event_handler.log_command:Invoking command in '/home/johotan/ros2/ROS2Moveit2ControlARoboticArm/moveit2_ws/build/my_robot_bringup': AMENT_PREFIX_PATH=/home/johotan/ros2/ROS2Moveit2ControlARoboticArm/moveit2_ws/install/my_robot_moveit_config:/home/johotan/ros2/ROS2Moveit2ControlARoboticArm/moveit2_ws/install/my_robot_description:${AMENT_PREFIX_PATH} CMAKE_PREFIX_PATH=/home/johotan/ros2/ROS2Moveit2ControlARoboticArm/moveit2_ws/install/my_robot_moveit_config:/home/johotan/ros2/ROS2Moveit2ControlARoboticArm/moveit2_ws/install/my_robot_description:/opt/ros/jazzy/opt/gz_math_vendor:/opt/ros/jazzy/opt/gz_utils_vendor:/opt/ros/jazzy/opt/gz_cmake_vendor:/opt/ros/jazzy DEBUGINFOD_URLS=https://debuginfod.ubuntu.com /usr/bin/cmake --build /home/johotan/ros2/ROS2Moveit2ControlARoboticArm/moveit2_ws/build/my_robot_bringup -- -j12 -l12
[0.578s] DEBUG:colcon.colcon_core.event_handler.log_command:Invoked command in '/home/johotan/ros2/ROS2Moveit2ControlARoboticArm/moveit2_ws/build/my_robot_bringup' returned '0': AMENT_PREFIX_PATH=/home/johotan/ros2/ROS2Moveit2ControlARoboticArm/moveit2_ws/install/my_robot_moveit_config:/home/johotan/ros2/ROS2Moveit2ControlARoboticArm/moveit2_ws/install/my_robot_description:${AMENT_PREFIX_PATH} CMAKE_PREFIX_PATH=/home/johotan/ros2/ROS2Moveit2ControlARoboticArm/moveit2_ws/install/my_robot_moveit_config:/home/johotan/ros2/ROS2Moveit2ControlARoboticArm/moveit2_ws/install/my_robot_description:/opt/ros/jazzy/opt/gz_math_vendor:/opt/ros/jazzy/opt/gz_utils_vendor:/opt/ros/jazzy/opt/gz_cmake_vendor:/opt/ros/jazzy DEBUGINFOD_URLS=https://debuginfod.ubuntu.com /usr/bin/cmake --build /home/johotan/ros2/ROS2Moveit2ControlARoboticArm/moveit2_ws/build/my_robot_bringup -- -j12 -l12
[0.580s] DEBUG:colcon.colcon_core.event_handler.log_command:Invoking command in '/home/johotan/ros2/ROS2Moveit2ControlARoboticArm/moveit2_ws/build/my_robot_bringup': AMENT_PREFIX_PATH=/home/johotan/ros2/ROS2Moveit2ControlARoboticArm/moveit2_ws/install/my_robot_moveit_config:/home/johotan/ros2/ROS2Moveit2ControlARoboticArm/moveit2_ws/install/my_robot_description:${AMENT_PREFIX_PATH} CMAKE_PREFIX_PATH=/home/johotan/ros2/ROS2Moveit2ControlARoboticArm/moveit2_ws/install/my_robot_moveit_config:/home/johotan/ros2/ROS2Moveit2ControlARoboticArm/moveit2_ws/install/my_robot_description:/opt/ros/jazzy/opt/gz_math_vendor:/opt/ros/jazzy/opt/gz_utils_vendor:/opt/ros/jazzy/opt/gz_cmake_vendor:/opt/ros/jazzy DEBUGINFOD_URLS=https://debuginfod.ubuntu.com /usr/bin/cmake --install /home/johotan/ros2/ROS2Moveit2ControlARoboticArm/moveit2_ws/build/my_robot_bringup
[0.589s] Level 1:colcon.colcon_core.environment:create_environment_scripts_only(my_robot_bringup)
[0.589s] Level 1:colcon.colcon_core.environment:checking '/home/johotan/ros2/ROS2Moveit2ControlARoboticArm/moveit2_ws/install/my_robot_bringup' for CMake module files
[0.589s] DEBUG:colcon.colcon_core.event_handler.log_command:Invoked command in '/home/johotan/ros2/ROS2Moveit2ControlARoboticArm/moveit2_ws/build/my_robot_bringup' returned '0': AMENT_PREFIX_PATH=/home/johotan/ros2/ROS2Moveit2ControlARoboticArm/moveit2_ws/install/my_robot_moveit_config:/home/johotan/ros2/ROS2Moveit2ControlARoboticArm/moveit2_ws/install/my_robot_description:${AMENT_PREFIX_PATH} CMAKE_PREFIX_PATH=/home/johotan/ros2/ROS2Moveit2ControlARoboticArm/moveit2_ws/install/my_robot_moveit_config:/home/johotan/ros2/ROS2Moveit2ControlARoboticArm/moveit2_ws/install/my_robot_description:/opt/ros/jazzy/opt/gz_math_vendor:/opt/ros/jazzy/opt/gz_utils_vendor:/opt/ros/jazzy/opt/gz_cmake_vendor:/opt/ros/jazzy DEBUGINFOD_URLS=https://debuginfod.ubuntu.com /usr/bin/cmake --install /home/johotan/ros2/ROS2Moveit2ControlARoboticArm/moveit2_ws/build/my_robot_bringup
[0.589s] Level 1:colcon.colcon_core.environment:checking '/home/johotan/ros2/ROS2Moveit2ControlARoboticArm/moveit2_ws/install/my_robot_bringup' for CMake config files
[0.590s] Level 1:colcon.colcon_core.shell:create_environment_hook('my_robot_bringup', 'cmake_prefix_path')
[0.590s] INFO:colcon.colcon_core.shell:Creating environment hook '/home/johotan/ros2/ROS2Moveit2ControlARoboticArm/moveit2_ws/install/my_robot_bringup/share/my_robot_bringup/hook/cmake_prefix_path.ps1'
[0.590s] INFO:colcon.colcon_core.shell:Creating environment descriptor '/home/johotan/ros2/ROS2Moveit2ControlARoboticArm/moveit2_ws/install/my_robot_bringup/share/my_robot_bringup/hook/cmake_prefix_path.dsv'
[0.590s] INFO:colcon.colcon_core.shell:Creating environment hook '/home/johotan/ros2/ROS2Moveit2ControlARoboticArm/moveit2_ws/install/my_robot_bringup/share/my_robot_bringup/hook/cmake_prefix_path.sh'
[0.591s] Level 1:colcon.colcon_core.environment:checking '/home/johotan/ros2/ROS2Moveit2ControlARoboticArm/moveit2_ws/install/my_robot_bringup/bin'
[0.591s] Level 1:colcon.colcon_core.environment:checking '/home/johotan/ros2/ROS2Moveit2ControlARoboticArm/moveit2_ws/install/my_robot_bringup/lib/pkgconfig/my_robot_bringup.pc'
[0.591s] Level 1:colcon.colcon_core.environment:checking '/home/johotan/ros2/ROS2Moveit2ControlARoboticArm/moveit2_ws/install/my_robot_bringup/lib/python3.12/site-packages'
[0.591s] Level 1:colcon.colcon_core.environment:checking '/home/johotan/ros2/ROS2Moveit2ControlARoboticArm/moveit2_ws/install/my_robot_bringup/bin'
[0.592s] INFO:colcon.colcon_core.shell:Creating package script '/home/johotan/ros2/ROS2Moveit2ControlARoboticArm/moveit2_ws/install/my_robot_bringup/share/my_robot_bringup/package.ps1'
[0.592s] INFO:colcon.colcon_core.shell:Creating package descriptor '/home/johotan/ros2/ROS2Moveit2ControlARoboticArm/moveit2_ws/install/my_robot_bringup/share/my_robot_bringup/package.dsv'
[0.592s] INFO:colcon.colcon_core.shell:Creating package script '/home/johotan/ros2/ROS2Moveit2ControlARoboticArm/moveit2_ws/install/my_robot_bringup/share/my_robot_bringup/package.sh'
[0.593s] INFO:colcon.colcon_core.shell:Creating package script '/home/johotan/ros2/ROS2Moveit2ControlARoboticArm/moveit2_ws/install/my_robot_bringup/share/my_robot_bringup/package.bash'
[0.593s] INFO:colcon.colcon_core.shell:Creating package script '/home/johotan/ros2/ROS2Moveit2ControlARoboticArm/moveit2_ws/install/my_robot_bringup/share/my_robot_bringup/package.zsh'
[0.593s] Level 1:colcon.colcon_core.environment:create_file_with_runtime_dependencies(/home/johotan/ros2/ROS2Moveit2ControlARoboticArm/moveit2_ws/install/my_robot_bringup/share/colcon-core/packages/my_robot_bringup)
[0.594s] Level 1:colcon.colcon_core.environment:create_environment_scripts_only(my_robot_bringup)
[0.594s] Level 1:colcon.colcon_core.environment:checking '/home/johotan/ros2/ROS2Moveit2ControlARoboticArm/moveit2_ws/install/my_robot_bringup' for CMake module files
[0.594s] Level 1:colcon.colcon_core.environment:checking '/home/johotan/ros2/ROS2Moveit2ControlARoboticArm/moveit2_ws/install/my_robot_bringup' for CMake config files
[0.594s] Level 1:colcon.colcon_core.shell:create_environment_hook('my_robot_bringup', 'cmake_prefix_path')
[0.594s] INFO:colcon.colcon_core.shell:Creating environment hook '/home/johotan/ros2/ROS2Moveit2ControlARoboticArm/moveit2_ws/install/my_robot_bringup/share/my_robot_bringup/hook/cmake_prefix_path.ps1'
[0.595s] INFO:colcon.colcon_core.shell:Creating environment descriptor '/home/johotan/ros2/ROS2Moveit2ControlARoboticArm/moveit2_ws/install/my_robot_bringup/share/my_robot_bringup/hook/cmake_prefix_path.dsv'
[0.595s] INFO:colcon.colcon_core.shell:Creating environment hook '/home/johotan/ros2/ROS2Moveit2ControlARoboticArm/moveit2_ws/install/my_robot_bringup/share/my_robot_bringup/hook/cmake_prefix_path.sh'
[0.595s] Level 1:colcon.colcon_core.environment:checking '/home/johotan/ros2/ROS2Moveit2ControlARoboticArm/moveit2_ws/install/my_robot_bringup/bin'
[0.595s] Level 1:colcon.colcon_core.environment:checking '/home/johotan/ros2/ROS2Moveit2ControlARoboticArm/moveit2_ws/install/my_robot_bringup/lib/pkgconfig/my_robot_bringup.pc'
[0.596s] Level 1:colcon.colcon_core.environment:checking '/home/johotan/ros2/ROS2Moveit2ControlARoboticArm/moveit2_ws/install/my_robot_bringup/lib/python3.12/site-packages'
[0.596s] Level 1:colcon.colcon_core.environment:checking '/home/johotan/ros2/ROS2Moveit2ControlARoboticArm/moveit2_ws/install/my_robot_bringup/bin'
[0.596s] INFO:colcon.colcon_core.shell:Creating package script '/home/johotan/ros2/ROS2Moveit2ControlARoboticArm/moveit2_ws/install/my_robot_bringup/share/my_robot_bringup/package.ps1'
[0.597s] INFO:colcon.colcon_core.shell:Creating package descriptor '/home/johotan/ros2/ROS2Moveit2ControlARoboticArm/moveit2_ws/install/my_robot_bringup/share/my_robot_bringup/package.dsv'
[0.597s] INFO:colcon.colcon_core.shell:Creating package script '/home/johotan/ros2/ROS2Moveit2ControlARoboticArm/moveit2_ws/install/my_robot_bringup/share/my_robot_bringup/package.sh'
[0.597s] INFO:colcon.colcon_core.shell:Creating package script '/home/johotan/ros2/ROS2Moveit2ControlARoboticArm/moveit2_ws/install/my_robot_bringup/share/my_robot_bringup/package.bash'
[0.598s] INFO:colcon.colcon_core.shell:Creating package script '/home/johotan/ros2/ROS2Moveit2ControlARoboticArm/moveit2_ws/install/my_robot_bringup/share/my_robot_bringup/package.zsh'
[0.598s] Level 1:colcon.colcon_core.environment:create_file_with_runtime_dependencies(/home/johotan/ros2/ROS2Moveit2ControlARoboticArm/moveit2_ws/install/my_robot_bringup/share/colcon-core/packages/my_robot_bringup)
[0.598s] DEBUG:colcon.colcon_parallel_executor.executor.parallel:closing loop
[0.598s] DEBUG:colcon.colcon_parallel_executor.executor.parallel:loop closed
[0.598s] DEBUG:colcon.colcon_parallel_executor.executor.parallel:run_until_complete finished with '0'
[0.598s] DEBUG:colcon.colcon_core.event_reactor:joining thread
[0.604s] INFO:colcon.colcon_core.plugin_system:Skipping extension 'colcon_notification.desktop_notification.terminal_notifier': Not used on non-Darwin systems
[0.604s] INFO:colcon.colcon_core.plugin_system:Skipping extension 'colcon_notification.desktop_notification.win32': Not used on non-Windows systems
[0.604s] INFO:colcon.colcon_notification.desktop_notification:Sending desktop notification using 'notify2'
[0.624s] DEBUG:colcon.colcon_core.event_reactor:joined thread
[0.624s] INFO:colcon.colcon_core.shell:Creating prefix script '/home/johotan/ros2/ROS2Moveit2ControlARoboticArm/moveit2_ws/install/local_setup.ps1'
[0.625s] INFO:colcon.colcon_core.shell:Creating prefix util module '/home/johotan/ros2/ROS2Moveit2ControlARoboticArm/moveit2_ws/install/_local_setup_util_ps1.py'
[0.626s] INFO:colcon.colcon_core.shell:Creating prefix chain script '/home/johotan/ros2/ROS2Moveit2ControlARoboticArm/moveit2_ws/install/setup.ps1'
[0.627s] INFO:colcon.colcon_core.shell:Creating prefix script '/home/johotan/ros2/ROS2Moveit2ControlARoboticArm/moveit2_ws/install/local_setup.sh'
[0.627s] INFO:colcon.colcon_core.shell:Creating prefix util module '/home/johotan/ros2/ROS2Moveit2ControlARoboticArm/moveit2_ws/install/_local_setup_util_sh.py'
[0.628s] INFO:colcon.colcon_core.shell:Creating prefix chain script '/home/johotan/ros2/ROS2Moveit2ControlARoboticArm/moveit2_ws/install/setup.sh'
[0.629s] INFO:colcon.colcon_core.shell:Creating prefix script '/home/johotan/ros2/ROS2Moveit2ControlARoboticArm/moveit2_ws/install/local_setup.bash'
[0.629s] INFO:colcon.colcon_core.shell:Creating prefix chain script '/home/johotan/ros2/ROS2Moveit2ControlARoboticArm/moveit2_ws/install/setup.bash'
[0.630s] INFO:colcon.colcon_core.shell:Creating prefix script '/home/johotan/ros2/ROS2Moveit2ControlARoboticArm/moveit2_ws/install/local_setup.zsh'
[0.631s] INFO:colcon.colcon_core.shell:Creating prefix chain script '/home/johotan/ros2/ROS2Moveit2ControlARoboticArm/moveit2_ws/install/setup.zsh'
