[0.288s] DEBUG:colcon:Command line arguments: ['/usr/bin/colcon', 'build']
[0.288s] DEBUG:colcon:Parsed command line arguments: Namespace(log_base=None, log_level=None, verb_name='build', build_base='build', install_base='install', merge_install=False, symlink_install=False, test_result_base=None, continue_on_error=False, executor='parallel', parallel_workers=4, event_handlers=None, ignore_user_meta=False, metas=['./colcon.meta'], base_paths=['.'], packages_ignore=None, packages_ignore_regex=None, paths=None, packages_up_to=None, packages_up_to_regex=None, packages_above=None, packages_above_and_dependencies=None, packages_above_depth=None, packages_select_by_dep=None, packages_skip_by_dep=None, packages_skip_up_to=None, packages_select_build_failed=False, packages_skip_build_finished=False, packages_select_test_failures=False, packages_skip_test_passed=False, packages_select=None, packages_skip=None, packages_select_regex=None, packages_skip_regex=None, packages_start=None, packages_end=None, allow_overriding=[], cmake_args=None, cmake_target=None, cmake_target_skip_unavailable=False, cmake_clean_cache=False, cmake_clean_first=False, cmake_force_configure=False, ament_cmake_args=None, catkin_cmake_args=None, catkin_skip_building_tests=False, mixin_files=None, mixin=None, verb_parser=<colcon_mixin.mixin.mixin_argument.MixinArgumentDecorator object at 0x7d2336c4ba90>, verb_extension=<colcon_core.verb.build.BuildVerb object at 0x7d2336c0cfd0>, main=<bound method BuildVerb.main of <colcon_core.verb.build.BuildVerb object at 0x7d2336c0cfd0>>, mixin_verb=('build',))
[0.784s] Level 1:colcon.colcon_core.package_discovery:discover_packages(colcon_meta) check parameters
[0.785s] Level 1:colcon.colcon_core.package_discovery:discover_packages(recursive) check parameters
[0.785s] Level 1:colcon.colcon_core.package_discovery:discover_packages(ignore) check parameters
[0.785s] Level 1:colcon.colcon_core.package_discovery:discover_packages(path) check parameters
[0.785s] Level 1:colcon.colcon_core.package_discovery:discover_packages(colcon_meta) discover
[0.785s] Level 1:colcon.colcon_core.package_discovery:discover_packages(recursive) discover
[0.785s] INFO:colcon.colcon_core.package_discovery:Crawling recursively for packages in '/home/joho/ros2_ws/ROS2Moveit2ControlARoboticArm/moveit2_ws'
[0.785s] Level 1:colcon.colcon_core.package_identification:_identify(.) by extensions ['ignore', 'ignore_ament_install']
[0.785s] Level 1:colcon.colcon_core.package_identification:_identify(.) by extension 'ignore'
[0.786s] Level 1:colcon.colcon_core.package_identification:_identify(.) by extension 'ignore_ament_install'
[0.786s] Level 1:colcon.colcon_core.package_identification:_identify(.) by extensions ['colcon_pkg']
[0.786s] Level 1:colcon.colcon_core.package_identification:_identify(.) by extension 'colcon_pkg'
[0.786s] Level 1:colcon.colcon_core.package_identification:_identify(.) by extensions ['colcon_meta']
[0.786s] Level 1:colcon.colcon_core.package_identification:_identify(.) by extension 'colcon_meta'
[0.786s] Level 1:colcon.colcon_core.package_identification:_identify(.) by extensions ['ros']
[0.786s] Level 1:colcon.colcon_core.package_identification:_identify(.) by extension 'ros'
[0.814s] Level 1:colcon.colcon_core.package_identification:_identify(.) by extensions ['cmake', 'python']
[0.814s] Level 1:colcon.colcon_core.package_identification:_identify(.) by extension 'cmake'
[0.815s] Level 1:colcon.colcon_core.package_identification:_identify(.) by extension 'python'
[0.815s] Level 1:colcon.colcon_core.package_identification:_identify(.) by extensions ['python_setup_py']
[0.815s] Level 1:colcon.colcon_core.package_identification:_identify(.) by extension 'python_setup_py'
[0.815s] Level 1:colcon.colcon_core.package_identification:_identify(build) by extensions ['ignore', 'ignore_ament_install']
[0.815s] Level 1:colcon.colcon_core.package_identification:_identify(build) by extension 'ignore'
[0.815s] Level 1:colcon.colcon_core.package_identification:_identify(build) ignored
[0.816s] Level 1:colcon.colcon_core.package_identification:_identify(install) by extensions ['ignore', 'ignore_ament_install']
[0.816s] Level 1:colcon.colcon_core.package_identification:_identify(install) by extension 'ignore'
[0.816s] Level 1:colcon.colcon_core.package_identification:_identify(install) ignored
[0.816s] Level 1:colcon.colcon_core.package_identification:_identify(log) by extensions ['ignore', 'ignore_ament_install']
[0.816s] Level 1:colcon.colcon_core.package_identification:_identify(log) by extension 'ignore'
[0.816s] Level 1:colcon.colcon_core.package_identification:_identify(log) ignored
[0.817s] Level 1:colcon.colcon_core.package_identification:_identify(src) by extensions ['ignore', 'ignore_ament_install']
[0.817s] Level 1:colcon.colcon_core.package_identification:_identify(src) by extension 'ignore'
[0.817s] Level 1:colcon.colcon_core.package_identification:_identify(src) by extension 'ignore_ament_install'
[0.817s] Level 1:colcon.colcon_core.package_identification:_identify(src) by extensions ['colcon_pkg']
[0.817s] Level 1:colcon.colcon_core.package_identification:_identify(src) by extension 'colcon_pkg'
[0.817s] Level 1:colcon.colcon_core.package_identification:_identify(src) by extensions ['colcon_meta']
[0.817s] Level 1:colcon.colcon_core.package_identification:_identify(src) by extension 'colcon_meta'
[0.817s] Level 1:colcon.colcon_core.package_identification:_identify(src) by extensions ['ros']
[0.817s] Level 1:colcon.colcon_core.package_identification:_identify(src) by extension 'ros'
[0.818s] Level 1:colcon.colcon_core.package_identification:_identify(src) by extensions ['cmake', 'python']
[0.818s] Level 1:colcon.colcon_core.package_identification:_identify(src) by extension 'cmake'
[0.818s] Level 1:colcon.colcon_core.package_identification:_identify(src) by extension 'python'
[0.818s] Level 1:colcon.colcon_core.package_identification:_identify(src) by extensions ['python_setup_py']
[0.818s] Level 1:colcon.colcon_core.package_identification:_identify(src) by extension 'python_setup_py'
[0.818s] Level 1:colcon.colcon_core.package_identification:_identify(src/my_robot_description) by extensions ['ignore', 'ignore_ament_install']
[0.818s] Level 1:colcon.colcon_core.package_identification:_identify(src/my_robot_description) by extension 'ignore'
[0.818s] Level 1:colcon.colcon_core.package_identification:_identify(src/my_robot_description) by extension 'ignore_ament_install'
[0.819s] Level 1:colcon.colcon_core.package_identification:_identify(src/my_robot_description) by extensions ['colcon_pkg']
[0.819s] Level 1:colcon.colcon_core.package_identification:_identify(src/my_robot_description) by extension 'colcon_pkg'
[0.819s] Level 1:colcon.colcon_core.package_identification:_identify(src/my_robot_description) by extensions ['colcon_meta']
[0.819s] Level 1:colcon.colcon_core.package_identification:_identify(src/my_robot_description) by extension 'colcon_meta'
[0.819s] Level 1:colcon.colcon_core.package_identification:_identify(src/my_robot_description) by extensions ['ros']
[0.819s] Level 1:colcon.colcon_core.package_identification:_identify(src/my_robot_description) by extension 'ros'
[0.825s] DEBUG:colcon.colcon_core.package_identification:Package 'src/my_robot_description' with type 'ros.ament_cmake' and name 'my_robot_description'
[0.825s] Level 1:colcon.colcon_core.package_identification:_identify(src/my_robot_moveit_config) by extensions ['ignore', 'ignore_ament_install']
[0.825s] Level 1:colcon.colcon_core.package_identification:_identify(src/my_robot_moveit_config) by extension 'ignore'
[0.825s] Level 1:colcon.colcon_core.package_identification:_identify(src/my_robot_moveit_config) by extension 'ignore_ament_install'
[0.825s] Level 1:colcon.colcon_core.package_identification:_identify(src/my_robot_moveit_config) by extensions ['colcon_pkg']
[0.826s] Level 1:colcon.colcon_core.package_identification:_identify(src/my_robot_moveit_config) by extension 'colcon_pkg'
[0.826s] Level 1:colcon.colcon_core.package_identification:_identify(src/my_robot_moveit_config) by extensions ['colcon_meta']
[0.826s] Level 1:colcon.colcon_core.package_identification:_identify(src/my_robot_moveit_config) by extension 'colcon_meta'
[0.826s] Level 1:colcon.colcon_core.package_identification:_identify(src/my_robot_moveit_config) by extensions ['ros']
[0.826s] Level 1:colcon.colcon_core.package_identification:_identify(src/my_robot_moveit_config) by extension 'ros'
[0.828s] DEBUG:colcon.colcon_core.package_identification:Package 'src/my_robot_moveit_config' with type 'ros.ament_cmake' and name 'my_robot_moveit_config'
[0.829s] Level 1:colcon.colcon_core.package_discovery:discover_packages(recursive) using defaults
[0.829s] Level 1:colcon.colcon_core.package_discovery:discover_packages(ignore) discover
[0.829s] Level 1:colcon.colcon_core.package_discovery:discover_packages(ignore) using defaults
[0.829s] Level 1:colcon.colcon_core.package_discovery:discover_packages(path) discover
[0.829s] Level 1:colcon.colcon_core.package_discovery:discover_packages(path) using defaults
[0.908s] Level 1:colcon.colcon_core.package_discovery:discover_packages(prefix_path) check parameters
[0.908s] Level 1:colcon.colcon_core.package_discovery:discover_packages(prefix_path) discover
[0.913s] DEBUG:colcon.colcon_installed_package_information.package_discovery:Found 1 installed packages in /home/joho/ros2_ws/ROS2Moveit2ControlARoboticArm/moveit2_ws/install
[0.915s] DEBUG:colcon.colcon_installed_package_information.package_discovery:Found 5 installed packages in /home/joho/Documents/phantom_ws/install
[0.917s] DEBUG:colcon.colcon_installed_package_information.package_discovery:Found 10 installed packages in /home/joho/Documents/RoboticsAndROS2-LearnByDoingManipulators/arduinobot_ws/install
[0.922s] DEBUG:colcon.colcon_installed_package_information.package_discovery:Found 425 installed packages in /opt/ros/humble
[0.931s] Level 1:colcon.colcon_core.package_discovery:discover_packages(prefix_path) using defaults
[1.102s] Level 5:colcon.colcon_core.verb:set package 'my_robot_description' build argument 'cmake_args' from command line to 'None'
[1.102s] Level 5:colcon.colcon_core.verb:set package 'my_robot_description' build argument 'cmake_target' from command line to 'None'
[1.102s] Level 5:colcon.colcon_core.verb:set package 'my_robot_description' build argument 'cmake_target_skip_unavailable' from command line to 'False'
[1.102s] Level 5:colcon.colcon_core.verb:set package 'my_robot_description' build argument 'cmake_clean_cache' from command line to 'False'
[1.102s] Level 5:colcon.colcon_core.verb:set package 'my_robot_description' build argument 'cmake_clean_first' from command line to 'False'
[1.102s] Level 5:colcon.colcon_core.verb:set package 'my_robot_description' build argument 'cmake_force_configure' from command line to 'False'
[1.102s] Level 5:colcon.colcon_core.verb:set package 'my_robot_description' build argument 'ament_cmake_args' from command line to 'None'
[1.102s] Level 5:colcon.colcon_core.verb:set package 'my_robot_description' build argument 'catkin_cmake_args' from command line to 'None'
[1.102s] Level 5:colcon.colcon_core.verb:set package 'my_robot_description' build argument 'catkin_skip_building_tests' from command line to 'False'
[1.103s] DEBUG:colcon.colcon_core.verb:Building package 'my_robot_description' with the following arguments: {'ament_cmake_args': None, 'build_base': '/home/joho/ros2_ws/ROS2Moveit2ControlARoboticArm/moveit2_ws/build/my_robot_description', 'catkin_cmake_args': None, 'catkin_skip_building_tests': False, 'cmake_args': None, 'cmake_clean_cache': False, 'cmake_clean_first': False, 'cmake_force_configure': False, 'cmake_target': None, 'cmake_target_skip_unavailable': False, 'install_base': '/home/joho/ros2_ws/ROS2Moveit2ControlARoboticArm/moveit2_ws/install/my_robot_description', 'merge_install': False, 'path': '/home/joho/ros2_ws/ROS2Moveit2ControlARoboticArm/moveit2_ws/src/my_robot_description', 'symlink_install': False, 'test_result_base': None}
[1.104s] Level 5:colcon.colcon_core.verb:set package 'my_robot_moveit_config' build argument 'cmake_args' from command line to 'None'
[1.104s] Level 5:colcon.colcon_core.verb:set package 'my_robot_moveit_config' build argument 'cmake_target' from command line to 'None'
[1.104s] Level 5:colcon.colcon_core.verb:set package 'my_robot_moveit_config' build argument 'cmake_target_skip_unavailable' from command line to 'False'
[1.104s] Level 5:colcon.colcon_core.verb:set package 'my_robot_moveit_config' build argument 'cmake_clean_cache' from command line to 'False'
[1.104s] Level 5:colcon.colcon_core.verb:set package 'my_robot_moveit_config' build argument 'cmake_clean_first' from command line to 'False'
[1.104s] Level 5:colcon.colcon_core.verb:set package 'my_robot_moveit_config' build argument 'cmake_force_configure' from command line to 'False'
[1.104s] Level 5:colcon.colcon_core.verb:set package 'my_robot_moveit_config' build argument 'ament_cmake_args' from command line to 'None'
[1.104s] Level 5:colcon.colcon_core.verb:set package 'my_robot_moveit_config' build argument 'catkin_cmake_args' from command line to 'None'
[1.104s] Level 5:colcon.colcon_core.verb:set package 'my_robot_moveit_config' build argument 'catkin_skip_building_tests' from command line to 'False'
[1.104s] DEBUG:colcon.colcon_core.verb:Building package 'my_robot_moveit_config' with the following arguments: {'ament_cmake_args': None, 'build_base': '/home/joho/ros2_ws/ROS2Moveit2ControlARoboticArm/moveit2_ws/build/my_robot_moveit_config', 'catkin_cmake_args': None, 'catkin_skip_building_tests': False, 'cmake_args': None, 'cmake_clean_cache': False, 'cmake_clean_first': False, 'cmake_force_configure': False, 'cmake_target': None, 'cmake_target_skip_unavailable': False, 'install_base': '/home/joho/ros2_ws/ROS2Moveit2ControlARoboticArm/moveit2_ws/install/my_robot_moveit_config', 'merge_install': False, 'path': '/home/joho/ros2_ws/ROS2Moveit2ControlARoboticArm/moveit2_ws/src/my_robot_moveit_config', 'symlink_install': False, 'test_result_base': None}
[1.104s] INFO:colcon.colcon_core.executor:Executing jobs using 'parallel' executor
[1.107s] DEBUG:colcon.colcon_parallel_executor.executor.parallel:run_until_complete
[1.108s] INFO:colcon.colcon_ros.task.ament_cmake.build:Building ROS package in '/home/joho/ros2_ws/ROS2Moveit2ControlARoboticArm/moveit2_ws/src/my_robot_description' with build type 'ament_cmake'
[1.108s] INFO:colcon.colcon_cmake.task.cmake.build:Building CMake package in '/home/joho/ros2_ws/ROS2Moveit2ControlARoboticArm/moveit2_ws/src/my_robot_description'
[1.113s] INFO:colcon.colcon_core.plugin_system:Skipping extension 'colcon_core.shell.bat': Not used on non-Windows systems
[1.113s] INFO:colcon.colcon_core.shell:Skip shell extension 'powershell' for command environment: Not usable outside of PowerShell
[1.114s] DEBUG:colcon.colcon_core.shell:Skip shell extension 'dsv' for command environment
[1.143s] DEBUG:colcon.colcon_core.event_handler.log_command:Invoking command in '/home/joho/ros2_ws/ROS2Moveit2ControlARoboticArm/moveit2_ws/build/my_robot_description': CMAKE_PREFIX_PATH=${CMAKE_PREFIX_PATH}:/home/joho/Documents/phantom_ws/install/pincher_control:/home/joho/Documents/RoboticsAndROS2-LearnByDoingManipulators/arduinobot_ws/install/arduinobot_py_examples:/opt/ros/humble /usr/bin/cmake --build /home/joho/ros2_ws/ROS2Moveit2ControlARoboticArm/moveit2_ws/build/my_robot_description -- -j4 -l4
[1.227s] DEBUG:colcon.colcon_core.event_handler.log_command:Invoked command in '/home/joho/ros2_ws/ROS2Moveit2ControlARoboticArm/moveit2_ws/build/my_robot_description' returned '0': CMAKE_PREFIX_PATH=${CMAKE_PREFIX_PATH}:/home/joho/Documents/phantom_ws/install/pincher_control:/home/joho/Documents/RoboticsAndROS2-LearnByDoingManipulators/arduinobot_ws/install/arduinobot_py_examples:/opt/ros/humble /usr/bin/cmake --build /home/joho/ros2_ws/ROS2Moveit2ControlARoboticArm/moveit2_ws/build/my_robot_description -- -j4 -l4
[1.252s] DEBUG:colcon.colcon_core.event_handler.log_command:Invoking command in '/home/joho/ros2_ws/ROS2Moveit2ControlARoboticArm/moveit2_ws/build/my_robot_description': CMAKE_PREFIX_PATH=${CMAKE_PREFIX_PATH}:/home/joho/Documents/phantom_ws/install/pincher_control:/home/joho/Documents/RoboticsAndROS2-LearnByDoingManipulators/arduinobot_ws/install/arduinobot_py_examples:/opt/ros/humble /usr/bin/cmake --install /home/joho/ros2_ws/ROS2Moveit2ControlARoboticArm/moveit2_ws/build/my_robot_description
[1.276s] Level 1:colcon.colcon_core.environment:create_environment_scripts_only(my_robot_description)
[1.278s] DEBUG:colcon.colcon_core.event_handler.log_command:Invoked command in '/home/joho/ros2_ws/ROS2Moveit2ControlARoboticArm/moveit2_ws/build/my_robot_description' returned '0': CMAKE_PREFIX_PATH=${CMAKE_PREFIX_PATH}:/home/joho/Documents/phantom_ws/install/pincher_control:/home/joho/Documents/RoboticsAndROS2-LearnByDoingManipulators/arduinobot_ws/install/arduinobot_py_examples:/opt/ros/humble /usr/bin/cmake --install /home/joho/ros2_ws/ROS2Moveit2ControlARoboticArm/moveit2_ws/build/my_robot_description
[1.284s] Level 1:colcon.colcon_core.environment:checking '/home/joho/ros2_ws/ROS2Moveit2ControlARoboticArm/moveit2_ws/install/my_robot_description' for CMake module files
[1.285s] Level 1:colcon.colcon_core.environment:checking '/home/joho/ros2_ws/ROS2Moveit2ControlARoboticArm/moveit2_ws/install/my_robot_description' for CMake config files
[1.286s] Level 1:colcon.colcon_core.shell:create_environment_hook('my_robot_description', 'cmake_prefix_path')
[1.287s] INFO:colcon.colcon_core.shell:Creating environment hook '/home/joho/ros2_ws/ROS2Moveit2ControlARoboticArm/moveit2_ws/install/my_robot_description/share/my_robot_description/hook/cmake_prefix_path.ps1'
[1.288s] INFO:colcon.colcon_core.shell:Creating environment descriptor '/home/joho/ros2_ws/ROS2Moveit2ControlARoboticArm/moveit2_ws/install/my_robot_description/share/my_robot_description/hook/cmake_prefix_path.dsv'
[1.289s] INFO:colcon.colcon_core.shell:Creating environment hook '/home/joho/ros2_ws/ROS2Moveit2ControlARoboticArm/moveit2_ws/install/my_robot_description/share/my_robot_description/hook/cmake_prefix_path.sh'
[1.292s] Level 1:colcon.colcon_core.environment:checking '/home/joho/ros2_ws/ROS2Moveit2ControlARoboticArm/moveit2_ws/install/my_robot_description/bin'
[1.292s] Level 1:colcon.colcon_core.environment:checking '/home/joho/ros2_ws/ROS2Moveit2ControlARoboticArm/moveit2_ws/install/my_robot_description/lib/pkgconfig/my_robot_description.pc'
[1.292s] Level 1:colcon.colcon_core.environment:checking '/home/joho/ros2_ws/ROS2Moveit2ControlARoboticArm/moveit2_ws/install/my_robot_description/lib/python3.10/site-packages'
[1.294s] Level 1:colcon.colcon_core.environment:checking '/home/joho/ros2_ws/ROS2Moveit2ControlARoboticArm/moveit2_ws/install/my_robot_description/bin'
[1.294s] INFO:colcon.colcon_core.shell:Creating package script '/home/joho/ros2_ws/ROS2Moveit2ControlARoboticArm/moveit2_ws/install/my_robot_description/share/my_robot_description/package.ps1'
[1.297s] INFO:colcon.colcon_core.shell:Creating package descriptor '/home/joho/ros2_ws/ROS2Moveit2ControlARoboticArm/moveit2_ws/install/my_robot_description/share/my_robot_description/package.dsv'
[1.298s] INFO:colcon.colcon_core.shell:Creating package script '/home/joho/ros2_ws/ROS2Moveit2ControlARoboticArm/moveit2_ws/install/my_robot_description/share/my_robot_description/package.sh'
[1.300s] INFO:colcon.colcon_core.shell:Creating package script '/home/joho/ros2_ws/ROS2Moveit2ControlARoboticArm/moveit2_ws/install/my_robot_description/share/my_robot_description/package.bash'
[1.302s] INFO:colcon.colcon_core.shell:Creating package script '/home/joho/ros2_ws/ROS2Moveit2ControlARoboticArm/moveit2_ws/install/my_robot_description/share/my_robot_description/package.zsh'
[1.304s] Level 1:colcon.colcon_core.environment:create_file_with_runtime_dependencies(/home/joho/ros2_ws/ROS2Moveit2ControlARoboticArm/moveit2_ws/install/my_robot_description/share/colcon-core/packages/my_robot_description)
[1.306s] Level 1:colcon.colcon_core.environment:create_environment_scripts_only(my_robot_description)
[1.306s] Level 1:colcon.colcon_core.environment:checking '/home/joho/ros2_ws/ROS2Moveit2ControlARoboticArm/moveit2_ws/install/my_robot_description' for CMake module files
[1.308s] Level 1:colcon.colcon_core.environment:checking '/home/joho/ros2_ws/ROS2Moveit2ControlARoboticArm/moveit2_ws/install/my_robot_description' for CMake config files
[1.309s] Level 1:colcon.colcon_core.shell:create_environment_hook('my_robot_description', 'cmake_prefix_path')
[1.310s] INFO:colcon.colcon_core.shell:Creating environment hook '/home/joho/ros2_ws/ROS2Moveit2ControlARoboticArm/moveit2_ws/install/my_robot_description/share/my_robot_description/hook/cmake_prefix_path.ps1'
[1.311s] INFO:colcon.colcon_core.shell:Creating environment descriptor '/home/joho/ros2_ws/ROS2Moveit2ControlARoboticArm/moveit2_ws/install/my_robot_description/share/my_robot_description/hook/cmake_prefix_path.dsv'
[1.311s] INFO:colcon.colcon_core.shell:Creating environment hook '/home/joho/ros2_ws/ROS2Moveit2ControlARoboticArm/moveit2_ws/install/my_robot_description/share/my_robot_description/hook/cmake_prefix_path.sh'
[1.313s] Level 1:colcon.colcon_core.environment:checking '/home/joho/ros2_ws/ROS2Moveit2ControlARoboticArm/moveit2_ws/install/my_robot_description/bin'
[1.313s] Level 1:colcon.colcon_core.environment:checking '/home/joho/ros2_ws/ROS2Moveit2ControlARoboticArm/moveit2_ws/install/my_robot_description/lib/pkgconfig/my_robot_description.pc'
[1.314s] Level 1:colcon.colcon_core.environment:checking '/home/joho/ros2_ws/ROS2Moveit2ControlARoboticArm/moveit2_ws/install/my_robot_description/lib/python3.10/site-packages'
[1.315s] Level 1:colcon.colcon_core.environment:checking '/home/joho/ros2_ws/ROS2Moveit2ControlARoboticArm/moveit2_ws/install/my_robot_description/bin'
[1.315s] INFO:colcon.colcon_core.shell:Creating package script '/home/joho/ros2_ws/ROS2Moveit2ControlARoboticArm/moveit2_ws/install/my_robot_description/share/my_robot_description/package.ps1'
[1.317s] INFO:colcon.colcon_core.shell:Creating package descriptor '/home/joho/ros2_ws/ROS2Moveit2ControlARoboticArm/moveit2_ws/install/my_robot_description/share/my_robot_description/package.dsv'
[1.318s] INFO:colcon.colcon_core.shell:Creating package script '/home/joho/ros2_ws/ROS2Moveit2ControlARoboticArm/moveit2_ws/install/my_robot_description/share/my_robot_description/package.sh'
[1.319s] INFO:colcon.colcon_core.shell:Creating package script '/home/joho/ros2_ws/ROS2Moveit2ControlARoboticArm/moveit2_ws/install/my_robot_description/share/my_robot_description/package.bash'
[1.320s] INFO:colcon.colcon_core.shell:Creating package script '/home/joho/ros2_ws/ROS2Moveit2ControlARoboticArm/moveit2_ws/install/my_robot_description/share/my_robot_description/package.zsh'
[1.321s] Level 1:colcon.colcon_core.environment:create_file_with_runtime_dependencies(/home/joho/ros2_ws/ROS2Moveit2ControlARoboticArm/moveit2_ws/install/my_robot_description/share/colcon-core/packages/my_robot_description)
[1.322s] INFO:colcon.colcon_ros.task.ament_cmake.build:Building ROS package in '/home/joho/ros2_ws/ROS2Moveit2ControlARoboticArm/moveit2_ws/src/my_robot_moveit_config' with build type 'ament_cmake'
[1.322s] INFO:colcon.colcon_cmake.task.cmake.build:Building CMake package in '/home/joho/ros2_ws/ROS2Moveit2ControlARoboticArm/moveit2_ws/src/my_robot_moveit_config'
[1.323s] INFO:colcon.colcon_core.shell:Skip shell extension 'powershell' for command environment: Not usable outside of PowerShell
[1.323s] DEBUG:colcon.colcon_core.shell:Skip shell extension 'dsv' for command environment
[1.350s] DEBUG:colcon.colcon_core.event_handler.log_command:Invoking command in '/home/joho/ros2_ws/ROS2Moveit2ControlARoboticArm/moveit2_ws/build/my_robot_moveit_config': CMAKE_PREFIX_PATH=${CMAKE_PREFIX_PATH}:/home/joho/Documents/phantom_ws/install/pincher_control:/home/joho/Documents/RoboticsAndROS2-LearnByDoingManipulators/arduinobot_ws/install/arduinobot_py_examples:/opt/ros/humble /usr/bin/cmake /home/joho/ros2_ws/ROS2Moveit2ControlARoboticArm/moveit2_ws/src/my_robot_moveit_config -DCMAKE_INSTALL_PREFIX=/home/joho/ros2_ws/ROS2Moveit2ControlARoboticArm/moveit2_ws/install/my_robot_moveit_config
[3.306s] DEBUG:colcon.colcon_core.event_handler.log_command:Invoked command in '/home/joho/ros2_ws/ROS2Moveit2ControlARoboticArm/moveit2_ws/build/my_robot_moveit_config' returned '0': CMAKE_PREFIX_PATH=${CMAKE_PREFIX_PATH}:/home/joho/Documents/phantom_ws/install/pincher_control:/home/joho/Documents/RoboticsAndROS2-LearnByDoingManipulators/arduinobot_ws/install/arduinobot_py_examples:/opt/ros/humble /usr/bin/cmake /home/joho/ros2_ws/ROS2Moveit2ControlARoboticArm/moveit2_ws/src/my_robot_moveit_config -DCMAKE_INSTALL_PREFIX=/home/joho/ros2_ws/ROS2Moveit2ControlARoboticArm/moveit2_ws/install/my_robot_moveit_config
[3.310s] DEBUG:colcon.colcon_core.event_handler.log_command:Invoking command in '/home/joho/ros2_ws/ROS2Moveit2ControlARoboticArm/moveit2_ws/build/my_robot_moveit_config': CMAKE_PREFIX_PATH=${CMAKE_PREFIX_PATH}:/home/joho/Documents/phantom_ws/install/pincher_control:/home/joho/Documents/RoboticsAndROS2-LearnByDoingManipulators/arduinobot_ws/install/arduinobot_py_examples:/opt/ros/humble /usr/bin/cmake --build /home/joho/ros2_ws/ROS2Moveit2ControlARoboticArm/moveit2_ws/build/my_robot_moveit_config -- -j4 -l4
[3.398s] DEBUG:colcon.colcon_core.event_handler.log_command:Invoked command in '/home/joho/ros2_ws/ROS2Moveit2ControlARoboticArm/moveit2_ws/build/my_robot_moveit_config' returned '0': CMAKE_PREFIX_PATH=${CMAKE_PREFIX_PATH}:/home/joho/Documents/phantom_ws/install/pincher_control:/home/joho/Documents/RoboticsAndROS2-LearnByDoingManipulators/arduinobot_ws/install/arduinobot_py_examples:/opt/ros/humble /usr/bin/cmake --build /home/joho/ros2_ws/ROS2Moveit2ControlARoboticArm/moveit2_ws/build/my_robot_moveit_config -- -j4 -l4
[3.403s] DEBUG:colcon.colcon_core.event_handler.log_command:Invoking command in '/home/joho/ros2_ws/ROS2Moveit2ControlARoboticArm/moveit2_ws/build/my_robot_moveit_config': CMAKE_PREFIX_PATH=${CMAKE_PREFIX_PATH}:/home/joho/Documents/phantom_ws/install/pincher_control:/home/joho/Documents/RoboticsAndROS2-LearnByDoingManipulators/arduinobot_ws/install/arduinobot_py_examples:/opt/ros/humble /usr/bin/cmake --install /home/joho/ros2_ws/ROS2Moveit2ControlARoboticArm/moveit2_ws/build/my_robot_moveit_config
[3.443s] Level 1:colcon.colcon_core.environment:create_environment_scripts_only(my_robot_moveit_config)
[3.445s] DEBUG:colcon.colcon_core.event_handler.log_command:Invoked command in '/home/joho/ros2_ws/ROS2Moveit2ControlARoboticArm/moveit2_ws/build/my_robot_moveit_config' returned '0': CMAKE_PREFIX_PATH=${CMAKE_PREFIX_PATH}:/home/joho/Documents/phantom_ws/install/pincher_control:/home/joho/Documents/RoboticsAndROS2-LearnByDoingManipulators/arduinobot_ws/install/arduinobot_py_examples:/opt/ros/humble /usr/bin/cmake --install /home/joho/ros2_ws/ROS2Moveit2ControlARoboticArm/moveit2_ws/build/my_robot_moveit_config
[3.446s] Level 1:colcon.colcon_core.environment:checking '/home/joho/ros2_ws/ROS2Moveit2ControlARoboticArm/moveit2_ws/install/my_robot_moveit_config' for CMake module files
[3.450s] Level 1:colcon.colcon_core.environment:checking '/home/joho/ros2_ws/ROS2Moveit2ControlARoboticArm/moveit2_ws/install/my_robot_moveit_config' for CMake config files
[3.451s] Level 1:colcon.colcon_core.shell:create_environment_hook('my_robot_moveit_config', 'cmake_prefix_path')
[3.453s] INFO:colcon.colcon_core.shell:Creating environment hook '/home/joho/ros2_ws/ROS2Moveit2ControlARoboticArm/moveit2_ws/install/my_robot_moveit_config/share/my_robot_moveit_config/hook/cmake_prefix_path.ps1'
[3.455s] INFO:colcon.colcon_core.shell:Creating environment descriptor '/home/joho/ros2_ws/ROS2Moveit2ControlARoboticArm/moveit2_ws/install/my_robot_moveit_config/share/my_robot_moveit_config/hook/cmake_prefix_path.dsv'
[3.456s] INFO:colcon.colcon_core.shell:Creating environment hook '/home/joho/ros2_ws/ROS2Moveit2ControlARoboticArm/moveit2_ws/install/my_robot_moveit_config/share/my_robot_moveit_config/hook/cmake_prefix_path.sh'
[3.458s] Level 1:colcon.colcon_core.environment:checking '/home/joho/ros2_ws/ROS2Moveit2ControlARoboticArm/moveit2_ws/install/my_robot_moveit_config/bin'
[3.459s] Level 1:colcon.colcon_core.environment:checking '/home/joho/ros2_ws/ROS2Moveit2ControlARoboticArm/moveit2_ws/install/my_robot_moveit_config/lib/pkgconfig/my_robot_moveit_config.pc'
[3.460s] Level 1:colcon.colcon_core.environment:checking '/home/joho/ros2_ws/ROS2Moveit2ControlARoboticArm/moveit2_ws/install/my_robot_moveit_config/lib/python3.10/site-packages'
[3.462s] Level 1:colcon.colcon_core.environment:checking '/home/joho/ros2_ws/ROS2Moveit2ControlARoboticArm/moveit2_ws/install/my_robot_moveit_config/bin'
[3.464s] INFO:colcon.colcon_core.shell:Creating package script '/home/joho/ros2_ws/ROS2Moveit2ControlARoboticArm/moveit2_ws/install/my_robot_moveit_config/share/my_robot_moveit_config/package.ps1'
[3.466s] INFO:colcon.colcon_core.shell:Creating package descriptor '/home/joho/ros2_ws/ROS2Moveit2ControlARoboticArm/moveit2_ws/install/my_robot_moveit_config/share/my_robot_moveit_config/package.dsv'
[3.468s] INFO:colcon.colcon_core.shell:Creating package script '/home/joho/ros2_ws/ROS2Moveit2ControlARoboticArm/moveit2_ws/install/my_robot_moveit_config/share/my_robot_moveit_config/package.sh'
[3.470s] INFO:colcon.colcon_core.shell:Creating package script '/home/joho/ros2_ws/ROS2Moveit2ControlARoboticArm/moveit2_ws/install/my_robot_moveit_config/share/my_robot_moveit_config/package.bash'
[3.472s] INFO:colcon.colcon_core.shell:Creating package script '/home/joho/ros2_ws/ROS2Moveit2ControlARoboticArm/moveit2_ws/install/my_robot_moveit_config/share/my_robot_moveit_config/package.zsh'
[3.473s] Level 1:colcon.colcon_core.environment:create_file_with_runtime_dependencies(/home/joho/ros2_ws/ROS2Moveit2ControlARoboticArm/moveit2_ws/install/my_robot_moveit_config/share/colcon-core/packages/my_robot_moveit_config)
[3.476s] Level 1:colcon.colcon_core.environment:create_environment_scripts_only(my_robot_moveit_config)
[3.478s] Level 1:colcon.colcon_core.environment:checking '/home/joho/ros2_ws/ROS2Moveit2ControlARoboticArm/moveit2_ws/install/my_robot_moveit_config' for CMake module files
[3.480s] Level 1:colcon.colcon_core.environment:checking '/home/joho/ros2_ws/ROS2Moveit2ControlARoboticArm/moveit2_ws/install/my_robot_moveit_config' for CMake config files
[3.481s] Level 1:colcon.colcon_core.shell:create_environment_hook('my_robot_moveit_config', 'cmake_prefix_path')
[3.483s] INFO:colcon.colcon_core.shell:Creating environment hook '/home/joho/ros2_ws/ROS2Moveit2ControlARoboticArm/moveit2_ws/install/my_robot_moveit_config/share/my_robot_moveit_config/hook/cmake_prefix_path.ps1'
[3.484s] INFO:colcon.colcon_core.shell:Creating environment descriptor '/home/joho/ros2_ws/ROS2Moveit2ControlARoboticArm/moveit2_ws/install/my_robot_moveit_config/share/my_robot_moveit_config/hook/cmake_prefix_path.dsv'
[3.486s] INFO:colcon.colcon_core.shell:Creating environment hook '/home/joho/ros2_ws/ROS2Moveit2ControlARoboticArm/moveit2_ws/install/my_robot_moveit_config/share/my_robot_moveit_config/hook/cmake_prefix_path.sh'
[3.488s] Level 1:colcon.colcon_core.environment:checking '/home/joho/ros2_ws/ROS2Moveit2ControlARoboticArm/moveit2_ws/install/my_robot_moveit_config/bin'
[3.488s] Level 1:colcon.colcon_core.environment:checking '/home/joho/ros2_ws/ROS2Moveit2ControlARoboticArm/moveit2_ws/install/my_robot_moveit_config/lib/pkgconfig/my_robot_moveit_config.pc'
[3.489s] Level 1:colcon.colcon_core.environment:checking '/home/joho/ros2_ws/ROS2Moveit2ControlARoboticArm/moveit2_ws/install/my_robot_moveit_config/lib/python3.10/site-packages'
[3.490s] Level 1:colcon.colcon_core.environment:checking '/home/joho/ros2_ws/ROS2Moveit2ControlARoboticArm/moveit2_ws/install/my_robot_moveit_config/bin'
[3.491s] INFO:colcon.colcon_core.shell:Creating package script '/home/joho/ros2_ws/ROS2Moveit2ControlARoboticArm/moveit2_ws/install/my_robot_moveit_config/share/my_robot_moveit_config/package.ps1'
[3.492s] INFO:colcon.colcon_core.shell:Creating package descriptor '/home/joho/ros2_ws/ROS2Moveit2ControlARoboticArm/moveit2_ws/install/my_robot_moveit_config/share/my_robot_moveit_config/package.dsv'
[3.493s] INFO:colcon.colcon_core.shell:Creating package script '/home/joho/ros2_ws/ROS2Moveit2ControlARoboticArm/moveit2_ws/install/my_robot_moveit_config/share/my_robot_moveit_config/package.sh'
[3.494s] INFO:colcon.colcon_core.shell:Creating package script '/home/joho/ros2_ws/ROS2Moveit2ControlARoboticArm/moveit2_ws/install/my_robot_moveit_config/share/my_robot_moveit_config/package.bash'
[3.495s] INFO:colcon.colcon_core.shell:Creating package script '/home/joho/ros2_ws/ROS2Moveit2ControlARoboticArm/moveit2_ws/install/my_robot_moveit_config/share/my_robot_moveit_config/package.zsh'
[3.496s] Level 1:colcon.colcon_core.environment:create_file_with_runtime_dependencies(/home/joho/ros2_ws/ROS2Moveit2ControlARoboticArm/moveit2_ws/install/my_robot_moveit_config/share/colcon-core/packages/my_robot_moveit_config)
[3.497s] DEBUG:colcon.colcon_parallel_executor.executor.parallel:closing loop
[3.497s] DEBUG:colcon.colcon_parallel_executor.executor.parallel:loop closed
[3.498s] DEBUG:colcon.colcon_parallel_executor.executor.parallel:run_until_complete finished with '0'
[3.498s] DEBUG:colcon.colcon_core.event_reactor:joining thread
[3.510s] INFO:colcon.colcon_core.plugin_system:Skipping extension 'colcon_notification.desktop_notification.terminal_notifier': Not used on non-Darwin systems
[3.510s] INFO:colcon.colcon_core.plugin_system:Skipping extension 'colcon_notification.desktop_notification.win32': Not used on non-Windows systems
[3.510s] INFO:colcon.colcon_notification.desktop_notification:Sending desktop notification using 'notify2'
[3.538s] DEBUG:colcon.colcon_core.event_reactor:joined thread
[3.539s] INFO:colcon.colcon_core.shell:Creating prefix script '/home/joho/ros2_ws/ROS2Moveit2ControlARoboticArm/moveit2_ws/install/local_setup.ps1'
[3.542s] INFO:colcon.colcon_core.shell:Creating prefix util module '/home/joho/ros2_ws/ROS2Moveit2ControlARoboticArm/moveit2_ws/install/_local_setup_util_ps1.py'
[3.547s] INFO:colcon.colcon_core.shell:Creating prefix chain script '/home/joho/ros2_ws/ROS2Moveit2ControlARoboticArm/moveit2_ws/install/setup.ps1'
[3.552s] INFO:colcon.colcon_core.shell:Creating prefix script '/home/joho/ros2_ws/ROS2Moveit2ControlARoboticArm/moveit2_ws/install/local_setup.sh'
[3.554s] INFO:colcon.colcon_core.shell:Creating prefix util module '/home/joho/ros2_ws/ROS2Moveit2ControlARoboticArm/moveit2_ws/install/_local_setup_util_sh.py'
[3.556s] INFO:colcon.colcon_core.shell:Creating prefix chain script '/home/joho/ros2_ws/ROS2Moveit2ControlARoboticArm/moveit2_ws/install/setup.sh'
[3.561s] INFO:colcon.colcon_core.shell:Creating prefix script '/home/joho/ros2_ws/ROS2Moveit2ControlARoboticArm/moveit2_ws/install/local_setup.bash'
[3.562s] INFO:colcon.colcon_core.shell:Creating prefix chain script '/home/joho/ros2_ws/ROS2Moveit2ControlARoboticArm/moveit2_ws/install/setup.bash'
[3.567s] INFO:colcon.colcon_core.shell:Creating prefix script '/home/joho/ros2_ws/ROS2Moveit2ControlARoboticArm/moveit2_ws/install/local_setup.zsh'
[3.568s] INFO:colcon.colcon_core.shell:Creating prefix chain script '/home/joho/ros2_ws/ROS2Moveit2ControlARoboticArm/moveit2_ws/install/setup.zsh'
