[0.019s] Invoking command in '/home/johotan/ros2/ROS2Moveit2ControlARoboticArm/moveit2_ws/build/my_robot_interfaces': CMAKE_PREFIX_PATH=${CMAKE_PREFIX_PATH}:/opt/ros/jazzy DEBUGINFOD_URLS=https://debuginfod.ubuntu.com /usr/bin/cmake --build /home/johotan/ros2/ROS2Moveit2ControlARoboticArm/moveit2_ws/build/my_robot_interfaces -- -j12 -l12
[0.053s] -- Found ament_cmake: 2.5.4 (/opt/ros/jazzy/share/ament_cmake/cmake)
[0.105s] -- Found Python3: /usr/bin/python3 (found version "3.12.3") found components: Interpreter 
[0.256s] -- Found rosidl_default_generators: 1.6.0 (/opt/ros/jazzy/share/rosidl_default_generators/cmake)
[0.264s] -- Using all available rosidl_typesupport_c: rosidl_typesupport_fastrtps_c;rosidl_typesupport_introspection_c
[0.336s] -- Using all available rosidl_typesupport_cpp: rosidl_typesupport_fastrtps_cpp;rosidl_typesupport_introspection_cpp
[0.400s] -- Found rosidl_adapter: 4.6.6 (/opt/ros/jazzy/share/rosidl_adapter/cmake)
[0.768s] -- Found ament_cmake_ros: 0.12.0 (/opt/ros/jazzy/share/ament_cmake_ros/cmake)
[0.916s] -- Using all available rosidl_typesupport_c: rosidl_typesupport_fastrtps_c;rosidl_typesupport_introspection_c
[1.107s] -- Using all available rosidl_typesupport_cpp: rosidl_typesupport_fastrtps_cpp;rosidl_typesupport_introspection_cpp
[1.110s] -- Found python_cmake_module: 0.11.1 (/opt/ros/jazzy/share/python_cmake_module/cmake)
[1.493s] -- Found Python3: /usr/bin/python3 (found version "3.12.3") found components: Interpreter Development NumPy Development.Module Development.Embed 
[1.511s] -- Configuring done (1.5s)
[1.556s] -- Generating done (0.0s)
[1.573s] -- Build files have been written to: /home/johotan/ros2/ROS2Moveit2ControlARoboticArm/moveit2_ws/build/my_robot_interfaces
[1.631s] [  2%] Built target my_robot_interfaces__rosidl_generator_type_description
[1.647s] [  2%] Built target ament_cmake_python_copy_my_robot_interfaces
[1.668s] [ 14%] Built target my_robot_interfaces__cpp
[1.668s] [ 20%] Built target my_robot_interfaces__rosidl_generator_c
[1.709s] [ 29%] Built target my_robot_interfaces__rosidl_typesupport_c
[1.711s] [ 55%] Built target my_robot_interfaces__rosidl_typesupport_introspection_c
[1.711s] [ 55%] Built target my_robot_interfaces__rosidl_typesupport_introspection_cpp
[1.711s] [ 55%] Built target my_robot_interfaces__rosidl_typesupport_fastrtps_cpp
[1.715s] [ 64%] Built target my_robot_interfaces__rosidl_typesupport_fastrtps_c
[1.754s] [ 73%] Built target my_robot_interfaces__rosidl_typesupport_cpp
[1.790s] [ 73%] Built target my_robot_interfaces
[1.834s] [ 76%] Built target my_robot_interfaces__py
[1.879s] [ 82%] Built target my_robot_interfaces__rosidl_generator_py
[1.933s] [ 94%] Built target my_robot_interfaces_s__rosidl_typesupport_fastrtps_c
[1.933s] [ 94%] Built target my_robot_interfaces_s__rosidl_typesupport_introspection_c
[1.936s] [100%] Built target my_robot_interfaces_s__rosidl_typesupport_c
[2.090s] running egg_info
[2.133s] writing my_robot_interfaces.egg-info/PKG-INFO
[2.133s] writing dependency_links to my_robot_interfaces.egg-info/dependency_links.txt
[2.133s] writing top-level names to my_robot_interfaces.egg-info/top_level.txt
[2.248s] reading manifest file 'my_robot_interfaces.egg-info/SOURCES.txt'
[2.249s] writing manifest file 'my_robot_interfaces.egg-info/SOURCES.txt'
[2.305s] [100%] Built target ament_cmake_python_build_my_robot_interfaces_egg
