running egg_info
writing ../../build/my_robot_commander_py/my_robot_commander_py.egg-info/PKG-INFO
writing dependency_links to ../../build/my_robot_commander_py/my_robot_commander_py.egg-info/dependency_links.txt
writing entry points to ../../build/my_robot_commander_py/my_robot_commander_py.egg-info/entry_points.txt
writing requirements to ../../build/my_robot_commander_py/my_robot_commander_py.egg-info/requires.txt
writing top-level names to ../../build/my_robot_commander_py/my_robot_commander_py.egg-info/top_level.txt
reading manifest file '../../build/my_robot_commander_py/my_robot_commander_py.egg-info/SOURCES.txt'
writing manifest file '../../build/my_robot_commander_py/my_robot_commander_py.egg-info/SOURCES.txt'
running build
running build_py
copying my_robot_commander_py/test_moveit.py -> /home/johotan/ros2/ROS2Moveit2ControlARoboticArm/moveit2_ws/build/my_robot_commander_py/build/lib/my_robot_commander_py
running install
running install_lib
copying /home/johotan/ros2/ROS2Moveit2ControlARoboticArm/moveit2_ws/build/my_robot_commander_py/build/lib/my_robot_commander_py/test_moveit.py -> /home/johotan/ros2/ROS2Moveit2ControlARoboticArm/moveit2_ws/install/my_robot_commander_py/lib/python3.12/site-packages/my_robot_commander_py
byte-compiling /home/johotan/ros2/ROS2Moveit2ControlARoboticArm/moveit2_ws/install/my_robot_commander_py/lib/python3.12/site-packages/my_robot_commander_py/test_moveit.py to test_moveit.cpython-312.pyc
running install_data
running install_egg_info
removing '/home/johotan/ros2/ROS2Moveit2ControlARoboticArm/moveit2_ws/install/my_robot_commander_py/lib/python3.12/site-packages/my_robot_commander_py-0.0.0-py3.12.egg-info' (and everything under it)
Copying ../../build/my_robot_commander_py/my_robot_commander_py.egg-info to /home/johotan/ros2/ROS2Moveit2ControlARoboticArm/moveit2_ws/install/my_robot_commander_py/lib/python3.12/site-packages/my_robot_commander_py-0.0.0-py3.12.egg-info
running install_scripts
Installing test_moveit script to /home/johotan/ros2/ROS2Moveit2ControlARoboticArm/moveit2_ws/install/my_robot_commander_py/lib/my_robot_commander_py
writing list of installed files to '/home/johotan/ros2/ROS2Moveit2ControlARoboticArm/moveit2_ws/build/my_robot_commander_py/install.log'
