[0.011s] Invoking command in '/home/johotan/ros2/ROS2Moveit2ControlARoboticArm/moveit2_ws/build/my_robot_commander_cpp': CMAKE_PREFIX_PATH=${CMAKE_PREFIX_PATH}:/opt/ros/jazzy DEBUGINFOD_URLS=https://debuginfod.ubuntu.com /usr/bin/cmake /home/johotan/ros2/ROS2Moveit2ControlARoboticArm/moveit2_ws/src/my_robot_commander_cpp -DCMAKE_INSTALL_PREFIX=/home/johotan/ros2/ROS2Moveit2ControlARoboticArm/moveit2_ws/install/my_robot_commander_cpp
[0.071s] -- The C compiler identification is GNU 13.3.0
[0.141s] -- The CXX compiler identification is GNU 13.3.0
[0.166s] -- Detecting C compiler ABI info
[0.283s] -- Detecting C compiler ABI info - done
[0.294s] -- Check for working C compiler: /usr/bin/cc - skipped
[0.294s] -- Detecting C compile features
[0.295s] -- Detecting C compile features - done
[0.307s] -- Detecting CXX compiler ABI info
[0.431s] -- Detecting CXX compiler ABI info - done
[0.452s] -- Check for working CXX compiler: /usr/bin/c++ - skipped
[0.452s] -- Detecting CXX compile features
[0.454s] -- Detecting CXX compile features - done
[0.462s] -- Found ament_cmake: 2.5.4 (/opt/ros/jazzy/share/ament_cmake/cmake)
[0.654s] -- Found Python3: /usr/bin/python3 (found version "3.12.3") found components: Interpreter 
[0.840s] -- Found rclcpp: 28.1.12 (/opt/ros/jazzy/share/rclcpp/cmake)
[0.955s] -- Found rosidl_generator_c: 4.6.6 (/opt/ros/jazzy/share/rosidl_generator_c/cmake)
[0.994s] -- Found rosidl_generator_cpp: 4.6.6 (/opt/ros/jazzy/share/rosidl_generator_cpp/cmake)
[1.039s] -- Using all available rosidl_typesupport_c: rosidl_typesupport_fastrtps_c;rosidl_typesupport_introspection_c
[1.089s] -- Using all available rosidl_typesupport_cpp: rosidl_typesupport_fastrtps_cpp;rosidl_typesupport_introspection_cpp
[1.295s] -- Found rmw_implementation_cmake: 7.3.2 (/opt/ros/jazzy/share/rmw_implementation_cmake/cmake)
[1.305s] -- Found rmw_fastrtps_cpp: 8.4.3 (/opt/ros/jazzy/share/rmw_fastrtps_cpp/cmake)
[1.471s] -- Found OpenSSL: /usr/lib/x86_64-linux-gnu/libcrypto.so (found version "3.0.13")  
[1.513s] -- Found FastRTPS: /opt/ros/jazzy/include (Required is at least version "2.13") 
[1.545s] -- Using RMW implementation 'rmw_fastrtps_cpp' as default
[1.669s] -- Found moveit_ros_planning_interface: 2.12.3 (/opt/ros/jazzy/share/moveit_ros_planning_interface/cmake)
[1.831s] -- Found Boost: /usr/lib/x86_64-linux-gnu/cmake/Boost-1.83.0/BoostConfig.cmake (found version "1.83.0") found components: date_time filesystem program_options system thread 
[2.303s] -- Found Boost: /usr/lib/x86_64-linux-gnu/cmake/Boost-1.83.0/BoostConfig.cmake (found version "1.83.0") found components: chrono date_time filesystem iostreams program_options regex serialization system thread 
[2.434s] -- Found parameter_traits: 0.5.0 (/opt/ros/jazzy/share/parameter_traits/cmake)
[2.460s] -- Found rclcpp_lifecycle: 28.1.12 (/opt/ros/jazzy/share/rclcpp_lifecycle/cmake)
[2.525s] -- Found Boost: /usr/lib/x86_64-linux-gnu/cmake/Boost-1.83.0/BoostConfig.cmake (found version "1.83.0") found components: filesystem 
[2.639s] -- Found Eigen3: TRUE (found version "3.4.0") 
[2.640s] -- Ensuring Eigen3 include directory is part of orocos-kdl CMake target
[2.934s] -- Found Boost: /usr/lib/x86_64-linux-gnu/cmake/Boost-1.83.0/BoostConfig.cmake (found version "1.83.0") found components: system filesystem date_time program_options thread chrono 
[3.007s] -- Found Boost: /usr/lib/x86_64-linux-gnu/cmake/Boost-1.83.0/BoostConfig.cmake (found version "1.83.0") found components: thread system filesystem regex date_time program_options 
[3.046s] -- Found Boost: /usr/lib/x86_64-linux-gnu/cmake/Boost-1.83.0/BoostConfig.cmake (found version "1.83.0") found components: system filesystem date_time program_options thread 
[3.206s] -- Configuring done (3.2s)
[3.245s] -- Generating done (0.0s)
[3.254s] -- Build files have been written to: /home/johotan/ros2/ROS2Moveit2ControlARoboticArm/moveit2_ws/build/my_robot_commander_cpp
[3.276s] Invoked command in '/home/johotan/ros2/ROS2Moveit2ControlARoboticArm/moveit2_ws/build/my_robot_commander_cpp' returned '0': CMAKE_PREFIX_PATH=${CMAKE_PREFIX_PATH}:/opt/ros/jazzy DEBUGINFOD_URLS=https://debuginfod.ubuntu.com /usr/bin/cmake /home/johotan/ros2/ROS2Moveit2ControlARoboticArm/moveit2_ws/src/my_robot_commander_cpp -DCMAKE_INSTALL_PREFIX=/home/johotan/ros2/ROS2Moveit2ControlARoboticArm/moveit2_ws/install/my_robot_commander_cpp
[3.277s] Invoking command in '/home/johotan/ros2/ROS2Moveit2ControlARoboticArm/moveit2_ws/build/my_robot_commander_cpp': CMAKE_PREFIX_PATH=${CMAKE_PREFIX_PATH}:/opt/ros/jazzy DEBUGINFOD_URLS=https://debuginfod.ubuntu.com /usr/bin/cmake --build /home/johotan/ros2/ROS2Moveit2ControlARoboticArm/moveit2_ws/build/my_robot_commander_cpp -- -j12 -l12
[3.341s] [ 50%] [32mBuilding CXX object CMakeFiles/test_moveit.dir/src/test_moveit.cpp.o[0m
[10.542s] [100%] [32m[1mLinking CXX executable test_moveit[0m
[10.901s] [100%] Built target test_moveit
[10.914s] Invoked command in '/home/johotan/ros2/ROS2Moveit2ControlARoboticArm/moveit2_ws/build/my_robot_commander_cpp' returned '0': CMAKE_PREFIX_PATH=${CMAKE_PREFIX_PATH}:/opt/ros/jazzy DEBUGINFOD_URLS=https://debuginfod.ubuntu.com /usr/bin/cmake --build /home/johotan/ros2/ROS2Moveit2ControlARoboticArm/moveit2_ws/build/my_robot_commander_cpp -- -j12 -l12
[10.915s] Invoking command in '/home/johotan/ros2/ROS2Moveit2ControlARoboticArm/moveit2_ws/build/my_robot_commander_cpp': CMAKE_PREFIX_PATH=${CMAKE_PREFIX_PATH}:/opt/ros/jazzy DEBUGINFOD_URLS=https://debuginfod.ubuntu.com /usr/bin/cmake --install /home/johotan/ros2/ROS2Moveit2ControlARoboticArm/moveit2_ws/build/my_robot_commander_cpp
[10.924s] -- Install configuration: ""
[10.925s] -- Installing: /home/johotan/ros2/ROS2Moveit2ControlARoboticArm/moveit2_ws/install/my_robot_commander_cpp/lib/my_robot_commander_cpp/test_moveit
[10.925s] -- Set non-toolchain portion of runtime path of "/home/johotan/ros2/ROS2Moveit2ControlARoboticArm/moveit2_ws/install/my_robot_commander_cpp/lib/my_robot_commander_cpp/test_moveit" to ""
[10.925s] -- Installing: /home/johotan/ros2/ROS2Moveit2ControlARoboticArm/moveit2_ws/install/my_robot_commander_cpp/share/ament_index/resource_index/package_run_dependencies/my_robot_commander_cpp
[10.926s] -- Installing: /home/johotan/ros2/ROS2Moveit2ControlARoboticArm/moveit2_ws/install/my_robot_commander_cpp/share/ament_index/resource_index/parent_prefix_path/my_robot_commander_cpp
[10.926s] -- Installing: /home/johotan/ros2/ROS2Moveit2ControlARoboticArm/moveit2_ws/install/my_robot_commander_cpp/share/my_robot_commander_cpp/environment/ament_prefix_path.sh
[10.926s] -- Installing: /home/johotan/ros2/ROS2Moveit2ControlARoboticArm/moveit2_ws/install/my_robot_commander_cpp/share/my_robot_commander_cpp/environment/ament_prefix_path.dsv
[10.926s] -- Installing: /home/johotan/ros2/ROS2Moveit2ControlARoboticArm/moveit2_ws/install/my_robot_commander_cpp/share/my_robot_commander_cpp/environment/path.sh
[10.926s] -- Installing: /home/johotan/ros2/ROS2Moveit2ControlARoboticArm/moveit2_ws/install/my_robot_commander_cpp/share/my_robot_commander_cpp/environment/path.dsv
[10.926s] -- Installing: /home/johotan/ros2/ROS2Moveit2ControlARoboticArm/moveit2_ws/install/my_robot_commander_cpp/share/my_robot_commander_cpp/local_setup.bash
[10.926s] -- Installing: /home/johotan/ros2/ROS2Moveit2ControlARoboticArm/moveit2_ws/install/my_robot_commander_cpp/share/my_robot_commander_cpp/local_setup.sh
[10.926s] -- Installing: /home/johotan/ros2/ROS2Moveit2ControlARoboticArm/moveit2_ws/install/my_robot_commander_cpp/share/my_robot_commander_cpp/local_setup.zsh
[10.927s] -- Installing: /home/johotan/ros2/ROS2Moveit2ControlARoboticArm/moveit2_ws/install/my_robot_commander_cpp/share/my_robot_commander_cpp/local_setup.dsv
[10.927s] -- Installing: /home/johotan/ros2/ROS2Moveit2ControlARoboticArm/moveit2_ws/install/my_robot_commander_cpp/share/my_robot_commander_cpp/package.dsv
[10.927s] -- Installing: /home/johotan/ros2/ROS2Moveit2ControlARoboticArm/moveit2_ws/install/my_robot_commander_cpp/share/ament_index/resource_index/packages/my_robot_commander_cpp
[10.927s] -- Installing: /home/johotan/ros2/ROS2Moveit2ControlARoboticArm/moveit2_ws/install/my_robot_commander_cpp/share/my_robot_commander_cpp/cmake/my_robot_commander_cppConfig.cmake
[10.927s] -- Installing: /home/johotan/ros2/ROS2Moveit2ControlARoboticArm/moveit2_ws/install/my_robot_commander_cpp/share/my_robot_commander_cpp/cmake/my_robot_commander_cppConfig-version.cmake
[10.927s] -- Installing: /home/johotan/ros2/ROS2Moveit2ControlARoboticArm/moveit2_ws/install/my_robot_commander_cpp/share/my_robot_commander_cpp/package.xml
[10.929s] Invoked command in '/home/johotan/ros2/ROS2Moveit2ControlARoboticArm/moveit2_ws/build/my_robot_commander_cpp' returned '0': CMAKE_PREFIX_PATH=${CMAKE_PREFIX_PATH}:/opt/ros/jazzy DEBUGINFOD_URLS=https://debuginfod.ubuntu.com /usr/bin/cmake --install /home/johotan/ros2/ROS2Moveit2ControlARoboticArm/moveit2_ws/build/my_robot_commander_cpp
