[0.340s] DEBUG:colcon:Command line arguments: ['/usr/bin/colcon', 'build']
[0.341s] DEBUG:colcon:Parsed command line arguments: Namespace(log_base=None, log_level=None, verb_name='build', build_base='build', install_base='install', merge_install=False, symlink_install=False, test_result_base=None, continue_on_error=False, executor='parallel', parallel_workers=4, event_handlers=None, ignore_user_meta=False, metas=['./colcon.meta'], base_paths=['.'], packages_ignore=None, packages_ignore_regex=None, paths=None, packages_up_to=None, packages_up_to_regex=None, packages_above=None, packages_above_and_dependencies=None, packages_above_depth=None, packages_select_by_dep=None, packages_skip_by_dep=None, packages_skip_up_to=None, packages_select_build_failed=False, packages_skip_build_finished=False, packages_select_test_failures=False, packages_skip_test_passed=False, packages_select=None, packages_skip=None, packages_select_regex=None, packages_skip_regex=None, packages_start=None, packages_end=None, allow_overriding=[], cmake_args=None, cmake_target=None, cmake_target_skip_unavailable=False, cmake_clean_cache=False, cmake_clean_first=False, cmake_force_configure=False, ament_cmake_args=None, catkin_cmake_args=None, catkin_skip_building_tests=False, mixin_files=None, mixin=None, verb_parser=<colcon_mixin.mixin.mixin_argument.MixinArgumentDecorator object at 0x7db8b2afb790>, verb_extension=<colcon_core.verb.build.BuildVerb object at 0x7db8b2ac0cd0>, main=<bound method BuildVerb.main of <colcon_core.verb.build.BuildVerb object at 0x7db8b2ac0cd0>>, mixin_verb=('build',))
[0.907s] Level 1:colcon.colcon_core.package_discovery:discover_packages(colcon_meta) check parameters
[0.907s] Level 1:colcon.colcon_core.package_discovery:discover_packages(recursive) check parameters
[0.907s] Level 1:colcon.colcon_core.package_discovery:discover_packages(ignore) check parameters
[0.907s] Level 1:colcon.colcon_core.package_discovery:discover_packages(path) check parameters
[0.907s] Level 1:colcon.colcon_core.package_discovery:discover_packages(colcon_meta) discover
[0.908s] Level 1:colcon.colcon_core.package_discovery:discover_packages(recursive) discover
[0.908s] INFO:colcon.colcon_core.package_discovery:Crawling recursively for packages in '/home/joho/ros2_ws/ROS2Moveit2ControlARoboticArm/moveit2_ws'
[0.908s] Level 1:colcon.colcon_core.package_identification:_identify(.) by extensions ['ignore', 'ignore_ament_install']
[0.908s] Level 1:colcon.colcon_core.package_identification:_identify(.) by extension 'ignore'
[0.908s] Level 1:colcon.colcon_core.package_identification:_identify(.) by extension 'ignore_ament_install'
[0.908s] Level 1:colcon.colcon_core.package_identification:_identify(.) by extensions ['colcon_pkg']
[0.908s] Level 1:colcon.colcon_core.package_identification:_identify(.) by extension 'colcon_pkg'
[0.908s] Level 1:colcon.colcon_core.package_identification:_identify(.) by extensions ['colcon_meta']
[0.909s] Level 1:colcon.colcon_core.package_identification:_identify(.) by extension 'colcon_meta'
[0.909s] Level 1:colcon.colcon_core.package_identification:_identify(.) by extensions ['ros']
[0.909s] Level 1:colcon.colcon_core.package_identification:_identify(.) by extension 'ros'
[0.949s] Level 1:colcon.colcon_core.package_identification:_identify(.) by extensions ['cmake', 'python']
[0.949s] Level 1:colcon.colcon_core.package_identification:_identify(.) by extension 'cmake'
[0.950s] Level 1:colcon.colcon_core.package_identification:_identify(.) by extension 'python'
[0.950s] Level 1:colcon.colcon_core.package_identification:_identify(.) by extensions ['python_setup_py']
[0.950s] Level 1:colcon.colcon_core.package_identification:_identify(.) by extension 'python_setup_py'
[0.950s] Level 1:colcon.colcon_core.package_identification:_identify(build) by extensions ['ignore', 'ignore_ament_install']
[0.950s] Level 1:colcon.colcon_core.package_identification:_identify(build) by extension 'ignore'
[0.950s] Level 1:colcon.colcon_core.package_identification:_identify(build) ignored
[0.951s] Level 1:colcon.colcon_core.package_identification:_identify(install) by extensions ['ignore', 'ignore_ament_install']
[0.951s] Level 1:colcon.colcon_core.package_identification:_identify(install) by extension 'ignore'
[0.951s] Level 1:colcon.colcon_core.package_identification:_identify(install) ignored
[0.951s] Level 1:colcon.colcon_core.package_identification:_identify(log) by extensions ['ignore', 'ignore_ament_install']
[0.952s] Level 1:colcon.colcon_core.package_identification:_identify(log) by extension 'ignore'
[0.952s] Level 1:colcon.colcon_core.package_identification:_identify(log) ignored
[0.952s] Level 1:colcon.colcon_core.package_identification:_identify(src) by extensions ['ignore', 'ignore_ament_install']
[0.952s] Level 1:colcon.colcon_core.package_identification:_identify(src) by extension 'ignore'
[0.952s] Level 1:colcon.colcon_core.package_identification:_identify(src) by extension 'ignore_ament_install'
[0.952s] Level 1:colcon.colcon_core.package_identification:_identify(src) by extensions ['colcon_pkg']
[0.953s] Level 1:colcon.colcon_core.package_identification:_identify(src) by extension 'colcon_pkg'
[0.953s] Level 1:colcon.colcon_core.package_identification:_identify(src) by extensions ['colcon_meta']
[0.953s] Level 1:colcon.colcon_core.package_identification:_identify(src) by extension 'colcon_meta'
[0.953s] Level 1:colcon.colcon_core.package_identification:_identify(src) by extensions ['ros']
[0.953s] Level 1:colcon.colcon_core.package_identification:_identify(src) by extension 'ros'
[0.953s] Level 1:colcon.colcon_core.package_identification:_identify(src) by extensions ['cmake', 'python']
[0.953s] Level 1:colcon.colcon_core.package_identification:_identify(src) by extension 'cmake'
[0.953s] Level 1:colcon.colcon_core.package_identification:_identify(src) by extension 'python'
[0.954s] Level 1:colcon.colcon_core.package_identification:_identify(src) by extensions ['python_setup_py']
[0.954s] Level 1:colcon.colcon_core.package_identification:_identify(src) by extension 'python_setup_py'
[0.954s] Level 1:colcon.colcon_core.package_identification:_identify(src/my_robot_description) by extensions ['ignore', 'ignore_ament_install']
[0.954s] Level 1:colcon.colcon_core.package_identification:_identify(src/my_robot_description) by extension 'ignore'
[0.954s] Level 1:colcon.colcon_core.package_identification:_identify(src/my_robot_description) by extension 'ignore_ament_install'
[0.955s] Level 1:colcon.colcon_core.package_identification:_identify(src/my_robot_description) by extensions ['colcon_pkg']
[0.955s] Level 1:colcon.colcon_core.package_identification:_identify(src/my_robot_description) by extension 'colcon_pkg'
[0.955s] Level 1:colcon.colcon_core.package_identification:_identify(src/my_robot_description) by extensions ['colcon_meta']
[0.955s] Level 1:colcon.colcon_core.package_identification:_identify(src/my_robot_description) by extension 'colcon_meta'
[0.955s] Level 1:colcon.colcon_core.package_identification:_identify(src/my_robot_description) by extensions ['ros']
[0.955s] Level 1:colcon.colcon_core.package_identification:_identify(src/my_robot_description) by extension 'ros'
[0.963s] DEBUG:colcon.colcon_core.package_identification:Package 'src/my_robot_description' with type 'ros.ament_cmake' and name 'my_robot_description'
[0.964s] Level 1:colcon.colcon_core.package_identification:_identify(src/my_robot_moveit_config) by extensions ['ignore', 'ignore_ament_install']
[0.964s] Level 1:colcon.colcon_core.package_identification:_identify(src/my_robot_moveit_config) by extension 'ignore'
[0.964s] Level 1:colcon.colcon_core.package_identification:_identify(src/my_robot_moveit_config) by extension 'ignore_ament_install'
[0.964s] Level 1:colcon.colcon_core.package_identification:_identify(src/my_robot_moveit_config) by extensions ['colcon_pkg']
[0.964s] Level 1:colcon.colcon_core.package_identification:_identify(src/my_robot_moveit_config) by extension 'colcon_pkg'
[0.964s] Level 1:colcon.colcon_core.package_identification:_identify(src/my_robot_moveit_config) by extensions ['colcon_meta']
[0.965s] Level 1:colcon.colcon_core.package_identification:_identify(src/my_robot_moveit_config) by extension 'colcon_meta'
[0.965s] Level 1:colcon.colcon_core.package_identification:_identify(src/my_robot_moveit_config) by extensions ['ros']
[0.965s] Level 1:colcon.colcon_core.package_identification:_identify(src/my_robot_moveit_config) by extension 'ros'
[0.968s] DEBUG:colcon.colcon_core.package_identification:Package 'src/my_robot_moveit_config' with type 'ros.ament_cmake' and name 'my_robot_moveit_config'
[0.968s] Level 1:colcon.colcon_core.package_discovery:discover_packages(recursive) using defaults
[0.968s] Level 1:colcon.colcon_core.package_discovery:discover_packages(ignore) discover
[0.968s] Level 1:colcon.colcon_core.package_discovery:discover_packages(ignore) using defaults
[0.968s] Level 1:colcon.colcon_core.package_discovery:discover_packages(path) discover
[0.969s] Level 1:colcon.colcon_core.package_discovery:discover_packages(path) using defaults
[1.078s] Level 1:colcon.colcon_core.package_discovery:discover_packages(prefix_path) check parameters
[1.078s] Level 1:colcon.colcon_core.package_discovery:discover_packages(prefix_path) discover
[1.085s] DEBUG:colcon.colcon_installed_package_information.package_discovery:Found 2 installed packages in /home/joho/ros2_ws/ROS2Moveit2ControlARoboticArm/moveit2_ws/install
[1.087s] DEBUG:colcon.colcon_installed_package_information.package_discovery:Found 10 installed packages in /home/joho/Documents/RoboticsAndROS2-LearnByDoingManipulators/arduinobot_ws/install
[1.094s] DEBUG:colcon.colcon_installed_package_information.package_discovery:Found 425 installed packages in /opt/ros/humble
[1.103s] Level 1:colcon.colcon_core.package_discovery:discover_packages(prefix_path) using defaults
[1.322s] Level 5:colcon.colcon_core.verb:set package 'my_robot_description' build argument 'cmake_args' from command line to 'None'
[1.323s] Level 5:colcon.colcon_core.verb:set package 'my_robot_description' build argument 'cmake_target' from command line to 'None'
[1.323s] Level 5:colcon.colcon_core.verb:set package 'my_robot_description' build argument 'cmake_target_skip_unavailable' from command line to 'False'
[1.323s] Level 5:colcon.colcon_core.verb:set package 'my_robot_description' build argument 'cmake_clean_cache' from command line to 'False'
[1.323s] Level 5:colcon.colcon_core.verb:set package 'my_robot_description' build argument 'cmake_clean_first' from command line to 'False'
[1.323s] Level 5:colcon.colcon_core.verb:set package 'my_robot_description' build argument 'cmake_force_configure' from command line to 'False'
[1.323s] Level 5:colcon.colcon_core.verb:set package 'my_robot_description' build argument 'ament_cmake_args' from command line to 'None'
[1.323s] Level 5:colcon.colcon_core.verb:set package 'my_robot_description' build argument 'catkin_cmake_args' from command line to 'None'
[1.323s] Level 5:colcon.colcon_core.verb:set package 'my_robot_description' build argument 'catkin_skip_building_tests' from command line to 'False'
[1.323s] DEBUG:colcon.colcon_core.verb:Building package 'my_robot_description' with the following arguments: {'ament_cmake_args': None, 'build_base': '/home/joho/ros2_ws/ROS2Moveit2ControlARoboticArm/moveit2_ws/build/my_robot_description', 'catkin_cmake_args': None, 'catkin_skip_building_tests': False, 'cmake_args': None, 'cmake_clean_cache': False, 'cmake_clean_first': False, 'cmake_force_configure': False, 'cmake_target': None, 'cmake_target_skip_unavailable': False, 'install_base': '/home/joho/ros2_ws/ROS2Moveit2ControlARoboticArm/moveit2_ws/install/my_robot_description', 'merge_install': False, 'path': '/home/joho/ros2_ws/ROS2Moveit2ControlARoboticArm/moveit2_ws/src/my_robot_description', 'symlink_install': False, 'test_result_base': None}
[1.325s] Level 5:colcon.colcon_core.verb:set package 'my_robot_moveit_config' build argument 'cmake_args' from command line to 'None'
[1.325s] Level 5:colcon.colcon_core.verb:set package 'my_robot_moveit_config' build argument 'cmake_target' from command line to 'None'
[1.325s] Level 5:colcon.colcon_core.verb:set package 'my_robot_moveit_config' build argument 'cmake_target_skip_unavailable' from command line to 'False'
[1.325s] Level 5:colcon.colcon_core.verb:set package 'my_robot_moveit_config' build argument 'cmake_clean_cache' from command line to 'False'
[1.325s] Level 5:colcon.colcon_core.verb:set package 'my_robot_moveit_config' build argument 'cmake_clean_first' from command line to 'False'
[1.326s] Level 5:colcon.colcon_core.verb:set package 'my_robot_moveit_config' build argument 'cmake_force_configure' from command line to 'False'
[1.326s] Level 5:colcon.colcon_core.verb:set package 'my_robot_moveit_config' build argument 'ament_cmake_args' from command line to 'None'
[1.326s] Level 5:colcon.colcon_core.verb:set package 'my_robot_moveit_config' build argument 'catkin_cmake_args' from command line to 'None'
[1.326s] Level 5:colcon.colcon_core.verb:set package 'my_robot_moveit_config' build argument 'catkin_skip_building_tests' from command line to 'False'
[1.326s] DEBUG:colcon.colcon_core.verb:Building package 'my_robot_moveit_config' with the following arguments: {'ament_cmake_args': None, 'build_base': '/home/joho/ros2_ws/ROS2Moveit2ControlARoboticArm/moveit2_ws/build/my_robot_moveit_config', 'catkin_cmake_args': None, 'catkin_skip_building_tests': False, 'cmake_args': None, 'cmake_clean_cache': False, 'cmake_clean_first': False, 'cmake_force_configure': False, 'cmake_target': None, 'cmake_target_skip_unavailable': False, 'install_base': '/home/joho/ros2_ws/ROS2Moveit2ControlARoboticArm/moveit2_ws/install/my_robot_moveit_config', 'merge_install': False, 'path': '/home/joho/ros2_ws/ROS2Moveit2ControlARoboticArm/moveit2_ws/src/my_robot_moveit_config', 'symlink_install': False, 'test_result_base': None}
[1.327s] INFO:colcon.colcon_core.executor:Executing jobs using 'parallel' executor
[1.330s] DEBUG:colcon.colcon_parallel_executor.executor.parallel:run_until_complete
[1.331s] INFO:colcon.colcon_ros.task.ament_cmake.build:Building ROS package in '/home/joho/ros2_ws/ROS2Moveit2ControlARoboticArm/moveit2_ws/src/my_robot_description' with build type 'ament_cmake'
[1.332s] INFO:colcon.colcon_cmake.task.cmake.build:Building CMake package in '/home/joho/ros2_ws/ROS2Moveit2ControlARoboticArm/moveit2_ws/src/my_robot_description'
[1.339s] INFO:colcon.colcon_core.plugin_system:Skipping extension 'colcon_core.shell.bat': Not used on non-Windows systems
[1.339s] INFO:colcon.colcon_core.shell:Skip shell extension 'powershell' for command environment: Not usable outside of PowerShell
[1.339s] DEBUG:colcon.colcon_core.shell:Skip shell extension 'dsv' for command environment
[1.370s] DEBUG:colcon.colcon_core.event_handler.log_command:Invoking command in '/home/joho/ros2_ws/ROS2Moveit2ControlARoboticArm/moveit2_ws/build/my_robot_description': CMAKE_PREFIX_PATH=${CMAKE_PREFIX_PATH}:/home/joho/Documents/RoboticsAndROS2-LearnByDoingManipulators/arduinobot_ws/install/arduinobot_py_examples:/opt/ros/humble /usr/bin/cmake --build /home/joho/ros2_ws/ROS2Moveit2ControlARoboticArm/moveit2_ws/build/my_robot_description -- -j4 -l4
[1.472s] DEBUG:colcon.colcon_core.event_handler.log_command:Invoked command in '/home/joho/ros2_ws/ROS2Moveit2ControlARoboticArm/moveit2_ws/build/my_robot_description' returned '0': CMAKE_PREFIX_PATH=${CMAKE_PREFIX_PATH}:/home/joho/Documents/RoboticsAndROS2-LearnByDoingManipulators/arduinobot_ws/install/arduinobot_py_examples:/opt/ros/humble /usr/bin/cmake --build /home/joho/ros2_ws/ROS2Moveit2ControlARoboticArm/moveit2_ws/build/my_robot_description -- -j4 -l4
[1.498s] DEBUG:colcon.colcon_core.event_handler.log_command:Invoking command in '/home/joho/ros2_ws/ROS2Moveit2ControlARoboticArm/moveit2_ws/build/my_robot_description': CMAKE_PREFIX_PATH=${CMAKE_PREFIX_PATH}:/home/joho/Documents/RoboticsAndROS2-LearnByDoingManipulators/arduinobot_ws/install/arduinobot_py_examples:/opt/ros/humble /usr/bin/cmake --install /home/joho/ros2_ws/ROS2Moveit2ControlARoboticArm/moveit2_ws/build/my_robot_description
[1.525s] Level 1:colcon.colcon_core.environment:create_environment_scripts_only(my_robot_description)
[1.526s] DEBUG:colcon.colcon_core.event_handler.log_command:Invoked command in '/home/joho/ros2_ws/ROS2Moveit2ControlARoboticArm/moveit2_ws/build/my_robot_description' returned '0': CMAKE_PREFIX_PATH=${CMAKE_PREFIX_PATH}:/home/joho/Documents/RoboticsAndROS2-LearnByDoingManipulators/arduinobot_ws/install/arduinobot_py_examples:/opt/ros/humble /usr/bin/cmake --install /home/joho/ros2_ws/ROS2Moveit2ControlARoboticArm/moveit2_ws/build/my_robot_description
[1.535s] Level 1:colcon.colcon_core.environment:checking '/home/joho/ros2_ws/ROS2Moveit2ControlARoboticArm/moveit2_ws/install/my_robot_description' for CMake module files
[1.536s] Level 1:colcon.colcon_core.environment:checking '/home/joho/ros2_ws/ROS2Moveit2ControlARoboticArm/moveit2_ws/install/my_robot_description' for CMake config files
[1.537s] Level 1:colcon.colcon_core.shell:create_environment_hook('my_robot_description', 'cmake_prefix_path')
[1.538s] INFO:colcon.colcon_core.shell:Creating environment hook '/home/joho/ros2_ws/ROS2Moveit2ControlARoboticArm/moveit2_ws/install/my_robot_description/share/my_robot_description/hook/cmake_prefix_path.ps1'
[1.540s] INFO:colcon.colcon_core.shell:Creating environment descriptor '/home/joho/ros2_ws/ROS2Moveit2ControlARoboticArm/moveit2_ws/install/my_robot_description/share/my_robot_description/hook/cmake_prefix_path.dsv'
[1.541s] INFO:colcon.colcon_core.shell:Creating environment hook '/home/joho/ros2_ws/ROS2Moveit2ControlARoboticArm/moveit2_ws/install/my_robot_description/share/my_robot_description/hook/cmake_prefix_path.sh'
[1.543s] Level 1:colcon.colcon_core.environment:checking '/home/joho/ros2_ws/ROS2Moveit2ControlARoboticArm/moveit2_ws/install/my_robot_description/bin'
[1.543s] Level 1:colcon.colcon_core.environment:checking '/home/joho/ros2_ws/ROS2Moveit2ControlARoboticArm/moveit2_ws/install/my_robot_description/lib/pkgconfig/my_robot_description.pc'
[1.543s] Level 1:colcon.colcon_core.environment:checking '/home/joho/ros2_ws/ROS2Moveit2ControlARoboticArm/moveit2_ws/install/my_robot_description/lib/python3.10/site-packages'
[1.545s] Level 1:colcon.colcon_core.environment:checking '/home/joho/ros2_ws/ROS2Moveit2ControlARoboticArm/moveit2_ws/install/my_robot_description/bin'
[1.545s] INFO:colcon.colcon_core.shell:Creating package script '/home/joho/ros2_ws/ROS2Moveit2ControlARoboticArm/moveit2_ws/install/my_robot_description/share/my_robot_description/package.ps1'
[1.547s] INFO:colcon.colcon_core.shell:Creating package descriptor '/home/joho/ros2_ws/ROS2Moveit2ControlARoboticArm/moveit2_ws/install/my_robot_description/share/my_robot_description/package.dsv'
[1.549s] INFO:colcon.colcon_core.shell:Creating package script '/home/joho/ros2_ws/ROS2Moveit2ControlARoboticArm/moveit2_ws/install/my_robot_description/share/my_robot_description/package.sh'
[1.551s] INFO:colcon.colcon_core.shell:Creating package script '/home/joho/ros2_ws/ROS2Moveit2ControlARoboticArm/moveit2_ws/install/my_robot_description/share/my_robot_description/package.bash'
[1.553s] INFO:colcon.colcon_core.shell:Creating package script '/home/joho/ros2_ws/ROS2Moveit2ControlARoboticArm/moveit2_ws/install/my_robot_description/share/my_robot_description/package.zsh'
[1.555s] Level 1:colcon.colcon_core.environment:create_file_with_runtime_dependencies(/home/joho/ros2_ws/ROS2Moveit2ControlARoboticArm/moveit2_ws/install/my_robot_description/share/colcon-core/packages/my_robot_description)
[1.558s] Level 1:colcon.colcon_core.environment:create_environment_scripts_only(my_robot_description)
[1.559s] Level 1:colcon.colcon_core.environment:checking '/home/joho/ros2_ws/ROS2Moveit2ControlARoboticArm/moveit2_ws/install/my_robot_description' for CMake module files
[1.560s] Level 1:colcon.colcon_core.environment:checking '/home/joho/ros2_ws/ROS2Moveit2ControlARoboticArm/moveit2_ws/install/my_robot_description' for CMake config files
[1.561s] Level 1:colcon.colcon_core.shell:create_environment_hook('my_robot_description', 'cmake_prefix_path')
[1.562s] INFO:colcon.colcon_core.shell:Creating environment hook '/home/joho/ros2_ws/ROS2Moveit2ControlARoboticArm/moveit2_ws/install/my_robot_description/share/my_robot_description/hook/cmake_prefix_path.ps1'
[1.563s] INFO:colcon.colcon_core.shell:Creating environment descriptor '/home/joho/ros2_ws/ROS2Moveit2ControlARoboticArm/moveit2_ws/install/my_robot_description/share/my_robot_description/hook/cmake_prefix_path.dsv'
[1.564s] INFO:colcon.colcon_core.shell:Creating environment hook '/home/joho/ros2_ws/ROS2Moveit2ControlARoboticArm/moveit2_ws/install/my_robot_description/share/my_robot_description/hook/cmake_prefix_path.sh'
[1.565s] Level 1:colcon.colcon_core.environment:checking '/home/joho/ros2_ws/ROS2Moveit2ControlARoboticArm/moveit2_ws/install/my_robot_description/bin'
[1.565s] Level 1:colcon.colcon_core.environment:checking '/home/joho/ros2_ws/ROS2Moveit2ControlARoboticArm/moveit2_ws/install/my_robot_description/lib/pkgconfig/my_robot_description.pc'
[1.565s] Level 1:colcon.colcon_core.environment:checking '/home/joho/ros2_ws/ROS2Moveit2ControlARoboticArm/moveit2_ws/install/my_robot_description/lib/python3.10/site-packages'
[1.566s] Level 1:colcon.colcon_core.environment:checking '/home/joho/ros2_ws/ROS2Moveit2ControlARoboticArm/moveit2_ws/install/my_robot_description/bin'
[1.567s] INFO:colcon.colcon_core.shell:Creating package script '/home/joho/ros2_ws/ROS2Moveit2ControlARoboticArm/moveit2_ws/install/my_robot_description/share/my_robot_description/package.ps1'
[1.569s] INFO:colcon.colcon_core.shell:Creating package descriptor '/home/joho/ros2_ws/ROS2Moveit2ControlARoboticArm/moveit2_ws/install/my_robot_description/share/my_robot_description/package.dsv'
[1.570s] INFO:colcon.colcon_core.shell:Creating package script '/home/joho/ros2_ws/ROS2Moveit2ControlARoboticArm/moveit2_ws/install/my_robot_description/share/my_robot_description/package.sh'
[1.571s] INFO:colcon.colcon_core.shell:Creating package script '/home/joho/ros2_ws/ROS2Moveit2ControlARoboticArm/moveit2_ws/install/my_robot_description/share/my_robot_description/package.bash'
[1.572s] INFO:colcon.colcon_core.shell:Creating package script '/home/joho/ros2_ws/ROS2Moveit2ControlARoboticArm/moveit2_ws/install/my_robot_description/share/my_robot_description/package.zsh'
[1.574s] Level 1:colcon.colcon_core.environment:create_file_with_runtime_dependencies(/home/joho/ros2_ws/ROS2Moveit2ControlARoboticArm/moveit2_ws/install/my_robot_description/share/colcon-core/packages/my_robot_description)
[1.575s] INFO:colcon.colcon_ros.task.ament_cmake.build:Building ROS package in '/home/joho/ros2_ws/ROS2Moveit2ControlARoboticArm/moveit2_ws/src/my_robot_moveit_config' with build type 'ament_cmake'
[1.575s] INFO:colcon.colcon_cmake.task.cmake.build:Building CMake package in '/home/joho/ros2_ws/ROS2Moveit2ControlARoboticArm/moveit2_ws/src/my_robot_moveit_config'
[1.575s] INFO:colcon.colcon_core.shell:Skip shell extension 'powershell' for command environment: Not usable outside of PowerShell
[1.576s] DEBUG:colcon.colcon_core.shell:Skip shell extension 'dsv' for command environment
[1.607s] DEBUG:colcon.colcon_core.event_handler.log_command:Invoking command in '/home/joho/ros2_ws/ROS2Moveit2ControlARoboticArm/moveit2_ws/build/my_robot_moveit_config': CMAKE_PREFIX_PATH=/home/joho/ros2_ws/ROS2Moveit2ControlARoboticArm/moveit2_ws/install/my_robot_description:/home/joho/ros2_ws/ROS2Moveit2ControlARoboticArm/moveit2_ws/install/my_robot_moveit_config:/home/joho/Documents/RoboticsAndROS2-LearnByDoingManipulators/arduinobot_ws/install/arduinobot_utils:/home/joho/Documents/RoboticsAndROS2-LearnByDoingManipulators/arduinobot_ws/install/arduinobot_remote:/home/joho/Documents/RoboticsAndROS2-LearnByDoingManipulators/arduinobot_ws/install/arduinobot_cpp_examples:/home/joho/Documents/RoboticsAndROS2-LearnByDoingManipulators/arduinobot_ws/install/arduinobot_msgs:/home/joho/Documents/RoboticsAndROS2-LearnByDoingManipulators/arduinobot_ws/install/arduinobot_moveit:/home/joho/Documents/RoboticsAndROS2-LearnByDoingManipulators/arduinobot_ws/install/arduinobot_firmware:/home/joho/Documents/RoboticsAndROS2-LearnByDoingManipulators/arduinobot_ws/install/arduinobot_description:/home/joho/Documents/RoboticsAndROS2-LearnByDoingManipulators/arduinobot_ws/install/arduinobot_controller:/home/joho/Documents/RoboticsAndROS2-LearnByDoingManipulators/arduinobot_ws/install/arduinobot_bringup:/home/joho/Documents/RoboticsAndROS2-LearnByDoingManipulators/arduinobot_ws/install/arduinobot_py_examples:/opt/ros/humble /usr/bin/cmake --build /home/joho/ros2_ws/ROS2Moveit2ControlARoboticArm/moveit2_ws/build/my_robot_moveit_config -- -j4 -l4
[2.335s] DEBUG:colcon.colcon_core.event_handler.log_command:Invoked command in '/home/joho/ros2_ws/ROS2Moveit2ControlARoboticArm/moveit2_ws/build/my_robot_moveit_config' returned '0': CMAKE_PREFIX_PATH=/home/joho/ros2_ws/ROS2Moveit2ControlARoboticArm/moveit2_ws/install/my_robot_description:/home/joho/ros2_ws/ROS2Moveit2ControlARoboticArm/moveit2_ws/install/my_robot_moveit_config:/home/joho/Documents/RoboticsAndROS2-LearnByDoingManipulators/arduinobot_ws/install/arduinobot_utils:/home/joho/Documents/RoboticsAndROS2-LearnByDoingManipulators/arduinobot_ws/install/arduinobot_remote:/home/joho/Documents/RoboticsAndROS2-LearnByDoingManipulators/arduinobot_ws/install/arduinobot_cpp_examples:/home/joho/Documents/RoboticsAndROS2-LearnByDoingManipulators/arduinobot_ws/install/arduinobot_msgs:/home/joho/Documents/RoboticsAndROS2-LearnByDoingManipulators/arduinobot_ws/install/arduinobot_moveit:/home/joho/Documents/RoboticsAndROS2-LearnByDoingManipulators/arduinobot_ws/install/arduinobot_firmware:/home/joho/Documents/RoboticsAndROS2-LearnByDoingManipulators/arduinobot_ws/install/arduinobot_description:/home/joho/Documents/RoboticsAndROS2-LearnByDoingManipulators/arduinobot_ws/install/arduinobot_controller:/home/joho/Documents/RoboticsAndROS2-LearnByDoingManipulators/arduinobot_ws/install/arduinobot_bringup:/home/joho/Documents/RoboticsAndROS2-LearnByDoingManipulators/arduinobot_ws/install/arduinobot_py_examples:/opt/ros/humble /usr/bin/cmake --build /home/joho/ros2_ws/ROS2Moveit2ControlARoboticArm/moveit2_ws/build/my_robot_moveit_config -- -j4 -l4
[2.339s] DEBUG:colcon.colcon_core.event_handler.log_command:Invoking command in '/home/joho/ros2_ws/ROS2Moveit2ControlARoboticArm/moveit2_ws/build/my_robot_moveit_config': CMAKE_PREFIX_PATH=/home/joho/ros2_ws/ROS2Moveit2ControlARoboticArm/moveit2_ws/install/my_robot_description:/home/joho/ros2_ws/ROS2Moveit2ControlARoboticArm/moveit2_ws/install/my_robot_moveit_config:/home/joho/Documents/RoboticsAndROS2-LearnByDoingManipulators/arduinobot_ws/install/arduinobot_utils:/home/joho/Documents/RoboticsAndROS2-LearnByDoingManipulators/arduinobot_ws/install/arduinobot_remote:/home/joho/Documents/RoboticsAndROS2-LearnByDoingManipulators/arduinobot_ws/install/arduinobot_cpp_examples:/home/joho/Documents/RoboticsAndROS2-LearnByDoingManipulators/arduinobot_ws/install/arduinobot_msgs:/home/joho/Documents/RoboticsAndROS2-LearnByDoingManipulators/arduinobot_ws/install/arduinobot_moveit:/home/joho/Documents/RoboticsAndROS2-LearnByDoingManipulators/arduinobot_ws/install/arduinobot_firmware:/home/joho/Documents/RoboticsAndROS2-LearnByDoingManipulators/arduinobot_ws/install/arduinobot_description:/home/joho/Documents/RoboticsAndROS2-LearnByDoingManipulators/arduinobot_ws/install/arduinobot_controller:/home/joho/Documents/RoboticsAndROS2-LearnByDoingManipulators/arduinobot_ws/install/arduinobot_bringup:/home/joho/Documents/RoboticsAndROS2-LearnByDoingManipulators/arduinobot_ws/install/arduinobot_py_examples:/opt/ros/humble /usr/bin/cmake --install /home/joho/ros2_ws/ROS2Moveit2ControlARoboticArm/moveit2_ws/build/my_robot_moveit_config
[2.375s] Level 1:colcon.colcon_core.environment:create_environment_scripts_only(my_robot_moveit_config)
[2.377s] Level 1:colcon.colcon_core.environment:checking '/home/joho/ros2_ws/ROS2Moveit2ControlARoboticArm/moveit2_ws/install/my_robot_moveit_config' for CMake module files
[2.378s] DEBUG:colcon.colcon_core.event_handler.log_command:Invoked command in '/home/joho/ros2_ws/ROS2Moveit2ControlARoboticArm/moveit2_ws/build/my_robot_moveit_config' returned '0': CMAKE_PREFIX_PATH=/home/joho/ros2_ws/ROS2Moveit2ControlARoboticArm/moveit2_ws/install/my_robot_description:/home/joho/ros2_ws/ROS2Moveit2ControlARoboticArm/moveit2_ws/install/my_robot_moveit_config:/home/joho/Documents/RoboticsAndROS2-LearnByDoingManipulators/arduinobot_ws/install/arduinobot_utils:/home/joho/Documents/RoboticsAndROS2-LearnByDoingManipulators/arduinobot_ws/install/arduinobot_remote:/home/joho/Documents/RoboticsAndROS2-LearnByDoingManipulators/arduinobot_ws/install/arduinobot_cpp_examples:/home/joho/Documents/RoboticsAndROS2-LearnByDoingManipulators/arduinobot_ws/install/arduinobot_msgs:/home/joho/Documents/RoboticsAndROS2-LearnByDoingManipulators/arduinobot_ws/install/arduinobot_moveit:/home/joho/Documents/RoboticsAndROS2-LearnByDoingManipulators/arduinobot_ws/install/arduinobot_firmware:/home/joho/Documents/RoboticsAndROS2-LearnByDoingManipulators/arduinobot_ws/install/arduinobot_description:/home/joho/Documents/RoboticsAndROS2-LearnByDoingManipulators/arduinobot_ws/install/arduinobot_controller:/home/joho/Documents/RoboticsAndROS2-LearnByDoingManipulators/arduinobot_ws/install/arduinobot_bringup:/home/joho/Documents/RoboticsAndROS2-LearnByDoingManipulators/arduinobot_ws/install/arduinobot_py_examples:/opt/ros/humble /usr/bin/cmake --install /home/joho/ros2_ws/ROS2Moveit2ControlARoboticArm/moveit2_ws/build/my_robot_moveit_config
[2.379s] Level 1:colcon.colcon_core.environment:checking '/home/joho/ros2_ws/ROS2Moveit2ControlARoboticArm/moveit2_ws/install/my_robot_moveit_config' for CMake config files
[2.379s] Level 1:colcon.colcon_core.shell:create_environment_hook('my_robot_moveit_config', 'cmake_prefix_path')
[2.380s] INFO:colcon.colcon_core.shell:Creating environment hook '/home/joho/ros2_ws/ROS2Moveit2ControlARoboticArm/moveit2_ws/install/my_robot_moveit_config/share/my_robot_moveit_config/hook/cmake_prefix_path.ps1'
[2.381s] INFO:colcon.colcon_core.shell:Creating environment descriptor '/home/joho/ros2_ws/ROS2Moveit2ControlARoboticArm/moveit2_ws/install/my_robot_moveit_config/share/my_robot_moveit_config/hook/cmake_prefix_path.dsv'
[2.382s] INFO:colcon.colcon_core.shell:Creating environment hook '/home/joho/ros2_ws/ROS2Moveit2ControlARoboticArm/moveit2_ws/install/my_robot_moveit_config/share/my_robot_moveit_config/hook/cmake_prefix_path.sh'
[2.383s] Level 1:colcon.colcon_core.environment:checking '/home/joho/ros2_ws/ROS2Moveit2ControlARoboticArm/moveit2_ws/install/my_robot_moveit_config/bin'
[2.383s] Level 1:colcon.colcon_core.environment:checking '/home/joho/ros2_ws/ROS2Moveit2ControlARoboticArm/moveit2_ws/install/my_robot_moveit_config/lib/pkgconfig/my_robot_moveit_config.pc'
[2.384s] Level 1:colcon.colcon_core.environment:checking '/home/joho/ros2_ws/ROS2Moveit2ControlARoboticArm/moveit2_ws/install/my_robot_moveit_config/lib/python3.10/site-packages'
[2.385s] Level 1:colcon.colcon_core.environment:checking '/home/joho/ros2_ws/ROS2Moveit2ControlARoboticArm/moveit2_ws/install/my_robot_moveit_config/bin'
[2.386s] INFO:colcon.colcon_core.shell:Creating package script '/home/joho/ros2_ws/ROS2Moveit2ControlARoboticArm/moveit2_ws/install/my_robot_moveit_config/share/my_robot_moveit_config/package.ps1'
[2.387s] INFO:colcon.colcon_core.shell:Creating package descriptor '/home/joho/ros2_ws/ROS2Moveit2ControlARoboticArm/moveit2_ws/install/my_robot_moveit_config/share/my_robot_moveit_config/package.dsv'
[2.388s] INFO:colcon.colcon_core.shell:Creating package script '/home/joho/ros2_ws/ROS2Moveit2ControlARoboticArm/moveit2_ws/install/my_robot_moveit_config/share/my_robot_moveit_config/package.sh'
[2.390s] INFO:colcon.colcon_core.shell:Creating package script '/home/joho/ros2_ws/ROS2Moveit2ControlARoboticArm/moveit2_ws/install/my_robot_moveit_config/share/my_robot_moveit_config/package.bash'
[2.391s] INFO:colcon.colcon_core.shell:Creating package script '/home/joho/ros2_ws/ROS2Moveit2ControlARoboticArm/moveit2_ws/install/my_robot_moveit_config/share/my_robot_moveit_config/package.zsh'
[2.392s] Level 1:colcon.colcon_core.environment:create_file_with_runtime_dependencies(/home/joho/ros2_ws/ROS2Moveit2ControlARoboticArm/moveit2_ws/install/my_robot_moveit_config/share/colcon-core/packages/my_robot_moveit_config)
[2.393s] Level 1:colcon.colcon_core.environment:create_environment_scripts_only(my_robot_moveit_config)
[2.394s] Level 1:colcon.colcon_core.environment:checking '/home/joho/ros2_ws/ROS2Moveit2ControlARoboticArm/moveit2_ws/install/my_robot_moveit_config' for CMake module files
[2.396s] Level 1:colcon.colcon_core.environment:checking '/home/joho/ros2_ws/ROS2Moveit2ControlARoboticArm/moveit2_ws/install/my_robot_moveit_config' for CMake config files
[2.397s] Level 1:colcon.colcon_core.shell:create_environment_hook('my_robot_moveit_config', 'cmake_prefix_path')
[2.397s] INFO:colcon.colcon_core.shell:Creating environment hook '/home/joho/ros2_ws/ROS2Moveit2ControlARoboticArm/moveit2_ws/install/my_robot_moveit_config/share/my_robot_moveit_config/hook/cmake_prefix_path.ps1'
[2.398s] INFO:colcon.colcon_core.shell:Creating environment descriptor '/home/joho/ros2_ws/ROS2Moveit2ControlARoboticArm/moveit2_ws/install/my_robot_moveit_config/share/my_robot_moveit_config/hook/cmake_prefix_path.dsv'
[2.399s] INFO:colcon.colcon_core.shell:Creating environment hook '/home/joho/ros2_ws/ROS2Moveit2ControlARoboticArm/moveit2_ws/install/my_robot_moveit_config/share/my_robot_moveit_config/hook/cmake_prefix_path.sh'
[2.400s] Level 1:colcon.colcon_core.environment:checking '/home/joho/ros2_ws/ROS2Moveit2ControlARoboticArm/moveit2_ws/install/my_robot_moveit_config/bin'
[2.401s] Level 1:colcon.colcon_core.environment:checking '/home/joho/ros2_ws/ROS2Moveit2ControlARoboticArm/moveit2_ws/install/my_robot_moveit_config/lib/pkgconfig/my_robot_moveit_config.pc'
[2.401s] Level 1:colcon.colcon_core.environment:checking '/home/joho/ros2_ws/ROS2Moveit2ControlARoboticArm/moveit2_ws/install/my_robot_moveit_config/lib/python3.10/site-packages'
[2.402s] Level 1:colcon.colcon_core.environment:checking '/home/joho/ros2_ws/ROS2Moveit2ControlARoboticArm/moveit2_ws/install/my_robot_moveit_config/bin'
[2.403s] INFO:colcon.colcon_core.shell:Creating package script '/home/joho/ros2_ws/ROS2Moveit2ControlARoboticArm/moveit2_ws/install/my_robot_moveit_config/share/my_robot_moveit_config/package.ps1'
[2.405s] INFO:colcon.colcon_core.shell:Creating package descriptor '/home/joho/ros2_ws/ROS2Moveit2ControlARoboticArm/moveit2_ws/install/my_robot_moveit_config/share/my_robot_moveit_config/package.dsv'
[2.406s] INFO:colcon.colcon_core.shell:Creating package script '/home/joho/ros2_ws/ROS2Moveit2ControlARoboticArm/moveit2_ws/install/my_robot_moveit_config/share/my_robot_moveit_config/package.sh'
[2.407s] INFO:colcon.colcon_core.shell:Creating package script '/home/joho/ros2_ws/ROS2Moveit2ControlARoboticArm/moveit2_ws/install/my_robot_moveit_config/share/my_robot_moveit_config/package.bash'
[2.408s] INFO:colcon.colcon_core.shell:Creating package script '/home/joho/ros2_ws/ROS2Moveit2ControlARoboticArm/moveit2_ws/install/my_robot_moveit_config/share/my_robot_moveit_config/package.zsh'
[2.409s] Level 1:colcon.colcon_core.environment:create_file_with_runtime_dependencies(/home/joho/ros2_ws/ROS2Moveit2ControlARoboticArm/moveit2_ws/install/my_robot_moveit_config/share/colcon-core/packages/my_robot_moveit_config)
[2.410s] DEBUG:colcon.colcon_parallel_executor.executor.parallel:closing loop
[2.411s] DEBUG:colcon.colcon_parallel_executor.executor.parallel:loop closed
[2.411s] DEBUG:colcon.colcon_parallel_executor.executor.parallel:run_until_complete finished with '0'
[2.411s] DEBUG:colcon.colcon_core.event_reactor:joining thread
[2.429s] INFO:colcon.colcon_core.plugin_system:Skipping extension 'colcon_notification.desktop_notification.terminal_notifier': Not used on non-Darwin systems
[2.429s] INFO:colcon.colcon_core.plugin_system:Skipping extension 'colcon_notification.desktop_notification.win32': Not used on non-Windows systems
[2.429s] INFO:colcon.colcon_notification.desktop_notification:Sending desktop notification using 'notify2'
[2.467s] DEBUG:colcon.colcon_core.event_reactor:joined thread
[2.468s] INFO:colcon.colcon_core.shell:Creating prefix script '/home/joho/ros2_ws/ROS2Moveit2ControlARoboticArm/moveit2_ws/install/local_setup.ps1'
[2.472s] INFO:colcon.colcon_core.shell:Creating prefix util module '/home/joho/ros2_ws/ROS2Moveit2ControlARoboticArm/moveit2_ws/install/_local_setup_util_ps1.py'
[2.477s] INFO:colcon.colcon_core.shell:Creating prefix chain script '/home/joho/ros2_ws/ROS2Moveit2ControlARoboticArm/moveit2_ws/install/setup.ps1'
[2.481s] INFO:colcon.colcon_core.shell:Creating prefix script '/home/joho/ros2_ws/ROS2Moveit2ControlARoboticArm/moveit2_ws/install/local_setup.sh'
[2.484s] INFO:colcon.colcon_core.shell:Creating prefix util module '/home/joho/ros2_ws/ROS2Moveit2ControlARoboticArm/moveit2_ws/install/_local_setup_util_sh.py'
[2.487s] INFO:colcon.colcon_core.shell:Creating prefix chain script '/home/joho/ros2_ws/ROS2Moveit2ControlARoboticArm/moveit2_ws/install/setup.sh'
[2.497s] INFO:colcon.colcon_core.shell:Creating prefix script '/home/joho/ros2_ws/ROS2Moveit2ControlARoboticArm/moveit2_ws/install/local_setup.bash'
[2.499s] INFO:colcon.colcon_core.shell:Creating prefix chain script '/home/joho/ros2_ws/ROS2Moveit2ControlARoboticArm/moveit2_ws/install/setup.bash'
[2.506s] INFO:colcon.colcon_core.shell:Creating prefix script '/home/joho/ros2_ws/ROS2Moveit2ControlARoboticArm/moveit2_ws/install/local_setup.zsh'
[2.508s] INFO:colcon.colcon_core.shell:Creating prefix chain script '/home/joho/ros2_ws/ROS2Moveit2ControlARoboticArm/moveit2_ws/install/setup.zsh'
