[0.911s] Invoking command in '/home/johotan/ros2/ROS2Moveit2ControlARoboticArm/moveit2_ws/build/my_robot_commander_py': DEBUGINFOD_URLS=https://debuginfod.ubuntu.com PYTHONPATH=/home/johotan/ros2/ROS2Moveit2ControlARoboticArm/moveit2_ws/build/my_robot_commander_py/prefix_override:/usr/lib/python3/dist-packages/colcon_core/task/python/colcon_distutils_commands:/home/johotan/ros2/ROS2Moveit2ControlARoboticArm/moveit2_ws/install/my_robot_commander_py/lib/python3.12/site-packages:${PYTHONPATH} /usr/bin/python3 -W ignore:setup.py install is deprecated -W ignore:easy_install command is deprecated setup.py develop --uninstall --editable --build-directory /home/johotan/ros2/ROS2Moveit2ControlARoboticArm/moveit2_ws/build/my_robot_commander_py/build
[1.215s] running develop
[1.439s] Removing /home/johotan/ros2/ROS2Moveit2ControlARoboticArm/moveit2_ws/install/my_robot_commander_py/lib/python3.12/site-packages/my-robot-commander-py.egg-link (link to .)
[1.464s] Invoked command in '/home/johotan/ros2/ROS2Moveit2ControlARoboticArm/moveit2_ws/build/my_robot_commander_py' returned '0': DEBUGINFOD_URLS=https://debuginfod.ubuntu.com PYTHONPATH=/home/johotan/ros2/ROS2Moveit2ControlARoboticArm/moveit2_ws/build/my_robot_commander_py/prefix_override:/usr/lib/python3/dist-packages/colcon_core/task/python/colcon_distutils_commands:/home/johotan/ros2/ROS2Moveit2ControlARoboticArm/moveit2_ws/install/my_robot_commander_py/lib/python3.12/site-packages:${PYTHONPATH} /usr/bin/python3 -W ignore:setup.py install is deprecated -W ignore:easy_install command is deprecated setup.py develop --uninstall --editable --build-directory /home/johotan/ros2/ROS2Moveit2ControlARoboticArm/moveit2_ws/build/my_robot_commander_py/build
[1.465s] Invoking command in '/home/johotan/ros2/ROS2Moveit2ControlARoboticArm/moveit2_ws/src/my_robot_commander_py': DEBUGINFOD_URLS=https://debuginfod.ubuntu.com PYTHONPATH=/home/johotan/ros2/ROS2Moveit2ControlARoboticArm/moveit2_ws/build/my_robot_commander_py/prefix_override:/usr/lib/python3/dist-packages/colcon_core/task/python/colcon_distutils_commands:/home/johotan/ros2/ROS2Moveit2ControlARoboticArm/moveit2_ws/install/my_robot_commander_py/lib/python3.12/site-packages:${PYTHONPATH} /usr/bin/python3 -W ignore:setup.py install is deprecated -W ignore:easy_install command is deprecated setup.py egg_info --egg-base ../../build/my_robot_commander_py build --build-base /home/johotan/ros2/ROS2Moveit2ControlARoboticArm/moveit2_ws/build/my_robot_commander_py/build install --record /home/johotan/ros2/ROS2Moveit2ControlARoboticArm/moveit2_ws/build/my_robot_commander_py/install.log --single-version-externally-managed install_data --force
[1.740s] running egg_info
[1.762s] writing ../../build/my_robot_commander_py/my_robot_commander_py.egg-info/PKG-INFO
[1.762s] writing dependency_links to ../../build/my_robot_commander_py/my_robot_commander_py.egg-info/dependency_links.txt
[1.762s] writing entry points to ../../build/my_robot_commander_py/my_robot_commander_py.egg-info/entry_points.txt
[1.763s] writing requirements to ../../build/my_robot_commander_py/my_robot_commander_py.egg-info/requires.txt
[1.763s] writing top-level names to ../../build/my_robot_commander_py/my_robot_commander_py.egg-info/top_level.txt
[1.807s] reading manifest file '../../build/my_robot_commander_py/my_robot_commander_py.egg-info/SOURCES.txt'
[1.808s] writing manifest file '../../build/my_robot_commander_py/my_robot_commander_py.egg-info/SOURCES.txt'
[1.808s] running build
[1.808s] running build_py
[1.808s] copying my_robot_commander_py/test_moveit.py -> /home/johotan/ros2/ROS2Moveit2ControlARoboticArm/moveit2_ws/build/my_robot_commander_py/build/lib/my_robot_commander_py
[1.808s] running install
[1.814s] running install_lib
[1.838s] copying /home/johotan/ros2/ROS2Moveit2ControlARoboticArm/moveit2_ws/build/my_robot_commander_py/build/lib/my_robot_commander_py/__init__.py -> /home/johotan/ros2/ROS2Moveit2ControlARoboticArm/moveit2_ws/install/my_robot_commander_py/lib/python3.12/site-packages/my_robot_commander_py
[1.838s] copying /home/johotan/ros2/ROS2Moveit2ControlARoboticArm/moveit2_ws/build/my_robot_commander_py/build/lib/my_robot_commander_py/test_moveit.py -> /home/johotan/ros2/ROS2Moveit2ControlARoboticArm/moveit2_ws/install/my_robot_commander_py/lib/python3.12/site-packages/my_robot_commander_py
[1.838s] byte-compiling /home/johotan/ros2/ROS2Moveit2ControlARoboticArm/moveit2_ws/install/my_robot_commander_py/lib/python3.12/site-packages/my_robot_commander_py/__init__.py to __init__.cpython-312.pyc
[1.838s] byte-compiling /home/johotan/ros2/ROS2Moveit2ControlARoboticArm/moveit2_ws/install/my_robot_commander_py/lib/python3.12/site-packages/my_robot_commander_py/test_moveit.py to test_moveit.cpython-312.pyc
[1.839s] running install_data
[1.839s] copying resource/my_robot_commander_py -> /home/johotan/ros2/ROS2Moveit2ControlARoboticArm/moveit2_ws/install/my_robot_commander_py/share/ament_index/resource_index/packages
[1.839s] copying package.xml -> /home/johotan/ros2/ROS2Moveit2ControlARoboticArm/moveit2_ws/install/my_robot_commander_py/share/my_robot_commander_py
[1.839s] running install_egg_info
[1.863s] Copying ../../build/my_robot_commander_py/my_robot_commander_py.egg-info to /home/johotan/ros2/ROS2Moveit2ControlARoboticArm/moveit2_ws/install/my_robot_commander_py/lib/python3.12/site-packages/my_robot_commander_py-0.0.0-py3.12.egg-info
[1.863s] running install_scripts
[2.015s] Installing test_moveit script to /home/johotan/ros2/ROS2Moveit2ControlARoboticArm/moveit2_ws/install/my_robot_commander_py/lib/my_robot_commander_py
[2.015s] writing list of installed files to '/home/johotan/ros2/ROS2Moveit2ControlARoboticArm/moveit2_ws/build/my_robot_commander_py/install.log'
[2.047s] Invoked command in '/home/johotan/ros2/ROS2Moveit2ControlARoboticArm/moveit2_ws/src/my_robot_commander_py' returned '0': DEBUGINFOD_URLS=https://debuginfod.ubuntu.com PYTHONPATH=/home/johotan/ros2/ROS2Moveit2ControlARoboticArm/moveit2_ws/build/my_robot_commander_py/prefix_override:/usr/lib/python3/dist-packages/colcon_core/task/python/colcon_distutils_commands:/home/johotan/ros2/ROS2Moveit2ControlARoboticArm/moveit2_ws/install/my_robot_commander_py/lib/python3.12/site-packages:${PYTHONPATH} /usr/bin/python3 -W ignore:setup.py install is deprecated -W ignore:easy_install command is deprecated setup.py egg_info --egg-base ../../build/my_robot_commander_py build --build-base /home/johotan/ros2/ROS2Moveit2ControlARoboticArm/moveit2_ws/build/my_robot_commander_py/build install --record /home/johotan/ros2/ROS2Moveit2ControlARoboticArm/moveit2_ws/build/my_robot_commander_py/install.log --single-version-externally-managed install_data --force
