[0.142s] DEBUG:colcon:Command line arguments: ['/usr/bin/colcon', 'build']
[0.142s] DEBUG:colcon:Parsed command line arguments: Namespace(log_base=None, log_level=None, verb_name='build', build_base='build', install_base='install', merge_install=False, symlink_install=False, test_result_base=None, continue_on_error=False, executor='parallel', parallel_workers=12, event_handlers=None, ignore_user_meta=False, metas=['./colcon.meta'], base_paths=['.'], packages_ignore=None, packages_ignore_regex=None, paths=None, packages_up_to=None, packages_up_to_regex=None, packages_above=None, packages_above_and_dependencies=None, packages_above_depth=None, packages_select_by_dep=None, packages_skip_by_dep=None, packages_skip_up_to=None, packages_select_build_failed=False, packages_skip_build_finished=False, packages_select_test_failures=False, packages_skip_test_passed=False, packages_select=None, packages_skip=None, packages_select_regex=None, packages_skip_regex=None, packages_start=None, packages_end=None, allow_overriding=[], cmake_args=None, cmake_target=None, cmake_target_skip_unavailable=False, cmake_clean_cache=False, cmake_clean_first=False, cmake_force_configure=False, ament_cmake_args=None, catkin_cmake_args=None, catkin_skip_building_tests=False, mixin_files=None, mixin=None, verb_parser=<colcon_mixin.mixin.mixin_argument.MixinArgumentDecorator object at 0x7d219beb4b00>, verb_extension=<colcon_core.verb.build.BuildVerb object at 0x7d219bfcc830>, main=<bound method BuildVerb.main of <colcon_core.verb.build.BuildVerb object at 0x7d219bfcc830>>, mixin_verb=('build',))
[0.195s] Level 1:colcon.colcon_core.package_discovery:discover_packages(colcon_meta) check parameters
[0.195s] Level 1:colcon.colcon_core.package_discovery:discover_packages(recursive) check parameters
[0.195s] Level 1:colcon.colcon_core.package_discovery:discover_packages(ignore) check parameters
[0.195s] Level 1:colcon.colcon_core.package_discovery:discover_packages(path) check parameters
[0.195s] Level 1:colcon.colcon_core.package_discovery:discover_packages(colcon_meta) discover
[0.195s] Level 1:colcon.colcon_core.package_discovery:discover_packages(recursive) discover
[0.195s] INFO:colcon.colcon_core.package_discovery:Crawling recursively for packages in '/home/johotan/ros2/ROS2Moveit2ControlARoboticArm/moveit2_ws'
[0.195s] Level 1:colcon.colcon_core.package_identification:_identify(.) by extensions ['ignore', 'ignore_ament_install']
[0.195s] Level 1:colcon.colcon_core.package_identification:_identify(.) by extension 'ignore'
[0.195s] Level 1:colcon.colcon_core.package_identification:_identify(.) by extension 'ignore_ament_install'
[0.195s] Level 1:colcon.colcon_core.package_identification:_identify(.) by extensions ['colcon_pkg']
[0.196s] Level 1:colcon.colcon_core.package_identification:_identify(.) by extension 'colcon_pkg'
[0.196s] Level 1:colcon.colcon_core.package_identification:_identify(.) by extensions ['colcon_meta']
[0.196s] Level 1:colcon.colcon_core.package_identification:_identify(.) by extension 'colcon_meta'
[0.196s] Level 1:colcon.colcon_core.package_identification:_identify(.) by extensions ['ros']
[0.196s] Level 1:colcon.colcon_core.package_identification:_identify(.) by extension 'ros'
[0.218s] Level 1:colcon.colcon_core.package_identification:_identify(.) by extensions ['cmake', 'python']
[0.218s] Level 1:colcon.colcon_core.package_identification:_identify(.) by extension 'cmake'
[0.218s] Level 1:colcon.colcon_core.package_identification:_identify(.) by extension 'python'
[0.218s] Level 1:colcon.colcon_core.package_identification:_identify(.) by extensions ['python_setup_py']
[0.218s] Level 1:colcon.colcon_core.package_identification:_identify(.) by extension 'python_setup_py'
[0.218s] Level 1:colcon.colcon_core.package_identification:_identify(build) by extensions ['ignore', 'ignore_ament_install']
[0.218s] Level 1:colcon.colcon_core.package_identification:_identify(build) by extension 'ignore'
[0.219s] Level 1:colcon.colcon_core.package_identification:_identify(build) ignored
[0.219s] Level 1:colcon.colcon_core.package_identification:_identify(install) by extensions ['ignore', 'ignore_ament_install']
[0.219s] Level 1:colcon.colcon_core.package_identification:_identify(install) by extension 'ignore'
[0.219s] Level 1:colcon.colcon_core.package_identification:_identify(install) ignored
[0.219s] Level 1:colcon.colcon_core.package_identification:_identify(log) by extensions ['ignore', 'ignore_ament_install']
[0.219s] Level 1:colcon.colcon_core.package_identification:_identify(log) by extension 'ignore'
[0.219s] Level 1:colcon.colcon_core.package_identification:_identify(log) ignored
[0.220s] Level 1:colcon.colcon_core.package_identification:_identify(src) by extensions ['ignore', 'ignore_ament_install']
[0.220s] Level 1:colcon.colcon_core.package_identification:_identify(src) by extension 'ignore'
[0.220s] Level 1:colcon.colcon_core.package_identification:_identify(src) by extension 'ignore_ament_install'
[0.220s] Level 1:colcon.colcon_core.package_identification:_identify(src) by extensions ['colcon_pkg']
[0.220s] Level 1:colcon.colcon_core.package_identification:_identify(src) by extension 'colcon_pkg'
[0.220s] Level 1:colcon.colcon_core.package_identification:_identify(src) by extensions ['colcon_meta']
[0.220s] Level 1:colcon.colcon_core.package_identification:_identify(src) by extension 'colcon_meta'
[0.220s] Level 1:colcon.colcon_core.package_identification:_identify(src) by extensions ['ros']
[0.220s] Level 1:colcon.colcon_core.package_identification:_identify(src) by extension 'ros'
[0.221s] Level 1:colcon.colcon_core.package_identification:_identify(src) by extensions ['cmake', 'python']
[0.221s] Level 1:colcon.colcon_core.package_identification:_identify(src) by extension 'cmake'
[0.221s] Level 1:colcon.colcon_core.package_identification:_identify(src) by extension 'python'
[0.221s] Level 1:colcon.colcon_core.package_identification:_identify(src) by extensions ['python_setup_py']
[0.221s] Level 1:colcon.colcon_core.package_identification:_identify(src) by extension 'python_setup_py'
[0.221s] Level 1:colcon.colcon_core.package_identification:_identify(src/my_robot_bringup) by extensions ['ignore', 'ignore_ament_install']
[0.221s] Level 1:colcon.colcon_core.package_identification:_identify(src/my_robot_bringup) by extension 'ignore'
[0.221s] Level 1:colcon.colcon_core.package_identification:_identify(src/my_robot_bringup) by extension 'ignore_ament_install'
[0.221s] Level 1:colcon.colcon_core.package_identification:_identify(src/my_robot_bringup) by extensions ['colcon_pkg']
[0.221s] Level 1:colcon.colcon_core.package_identification:_identify(src/my_robot_bringup) by extension 'colcon_pkg'
[0.221s] Level 1:colcon.colcon_core.package_identification:_identify(src/my_robot_bringup) by extensions ['colcon_meta']
[0.221s] Level 1:colcon.colcon_core.package_identification:_identify(src/my_robot_bringup) by extension 'colcon_meta'
[0.221s] Level 1:colcon.colcon_core.package_identification:_identify(src/my_robot_bringup) by extensions ['ros']
[0.221s] Level 1:colcon.colcon_core.package_identification:_identify(src/my_robot_bringup) by extension 'ros'
[0.225s] DEBUG:colcon.colcon_core.package_identification:Package 'src/my_robot_bringup' with type 'ros.ament_cmake' and name 'my_robot_bringup'
[0.225s] Level 1:colcon.colcon_core.package_identification:_identify(src/my_robot_commander_cpp) by extensions ['ignore', 'ignore_ament_install']
[0.225s] Level 1:colcon.colcon_core.package_identification:_identify(src/my_robot_commander_cpp) by extension 'ignore'
[0.226s] Level 1:colcon.colcon_core.package_identification:_identify(src/my_robot_commander_cpp) by extension 'ignore_ament_install'
[0.226s] Level 1:colcon.colcon_core.package_identification:_identify(src/my_robot_commander_cpp) by extensions ['colcon_pkg']
[0.226s] Level 1:colcon.colcon_core.package_identification:_identify(src/my_robot_commander_cpp) by extension 'colcon_pkg'
[0.226s] Level 1:colcon.colcon_core.package_identification:_identify(src/my_robot_commander_cpp) by extensions ['colcon_meta']
[0.226s] Level 1:colcon.colcon_core.package_identification:_identify(src/my_robot_commander_cpp) by extension 'colcon_meta'
[0.226s] Level 1:colcon.colcon_core.package_identification:_identify(src/my_robot_commander_cpp) by extensions ['ros']
[0.226s] Level 1:colcon.colcon_core.package_identification:_identify(src/my_robot_commander_cpp) by extension 'ros'
[0.227s] DEBUG:colcon.colcon_core.package_identification:Package 'src/my_robot_commander_cpp' with type 'ros.ament_cmake' and name 'my_robot_commander_cpp'
[0.227s] Level 1:colcon.colcon_core.package_identification:_identify(src/my_robot_description) by extensions ['ignore', 'ignore_ament_install']
[0.227s] Level 1:colcon.colcon_core.package_identification:_identify(src/my_robot_description) by extension 'ignore'
[0.227s] Level 1:colcon.colcon_core.package_identification:_identify(src/my_robot_description) by extension 'ignore_ament_install'
[0.227s] Level 1:colcon.colcon_core.package_identification:_identify(src/my_robot_description) by extensions ['colcon_pkg']
[0.227s] Level 1:colcon.colcon_core.package_identification:_identify(src/my_robot_description) by extension 'colcon_pkg'
[0.228s] Level 1:colcon.colcon_core.package_identification:_identify(src/my_robot_description) by extensions ['colcon_meta']
[0.228s] Level 1:colcon.colcon_core.package_identification:_identify(src/my_robot_description) by extension 'colcon_meta'
[0.228s] Level 1:colcon.colcon_core.package_identification:_identify(src/my_robot_description) by extensions ['ros']
[0.228s] Level 1:colcon.colcon_core.package_identification:_identify(src/my_robot_description) by extension 'ros'
[0.228s] DEBUG:colcon.colcon_core.package_identification:Package 'src/my_robot_description' with type 'ros.ament_cmake' and name 'my_robot_description'
[0.229s] Level 1:colcon.colcon_core.package_identification:_identify(src/my_robot_moveit_config) by extensions ['ignore', 'ignore_ament_install']
[0.229s] Level 1:colcon.colcon_core.package_identification:_identify(src/my_robot_moveit_config) by extension 'ignore'
[0.229s] Level 1:colcon.colcon_core.package_identification:_identify(src/my_robot_moveit_config) by extension 'ignore_ament_install'
[0.229s] Level 1:colcon.colcon_core.package_identification:_identify(src/my_robot_moveit_config) by extensions ['colcon_pkg']
[0.229s] Level 1:colcon.colcon_core.package_identification:_identify(src/my_robot_moveit_config) by extension 'colcon_pkg'
[0.229s] Level 1:colcon.colcon_core.package_identification:_identify(src/my_robot_moveit_config) by extensions ['colcon_meta']
[0.229s] Level 1:colcon.colcon_core.package_identification:_identify(src/my_robot_moveit_config) by extension 'colcon_meta'
[0.229s] Level 1:colcon.colcon_core.package_identification:_identify(src/my_robot_moveit_config) by extensions ['ros']
[0.229s] Level 1:colcon.colcon_core.package_identification:_identify(src/my_robot_moveit_config) by extension 'ros'
[0.230s] DEBUG:colcon.colcon_core.package_identification:Package 'src/my_robot_moveit_config' with type 'ros.ament_cmake' and name 'my_robot_moveit_config'
[0.230s] Level 1:colcon.colcon_core.package_discovery:discover_packages(recursive) using defaults
[0.230s] Level 1:colcon.colcon_core.package_discovery:discover_packages(ignore) discover
[0.230s] Level 1:colcon.colcon_core.package_discovery:discover_packages(ignore) using defaults
[0.230s] Level 1:colcon.colcon_core.package_discovery:discover_packages(path) discover
[0.230s] Level 1:colcon.colcon_core.package_discovery:discover_packages(path) using defaults
[0.252s] Level 1:colcon.colcon_core.package_discovery:discover_packages(prefix_path) check parameters
[0.253s] Level 1:colcon.colcon_core.package_discovery:discover_packages(prefix_path) discover
[0.257s] DEBUG:colcon.colcon_installed_package_information.package_discovery:Found 444 installed packages in /opt/ros/jazzy
[0.259s] Level 1:colcon.colcon_core.package_discovery:discover_packages(prefix_path) using defaults
[0.318s] Level 5:colcon.colcon_core.verb:set package 'my_robot_commander_cpp' build argument 'cmake_args' from command line to 'None'
[0.318s] Level 5:colcon.colcon_core.verb:set package 'my_robot_commander_cpp' build argument 'cmake_target' from command line to 'None'
[0.318s] Level 5:colcon.colcon_core.verb:set package 'my_robot_commander_cpp' build argument 'cmake_target_skip_unavailable' from command line to 'False'
[0.318s] Level 5:colcon.colcon_core.verb:set package 'my_robot_commander_cpp' build argument 'cmake_clean_cache' from command line to 'False'
[0.318s] Level 5:colcon.colcon_core.verb:set package 'my_robot_commander_cpp' build argument 'cmake_clean_first' from command line to 'False'
[0.318s] Level 5:colcon.colcon_core.verb:set package 'my_robot_commander_cpp' build argument 'cmake_force_configure' from command line to 'False'
[0.318s] Level 5:colcon.colcon_core.verb:set package 'my_robot_commander_cpp' build argument 'ament_cmake_args' from command line to 'None'
[0.318s] Level 5:colcon.colcon_core.verb:set package 'my_robot_commander_cpp' build argument 'catkin_cmake_args' from command line to 'None'
[0.318s] Level 5:colcon.colcon_core.verb:set package 'my_robot_commander_cpp' build argument 'catkin_skip_building_tests' from command line to 'False'
[0.318s] DEBUG:colcon.colcon_core.verb:Building package 'my_robot_commander_cpp' with the following arguments: {'ament_cmake_args': None, 'build_base': '/home/johotan/ros2/ROS2Moveit2ControlARoboticArm/moveit2_ws/build/my_robot_commander_cpp', 'catkin_cmake_args': None, 'catkin_skip_building_tests': False, 'cmake_args': None, 'cmake_clean_cache': False, 'cmake_clean_first': False, 'cmake_force_configure': False, 'cmake_target': None, 'cmake_target_skip_unavailable': False, 'install_base': '/home/johotan/ros2/ROS2Moveit2ControlARoboticArm/moveit2_ws/install/my_robot_commander_cpp', 'merge_install': False, 'path': '/home/johotan/ros2/ROS2Moveit2ControlARoboticArm/moveit2_ws/src/my_robot_commander_cpp', 'symlink_install': False, 'test_result_base': None}
[0.318s] Level 5:colcon.colcon_core.verb:set package 'my_robot_description' build argument 'cmake_args' from command line to 'None'
[0.319s] Level 5:colcon.colcon_core.verb:set package 'my_robot_description' build argument 'cmake_target' from command line to 'None'
[0.319s] Level 5:colcon.colcon_core.verb:set package 'my_robot_description' build argument 'cmake_target_skip_unavailable' from command line to 'False'
[0.319s] Level 5:colcon.colcon_core.verb:set package 'my_robot_description' build argument 'cmake_clean_cache' from command line to 'False'
[0.319s] Level 5:colcon.colcon_core.verb:set package 'my_robot_description' build argument 'cmake_clean_first' from command line to 'False'
[0.319s] Level 5:colcon.colcon_core.verb:set package 'my_robot_description' build argument 'cmake_force_configure' from command line to 'False'
[0.319s] Level 5:colcon.colcon_core.verb:set package 'my_robot_description' build argument 'ament_cmake_args' from command line to 'None'
[0.319s] Level 5:colcon.colcon_core.verb:set package 'my_robot_description' build argument 'catkin_cmake_args' from command line to 'None'
[0.319s] Level 5:colcon.colcon_core.verb:set package 'my_robot_description' build argument 'catkin_skip_building_tests' from command line to 'False'
[0.319s] DEBUG:colcon.colcon_core.verb:Building package 'my_robot_description' with the following arguments: {'ament_cmake_args': None, 'build_base': '/home/johotan/ros2/ROS2Moveit2ControlARoboticArm/moveit2_ws/build/my_robot_description', 'catkin_cmake_args': None, 'catkin_skip_building_tests': False, 'cmake_args': None, 'cmake_clean_cache': False, 'cmake_clean_first': False, 'cmake_force_configure': False, 'cmake_target': None, 'cmake_target_skip_unavailable': False, 'install_base': '/home/johotan/ros2/ROS2Moveit2ControlARoboticArm/moveit2_ws/install/my_robot_description', 'merge_install': False, 'path': '/home/johotan/ros2/ROS2Moveit2ControlARoboticArm/moveit2_ws/src/my_robot_description', 'symlink_install': False, 'test_result_base': None}
[0.319s] Level 5:colcon.colcon_core.verb:set package 'my_robot_moveit_config' build argument 'cmake_args' from command line to 'None'
[0.319s] Level 5:colcon.colcon_core.verb:set package 'my_robot_moveit_config' build argument 'cmake_target' from command line to 'None'
[0.319s] Level 5:colcon.colcon_core.verb:set package 'my_robot_moveit_config' build argument 'cmake_target_skip_unavailable' from command line to 'False'
[0.319s] Level 5:colcon.colcon_core.verb:set package 'my_robot_moveit_config' build argument 'cmake_clean_cache' from command line to 'False'
[0.319s] Level 5:colcon.colcon_core.verb:set package 'my_robot_moveit_config' build argument 'cmake_clean_first' from command line to 'False'
[0.319s] Level 5:colcon.colcon_core.verb:set package 'my_robot_moveit_config' build argument 'cmake_force_configure' from command line to 'False'
[0.319s] Level 5:colcon.colcon_core.verb:set package 'my_robot_moveit_config' build argument 'ament_cmake_args' from command line to 'None'
[0.319s] Level 5:colcon.colcon_core.verb:set package 'my_robot_moveit_config' build argument 'catkin_cmake_args' from command line to 'None'
[0.319s] Level 5:colcon.colcon_core.verb:set package 'my_robot_moveit_config' build argument 'catkin_skip_building_tests' from command line to 'False'
[0.319s] DEBUG:colcon.colcon_core.verb:Building package 'my_robot_moveit_config' with the following arguments: {'ament_cmake_args': None, 'build_base': '/home/johotan/ros2/ROS2Moveit2ControlARoboticArm/moveit2_ws/build/my_robot_moveit_config', 'catkin_cmake_args': None, 'catkin_skip_building_tests': False, 'cmake_args': None, 'cmake_clean_cache': False, 'cmake_clean_first': False, 'cmake_force_configure': False, 'cmake_target': None, 'cmake_target_skip_unavailable': False, 'install_base': '/home/johotan/ros2/ROS2Moveit2ControlARoboticArm/moveit2_ws/install/my_robot_moveit_config', 'merge_install': False, 'path': '/home/johotan/ros2/ROS2Moveit2ControlARoboticArm/moveit2_ws/src/my_robot_moveit_config', 'symlink_install': False, 'test_result_base': None}
[0.319s] Level 5:colcon.colcon_core.verb:set package 'my_robot_bringup' build argument 'cmake_args' from command line to 'None'
[0.319s] Level 5:colcon.colcon_core.verb:set package 'my_robot_bringup' build argument 'cmake_target' from command line to 'None'
[0.319s] Level 5:colcon.colcon_core.verb:set package 'my_robot_bringup' build argument 'cmake_target_skip_unavailable' from command line to 'False'
[0.319s] Level 5:colcon.colcon_core.verb:set package 'my_robot_bringup' build argument 'cmake_clean_cache' from command line to 'False'
[0.319s] Level 5:colcon.colcon_core.verb:set package 'my_robot_bringup' build argument 'cmake_clean_first' from command line to 'False'
[0.320s] Level 5:colcon.colcon_core.verb:set package 'my_robot_bringup' build argument 'cmake_force_configure' from command line to 'False'
[0.320s] Level 5:colcon.colcon_core.verb:set package 'my_robot_bringup' build argument 'ament_cmake_args' from command line to 'None'
[0.320s] Level 5:colcon.colcon_core.verb:set package 'my_robot_bringup' build argument 'catkin_cmake_args' from command line to 'None'
[0.320s] Level 5:colcon.colcon_core.verb:set package 'my_robot_bringup' build argument 'catkin_skip_building_tests' from command line to 'False'
[0.320s] DEBUG:colcon.colcon_core.verb:Building package 'my_robot_bringup' with the following arguments: {'ament_cmake_args': None, 'build_base': '/home/johotan/ros2/ROS2Moveit2ControlARoboticArm/moveit2_ws/build/my_robot_bringup', 'catkin_cmake_args': None, 'catkin_skip_building_tests': False, 'cmake_args': None, 'cmake_clean_cache': False, 'cmake_clean_first': False, 'cmake_force_configure': False, 'cmake_target': None, 'cmake_target_skip_unavailable': False, 'install_base': '/home/johotan/ros2/ROS2Moveit2ControlARoboticArm/moveit2_ws/install/my_robot_bringup', 'merge_install': False, 'path': '/home/johotan/ros2/ROS2Moveit2ControlARoboticArm/moveit2_ws/src/my_robot_bringup', 'symlink_install': False, 'test_result_base': None}
[0.320s] INFO:colcon.colcon_core.executor:Executing jobs using 'parallel' executor
[0.320s] DEBUG:colcon.colcon_parallel_executor.executor.parallel:run_until_complete
[0.321s] INFO:colcon.colcon_ros.task.ament_cmake.build:Building ROS package in '/home/johotan/ros2/ROS2Moveit2ControlARoboticArm/moveit2_ws/src/my_robot_description' with build type 'ament_cmake'
[0.321s] INFO:colcon.colcon_cmake.task.cmake.build:Building CMake package in '/home/johotan/ros2/ROS2Moveit2ControlARoboticArm/moveit2_ws/src/my_robot_description'
[0.324s] INFO:colcon.colcon_core.plugin_system:Skipping extension 'colcon_core.shell.bat': Not used on non-Windows systems
[0.324s] INFO:colcon.colcon_core.shell:Skip shell extension 'powershell' for command environment: Not usable outside of PowerShell
[0.324s] DEBUG:colcon.colcon_core.shell:Skip shell extension 'dsv' for command environment
[0.328s] INFO:colcon.colcon_ros.task.ament_cmake.build:Building ROS package in '/home/johotan/ros2/ROS2Moveit2ControlARoboticArm/moveit2_ws/src/my_robot_commander_cpp' with build type 'ament_cmake'
[0.328s] INFO:colcon.colcon_cmake.task.cmake.build:Building CMake package in '/home/johotan/ros2/ROS2Moveit2ControlARoboticArm/moveit2_ws/src/my_robot_commander_cpp'
[0.328s] INFO:colcon.colcon_core.shell:Skip shell extension 'powershell' for command environment: Not usable outside of PowerShell
[0.328s] DEBUG:colcon.colcon_core.shell:Skip shell extension 'dsv' for command environment
[0.335s] DEBUG:colcon.colcon_core.event_handler.log_command:Invoking command in '/home/johotan/ros2/ROS2Moveit2ControlARoboticArm/moveit2_ws/build/my_robot_description': CMAKE_PREFIX_PATH=${CMAKE_PREFIX_PATH}:/opt/ros/jazzy DEBUGINFOD_URLS=https://debuginfod.ubuntu.com /usr/bin/cmake --build /home/johotan/ros2/ROS2Moveit2ControlARoboticArm/moveit2_ws/build/my_robot_description -- -j12 -l12
[0.338s] DEBUG:colcon.colcon_core.event_handler.log_command:Invoking command in '/home/johotan/ros2/ROS2Moveit2ControlARoboticArm/moveit2_ws/build/my_robot_commander_cpp': CMAKE_PREFIX_PATH=${CMAKE_PREFIX_PATH}:/opt/ros/jazzy DEBUGINFOD_URLS=https://debuginfod.ubuntu.com /usr/bin/cmake /home/johotan/ros2/ROS2Moveit2ControlARoboticArm/moveit2_ws/src/my_robot_commander_cpp -DCMAKE_INSTALL_PREFIX=/home/johotan/ros2/ROS2Moveit2ControlARoboticArm/moveit2_ws/install/my_robot_commander_cpp
[0.382s] DEBUG:colcon.colcon_core.event_handler.log_command:Invoked command in '/home/johotan/ros2/ROS2Moveit2ControlARoboticArm/moveit2_ws/build/my_robot_description' returned '0': CMAKE_PREFIX_PATH=${CMAKE_PREFIX_PATH}:/opt/ros/jazzy DEBUGINFOD_URLS=https://debuginfod.ubuntu.com /usr/bin/cmake --build /home/johotan/ros2/ROS2Moveit2ControlARoboticArm/moveit2_ws/build/my_robot_description -- -j12 -l12
[0.393s] DEBUG:colcon.colcon_core.event_handler.log_command:Invoking command in '/home/johotan/ros2/ROS2Moveit2ControlARoboticArm/moveit2_ws/build/my_robot_description': CMAKE_PREFIX_PATH=${CMAKE_PREFIX_PATH}:/opt/ros/jazzy DEBUGINFOD_URLS=https://debuginfod.ubuntu.com /usr/bin/cmake --install /home/johotan/ros2/ROS2Moveit2ControlARoboticArm/moveit2_ws/build/my_robot_description
[0.405s] Level 1:colcon.colcon_core.environment:create_environment_scripts_only(my_robot_description)
[0.406s] DEBUG:colcon.colcon_core.event_handler.log_command:Invoked command in '/home/johotan/ros2/ROS2Moveit2ControlARoboticArm/moveit2_ws/build/my_robot_description' returned '0': CMAKE_PREFIX_PATH=${CMAKE_PREFIX_PATH}:/opt/ros/jazzy DEBUGINFOD_URLS=https://debuginfod.ubuntu.com /usr/bin/cmake --install /home/johotan/ros2/ROS2Moveit2ControlARoboticArm/moveit2_ws/build/my_robot_description
[0.410s] Level 1:colcon.colcon_core.environment:checking '/home/johotan/ros2/ROS2Moveit2ControlARoboticArm/moveit2_ws/install/my_robot_description' for CMake module files
[0.411s] Level 1:colcon.colcon_core.environment:checking '/home/johotan/ros2/ROS2Moveit2ControlARoboticArm/moveit2_ws/install/my_robot_description' for CMake config files
[0.411s] Level 1:colcon.colcon_core.shell:create_environment_hook('my_robot_description', 'cmake_prefix_path')
[0.411s] INFO:colcon.colcon_core.shell:Creating environment hook '/home/johotan/ros2/ROS2Moveit2ControlARoboticArm/moveit2_ws/install/my_robot_description/share/my_robot_description/hook/cmake_prefix_path.ps1'
[0.412s] INFO:colcon.colcon_core.shell:Creating environment descriptor '/home/johotan/ros2/ROS2Moveit2ControlARoboticArm/moveit2_ws/install/my_robot_description/share/my_robot_description/hook/cmake_prefix_path.dsv'
[0.412s] INFO:colcon.colcon_core.shell:Creating environment hook '/home/johotan/ros2/ROS2Moveit2ControlARoboticArm/moveit2_ws/install/my_robot_description/share/my_robot_description/hook/cmake_prefix_path.sh'
[0.413s] Level 1:colcon.colcon_core.environment:checking '/home/johotan/ros2/ROS2Moveit2ControlARoboticArm/moveit2_ws/install/my_robot_description/bin'
[0.413s] Level 1:colcon.colcon_core.environment:checking '/home/johotan/ros2/ROS2Moveit2ControlARoboticArm/moveit2_ws/install/my_robot_description/lib/pkgconfig/my_robot_description.pc'
[0.413s] Level 1:colcon.colcon_core.environment:checking '/home/johotan/ros2/ROS2Moveit2ControlARoboticArm/moveit2_ws/install/my_robot_description/lib/python3.12/site-packages'
[0.414s] Level 1:colcon.colcon_core.environment:checking '/home/johotan/ros2/ROS2Moveit2ControlARoboticArm/moveit2_ws/install/my_robot_description/bin'
[0.414s] INFO:colcon.colcon_core.shell:Creating package script '/home/johotan/ros2/ROS2Moveit2ControlARoboticArm/moveit2_ws/install/my_robot_description/share/my_robot_description/package.ps1'
[0.414s] INFO:colcon.colcon_core.shell:Creating package descriptor '/home/johotan/ros2/ROS2Moveit2ControlARoboticArm/moveit2_ws/install/my_robot_description/share/my_robot_description/package.dsv'
[0.415s] INFO:colcon.colcon_core.shell:Creating package script '/home/johotan/ros2/ROS2Moveit2ControlARoboticArm/moveit2_ws/install/my_robot_description/share/my_robot_description/package.sh'
[0.416s] INFO:colcon.colcon_core.shell:Creating package script '/home/johotan/ros2/ROS2Moveit2ControlARoboticArm/moveit2_ws/install/my_robot_description/share/my_robot_description/package.bash'
[0.416s] INFO:colcon.colcon_core.shell:Creating package script '/home/johotan/ros2/ROS2Moveit2ControlARoboticArm/moveit2_ws/install/my_robot_description/share/my_robot_description/package.zsh'
[0.417s] Level 1:colcon.colcon_core.environment:create_file_with_runtime_dependencies(/home/johotan/ros2/ROS2Moveit2ControlARoboticArm/moveit2_ws/install/my_robot_description/share/colcon-core/packages/my_robot_description)
[0.417s] Level 1:colcon.colcon_core.environment:create_environment_scripts_only(my_robot_description)
[0.418s] Level 1:colcon.colcon_core.environment:checking '/home/johotan/ros2/ROS2Moveit2ControlARoboticArm/moveit2_ws/install/my_robot_description' for CMake module files
[0.418s] Level 1:colcon.colcon_core.environment:checking '/home/johotan/ros2/ROS2Moveit2ControlARoboticArm/moveit2_ws/install/my_robot_description' for CMake config files
[0.418s] Level 1:colcon.colcon_core.shell:create_environment_hook('my_robot_description', 'cmake_prefix_path')
[0.418s] INFO:colcon.colcon_core.shell:Creating environment hook '/home/johotan/ros2/ROS2Moveit2ControlARoboticArm/moveit2_ws/install/my_robot_description/share/my_robot_description/hook/cmake_prefix_path.ps1'
[0.419s] INFO:colcon.colcon_core.shell:Creating environment descriptor '/home/johotan/ros2/ROS2Moveit2ControlARoboticArm/moveit2_ws/install/my_robot_description/share/my_robot_description/hook/cmake_prefix_path.dsv'
[0.419s] INFO:colcon.colcon_core.shell:Creating environment hook '/home/johotan/ros2/ROS2Moveit2ControlARoboticArm/moveit2_ws/install/my_robot_description/share/my_robot_description/hook/cmake_prefix_path.sh'
[0.419s] Level 1:colcon.colcon_core.environment:checking '/home/johotan/ros2/ROS2Moveit2ControlARoboticArm/moveit2_ws/install/my_robot_description/bin'
[0.419s] Level 1:colcon.colcon_core.environment:checking '/home/johotan/ros2/ROS2Moveit2ControlARoboticArm/moveit2_ws/install/my_robot_description/lib/pkgconfig/my_robot_description.pc'
[0.420s] Level 1:colcon.colcon_core.environment:checking '/home/johotan/ros2/ROS2Moveit2ControlARoboticArm/moveit2_ws/install/my_robot_description/lib/python3.12/site-packages'
[0.420s] Level 1:colcon.colcon_core.environment:checking '/home/johotan/ros2/ROS2Moveit2ControlARoboticArm/moveit2_ws/install/my_robot_description/bin'
[0.420s] INFO:colcon.colcon_core.shell:Creating package script '/home/johotan/ros2/ROS2Moveit2ControlARoboticArm/moveit2_ws/install/my_robot_description/share/my_robot_description/package.ps1'
[0.421s] INFO:colcon.colcon_core.shell:Creating package descriptor '/home/johotan/ros2/ROS2Moveit2ControlARoboticArm/moveit2_ws/install/my_robot_description/share/my_robot_description/package.dsv'
[0.421s] INFO:colcon.colcon_core.shell:Creating package script '/home/johotan/ros2/ROS2Moveit2ControlARoboticArm/moveit2_ws/install/my_robot_description/share/my_robot_description/package.sh'
[0.422s] INFO:colcon.colcon_core.shell:Creating package script '/home/johotan/ros2/ROS2Moveit2ControlARoboticArm/moveit2_ws/install/my_robot_description/share/my_robot_description/package.bash'
[0.422s] INFO:colcon.colcon_core.shell:Creating package script '/home/johotan/ros2/ROS2Moveit2ControlARoboticArm/moveit2_ws/install/my_robot_description/share/my_robot_description/package.zsh'
[0.422s] Level 1:colcon.colcon_core.environment:create_file_with_runtime_dependencies(/home/johotan/ros2/ROS2Moveit2ControlARoboticArm/moveit2_ws/install/my_robot_description/share/colcon-core/packages/my_robot_description)
[0.423s] INFO:colcon.colcon_ros.task.ament_cmake.build:Building ROS package in '/home/johotan/ros2/ROS2Moveit2ControlARoboticArm/moveit2_ws/src/my_robot_moveit_config' with build type 'ament_cmake'
[0.423s] INFO:colcon.colcon_cmake.task.cmake.build:Building CMake package in '/home/johotan/ros2/ROS2Moveit2ControlARoboticArm/moveit2_ws/src/my_robot_moveit_config'
[0.423s] INFO:colcon.colcon_core.shell:Skip shell extension 'powershell' for command environment: Not usable outside of PowerShell
[0.423s] DEBUG:colcon.colcon_core.shell:Skip shell extension 'dsv' for command environment
[0.434s] DEBUG:colcon.colcon_core.event_handler.log_command:Invoking command in '/home/johotan/ros2/ROS2Moveit2ControlARoboticArm/moveit2_ws/build/my_robot_moveit_config': AMENT_PREFIX_PATH=/home/johotan/ros2/ROS2Moveit2ControlARoboticArm/moveit2_ws/install/my_robot_description:${AMENT_PREFIX_PATH} CMAKE_PREFIX_PATH=/home/johotan/ros2/ROS2Moveit2ControlARoboticArm/moveit2_ws/install/my_robot_description:/opt/ros/jazzy/opt/gz_sim_vendor:/opt/ros/jazzy/opt/gz_sensors_vendor:/opt/ros/jazzy/opt/gz_physics_vendor:/opt/ros/jazzy/opt/sdformat_vendor:/opt/ros/jazzy/opt/gz_gui_vendor:/opt/ros/jazzy/opt/gz_transport_vendor:/opt/ros/jazzy/opt/gz_rendering_vendor:/opt/ros/jazzy/opt/gz_plugin_vendor:/opt/ros/jazzy/opt/gz_fuel_tools_vendor:/opt/ros/jazzy/opt/gz_msgs_vendor:/opt/ros/jazzy/opt/gz_common_vendor:/opt/ros/jazzy/opt/gz_math_vendor:/opt/ros/jazzy/opt/gz_utils_vendor:/opt/ros/jazzy/opt/gz_tools_vendor:/opt/ros/jazzy/opt/gz_ogre_next_vendor:/opt/ros/jazzy/opt/gz_dartsim_vendor:/opt/ros/jazzy/opt/gz_cmake_vendor:/opt/ros/jazzy DEBUGINFOD_URLS=https://debuginfod.ubuntu.com /usr/bin/cmake --build /home/johotan/ros2/ROS2Moveit2ControlARoboticArm/moveit2_ws/build/my_robot_moveit_config -- -j12 -l12
[0.472s] DEBUG:colcon.colcon_core.event_handler.log_command:Invoked command in '/home/johotan/ros2/ROS2Moveit2ControlARoboticArm/moveit2_ws/build/my_robot_moveit_config' returned '0': AMENT_PREFIX_PATH=/home/johotan/ros2/ROS2Moveit2ControlARoboticArm/moveit2_ws/install/my_robot_description:${AMENT_PREFIX_PATH} CMAKE_PREFIX_PATH=/home/johotan/ros2/ROS2Moveit2ControlARoboticArm/moveit2_ws/install/my_robot_description:/opt/ros/jazzy/opt/gz_sim_vendor:/opt/ros/jazzy/opt/gz_sensors_vendor:/opt/ros/jazzy/opt/gz_physics_vendor:/opt/ros/jazzy/opt/sdformat_vendor:/opt/ros/jazzy/opt/gz_gui_vendor:/opt/ros/jazzy/opt/gz_transport_vendor:/opt/ros/jazzy/opt/gz_rendering_vendor:/opt/ros/jazzy/opt/gz_plugin_vendor:/opt/ros/jazzy/opt/gz_fuel_tools_vendor:/opt/ros/jazzy/opt/gz_msgs_vendor:/opt/ros/jazzy/opt/gz_common_vendor:/opt/ros/jazzy/opt/gz_math_vendor:/opt/ros/jazzy/opt/gz_utils_vendor:/opt/ros/jazzy/opt/gz_tools_vendor:/opt/ros/jazzy/opt/gz_ogre_next_vendor:/opt/ros/jazzy/opt/gz_dartsim_vendor:/opt/ros/jazzy/opt/gz_cmake_vendor:/opt/ros/jazzy DEBUGINFOD_URLS=https://debuginfod.ubuntu.com /usr/bin/cmake --build /home/johotan/ros2/ROS2Moveit2ControlARoboticArm/moveit2_ws/build/my_robot_moveit_config -- -j12 -l12
[0.474s] DEBUG:colcon.colcon_core.event_handler.log_command:Invoking command in '/home/johotan/ros2/ROS2Moveit2ControlARoboticArm/moveit2_ws/build/my_robot_moveit_config': AMENT_PREFIX_PATH=/home/johotan/ros2/ROS2Moveit2ControlARoboticArm/moveit2_ws/install/my_robot_description:${AMENT_PREFIX_PATH} CMAKE_PREFIX_PATH=/home/johotan/ros2/ROS2Moveit2ControlARoboticArm/moveit2_ws/install/my_robot_description:/opt/ros/jazzy/opt/gz_sim_vendor:/opt/ros/jazzy/opt/gz_sensors_vendor:/opt/ros/jazzy/opt/gz_physics_vendor:/opt/ros/jazzy/opt/sdformat_vendor:/opt/ros/jazzy/opt/gz_gui_vendor:/opt/ros/jazzy/opt/gz_transport_vendor:/opt/ros/jazzy/opt/gz_rendering_vendor:/opt/ros/jazzy/opt/gz_plugin_vendor:/opt/ros/jazzy/opt/gz_fuel_tools_vendor:/opt/ros/jazzy/opt/gz_msgs_vendor:/opt/ros/jazzy/opt/gz_common_vendor:/opt/ros/jazzy/opt/gz_math_vendor:/opt/ros/jazzy/opt/gz_utils_vendor:/opt/ros/jazzy/opt/gz_tools_vendor:/opt/ros/jazzy/opt/gz_ogre_next_vendor:/opt/ros/jazzy/opt/gz_dartsim_vendor:/opt/ros/jazzy/opt/gz_cmake_vendor:/opt/ros/jazzy DEBUGINFOD_URLS=https://debuginfod.ubuntu.com /usr/bin/cmake --install /home/johotan/ros2/ROS2Moveit2ControlARoboticArm/moveit2_ws/build/my_robot_moveit_config
[0.485s] Level 1:colcon.colcon_core.environment:create_environment_scripts_only(my_robot_moveit_config)
[0.486s] Level 1:colcon.colcon_core.environment:checking '/home/johotan/ros2/ROS2Moveit2ControlARoboticArm/moveit2_ws/install/my_robot_moveit_config' for CMake module files
[0.487s] DEBUG:colcon.colcon_core.event_handler.log_command:Invoked command in '/home/johotan/ros2/ROS2Moveit2ControlARoboticArm/moveit2_ws/build/my_robot_moveit_config' returned '0': AMENT_PREFIX_PATH=/home/johotan/ros2/ROS2Moveit2ControlARoboticArm/moveit2_ws/install/my_robot_description:${AMENT_PREFIX_PATH} CMAKE_PREFIX_PATH=/home/johotan/ros2/ROS2Moveit2ControlARoboticArm/moveit2_ws/install/my_robot_description:/opt/ros/jazzy/opt/gz_sim_vendor:/opt/ros/jazzy/opt/gz_sensors_vendor:/opt/ros/jazzy/opt/gz_physics_vendor:/opt/ros/jazzy/opt/sdformat_vendor:/opt/ros/jazzy/opt/gz_gui_vendor:/opt/ros/jazzy/opt/gz_transport_vendor:/opt/ros/jazzy/opt/gz_rendering_vendor:/opt/ros/jazzy/opt/gz_plugin_vendor:/opt/ros/jazzy/opt/gz_fuel_tools_vendor:/opt/ros/jazzy/opt/gz_msgs_vendor:/opt/ros/jazzy/opt/gz_common_vendor:/opt/ros/jazzy/opt/gz_math_vendor:/opt/ros/jazzy/opt/gz_utils_vendor:/opt/ros/jazzy/opt/gz_tools_vendor:/opt/ros/jazzy/opt/gz_ogre_next_vendor:/opt/ros/jazzy/opt/gz_dartsim_vendor:/opt/ros/jazzy/opt/gz_cmake_vendor:/opt/ros/jazzy DEBUGINFOD_URLS=https://debuginfod.ubuntu.com /usr/bin/cmake --install /home/johotan/ros2/ROS2Moveit2ControlARoboticArm/moveit2_ws/build/my_robot_moveit_config
[0.488s] Level 1:colcon.colcon_core.environment:checking '/home/johotan/ros2/ROS2Moveit2ControlARoboticArm/moveit2_ws/install/my_robot_moveit_config' for CMake config files
[0.488s] Level 1:colcon.colcon_core.shell:create_environment_hook('my_robot_moveit_config', 'cmake_prefix_path')
[0.488s] INFO:colcon.colcon_core.shell:Creating environment hook '/home/johotan/ros2/ROS2Moveit2ControlARoboticArm/moveit2_ws/install/my_robot_moveit_config/share/my_robot_moveit_config/hook/cmake_prefix_path.ps1'
[0.489s] INFO:colcon.colcon_core.shell:Creating environment descriptor '/home/johotan/ros2/ROS2Moveit2ControlARoboticArm/moveit2_ws/install/my_robot_moveit_config/share/my_robot_moveit_config/hook/cmake_prefix_path.dsv'
[0.489s] INFO:colcon.colcon_core.shell:Creating environment hook '/home/johotan/ros2/ROS2Moveit2ControlARoboticArm/moveit2_ws/install/my_robot_moveit_config/share/my_robot_moveit_config/hook/cmake_prefix_path.sh'
[0.490s] Level 1:colcon.colcon_core.environment:checking '/home/johotan/ros2/ROS2Moveit2ControlARoboticArm/moveit2_ws/install/my_robot_moveit_config/bin'
[0.490s] Level 1:colcon.colcon_core.environment:checking '/home/johotan/ros2/ROS2Moveit2ControlARoboticArm/moveit2_ws/install/my_robot_moveit_config/lib/pkgconfig/my_robot_moveit_config.pc'
[0.490s] Level 1:colcon.colcon_core.environment:checking '/home/johotan/ros2/ROS2Moveit2ControlARoboticArm/moveit2_ws/install/my_robot_moveit_config/lib/python3.12/site-packages'
[0.491s] Level 1:colcon.colcon_core.environment:checking '/home/johotan/ros2/ROS2Moveit2ControlARoboticArm/moveit2_ws/install/my_robot_moveit_config/bin'
[0.491s] INFO:colcon.colcon_core.shell:Creating package script '/home/johotan/ros2/ROS2Moveit2ControlARoboticArm/moveit2_ws/install/my_robot_moveit_config/share/my_robot_moveit_config/package.ps1'
[0.491s] INFO:colcon.colcon_core.shell:Creating package descriptor '/home/johotan/ros2/ROS2Moveit2ControlARoboticArm/moveit2_ws/install/my_robot_moveit_config/share/my_robot_moveit_config/package.dsv'
[0.492s] INFO:colcon.colcon_core.shell:Creating package script '/home/johotan/ros2/ROS2Moveit2ControlARoboticArm/moveit2_ws/install/my_robot_moveit_config/share/my_robot_moveit_config/package.sh'
[0.492s] INFO:colcon.colcon_core.shell:Creating package script '/home/johotan/ros2/ROS2Moveit2ControlARoboticArm/moveit2_ws/install/my_robot_moveit_config/share/my_robot_moveit_config/package.bash'
[0.493s] INFO:colcon.colcon_core.shell:Creating package script '/home/johotan/ros2/ROS2Moveit2ControlARoboticArm/moveit2_ws/install/my_robot_moveit_config/share/my_robot_moveit_config/package.zsh'
[0.493s] Level 1:colcon.colcon_core.environment:create_file_with_runtime_dependencies(/home/johotan/ros2/ROS2Moveit2ControlARoboticArm/moveit2_ws/install/my_robot_moveit_config/share/colcon-core/packages/my_robot_moveit_config)
[0.494s] Level 1:colcon.colcon_core.environment:create_environment_scripts_only(my_robot_moveit_config)
[0.494s] Level 1:colcon.colcon_core.environment:checking '/home/johotan/ros2/ROS2Moveit2ControlARoboticArm/moveit2_ws/install/my_robot_moveit_config' for CMake module files
[0.495s] Level 1:colcon.colcon_core.environment:checking '/home/johotan/ros2/ROS2Moveit2ControlARoboticArm/moveit2_ws/install/my_robot_moveit_config' for CMake config files
[0.495s] Level 1:colcon.colcon_core.shell:create_environment_hook('my_robot_moveit_config', 'cmake_prefix_path')
[0.495s] INFO:colcon.colcon_core.shell:Creating environment hook '/home/johotan/ros2/ROS2Moveit2ControlARoboticArm/moveit2_ws/install/my_robot_moveit_config/share/my_robot_moveit_config/hook/cmake_prefix_path.ps1'
[0.496s] INFO:colcon.colcon_core.shell:Creating environment descriptor '/home/johotan/ros2/ROS2Moveit2ControlARoboticArm/moveit2_ws/install/my_robot_moveit_config/share/my_robot_moveit_config/hook/cmake_prefix_path.dsv'
[0.496s] INFO:colcon.colcon_core.shell:Creating environment hook '/home/johotan/ros2/ROS2Moveit2ControlARoboticArm/moveit2_ws/install/my_robot_moveit_config/share/my_robot_moveit_config/hook/cmake_prefix_path.sh'
[0.497s] Level 1:colcon.colcon_core.environment:checking '/home/johotan/ros2/ROS2Moveit2ControlARoboticArm/moveit2_ws/install/my_robot_moveit_config/bin'
[0.497s] Level 1:colcon.colcon_core.environment:checking '/home/johotan/ros2/ROS2Moveit2ControlARoboticArm/moveit2_ws/install/my_robot_moveit_config/lib/pkgconfig/my_robot_moveit_config.pc'
[0.497s] Level 1:colcon.colcon_core.environment:checking '/home/johotan/ros2/ROS2Moveit2ControlARoboticArm/moveit2_ws/install/my_robot_moveit_config/lib/python3.12/site-packages'
[0.497s] Level 1:colcon.colcon_core.environment:checking '/home/johotan/ros2/ROS2Moveit2ControlARoboticArm/moveit2_ws/install/my_robot_moveit_config/bin'
[0.498s] INFO:colcon.colcon_core.shell:Creating package script '/home/johotan/ros2/ROS2Moveit2ControlARoboticArm/moveit2_ws/install/my_robot_moveit_config/share/my_robot_moveit_config/package.ps1'
[0.498s] INFO:colcon.colcon_core.shell:Creating package descriptor '/home/johotan/ros2/ROS2Moveit2ControlARoboticArm/moveit2_ws/install/my_robot_moveit_config/share/my_robot_moveit_config/package.dsv'
[0.499s] INFO:colcon.colcon_core.shell:Creating package script '/home/johotan/ros2/ROS2Moveit2ControlARoboticArm/moveit2_ws/install/my_robot_moveit_config/share/my_robot_moveit_config/package.sh'
[0.499s] INFO:colcon.colcon_core.shell:Creating package script '/home/johotan/ros2/ROS2Moveit2ControlARoboticArm/moveit2_ws/install/my_robot_moveit_config/share/my_robot_moveit_config/package.bash'
[0.500s] INFO:colcon.colcon_core.shell:Creating package script '/home/johotan/ros2/ROS2Moveit2ControlARoboticArm/moveit2_ws/install/my_robot_moveit_config/share/my_robot_moveit_config/package.zsh'
[0.500s] Level 1:colcon.colcon_core.environment:create_file_with_runtime_dependencies(/home/johotan/ros2/ROS2Moveit2ControlARoboticArm/moveit2_ws/install/my_robot_moveit_config/share/colcon-core/packages/my_robot_moveit_config)
[0.501s] INFO:colcon.colcon_ros.task.ament_cmake.build:Building ROS package in '/home/johotan/ros2/ROS2Moveit2ControlARoboticArm/moveit2_ws/src/my_robot_bringup' with build type 'ament_cmake'
[0.501s] INFO:colcon.colcon_cmake.task.cmake.build:Building CMake package in '/home/johotan/ros2/ROS2Moveit2ControlARoboticArm/moveit2_ws/src/my_robot_bringup'
[0.501s] INFO:colcon.colcon_core.shell:Skip shell extension 'powershell' for command environment: Not usable outside of PowerShell
[0.501s] DEBUG:colcon.colcon_core.shell:Skip shell extension 'dsv' for command environment
[0.513s] DEBUG:colcon.colcon_core.event_handler.log_command:Invoking command in '/home/johotan/ros2/ROS2Moveit2ControlARoboticArm/moveit2_ws/build/my_robot_bringup': AMENT_PREFIX_PATH=/home/johotan/ros2/ROS2Moveit2ControlARoboticArm/moveit2_ws/install/my_robot_moveit_config:/home/johotan/ros2/ROS2Moveit2ControlARoboticArm/moveit2_ws/install/my_robot_description:${AMENT_PREFIX_PATH} CMAKE_PREFIX_PATH=/home/johotan/ros2/ROS2Moveit2ControlARoboticArm/moveit2_ws/install/my_robot_moveit_config:/home/johotan/ros2/ROS2Moveit2ControlARoboticArm/moveit2_ws/install/my_robot_description:/opt/ros/jazzy/opt/gz_sim_vendor:/opt/ros/jazzy/opt/gz_sensors_vendor:/opt/ros/jazzy/opt/gz_physics_vendor:/opt/ros/jazzy/opt/sdformat_vendor:/opt/ros/jazzy/opt/gz_gui_vendor:/opt/ros/jazzy/opt/gz_transport_vendor:/opt/ros/jazzy/opt/gz_rendering_vendor:/opt/ros/jazzy/opt/gz_plugin_vendor:/opt/ros/jazzy/opt/gz_fuel_tools_vendor:/opt/ros/jazzy/opt/gz_msgs_vendor:/opt/ros/jazzy/opt/gz_common_vendor:/opt/ros/jazzy/opt/gz_math_vendor:/opt/ros/jazzy/opt/gz_utils_vendor:/opt/ros/jazzy/opt/gz_tools_vendor:/opt/ros/jazzy/opt/gz_ogre_next_vendor:/opt/ros/jazzy/opt/gz_dartsim_vendor:/opt/ros/jazzy/opt/gz_cmake_vendor:/opt/ros/jazzy DEBUGINFOD_URLS=https://debuginfod.ubuntu.com /usr/bin/cmake --build /home/johotan/ros2/ROS2Moveit2ControlARoboticArm/moveit2_ws/build/my_robot_bringup -- -j12 -l12
[0.553s] DEBUG:colcon.colcon_core.event_handler.log_command:Invoked command in '/home/johotan/ros2/ROS2Moveit2ControlARoboticArm/moveit2_ws/build/my_robot_bringup' returned '0': AMENT_PREFIX_PATH=/home/johotan/ros2/ROS2Moveit2ControlARoboticArm/moveit2_ws/install/my_robot_moveit_config:/home/johotan/ros2/ROS2Moveit2ControlARoboticArm/moveit2_ws/install/my_robot_description:${AMENT_PREFIX_PATH} CMAKE_PREFIX_PATH=/home/johotan/ros2/ROS2Moveit2ControlARoboticArm/moveit2_ws/install/my_robot_moveit_config:/home/johotan/ros2/ROS2Moveit2ControlARoboticArm/moveit2_ws/install/my_robot_description:/opt/ros/jazzy/opt/gz_sim_vendor:/opt/ros/jazzy/opt/gz_sensors_vendor:/opt/ros/jazzy/opt/gz_physics_vendor:/opt/ros/jazzy/opt/sdformat_vendor:/opt/ros/jazzy/opt/gz_gui_vendor:/opt/ros/jazzy/opt/gz_transport_vendor:/opt/ros/jazzy/opt/gz_rendering_vendor:/opt/ros/jazzy/opt/gz_plugin_vendor:/opt/ros/jazzy/opt/gz_fuel_tools_vendor:/opt/ros/jazzy/opt/gz_msgs_vendor:/opt/ros/jazzy/opt/gz_common_vendor:/opt/ros/jazzy/opt/gz_math_vendor:/opt/ros/jazzy/opt/gz_utils_vendor:/opt/ros/jazzy/opt/gz_tools_vendor:/opt/ros/jazzy/opt/gz_ogre_next_vendor:/opt/ros/jazzy/opt/gz_dartsim_vendor:/opt/ros/jazzy/opt/gz_cmake_vendor:/opt/ros/jazzy DEBUGINFOD_URLS=https://debuginfod.ubuntu.com /usr/bin/cmake --build /home/johotan/ros2/ROS2Moveit2ControlARoboticArm/moveit2_ws/build/my_robot_bringup -- -j12 -l12
[0.555s] DEBUG:colcon.colcon_core.event_handler.log_command:Invoking command in '/home/johotan/ros2/ROS2Moveit2ControlARoboticArm/moveit2_ws/build/my_robot_bringup': AMENT_PREFIX_PATH=/home/johotan/ros2/ROS2Moveit2ControlARoboticArm/moveit2_ws/install/my_robot_moveit_config:/home/johotan/ros2/ROS2Moveit2ControlARoboticArm/moveit2_ws/install/my_robot_description:${AMENT_PREFIX_PATH} CMAKE_PREFIX_PATH=/home/johotan/ros2/ROS2Moveit2ControlARoboticArm/moveit2_ws/install/my_robot_moveit_config:/home/johotan/ros2/ROS2Moveit2ControlARoboticArm/moveit2_ws/install/my_robot_description:/opt/ros/jazzy/opt/gz_sim_vendor:/opt/ros/jazzy/opt/gz_sensors_vendor:/opt/ros/jazzy/opt/gz_physics_vendor:/opt/ros/jazzy/opt/sdformat_vendor:/opt/ros/jazzy/opt/gz_gui_vendor:/opt/ros/jazzy/opt/gz_transport_vendor:/opt/ros/jazzy/opt/gz_rendering_vendor:/opt/ros/jazzy/opt/gz_plugin_vendor:/opt/ros/jazzy/opt/gz_fuel_tools_vendor:/opt/ros/jazzy/opt/gz_msgs_vendor:/opt/ros/jazzy/opt/gz_common_vendor:/opt/ros/jazzy/opt/gz_math_vendor:/opt/ros/jazzy/opt/gz_utils_vendor:/opt/ros/jazzy/opt/gz_tools_vendor:/opt/ros/jazzy/opt/gz_ogre_next_vendor:/opt/ros/jazzy/opt/gz_dartsim_vendor:/opt/ros/jazzy/opt/gz_cmake_vendor:/opt/ros/jazzy DEBUGINFOD_URLS=https://debuginfod.ubuntu.com /usr/bin/cmake --install /home/johotan/ros2/ROS2Moveit2ControlARoboticArm/moveit2_ws/build/my_robot_bringup
[0.565s] Level 1:colcon.colcon_core.environment:create_environment_scripts_only(my_robot_bringup)
[0.566s] Level 1:colcon.colcon_core.environment:checking '/home/johotan/ros2/ROS2Moveit2ControlARoboticArm/moveit2_ws/install/my_robot_bringup' for CMake module files
[0.566s] DEBUG:colcon.colcon_core.event_handler.log_command:Invoked command in '/home/johotan/ros2/ROS2Moveit2ControlARoboticArm/moveit2_ws/build/my_robot_bringup' returned '0': AMENT_PREFIX_PATH=/home/johotan/ros2/ROS2Moveit2ControlARoboticArm/moveit2_ws/install/my_robot_moveit_config:/home/johotan/ros2/ROS2Moveit2ControlARoboticArm/moveit2_ws/install/my_robot_description:${AMENT_PREFIX_PATH} CMAKE_PREFIX_PATH=/home/johotan/ros2/ROS2Moveit2ControlARoboticArm/moveit2_ws/install/my_robot_moveit_config:/home/johotan/ros2/ROS2Moveit2ControlARoboticArm/moveit2_ws/install/my_robot_description:/opt/ros/jazzy/opt/gz_sim_vendor:/opt/ros/jazzy/opt/gz_sensors_vendor:/opt/ros/jazzy/opt/gz_physics_vendor:/opt/ros/jazzy/opt/sdformat_vendor:/opt/ros/jazzy/opt/gz_gui_vendor:/opt/ros/jazzy/opt/gz_transport_vendor:/opt/ros/jazzy/opt/gz_rendering_vendor:/opt/ros/jazzy/opt/gz_plugin_vendor:/opt/ros/jazzy/opt/gz_fuel_tools_vendor:/opt/ros/jazzy/opt/gz_msgs_vendor:/opt/ros/jazzy/opt/gz_common_vendor:/opt/ros/jazzy/opt/gz_math_vendor:/opt/ros/jazzy/opt/gz_utils_vendor:/opt/ros/jazzy/opt/gz_tools_vendor:/opt/ros/jazzy/opt/gz_ogre_next_vendor:/opt/ros/jazzy/opt/gz_dartsim_vendor:/opt/ros/jazzy/opt/gz_cmake_vendor:/opt/ros/jazzy DEBUGINFOD_URLS=https://debuginfod.ubuntu.com /usr/bin/cmake --install /home/johotan/ros2/ROS2Moveit2ControlARoboticArm/moveit2_ws/build/my_robot_bringup
[0.567s] Level 1:colcon.colcon_core.environment:checking '/home/johotan/ros2/ROS2Moveit2ControlARoboticArm/moveit2_ws/install/my_robot_bringup' for CMake config files
[0.567s] Level 1:colcon.colcon_core.shell:create_environment_hook('my_robot_bringup', 'cmake_prefix_path')
[0.567s] INFO:colcon.colcon_core.shell:Creating environment hook '/home/johotan/ros2/ROS2Moveit2ControlARoboticArm/moveit2_ws/install/my_robot_bringup/share/my_robot_bringup/hook/cmake_prefix_path.ps1'
[0.568s] INFO:colcon.colcon_core.shell:Creating environment descriptor '/home/johotan/ros2/ROS2Moveit2ControlARoboticArm/moveit2_ws/install/my_robot_bringup/share/my_robot_bringup/hook/cmake_prefix_path.dsv'
[0.568s] INFO:colcon.colcon_core.shell:Creating environment hook '/home/johotan/ros2/ROS2Moveit2ControlARoboticArm/moveit2_ws/install/my_robot_bringup/share/my_robot_bringup/hook/cmake_prefix_path.sh'
[0.569s] Level 1:colcon.colcon_core.environment:checking '/home/johotan/ros2/ROS2Moveit2ControlARoboticArm/moveit2_ws/install/my_robot_bringup/bin'
[0.569s] Level 1:colcon.colcon_core.environment:checking '/home/johotan/ros2/ROS2Moveit2ControlARoboticArm/moveit2_ws/install/my_robot_bringup/lib/pkgconfig/my_robot_bringup.pc'
[0.569s] Level 1:colcon.colcon_core.environment:checking '/home/johotan/ros2/ROS2Moveit2ControlARoboticArm/moveit2_ws/install/my_robot_bringup/lib/python3.12/site-packages'
[0.570s] Level 1:colcon.colcon_core.environment:checking '/home/johotan/ros2/ROS2Moveit2ControlARoboticArm/moveit2_ws/install/my_robot_bringup/bin'
[0.570s] INFO:colcon.colcon_core.shell:Creating package script '/home/johotan/ros2/ROS2Moveit2ControlARoboticArm/moveit2_ws/install/my_robot_bringup/share/my_robot_bringup/package.ps1'
[0.571s] INFO:colcon.colcon_core.shell:Creating package descriptor '/home/johotan/ros2/ROS2Moveit2ControlARoboticArm/moveit2_ws/install/my_robot_bringup/share/my_robot_bringup/package.dsv'
[0.571s] INFO:colcon.colcon_core.shell:Creating package script '/home/johotan/ros2/ROS2Moveit2ControlARoboticArm/moveit2_ws/install/my_robot_bringup/share/my_robot_bringup/package.sh'
[0.572s] INFO:colcon.colcon_core.shell:Creating package script '/home/johotan/ros2/ROS2Moveit2ControlARoboticArm/moveit2_ws/install/my_robot_bringup/share/my_robot_bringup/package.bash'
[0.572s] INFO:colcon.colcon_core.shell:Creating package script '/home/johotan/ros2/ROS2Moveit2ControlARoboticArm/moveit2_ws/install/my_robot_bringup/share/my_robot_bringup/package.zsh'
[0.572s] Level 1:colcon.colcon_core.environment:create_file_with_runtime_dependencies(/home/johotan/ros2/ROS2Moveit2ControlARoboticArm/moveit2_ws/install/my_robot_bringup/share/colcon-core/packages/my_robot_bringup)
[0.573s] Level 1:colcon.colcon_core.environment:create_environment_scripts_only(my_robot_bringup)
[0.573s] Level 1:colcon.colcon_core.environment:checking '/home/johotan/ros2/ROS2Moveit2ControlARoboticArm/moveit2_ws/install/my_robot_bringup' for CMake module files
[0.574s] Level 1:colcon.colcon_core.environment:checking '/home/johotan/ros2/ROS2Moveit2ControlARoboticArm/moveit2_ws/install/my_robot_bringup' for CMake config files
[0.574s] Level 1:colcon.colcon_core.shell:create_environment_hook('my_robot_bringup', 'cmake_prefix_path')
[0.574s] INFO:colcon.colcon_core.shell:Creating environment hook '/home/johotan/ros2/ROS2Moveit2ControlARoboticArm/moveit2_ws/install/my_robot_bringup/share/my_robot_bringup/hook/cmake_prefix_path.ps1'
[0.575s] INFO:colcon.colcon_core.shell:Creating environment descriptor '/home/johotan/ros2/ROS2Moveit2ControlARoboticArm/moveit2_ws/install/my_robot_bringup/share/my_robot_bringup/hook/cmake_prefix_path.dsv'
[0.575s] INFO:colcon.colcon_core.shell:Creating environment hook '/home/johotan/ros2/ROS2Moveit2ControlARoboticArm/moveit2_ws/install/my_robot_bringup/share/my_robot_bringup/hook/cmake_prefix_path.sh'
[0.576s] Level 1:colcon.colcon_core.environment:checking '/home/johotan/ros2/ROS2Moveit2ControlARoboticArm/moveit2_ws/install/my_robot_bringup/bin'
[0.576s] Level 1:colcon.colcon_core.environment:checking '/home/johotan/ros2/ROS2Moveit2ControlARoboticArm/moveit2_ws/install/my_robot_bringup/lib/pkgconfig/my_robot_bringup.pc'
[0.576s] Level 1:colcon.colcon_core.environment:checking '/home/johotan/ros2/ROS2Moveit2ControlARoboticArm/moveit2_ws/install/my_robot_bringup/lib/python3.12/site-packages'
[0.577s] Level 1:colcon.colcon_core.environment:checking '/home/johotan/ros2/ROS2Moveit2ControlARoboticArm/moveit2_ws/install/my_robot_bringup/bin'
[0.577s] INFO:colcon.colcon_core.shell:Creating package script '/home/johotan/ros2/ROS2Moveit2ControlARoboticArm/moveit2_ws/install/my_robot_bringup/share/my_robot_bringup/package.ps1'
[0.578s] INFO:colcon.colcon_core.shell:Creating package descriptor '/home/johotan/ros2/ROS2Moveit2ControlARoboticArm/moveit2_ws/install/my_robot_bringup/share/my_robot_bringup/package.dsv'
[0.578s] INFO:colcon.colcon_core.shell:Creating package script '/home/johotan/ros2/ROS2Moveit2ControlARoboticArm/moveit2_ws/install/my_robot_bringup/share/my_robot_bringup/package.sh'
[0.579s] INFO:colcon.colcon_core.shell:Creating package script '/home/johotan/ros2/ROS2Moveit2ControlARoboticArm/moveit2_ws/install/my_robot_bringup/share/my_robot_bringup/package.bash'
[0.579s] INFO:colcon.colcon_core.shell:Creating package script '/home/johotan/ros2/ROS2Moveit2ControlARoboticArm/moveit2_ws/install/my_robot_bringup/share/my_robot_bringup/package.zsh'
[0.580s] Level 1:colcon.colcon_core.environment:create_file_with_runtime_dependencies(/home/johotan/ros2/ROS2Moveit2ControlARoboticArm/moveit2_ws/install/my_robot_bringup/share/colcon-core/packages/my_robot_bringup)
[1.736s] DEBUG:colcon.colcon_core.event_handler.log_command:Invoked command in '/home/johotan/ros2/ROS2Moveit2ControlARoboticArm/moveit2_ws/build/my_robot_commander_cpp' returned '0': CMAKE_PREFIX_PATH=${CMAKE_PREFIX_PATH}:/opt/ros/jazzy DEBUGINFOD_URLS=https://debuginfod.ubuntu.com /usr/bin/cmake /home/johotan/ros2/ROS2Moveit2ControlARoboticArm/moveit2_ws/src/my_robot_commander_cpp -DCMAKE_INSTALL_PREFIX=/home/johotan/ros2/ROS2Moveit2ControlARoboticArm/moveit2_ws/install/my_robot_commander_cpp
[1.737s] DEBUG:colcon.colcon_core.event_handler.log_command:Invoking command in '/home/johotan/ros2/ROS2Moveit2ControlARoboticArm/moveit2_ws/build/my_robot_commander_cpp': CMAKE_PREFIX_PATH=${CMAKE_PREFIX_PATH}:/opt/ros/jazzy DEBUGINFOD_URLS=https://debuginfod.ubuntu.com /usr/bin/cmake --build /home/johotan/ros2/ROS2Moveit2ControlARoboticArm/moveit2_ws/build/my_robot_commander_cpp -- -j12 -l12
[1.779s] DEBUG:colcon.colcon_core.event_handler.log_command:Invoked command in '/home/johotan/ros2/ROS2Moveit2ControlARoboticArm/moveit2_ws/build/my_robot_commander_cpp' returned '0': CMAKE_PREFIX_PATH=${CMAKE_PREFIX_PATH}:/opt/ros/jazzy DEBUGINFOD_URLS=https://debuginfod.ubuntu.com /usr/bin/cmake --build /home/johotan/ros2/ROS2Moveit2ControlARoboticArm/moveit2_ws/build/my_robot_commander_cpp -- -j12 -l12
[1.780s] DEBUG:colcon.colcon_core.event_handler.log_command:Invoking command in '/home/johotan/ros2/ROS2Moveit2ControlARoboticArm/moveit2_ws/build/my_robot_commander_cpp': CMAKE_PREFIX_PATH=${CMAKE_PREFIX_PATH}:/opt/ros/jazzy DEBUGINFOD_URLS=https://debuginfod.ubuntu.com /usr/bin/cmake --install /home/johotan/ros2/ROS2Moveit2ControlARoboticArm/moveit2_ws/build/my_robot_commander_cpp
[1.791s] Level 1:colcon.colcon_core.environment:create_environment_scripts_only(my_robot_commander_cpp)
[1.792s] DEBUG:colcon.colcon_core.event_handler.log_command:Invoked command in '/home/johotan/ros2/ROS2Moveit2ControlARoboticArm/moveit2_ws/build/my_robot_commander_cpp' returned '0': CMAKE_PREFIX_PATH=${CMAKE_PREFIX_PATH}:/opt/ros/jazzy DEBUGINFOD_URLS=https://debuginfod.ubuntu.com /usr/bin/cmake --install /home/johotan/ros2/ROS2Moveit2ControlARoboticArm/moveit2_ws/build/my_robot_commander_cpp
[1.792s] Level 1:colcon.colcon_core.environment:checking '/home/johotan/ros2/ROS2Moveit2ControlARoboticArm/moveit2_ws/install/my_robot_commander_cpp' for CMake module files
[1.793s] Level 1:colcon.colcon_core.environment:checking '/home/johotan/ros2/ROS2Moveit2ControlARoboticArm/moveit2_ws/install/my_robot_commander_cpp' for CMake config files
[1.793s] Level 1:colcon.colcon_core.shell:create_environment_hook('my_robot_commander_cpp', 'cmake_prefix_path')
[1.793s] INFO:colcon.colcon_core.shell:Creating environment hook '/home/johotan/ros2/ROS2Moveit2ControlARoboticArm/moveit2_ws/install/my_robot_commander_cpp/share/my_robot_commander_cpp/hook/cmake_prefix_path.ps1'
[1.793s] INFO:colcon.colcon_core.shell:Creating environment descriptor '/home/johotan/ros2/ROS2Moveit2ControlARoboticArm/moveit2_ws/install/my_robot_commander_cpp/share/my_robot_commander_cpp/hook/cmake_prefix_path.dsv'
[1.794s] INFO:colcon.colcon_core.shell:Creating environment hook '/home/johotan/ros2/ROS2Moveit2ControlARoboticArm/moveit2_ws/install/my_robot_commander_cpp/share/my_robot_commander_cpp/hook/cmake_prefix_path.sh'
[1.794s] Level 1:colcon.colcon_core.environment:checking '/home/johotan/ros2/ROS2Moveit2ControlARoboticArm/moveit2_ws/install/my_robot_commander_cpp/bin'
[1.795s] Level 1:colcon.colcon_core.environment:checking '/home/johotan/ros2/ROS2Moveit2ControlARoboticArm/moveit2_ws/install/my_robot_commander_cpp/lib/pkgconfig/my_robot_commander_cpp.pc'
[1.795s] Level 1:colcon.colcon_core.environment:checking '/home/johotan/ros2/ROS2Moveit2ControlARoboticArm/moveit2_ws/install/my_robot_commander_cpp/lib/python3.12/site-packages'
[1.796s] Level 1:colcon.colcon_core.environment:checking '/home/johotan/ros2/ROS2Moveit2ControlARoboticArm/moveit2_ws/install/my_robot_commander_cpp/bin'
[1.796s] INFO:colcon.colcon_core.shell:Creating package script '/home/johotan/ros2/ROS2Moveit2ControlARoboticArm/moveit2_ws/install/my_robot_commander_cpp/share/my_robot_commander_cpp/package.ps1'
[1.796s] INFO:colcon.colcon_core.shell:Creating package descriptor '/home/johotan/ros2/ROS2Moveit2ControlARoboticArm/moveit2_ws/install/my_robot_commander_cpp/share/my_robot_commander_cpp/package.dsv'
[1.797s] INFO:colcon.colcon_core.shell:Creating package script '/home/johotan/ros2/ROS2Moveit2ControlARoboticArm/moveit2_ws/install/my_robot_commander_cpp/share/my_robot_commander_cpp/package.sh'
[1.797s] INFO:colcon.colcon_core.shell:Creating package script '/home/johotan/ros2/ROS2Moveit2ControlARoboticArm/moveit2_ws/install/my_robot_commander_cpp/share/my_robot_commander_cpp/package.bash'
[1.798s] INFO:colcon.colcon_core.shell:Creating package script '/home/johotan/ros2/ROS2Moveit2ControlARoboticArm/moveit2_ws/install/my_robot_commander_cpp/share/my_robot_commander_cpp/package.zsh'
[1.798s] Level 1:colcon.colcon_core.environment:create_file_with_runtime_dependencies(/home/johotan/ros2/ROS2Moveit2ControlARoboticArm/moveit2_ws/install/my_robot_commander_cpp/share/colcon-core/packages/my_robot_commander_cpp)
[1.798s] Level 1:colcon.colcon_core.environment:create_environment_scripts_only(my_robot_commander_cpp)
[1.799s] Level 1:colcon.colcon_core.environment:checking '/home/johotan/ros2/ROS2Moveit2ControlARoboticArm/moveit2_ws/install/my_robot_commander_cpp' for CMake module files
[1.799s] Level 1:colcon.colcon_core.environment:checking '/home/johotan/ros2/ROS2Moveit2ControlARoboticArm/moveit2_ws/install/my_robot_commander_cpp' for CMake config files
[1.800s] Level 1:colcon.colcon_core.shell:create_environment_hook('my_robot_commander_cpp', 'cmake_prefix_path')
[1.800s] INFO:colcon.colcon_core.shell:Creating environment hook '/home/johotan/ros2/ROS2Moveit2ControlARoboticArm/moveit2_ws/install/my_robot_commander_cpp/share/my_robot_commander_cpp/hook/cmake_prefix_path.ps1'
[1.800s] INFO:colcon.colcon_core.shell:Creating environment descriptor '/home/johotan/ros2/ROS2Moveit2ControlARoboticArm/moveit2_ws/install/my_robot_commander_cpp/share/my_robot_commander_cpp/hook/cmake_prefix_path.dsv'
[1.800s] INFO:colcon.colcon_core.shell:Creating environment hook '/home/johotan/ros2/ROS2Moveit2ControlARoboticArm/moveit2_ws/install/my_robot_commander_cpp/share/my_robot_commander_cpp/hook/cmake_prefix_path.sh'
[1.801s] Level 1:colcon.colcon_core.environment:checking '/home/johotan/ros2/ROS2Moveit2ControlARoboticArm/moveit2_ws/install/my_robot_commander_cpp/bin'
[1.801s] Level 1:colcon.colcon_core.environment:checking '/home/johotan/ros2/ROS2Moveit2ControlARoboticArm/moveit2_ws/install/my_robot_commander_cpp/lib/pkgconfig/my_robot_commander_cpp.pc'
[1.802s] Level 1:colcon.colcon_core.environment:checking '/home/johotan/ros2/ROS2Moveit2ControlARoboticArm/moveit2_ws/install/my_robot_commander_cpp/lib/python3.12/site-packages'
[1.802s] Level 1:colcon.colcon_core.environment:checking '/home/johotan/ros2/ROS2Moveit2ControlARoboticArm/moveit2_ws/install/my_robot_commander_cpp/bin'
[1.802s] INFO:colcon.colcon_core.shell:Creating package script '/home/johotan/ros2/ROS2Moveit2ControlARoboticArm/moveit2_ws/install/my_robot_commander_cpp/share/my_robot_commander_cpp/package.ps1'
[1.803s] INFO:colcon.colcon_core.shell:Creating package descriptor '/home/johotan/ros2/ROS2Moveit2ControlARoboticArm/moveit2_ws/install/my_robot_commander_cpp/share/my_robot_commander_cpp/package.dsv'
[1.803s] INFO:colcon.colcon_core.shell:Creating package script '/home/johotan/ros2/ROS2Moveit2ControlARoboticArm/moveit2_ws/install/my_robot_commander_cpp/share/my_robot_commander_cpp/package.sh'
[1.804s] INFO:colcon.colcon_core.shell:Creating package script '/home/johotan/ros2/ROS2Moveit2ControlARoboticArm/moveit2_ws/install/my_robot_commander_cpp/share/my_robot_commander_cpp/package.bash'
[1.804s] INFO:colcon.colcon_core.shell:Creating package script '/home/johotan/ros2/ROS2Moveit2ControlARoboticArm/moveit2_ws/install/my_robot_commander_cpp/share/my_robot_commander_cpp/package.zsh'
[1.805s] Level 1:colcon.colcon_core.environment:create_file_with_runtime_dependencies(/home/johotan/ros2/ROS2Moveit2ControlARoboticArm/moveit2_ws/install/my_robot_commander_cpp/share/colcon-core/packages/my_robot_commander_cpp)
[1.805s] DEBUG:colcon.colcon_parallel_executor.executor.parallel:closing loop
[1.805s] DEBUG:colcon.colcon_parallel_executor.executor.parallel:loop closed
[1.805s] DEBUG:colcon.colcon_parallel_executor.executor.parallel:run_until_complete finished with '0'
[1.805s] DEBUG:colcon.colcon_core.event_reactor:joining thread
[1.811s] INFO:colcon.colcon_core.plugin_system:Skipping extension 'colcon_notification.desktop_notification.terminal_notifier': Not used on non-Darwin systems
[1.811s] INFO:colcon.colcon_core.plugin_system:Skipping extension 'colcon_notification.desktop_notification.win32': Not used on non-Windows systems
[1.811s] INFO:colcon.colcon_notification.desktop_notification:Sending desktop notification using 'notify2'
[1.827s] DEBUG:colcon.colcon_core.event_reactor:joined thread
[1.827s] INFO:colcon.colcon_core.shell:Creating prefix script '/home/johotan/ros2/ROS2Moveit2ControlARoboticArm/moveit2_ws/install/local_setup.ps1'
[1.828s] INFO:colcon.colcon_core.shell:Creating prefix util module '/home/johotan/ros2/ROS2Moveit2ControlARoboticArm/moveit2_ws/install/_local_setup_util_ps1.py'
[1.829s] INFO:colcon.colcon_core.shell:Creating prefix chain script '/home/johotan/ros2/ROS2Moveit2ControlARoboticArm/moveit2_ws/install/setup.ps1'
[1.830s] INFO:colcon.colcon_core.shell:Creating prefix script '/home/johotan/ros2/ROS2Moveit2ControlARoboticArm/moveit2_ws/install/local_setup.sh'
[1.831s] INFO:colcon.colcon_core.shell:Creating prefix util module '/home/johotan/ros2/ROS2Moveit2ControlARoboticArm/moveit2_ws/install/_local_setup_util_sh.py'
[1.832s] INFO:colcon.colcon_core.shell:Creating prefix chain script '/home/johotan/ros2/ROS2Moveit2ControlARoboticArm/moveit2_ws/install/setup.sh'
[1.833s] INFO:colcon.colcon_core.shell:Creating prefix script '/home/johotan/ros2/ROS2Moveit2ControlARoboticArm/moveit2_ws/install/local_setup.bash'
[1.833s] INFO:colcon.colcon_core.shell:Creating prefix chain script '/home/johotan/ros2/ROS2Moveit2ControlARoboticArm/moveit2_ws/install/setup.bash'
[1.834s] INFO:colcon.colcon_core.shell:Creating prefix script '/home/johotan/ros2/ROS2Moveit2ControlARoboticArm/moveit2_ws/install/local_setup.zsh'
[1.835s] INFO:colcon.colcon_core.shell:Creating prefix chain script '/home/johotan/ros2/ROS2Moveit2ControlARoboticArm/moveit2_ws/install/setup.zsh'
