[0.304s] DEBUG:colcon:Command line arguments: ['/usr/bin/colcon', 'build']
[0.305s] DEBUG:colcon:Parsed command line arguments: Namespace(log_base=None, log_level=None, verb_name='build', build_base='build', install_base='install', merge_install=False, symlink_install=False, test_result_base=None, continue_on_error=False, executor='parallel', parallel_workers=4, event_handlers=None, ignore_user_meta=False, metas=['./colcon.meta'], base_paths=['.'], packages_ignore=None, packages_ignore_regex=None, paths=None, packages_up_to=None, packages_up_to_regex=None, packages_above=None, packages_above_and_dependencies=None, packages_above_depth=None, packages_select_by_dep=None, packages_skip_by_dep=None, packages_skip_up_to=None, packages_select_build_failed=False, packages_skip_build_finished=False, packages_select_test_failures=False, packages_skip_test_passed=False, packages_select=None, packages_skip=None, packages_select_regex=None, packages_skip_regex=None, packages_start=None, packages_end=None, allow_overriding=[], cmake_args=None, cmake_target=None, cmake_target_skip_unavailable=False, cmake_clean_cache=False, cmake_clean_first=False, cmake_force_configure=False, ament_cmake_args=None, catkin_cmake_args=None, catkin_skip_building_tests=False, mixin_files=None, mixin=None, verb_parser=<colcon_mixin.mixin.mixin_argument.MixinArgumentDecorator object at 0x76b6c7823790>, verb_extension=<colcon_core.verb.build.BuildVerb object at 0x76b6c77e8cd0>, main=<bound method BuildVerb.main of <colcon_core.verb.build.BuildVerb object at 0x76b6c77e8cd0>>, mixin_verb=('build',))
[0.799s] Level 1:colcon.colcon_core.package_discovery:discover_packages(colcon_meta) check parameters
[0.799s] Level 1:colcon.colcon_core.package_discovery:discover_packages(recursive) check parameters
[0.799s] Level 1:colcon.colcon_core.package_discovery:discover_packages(ignore) check parameters
[0.799s] Level 1:colcon.colcon_core.package_discovery:discover_packages(path) check parameters
[0.799s] Level 1:colcon.colcon_core.package_discovery:discover_packages(colcon_meta) discover
[0.799s] Level 1:colcon.colcon_core.package_discovery:discover_packages(recursive) discover
[0.799s] INFO:colcon.colcon_core.package_discovery:Crawling recursively for packages in '/home/joho/ros2_ws/ROS2Moveit2ControlARoboticArm/moveit2_ws'
[0.799s] Level 1:colcon.colcon_core.package_identification:_identify(.) by extensions ['ignore', 'ignore_ament_install']
[0.800s] Level 1:colcon.colcon_core.package_identification:_identify(.) by extension 'ignore'
[0.800s] Level 1:colcon.colcon_core.package_identification:_identify(.) by extension 'ignore_ament_install'
[0.800s] Level 1:colcon.colcon_core.package_identification:_identify(.) by extensions ['colcon_pkg']
[0.800s] Level 1:colcon.colcon_core.package_identification:_identify(.) by extension 'colcon_pkg'
[0.800s] Level 1:colcon.colcon_core.package_identification:_identify(.) by extensions ['colcon_meta']
[0.800s] Level 1:colcon.colcon_core.package_identification:_identify(.) by extension 'colcon_meta'
[0.800s] Level 1:colcon.colcon_core.package_identification:_identify(.) by extensions ['ros']
[0.800s] Level 1:colcon.colcon_core.package_identification:_identify(.) by extension 'ros'
[0.828s] Level 1:colcon.colcon_core.package_identification:_identify(.) by extensions ['cmake', 'python']
[0.828s] Level 1:colcon.colcon_core.package_identification:_identify(.) by extension 'cmake'
[0.828s] Level 1:colcon.colcon_core.package_identification:_identify(.) by extension 'python'
[0.828s] Level 1:colcon.colcon_core.package_identification:_identify(.) by extensions ['python_setup_py']
[0.828s] Level 1:colcon.colcon_core.package_identification:_identify(.) by extension 'python_setup_py'
[0.828s] Level 1:colcon.colcon_core.package_identification:_identify(build) by extensions ['ignore', 'ignore_ament_install']
[0.828s] Level 1:colcon.colcon_core.package_identification:_identify(build) by extension 'ignore'
[0.829s] Level 1:colcon.colcon_core.package_identification:_identify(build) ignored
[0.829s] Level 1:colcon.colcon_core.package_identification:_identify(install) by extensions ['ignore', 'ignore_ament_install']
[0.829s] Level 1:colcon.colcon_core.package_identification:_identify(install) by extension 'ignore'
[0.829s] Level 1:colcon.colcon_core.package_identification:_identify(install) ignored
[0.829s] Level 1:colcon.colcon_core.package_identification:_identify(log) by extensions ['ignore', 'ignore_ament_install']
[0.829s] Level 1:colcon.colcon_core.package_identification:_identify(log) by extension 'ignore'
[0.830s] Level 1:colcon.colcon_core.package_identification:_identify(log) ignored
[0.830s] Level 1:colcon.colcon_core.package_identification:_identify(src) by extensions ['ignore', 'ignore_ament_install']
[0.830s] Level 1:colcon.colcon_core.package_identification:_identify(src) by extension 'ignore'
[0.830s] Level 1:colcon.colcon_core.package_identification:_identify(src) by extension 'ignore_ament_install'
[0.830s] Level 1:colcon.colcon_core.package_identification:_identify(src) by extensions ['colcon_pkg']
[0.830s] Level 1:colcon.colcon_core.package_identification:_identify(src) by extension 'colcon_pkg'
[0.830s] Level 1:colcon.colcon_core.package_identification:_identify(src) by extensions ['colcon_meta']
[0.830s] Level 1:colcon.colcon_core.package_identification:_identify(src) by extension 'colcon_meta'
[0.830s] Level 1:colcon.colcon_core.package_identification:_identify(src) by extensions ['ros']
[0.831s] Level 1:colcon.colcon_core.package_identification:_identify(src) by extension 'ros'
[0.831s] Level 1:colcon.colcon_core.package_identification:_identify(src) by extensions ['cmake', 'python']
[0.831s] Level 1:colcon.colcon_core.package_identification:_identify(src) by extension 'cmake'
[0.831s] Level 1:colcon.colcon_core.package_identification:_identify(src) by extension 'python'
[0.831s] Level 1:colcon.colcon_core.package_identification:_identify(src) by extensions ['python_setup_py']
[0.831s] Level 1:colcon.colcon_core.package_identification:_identify(src) by extension 'python_setup_py'
[0.831s] Level 1:colcon.colcon_core.package_identification:_identify(src/my_robot_bringup) by extensions ['ignore', 'ignore_ament_install']
[0.831s] Level 1:colcon.colcon_core.package_identification:_identify(src/my_robot_bringup) by extension 'ignore'
[0.832s] Level 1:colcon.colcon_core.package_identification:_identify(src/my_robot_bringup) by extension 'ignore_ament_install'
[0.832s] Level 1:colcon.colcon_core.package_identification:_identify(src/my_robot_bringup) by extensions ['colcon_pkg']
[0.832s] Level 1:colcon.colcon_core.package_identification:_identify(src/my_robot_bringup) by extension 'colcon_pkg'
[0.832s] Level 1:colcon.colcon_core.package_identification:_identify(src/my_robot_bringup) by extensions ['colcon_meta']
[0.832s] Level 1:colcon.colcon_core.package_identification:_identify(src/my_robot_bringup) by extension 'colcon_meta'
[0.832s] Level 1:colcon.colcon_core.package_identification:_identify(src/my_robot_bringup) by extensions ['ros']
[0.832s] Level 1:colcon.colcon_core.package_identification:_identify(src/my_robot_bringup) by extension 'ros'
[0.838s] DEBUG:colcon.colcon_core.package_identification:Package 'src/my_robot_bringup' with type 'ros.ament_cmake' and name 'my_robot_bringup'
[0.838s] Level 1:colcon.colcon_core.package_identification:_identify(src/my_robot_description) by extensions ['ignore', 'ignore_ament_install']
[0.838s] Level 1:colcon.colcon_core.package_identification:_identify(src/my_robot_description) by extension 'ignore'
[0.839s] Level 1:colcon.colcon_core.package_identification:_identify(src/my_robot_description) by extension 'ignore_ament_install'
[0.839s] Level 1:colcon.colcon_core.package_identification:_identify(src/my_robot_description) by extensions ['colcon_pkg']
[0.839s] Level 1:colcon.colcon_core.package_identification:_identify(src/my_robot_description) by extension 'colcon_pkg'
[0.839s] Level 1:colcon.colcon_core.package_identification:_identify(src/my_robot_description) by extensions ['colcon_meta']
[0.839s] Level 1:colcon.colcon_core.package_identification:_identify(src/my_robot_description) by extension 'colcon_meta'
[0.839s] Level 1:colcon.colcon_core.package_identification:_identify(src/my_robot_description) by extensions ['ros']
[0.839s] Level 1:colcon.colcon_core.package_identification:_identify(src/my_robot_description) by extension 'ros'
[0.841s] DEBUG:colcon.colcon_core.package_identification:Package 'src/my_robot_description' with type 'ros.ament_cmake' and name 'my_robot_description'
[0.841s] Level 1:colcon.colcon_core.package_identification:_identify(src/my_robot_moveit_config) by extensions ['ignore', 'ignore_ament_install']
[0.841s] Level 1:colcon.colcon_core.package_identification:_identify(src/my_robot_moveit_config) by extension 'ignore'
[0.841s] Level 1:colcon.colcon_core.package_identification:_identify(src/my_robot_moveit_config) by extension 'ignore_ament_install'
[0.842s] Level 1:colcon.colcon_core.package_identification:_identify(src/my_robot_moveit_config) by extensions ['colcon_pkg']
[0.842s] Level 1:colcon.colcon_core.package_identification:_identify(src/my_robot_moveit_config) by extension 'colcon_pkg'
[0.842s] Level 1:colcon.colcon_core.package_identification:_identify(src/my_robot_moveit_config) by extensions ['colcon_meta']
[0.842s] Level 1:colcon.colcon_core.package_identification:_identify(src/my_robot_moveit_config) by extension 'colcon_meta'
[0.842s] Level 1:colcon.colcon_core.package_identification:_identify(src/my_robot_moveit_config) by extensions ['ros']
[0.842s] Level 1:colcon.colcon_core.package_identification:_identify(src/my_robot_moveit_config) by extension 'ros'
[0.845s] DEBUG:colcon.colcon_core.package_identification:Package 'src/my_robot_moveit_config' with type 'ros.ament_cmake' and name 'my_robot_moveit_config'
[0.845s] Level 1:colcon.colcon_core.package_discovery:discover_packages(recursive) using defaults
[0.845s] Level 1:colcon.colcon_core.package_discovery:discover_packages(ignore) discover
[0.846s] Level 1:colcon.colcon_core.package_discovery:discover_packages(ignore) using defaults
[0.846s] Level 1:colcon.colcon_core.package_discovery:discover_packages(path) discover
[0.846s] Level 1:colcon.colcon_core.package_discovery:discover_packages(path) using defaults
[0.932s] Level 1:colcon.colcon_core.package_discovery:discover_packages(prefix_path) check parameters
[0.932s] Level 1:colcon.colcon_core.package_discovery:discover_packages(prefix_path) discover
[0.935s] WARNING:colcon.colcon_core.prefix_path.colcon:The path '/home/joho/ros2_ws/ROS2Moveit2ControlARoboticArm/install' in the environment variable COLCON_PREFIX_PATH doesn't exist
[0.935s] WARNING:colcon.colcon_ros.prefix_path.ament:The path '/home/joho/ros2_ws/ROS2Moveit2ControlARoboticArm/install/my_robot_bringup' in the environment variable AMENT_PREFIX_PATH doesn't exist
[0.935s] WARNING:colcon.colcon_ros.prefix_path.ament:The path '/home/joho/ros2_ws/ROS2Moveit2ControlARoboticArm/install/my_robot_moveit_config' in the environment variable AMENT_PREFIX_PATH doesn't exist
[0.935s] WARNING:colcon.colcon_ros.prefix_path.ament:The path '/home/joho/ros2_ws/ROS2Moveit2ControlARoboticArm/install/my_robot_description' in the environment variable AMENT_PREFIX_PATH doesn't exist
[0.935s] WARNING:colcon.colcon_ros.prefix_path.ament:The path '/home/joho/ros2_ws/ROS2Moveit2ControlARoboticArm/moveit2_ws/install/my_robot_bringup' in the environment variable AMENT_PREFIX_PATH doesn't exist
[0.935s] WARNING:colcon.colcon_ros.prefix_path.ament:The path '/home/joho/ros2_ws/ROS2Moveit2ControlARoboticArm/moveit2_ws/install/my_robot_moveit_config' in the environment variable AMENT_PREFIX_PATH doesn't exist
[0.936s] WARNING:colcon.colcon_ros.prefix_path.ament:The path '/home/joho/ros2_ws/ROS2Moveit2ControlARoboticArm/moveit2_ws/install/my_robot_description' in the environment variable AMENT_PREFIX_PATH doesn't exist
[0.937s] WARNING:colcon.colcon_ros.prefix_path.catkin:The path '/home/joho/ros2_ws/ROS2Moveit2ControlARoboticArm/install/my_robot_bringup' in the environment variable CMAKE_PREFIX_PATH doesn't exist
[0.937s] WARNING:colcon.colcon_ros.prefix_path.catkin:The path '/home/joho/ros2_ws/ROS2Moveit2ControlARoboticArm/install/my_robot_moveit_config' in the environment variable CMAKE_PREFIX_PATH doesn't exist
[0.937s] WARNING:colcon.colcon_ros.prefix_path.catkin:The path '/home/joho/ros2_ws/ROS2Moveit2ControlARoboticArm/install/my_robot_description' in the environment variable CMAKE_PREFIX_PATH doesn't exist
[0.937s] WARNING:colcon.colcon_ros.prefix_path.catkin:The path '/home/joho/ros2_ws/ROS2Moveit2ControlARoboticArm/moveit2_ws/install/my_robot_bringup' in the environment variable CMAKE_PREFIX_PATH doesn't exist
[0.938s] WARNING:colcon.colcon_ros.prefix_path.catkin:The path '/home/joho/ros2_ws/ROS2Moveit2ControlARoboticArm/moveit2_ws/install/my_robot_moveit_config' in the environment variable CMAKE_PREFIX_PATH doesn't exist
[0.938s] WARNING:colcon.colcon_ros.prefix_path.catkin:The path '/home/joho/ros2_ws/ROS2Moveit2ControlARoboticArm/moveit2_ws/install/my_robot_description' in the environment variable CMAKE_PREFIX_PATH doesn't exist
[0.939s] DEBUG:colcon.colcon_installed_package_information.package_discovery:Found 0 installed packages in /home/joho/ros2_ws/ROS2Moveit2ControlARoboticArm/moveit2_ws/install
[0.942s] DEBUG:colcon.colcon_installed_package_information.package_discovery:Found 10 installed packages in /home/joho/Documents/RoboticsAndROS2-LearnByDoingManipulators/arduinobot_ws/install
[0.949s] DEBUG:colcon.colcon_installed_package_information.package_discovery:Found 425 installed packages in /opt/ros/humble
[0.959s] Level 1:colcon.colcon_core.package_discovery:discover_packages(prefix_path) using defaults
[1.124s] Level 5:colcon.colcon_core.verb:set package 'my_robot_description' build argument 'cmake_args' from command line to 'None'
[1.124s] Level 5:colcon.colcon_core.verb:set package 'my_robot_description' build argument 'cmake_target' from command line to 'None'
[1.124s] Level 5:colcon.colcon_core.verb:set package 'my_robot_description' build argument 'cmake_target_skip_unavailable' from command line to 'False'
[1.124s] Level 5:colcon.colcon_core.verb:set package 'my_robot_description' build argument 'cmake_clean_cache' from command line to 'False'
[1.124s] Level 5:colcon.colcon_core.verb:set package 'my_robot_description' build argument 'cmake_clean_first' from command line to 'False'
[1.124s] Level 5:colcon.colcon_core.verb:set package 'my_robot_description' build argument 'cmake_force_configure' from command line to 'False'
[1.124s] Level 5:colcon.colcon_core.verb:set package 'my_robot_description' build argument 'ament_cmake_args' from command line to 'None'
[1.124s] Level 5:colcon.colcon_core.verb:set package 'my_robot_description' build argument 'catkin_cmake_args' from command line to 'None'
[1.124s] Level 5:colcon.colcon_core.verb:set package 'my_robot_description' build argument 'catkin_skip_building_tests' from command line to 'False'
[1.124s] DEBUG:colcon.colcon_core.verb:Building package 'my_robot_description' with the following arguments: {'ament_cmake_args': None, 'build_base': '/home/joho/ros2_ws/ROS2Moveit2ControlARoboticArm/moveit2_ws/build/my_robot_description', 'catkin_cmake_args': None, 'catkin_skip_building_tests': False, 'cmake_args': None, 'cmake_clean_cache': False, 'cmake_clean_first': False, 'cmake_force_configure': False, 'cmake_target': None, 'cmake_target_skip_unavailable': False, 'install_base': '/home/joho/ros2_ws/ROS2Moveit2ControlARoboticArm/moveit2_ws/install/my_robot_description', 'merge_install': False, 'path': '/home/joho/ros2_ws/ROS2Moveit2ControlARoboticArm/moveit2_ws/src/my_robot_description', 'symlink_install': False, 'test_result_base': None}
[1.125s] Level 5:colcon.colcon_core.verb:set package 'my_robot_moveit_config' build argument 'cmake_args' from command line to 'None'
[1.125s] Level 5:colcon.colcon_core.verb:set package 'my_robot_moveit_config' build argument 'cmake_target' from command line to 'None'
[1.125s] Level 5:colcon.colcon_core.verb:set package 'my_robot_moveit_config' build argument 'cmake_target_skip_unavailable' from command line to 'False'
[1.126s] Level 5:colcon.colcon_core.verb:set package 'my_robot_moveit_config' build argument 'cmake_clean_cache' from command line to 'False'
[1.126s] Level 5:colcon.colcon_core.verb:set package 'my_robot_moveit_config' build argument 'cmake_clean_first' from command line to 'False'
[1.126s] Level 5:colcon.colcon_core.verb:set package 'my_robot_moveit_config' build argument 'cmake_force_configure' from command line to 'False'
[1.126s] Level 5:colcon.colcon_core.verb:set package 'my_robot_moveit_config' build argument 'ament_cmake_args' from command line to 'None'
[1.126s] Level 5:colcon.colcon_core.verb:set package 'my_robot_moveit_config' build argument 'catkin_cmake_args' from command line to 'None'
[1.126s] Level 5:colcon.colcon_core.verb:set package 'my_robot_moveit_config' build argument 'catkin_skip_building_tests' from command line to 'False'
[1.126s] DEBUG:colcon.colcon_core.verb:Building package 'my_robot_moveit_config' with the following arguments: {'ament_cmake_args': None, 'build_base': '/home/joho/ros2_ws/ROS2Moveit2ControlARoboticArm/moveit2_ws/build/my_robot_moveit_config', 'catkin_cmake_args': None, 'catkin_skip_building_tests': False, 'cmake_args': None, 'cmake_clean_cache': False, 'cmake_clean_first': False, 'cmake_force_configure': False, 'cmake_target': None, 'cmake_target_skip_unavailable': False, 'install_base': '/home/joho/ros2_ws/ROS2Moveit2ControlARoboticArm/moveit2_ws/install/my_robot_moveit_config', 'merge_install': False, 'path': '/home/joho/ros2_ws/ROS2Moveit2ControlARoboticArm/moveit2_ws/src/my_robot_moveit_config', 'symlink_install': False, 'test_result_base': None}
[1.127s] Level 5:colcon.colcon_core.verb:set package 'my_robot_bringup' build argument 'cmake_args' from command line to 'None'
[1.127s] Level 5:colcon.colcon_core.verb:set package 'my_robot_bringup' build argument 'cmake_target' from command line to 'None'
[1.127s] Level 5:colcon.colcon_core.verb:set package 'my_robot_bringup' build argument 'cmake_target_skip_unavailable' from command line to 'False'
[1.127s] Level 5:colcon.colcon_core.verb:set package 'my_robot_bringup' build argument 'cmake_clean_cache' from command line to 'False'
[1.127s] Level 5:colcon.colcon_core.verb:set package 'my_robot_bringup' build argument 'cmake_clean_first' from command line to 'False'
[1.127s] Level 5:colcon.colcon_core.verb:set package 'my_robot_bringup' build argument 'cmake_force_configure' from command line to 'False'
[1.127s] Level 5:colcon.colcon_core.verb:set package 'my_robot_bringup' build argument 'ament_cmake_args' from command line to 'None'
[1.127s] Level 5:colcon.colcon_core.verb:set package 'my_robot_bringup' build argument 'catkin_cmake_args' from command line to 'None'
[1.127s] Level 5:colcon.colcon_core.verb:set package 'my_robot_bringup' build argument 'catkin_skip_building_tests' from command line to 'False'
[1.127s] DEBUG:colcon.colcon_core.verb:Building package 'my_robot_bringup' with the following arguments: {'ament_cmake_args': None, 'build_base': '/home/joho/ros2_ws/ROS2Moveit2ControlARoboticArm/moveit2_ws/build/my_robot_bringup', 'catkin_cmake_args': None, 'catkin_skip_building_tests': False, 'cmake_args': None, 'cmake_clean_cache': False, 'cmake_clean_first': False, 'cmake_force_configure': False, 'cmake_target': None, 'cmake_target_skip_unavailable': False, 'install_base': '/home/joho/ros2_ws/ROS2Moveit2ControlARoboticArm/moveit2_ws/install/my_robot_bringup', 'merge_install': False, 'path': '/home/joho/ros2_ws/ROS2Moveit2ControlARoboticArm/moveit2_ws/src/my_robot_bringup', 'symlink_install': False, 'test_result_base': None}
[1.128s] INFO:colcon.colcon_core.executor:Executing jobs using 'parallel' executor
[1.130s] DEBUG:colcon.colcon_parallel_executor.executor.parallel:run_until_complete
[1.131s] INFO:colcon.colcon_ros.task.ament_cmake.build:Building ROS package in '/home/joho/ros2_ws/ROS2Moveit2ControlARoboticArm/moveit2_ws/src/my_robot_description' with build type 'ament_cmake'
[1.131s] INFO:colcon.colcon_cmake.task.cmake.build:Building CMake package in '/home/joho/ros2_ws/ROS2Moveit2ControlARoboticArm/moveit2_ws/src/my_robot_description'
[1.136s] INFO:colcon.colcon_core.plugin_system:Skipping extension 'colcon_core.shell.bat': Not used on non-Windows systems
[1.137s] INFO:colcon.colcon_core.shell:Skip shell extension 'powershell' for command environment: Not usable outside of PowerShell
[1.137s] DEBUG:colcon.colcon_core.shell:Skip shell extension 'dsv' for command environment
[1.164s] DEBUG:colcon.colcon_core.event_handler.log_command:Invoking command in '/home/joho/ros2_ws/ROS2Moveit2ControlARoboticArm/moveit2_ws/build/my_robot_description': CMAKE_PREFIX_PATH=${CMAKE_PREFIX_PATH}:/home/joho/Documents/RoboticsAndROS2-LearnByDoingManipulators/arduinobot_ws/install/arduinobot_py_examples:/opt/ros/humble /usr/bin/cmake /home/joho/ros2_ws/ROS2Moveit2ControlARoboticArm/moveit2_ws/src/my_robot_description -DCMAKE_INSTALL_PREFIX=/home/joho/ros2_ws/ROS2Moveit2ControlARoboticArm/moveit2_ws/install/my_robot_description
[2.833s] DEBUG:colcon.colcon_core.event_handler.log_command:Invoked command in '/home/joho/ros2_ws/ROS2Moveit2ControlARoboticArm/moveit2_ws/build/my_robot_description' returned '0': CMAKE_PREFIX_PATH=${CMAKE_PREFIX_PATH}:/home/joho/Documents/RoboticsAndROS2-LearnByDoingManipulators/arduinobot_ws/install/arduinobot_py_examples:/opt/ros/humble /usr/bin/cmake /home/joho/ros2_ws/ROS2Moveit2ControlARoboticArm/moveit2_ws/src/my_robot_description -DCMAKE_INSTALL_PREFIX=/home/joho/ros2_ws/ROS2Moveit2ControlARoboticArm/moveit2_ws/install/my_robot_description
[2.841s] DEBUG:colcon.colcon_core.event_handler.log_command:Invoking command in '/home/joho/ros2_ws/ROS2Moveit2ControlARoboticArm/moveit2_ws/build/my_robot_description': CMAKE_PREFIX_PATH=${CMAKE_PREFIX_PATH}:/home/joho/Documents/RoboticsAndROS2-LearnByDoingManipulators/arduinobot_ws/install/arduinobot_py_examples:/opt/ros/humble /usr/bin/cmake --build /home/joho/ros2_ws/ROS2Moveit2ControlARoboticArm/moveit2_ws/build/my_robot_description -- -j4 -l4
[2.940s] DEBUG:colcon.colcon_core.event_handler.log_command:Invoked command in '/home/joho/ros2_ws/ROS2Moveit2ControlARoboticArm/moveit2_ws/build/my_robot_description' returned '0': CMAKE_PREFIX_PATH=${CMAKE_PREFIX_PATH}:/home/joho/Documents/RoboticsAndROS2-LearnByDoingManipulators/arduinobot_ws/install/arduinobot_py_examples:/opt/ros/humble /usr/bin/cmake --build /home/joho/ros2_ws/ROS2Moveit2ControlARoboticArm/moveit2_ws/build/my_robot_description -- -j4 -l4
[2.973s] DEBUG:colcon.colcon_core.event_handler.log_command:Invoking command in '/home/joho/ros2_ws/ROS2Moveit2ControlARoboticArm/moveit2_ws/build/my_robot_description': CMAKE_PREFIX_PATH=${CMAKE_PREFIX_PATH}:/home/joho/Documents/RoboticsAndROS2-LearnByDoingManipulators/arduinobot_ws/install/arduinobot_py_examples:/opt/ros/humble /usr/bin/cmake --install /home/joho/ros2_ws/ROS2Moveit2ControlARoboticArm/moveit2_ws/build/my_robot_description
[3.001s] Level 1:colcon.colcon_core.environment:create_environment_scripts_only(my_robot_description)
[3.002s] DEBUG:colcon.colcon_core.event_handler.log_command:Invoked command in '/home/joho/ros2_ws/ROS2Moveit2ControlARoboticArm/moveit2_ws/build/my_robot_description' returned '0': CMAKE_PREFIX_PATH=${CMAKE_PREFIX_PATH}:/home/joho/Documents/RoboticsAndROS2-LearnByDoingManipulators/arduinobot_ws/install/arduinobot_py_examples:/opt/ros/humble /usr/bin/cmake --install /home/joho/ros2_ws/ROS2Moveit2ControlARoboticArm/moveit2_ws/build/my_robot_description
[3.007s] Level 1:colcon.colcon_core.environment:checking '/home/joho/ros2_ws/ROS2Moveit2ControlARoboticArm/moveit2_ws/install/my_robot_description' for CMake module files
[3.009s] Level 1:colcon.colcon_core.environment:checking '/home/joho/ros2_ws/ROS2Moveit2ControlARoboticArm/moveit2_ws/install/my_robot_description' for CMake config files
[3.010s] Level 1:colcon.colcon_core.shell:create_environment_hook('my_robot_description', 'cmake_prefix_path')
[3.010s] INFO:colcon.colcon_core.shell:Creating environment hook '/home/joho/ros2_ws/ROS2Moveit2ControlARoboticArm/moveit2_ws/install/my_robot_description/share/my_robot_description/hook/cmake_prefix_path.ps1'
[3.012s] INFO:colcon.colcon_core.shell:Creating environment descriptor '/home/joho/ros2_ws/ROS2Moveit2ControlARoboticArm/moveit2_ws/install/my_robot_description/share/my_robot_description/hook/cmake_prefix_path.dsv'
[3.012s] INFO:colcon.colcon_core.shell:Creating environment hook '/home/joho/ros2_ws/ROS2Moveit2ControlARoboticArm/moveit2_ws/install/my_robot_description/share/my_robot_description/hook/cmake_prefix_path.sh'
[3.014s] Level 1:colcon.colcon_core.environment:checking '/home/joho/ros2_ws/ROS2Moveit2ControlARoboticArm/moveit2_ws/install/my_robot_description/bin'
[3.014s] Level 1:colcon.colcon_core.environment:checking '/home/joho/ros2_ws/ROS2Moveit2ControlARoboticArm/moveit2_ws/install/my_robot_description/lib/pkgconfig/my_robot_description.pc'
[3.015s] Level 1:colcon.colcon_core.environment:checking '/home/joho/ros2_ws/ROS2Moveit2ControlARoboticArm/moveit2_ws/install/my_robot_description/lib/python3.10/site-packages'
[3.016s] Level 1:colcon.colcon_core.environment:checking '/home/joho/ros2_ws/ROS2Moveit2ControlARoboticArm/moveit2_ws/install/my_robot_description/bin'
[3.017s] INFO:colcon.colcon_core.shell:Creating package script '/home/joho/ros2_ws/ROS2Moveit2ControlARoboticArm/moveit2_ws/install/my_robot_description/share/my_robot_description/package.ps1'
[3.019s] INFO:colcon.colcon_core.shell:Creating package descriptor '/home/joho/ros2_ws/ROS2Moveit2ControlARoboticArm/moveit2_ws/install/my_robot_description/share/my_robot_description/package.dsv'
[3.020s] INFO:colcon.colcon_core.shell:Creating package script '/home/joho/ros2_ws/ROS2Moveit2ControlARoboticArm/moveit2_ws/install/my_robot_description/share/my_robot_description/package.sh'
[3.023s] INFO:colcon.colcon_core.shell:Creating package script '/home/joho/ros2_ws/ROS2Moveit2ControlARoboticArm/moveit2_ws/install/my_robot_description/share/my_robot_description/package.bash'
[3.026s] INFO:colcon.colcon_core.shell:Creating package script '/home/joho/ros2_ws/ROS2Moveit2ControlARoboticArm/moveit2_ws/install/my_robot_description/share/my_robot_description/package.zsh'
[3.029s] Level 1:colcon.colcon_core.environment:create_file_with_runtime_dependencies(/home/joho/ros2_ws/ROS2Moveit2ControlARoboticArm/moveit2_ws/install/my_robot_description/share/colcon-core/packages/my_robot_description)
[3.031s] Level 1:colcon.colcon_core.environment:create_environment_scripts_only(my_robot_description)
[3.032s] Level 1:colcon.colcon_core.environment:checking '/home/joho/ros2_ws/ROS2Moveit2ControlARoboticArm/moveit2_ws/install/my_robot_description' for CMake module files
[3.034s] Level 1:colcon.colcon_core.environment:checking '/home/joho/ros2_ws/ROS2Moveit2ControlARoboticArm/moveit2_ws/install/my_robot_description' for CMake config files
[3.035s] Level 1:colcon.colcon_core.shell:create_environment_hook('my_robot_description', 'cmake_prefix_path')
[3.036s] INFO:colcon.colcon_core.shell:Creating environment hook '/home/joho/ros2_ws/ROS2Moveit2ControlARoboticArm/moveit2_ws/install/my_robot_description/share/my_robot_description/hook/cmake_prefix_path.ps1'
[3.037s] INFO:colcon.colcon_core.shell:Creating environment descriptor '/home/joho/ros2_ws/ROS2Moveit2ControlARoboticArm/moveit2_ws/install/my_robot_description/share/my_robot_description/hook/cmake_prefix_path.dsv'
[3.038s] INFO:colcon.colcon_core.shell:Creating environment hook '/home/joho/ros2_ws/ROS2Moveit2ControlARoboticArm/moveit2_ws/install/my_robot_description/share/my_robot_description/hook/cmake_prefix_path.sh'
[3.040s] Level 1:colcon.colcon_core.environment:checking '/home/joho/ros2_ws/ROS2Moveit2ControlARoboticArm/moveit2_ws/install/my_robot_description/bin'
[3.040s] Level 1:colcon.colcon_core.environment:checking '/home/joho/ros2_ws/ROS2Moveit2ControlARoboticArm/moveit2_ws/install/my_robot_description/lib/pkgconfig/my_robot_description.pc'
[3.041s] Level 1:colcon.colcon_core.environment:checking '/home/joho/ros2_ws/ROS2Moveit2ControlARoboticArm/moveit2_ws/install/my_robot_description/lib/python3.10/site-packages'
[3.042s] Level 1:colcon.colcon_core.environment:checking '/home/joho/ros2_ws/ROS2Moveit2ControlARoboticArm/moveit2_ws/install/my_robot_description/bin'
[3.043s] INFO:colcon.colcon_core.shell:Creating package script '/home/joho/ros2_ws/ROS2Moveit2ControlARoboticArm/moveit2_ws/install/my_robot_description/share/my_robot_description/package.ps1'
[3.045s] INFO:colcon.colcon_core.shell:Creating package descriptor '/home/joho/ros2_ws/ROS2Moveit2ControlARoboticArm/moveit2_ws/install/my_robot_description/share/my_robot_description/package.dsv'
[3.046s] INFO:colcon.colcon_core.shell:Creating package script '/home/joho/ros2_ws/ROS2Moveit2ControlARoboticArm/moveit2_ws/install/my_robot_description/share/my_robot_description/package.sh'
[3.047s] INFO:colcon.colcon_core.shell:Creating package script '/home/joho/ros2_ws/ROS2Moveit2ControlARoboticArm/moveit2_ws/install/my_robot_description/share/my_robot_description/package.bash'
[3.048s] INFO:colcon.colcon_core.shell:Creating package script '/home/joho/ros2_ws/ROS2Moveit2ControlARoboticArm/moveit2_ws/install/my_robot_description/share/my_robot_description/package.zsh'
[3.048s] Level 1:colcon.colcon_core.environment:create_file_with_runtime_dependencies(/home/joho/ros2_ws/ROS2Moveit2ControlARoboticArm/moveit2_ws/install/my_robot_description/share/colcon-core/packages/my_robot_description)
[3.049s] INFO:colcon.colcon_ros.task.ament_cmake.build:Building ROS package in '/home/joho/ros2_ws/ROS2Moveit2ControlARoboticArm/moveit2_ws/src/my_robot_moveit_config' with build type 'ament_cmake'
[3.049s] INFO:colcon.colcon_cmake.task.cmake.build:Building CMake package in '/home/joho/ros2_ws/ROS2Moveit2ControlARoboticArm/moveit2_ws/src/my_robot_moveit_config'
[3.050s] INFO:colcon.colcon_core.shell:Skip shell extension 'powershell' for command environment: Not usable outside of PowerShell
[3.050s] DEBUG:colcon.colcon_core.shell:Skip shell extension 'dsv' for command environment
[3.076s] DEBUG:colcon.colcon_core.event_handler.log_command:Invoking command in '/home/joho/ros2_ws/ROS2Moveit2ControlARoboticArm/moveit2_ws/build/my_robot_moveit_config': CMAKE_PREFIX_PATH=/home/joho/ros2_ws/ROS2Moveit2ControlARoboticArm/moveit2_ws/install/my_robot_description:/home/joho/ros2_ws/ROS2Moveit2ControlARoboticArm/install/my_robot_bringup:/home/joho/ros2_ws/ROS2Moveit2ControlARoboticArm/install/my_robot_moveit_config:/home/joho/ros2_ws/ROS2Moveit2ControlARoboticArm/install/my_robot_description:/home/joho/ros2_ws/ROS2Moveit2ControlARoboticArm/moveit2_ws/install/my_robot_bringup:/home/joho/ros2_ws/ROS2Moveit2ControlARoboticArm/moveit2_ws/install/my_robot_moveit_config:/home/joho/Documents/RoboticsAndROS2-LearnByDoingManipulators/arduinobot_ws/install/arduinobot_utils:/home/joho/Documents/RoboticsAndROS2-LearnByDoingManipulators/arduinobot_ws/install/arduinobot_remote:/home/joho/Documents/RoboticsAndROS2-LearnByDoingManipulators/arduinobot_ws/install/arduinobot_cpp_examples:/home/joho/Documents/RoboticsAndROS2-LearnByDoingManipulators/arduinobot_ws/install/arduinobot_msgs:/home/joho/Documents/RoboticsAndROS2-LearnByDoingManipulators/arduinobot_ws/install/arduinobot_moveit:/home/joho/Documents/RoboticsAndROS2-LearnByDoingManipulators/arduinobot_ws/install/arduinobot_firmware:/home/joho/Documents/RoboticsAndROS2-LearnByDoingManipulators/arduinobot_ws/install/arduinobot_description:/home/joho/Documents/RoboticsAndROS2-LearnByDoingManipulators/arduinobot_ws/install/arduinobot_controller:/home/joho/Documents/RoboticsAndROS2-LearnByDoingManipulators/arduinobot_ws/install/arduinobot_bringup:/home/joho/Documents/RoboticsAndROS2-LearnByDoingManipulators/arduinobot_ws/install/arduinobot_py_examples:/opt/ros/humble /usr/bin/cmake /home/joho/ros2_ws/ROS2Moveit2ControlARoboticArm/moveit2_ws/src/my_robot_moveit_config -DCMAKE_INSTALL_PREFIX=/home/joho/ros2_ws/ROS2Moveit2ControlARoboticArm/moveit2_ws/install/my_robot_moveit_config
[4.733s] DEBUG:colcon.colcon_core.event_handler.log_command:Invoked command in '/home/joho/ros2_ws/ROS2Moveit2ControlARoboticArm/moveit2_ws/build/my_robot_moveit_config' returned '0': CMAKE_PREFIX_PATH=/home/joho/ros2_ws/ROS2Moveit2ControlARoboticArm/moveit2_ws/install/my_robot_description:/home/joho/ros2_ws/ROS2Moveit2ControlARoboticArm/install/my_robot_bringup:/home/joho/ros2_ws/ROS2Moveit2ControlARoboticArm/install/my_robot_moveit_config:/home/joho/ros2_ws/ROS2Moveit2ControlARoboticArm/install/my_robot_description:/home/joho/ros2_ws/ROS2Moveit2ControlARoboticArm/moveit2_ws/install/my_robot_bringup:/home/joho/ros2_ws/ROS2Moveit2ControlARoboticArm/moveit2_ws/install/my_robot_moveit_config:/home/joho/Documents/RoboticsAndROS2-LearnByDoingManipulators/arduinobot_ws/install/arduinobot_utils:/home/joho/Documents/RoboticsAndROS2-LearnByDoingManipulators/arduinobot_ws/install/arduinobot_remote:/home/joho/Documents/RoboticsAndROS2-LearnByDoingManipulators/arduinobot_ws/install/arduinobot_cpp_examples:/home/joho/Documents/RoboticsAndROS2-LearnByDoingManipulators/arduinobot_ws/install/arduinobot_msgs:/home/joho/Documents/RoboticsAndROS2-LearnByDoingManipulators/arduinobot_ws/install/arduinobot_moveit:/home/joho/Documents/RoboticsAndROS2-LearnByDoingManipulators/arduinobot_ws/install/arduinobot_firmware:/home/joho/Documents/RoboticsAndROS2-LearnByDoingManipulators/arduinobot_ws/install/arduinobot_description:/home/joho/Documents/RoboticsAndROS2-LearnByDoingManipulators/arduinobot_ws/install/arduinobot_controller:/home/joho/Documents/RoboticsAndROS2-LearnByDoingManipulators/arduinobot_ws/install/arduinobot_bringup:/home/joho/Documents/RoboticsAndROS2-LearnByDoingManipulators/arduinobot_ws/install/arduinobot_py_examples:/opt/ros/humble /usr/bin/cmake /home/joho/ros2_ws/ROS2Moveit2ControlARoboticArm/moveit2_ws/src/my_robot_moveit_config -DCMAKE_INSTALL_PREFIX=/home/joho/ros2_ws/ROS2Moveit2ControlARoboticArm/moveit2_ws/install/my_robot_moveit_config
[4.736s] DEBUG:colcon.colcon_core.event_handler.log_command:Invoking command in '/home/joho/ros2_ws/ROS2Moveit2ControlARoboticArm/moveit2_ws/build/my_robot_moveit_config': CMAKE_PREFIX_PATH=/home/joho/ros2_ws/ROS2Moveit2ControlARoboticArm/moveit2_ws/install/my_robot_description:/home/joho/ros2_ws/ROS2Moveit2ControlARoboticArm/install/my_robot_bringup:/home/joho/ros2_ws/ROS2Moveit2ControlARoboticArm/install/my_robot_moveit_config:/home/joho/ros2_ws/ROS2Moveit2ControlARoboticArm/install/my_robot_description:/home/joho/ros2_ws/ROS2Moveit2ControlARoboticArm/moveit2_ws/install/my_robot_bringup:/home/joho/ros2_ws/ROS2Moveit2ControlARoboticArm/moveit2_ws/install/my_robot_moveit_config:/home/joho/Documents/RoboticsAndROS2-LearnByDoingManipulators/arduinobot_ws/install/arduinobot_utils:/home/joho/Documents/RoboticsAndROS2-LearnByDoingManipulators/arduinobot_ws/install/arduinobot_remote:/home/joho/Documents/RoboticsAndROS2-LearnByDoingManipulators/arduinobot_ws/install/arduinobot_cpp_examples:/home/joho/Documents/RoboticsAndROS2-LearnByDoingManipulators/arduinobot_ws/install/arduinobot_msgs:/home/joho/Documents/RoboticsAndROS2-LearnByDoingManipulators/arduinobot_ws/install/arduinobot_moveit:/home/joho/Documents/RoboticsAndROS2-LearnByDoingManipulators/arduinobot_ws/install/arduinobot_firmware:/home/joho/Documents/RoboticsAndROS2-LearnByDoingManipulators/arduinobot_ws/install/arduinobot_description:/home/joho/Documents/RoboticsAndROS2-LearnByDoingManipulators/arduinobot_ws/install/arduinobot_controller:/home/joho/Documents/RoboticsAndROS2-LearnByDoingManipulators/arduinobot_ws/install/arduinobot_bringup:/home/joho/Documents/RoboticsAndROS2-LearnByDoingManipulators/arduinobot_ws/install/arduinobot_py_examples:/opt/ros/humble /usr/bin/cmake --build /home/joho/ros2_ws/ROS2Moveit2ControlARoboticArm/moveit2_ws/build/my_robot_moveit_config -- -j4 -l4
[4.829s] DEBUG:colcon.colcon_core.event_handler.log_command:Invoked command in '/home/joho/ros2_ws/ROS2Moveit2ControlARoboticArm/moveit2_ws/build/my_robot_moveit_config' returned '0': CMAKE_PREFIX_PATH=/home/joho/ros2_ws/ROS2Moveit2ControlARoboticArm/moveit2_ws/install/my_robot_description:/home/joho/ros2_ws/ROS2Moveit2ControlARoboticArm/install/my_robot_bringup:/home/joho/ros2_ws/ROS2Moveit2ControlARoboticArm/install/my_robot_moveit_config:/home/joho/ros2_ws/ROS2Moveit2ControlARoboticArm/install/my_robot_description:/home/joho/ros2_ws/ROS2Moveit2ControlARoboticArm/moveit2_ws/install/my_robot_bringup:/home/joho/ros2_ws/ROS2Moveit2ControlARoboticArm/moveit2_ws/install/my_robot_moveit_config:/home/joho/Documents/RoboticsAndROS2-LearnByDoingManipulators/arduinobot_ws/install/arduinobot_utils:/home/joho/Documents/RoboticsAndROS2-LearnByDoingManipulators/arduinobot_ws/install/arduinobot_remote:/home/joho/Documents/RoboticsAndROS2-LearnByDoingManipulators/arduinobot_ws/install/arduinobot_cpp_examples:/home/joho/Documents/RoboticsAndROS2-LearnByDoingManipulators/arduinobot_ws/install/arduinobot_msgs:/home/joho/Documents/RoboticsAndROS2-LearnByDoingManipulators/arduinobot_ws/install/arduinobot_moveit:/home/joho/Documents/RoboticsAndROS2-LearnByDoingManipulators/arduinobot_ws/install/arduinobot_firmware:/home/joho/Documents/RoboticsAndROS2-LearnByDoingManipulators/arduinobot_ws/install/arduinobot_description:/home/joho/Documents/RoboticsAndROS2-LearnByDoingManipulators/arduinobot_ws/install/arduinobot_controller:/home/joho/Documents/RoboticsAndROS2-LearnByDoingManipulators/arduinobot_ws/install/arduinobot_bringup:/home/joho/Documents/RoboticsAndROS2-LearnByDoingManipulators/arduinobot_ws/install/arduinobot_py_examples:/opt/ros/humble /usr/bin/cmake --build /home/joho/ros2_ws/ROS2Moveit2ControlARoboticArm/moveit2_ws/build/my_robot_moveit_config -- -j4 -l4
[4.834s] DEBUG:colcon.colcon_core.event_handler.log_command:Invoking command in '/home/joho/ros2_ws/ROS2Moveit2ControlARoboticArm/moveit2_ws/build/my_robot_moveit_config': CMAKE_PREFIX_PATH=/home/joho/ros2_ws/ROS2Moveit2ControlARoboticArm/moveit2_ws/install/my_robot_description:/home/joho/ros2_ws/ROS2Moveit2ControlARoboticArm/install/my_robot_bringup:/home/joho/ros2_ws/ROS2Moveit2ControlARoboticArm/install/my_robot_moveit_config:/home/joho/ros2_ws/ROS2Moveit2ControlARoboticArm/install/my_robot_description:/home/joho/ros2_ws/ROS2Moveit2ControlARoboticArm/moveit2_ws/install/my_robot_bringup:/home/joho/ros2_ws/ROS2Moveit2ControlARoboticArm/moveit2_ws/install/my_robot_moveit_config:/home/joho/Documents/RoboticsAndROS2-LearnByDoingManipulators/arduinobot_ws/install/arduinobot_utils:/home/joho/Documents/RoboticsAndROS2-LearnByDoingManipulators/arduinobot_ws/install/arduinobot_remote:/home/joho/Documents/RoboticsAndROS2-LearnByDoingManipulators/arduinobot_ws/install/arduinobot_cpp_examples:/home/joho/Documents/RoboticsAndROS2-LearnByDoingManipulators/arduinobot_ws/install/arduinobot_msgs:/home/joho/Documents/RoboticsAndROS2-LearnByDoingManipulators/arduinobot_ws/install/arduinobot_moveit:/home/joho/Documents/RoboticsAndROS2-LearnByDoingManipulators/arduinobot_ws/install/arduinobot_firmware:/home/joho/Documents/RoboticsAndROS2-LearnByDoingManipulators/arduinobot_ws/install/arduinobot_description:/home/joho/Documents/RoboticsAndROS2-LearnByDoingManipulators/arduinobot_ws/install/arduinobot_controller:/home/joho/Documents/RoboticsAndROS2-LearnByDoingManipulators/arduinobot_ws/install/arduinobot_bringup:/home/joho/Documents/RoboticsAndROS2-LearnByDoingManipulators/arduinobot_ws/install/arduinobot_py_examples:/opt/ros/humble /usr/bin/cmake --install /home/joho/ros2_ws/ROS2Moveit2ControlARoboticArm/moveit2_ws/build/my_robot_moveit_config
[4.866s] Level 1:colcon.colcon_core.environment:create_environment_scripts_only(my_robot_moveit_config)
[4.868s] Level 1:colcon.colcon_core.environment:checking '/home/joho/ros2_ws/ROS2Moveit2ControlARoboticArm/moveit2_ws/install/my_robot_moveit_config' for CMake module files
[4.870s] DEBUG:colcon.colcon_core.event_handler.log_command:Invoked command in '/home/joho/ros2_ws/ROS2Moveit2ControlARoboticArm/moveit2_ws/build/my_robot_moveit_config' returned '0': CMAKE_PREFIX_PATH=/home/joho/ros2_ws/ROS2Moveit2ControlARoboticArm/moveit2_ws/install/my_robot_description:/home/joho/ros2_ws/ROS2Moveit2ControlARoboticArm/install/my_robot_bringup:/home/joho/ros2_ws/ROS2Moveit2ControlARoboticArm/install/my_robot_moveit_config:/home/joho/ros2_ws/ROS2Moveit2ControlARoboticArm/install/my_robot_description:/home/joho/ros2_ws/ROS2Moveit2ControlARoboticArm/moveit2_ws/install/my_robot_bringup:/home/joho/ros2_ws/ROS2Moveit2ControlARoboticArm/moveit2_ws/install/my_robot_moveit_config:/home/joho/Documents/RoboticsAndROS2-LearnByDoingManipulators/arduinobot_ws/install/arduinobot_utils:/home/joho/Documents/RoboticsAndROS2-LearnByDoingManipulators/arduinobot_ws/install/arduinobot_remote:/home/joho/Documents/RoboticsAndROS2-LearnByDoingManipulators/arduinobot_ws/install/arduinobot_cpp_examples:/home/joho/Documents/RoboticsAndROS2-LearnByDoingManipulators/arduinobot_ws/install/arduinobot_msgs:/home/joho/Documents/RoboticsAndROS2-LearnByDoingManipulators/arduinobot_ws/install/arduinobot_moveit:/home/joho/Documents/RoboticsAndROS2-LearnByDoingManipulators/arduinobot_ws/install/arduinobot_firmware:/home/joho/Documents/RoboticsAndROS2-LearnByDoingManipulators/arduinobot_ws/install/arduinobot_description:/home/joho/Documents/RoboticsAndROS2-LearnByDoingManipulators/arduinobot_ws/install/arduinobot_controller:/home/joho/Documents/RoboticsAndROS2-LearnByDoingManipulators/arduinobot_ws/install/arduinobot_bringup:/home/joho/Documents/RoboticsAndROS2-LearnByDoingManipulators/arduinobot_ws/install/arduinobot_py_examples:/opt/ros/humble /usr/bin/cmake --install /home/joho/ros2_ws/ROS2Moveit2ControlARoboticArm/moveit2_ws/build/my_robot_moveit_config
[4.871s] Level 1:colcon.colcon_core.environment:checking '/home/joho/ros2_ws/ROS2Moveit2ControlARoboticArm/moveit2_ws/install/my_robot_moveit_config' for CMake config files
[4.873s] Level 1:colcon.colcon_core.shell:create_environment_hook('my_robot_moveit_config', 'cmake_prefix_path')
[4.874s] INFO:colcon.colcon_core.shell:Creating environment hook '/home/joho/ros2_ws/ROS2Moveit2ControlARoboticArm/moveit2_ws/install/my_robot_moveit_config/share/my_robot_moveit_config/hook/cmake_prefix_path.ps1'
[4.875s] INFO:colcon.colcon_core.shell:Creating environment descriptor '/home/joho/ros2_ws/ROS2Moveit2ControlARoboticArm/moveit2_ws/install/my_robot_moveit_config/share/my_robot_moveit_config/hook/cmake_prefix_path.dsv'
[4.876s] INFO:colcon.colcon_core.shell:Creating environment hook '/home/joho/ros2_ws/ROS2Moveit2ControlARoboticArm/moveit2_ws/install/my_robot_moveit_config/share/my_robot_moveit_config/hook/cmake_prefix_path.sh'
[4.879s] Level 1:colcon.colcon_core.environment:checking '/home/joho/ros2_ws/ROS2Moveit2ControlARoboticArm/moveit2_ws/install/my_robot_moveit_config/bin'
[4.879s] Level 1:colcon.colcon_core.environment:checking '/home/joho/ros2_ws/ROS2Moveit2ControlARoboticArm/moveit2_ws/install/my_robot_moveit_config/lib/pkgconfig/my_robot_moveit_config.pc'
[4.880s] Level 1:colcon.colcon_core.environment:checking '/home/joho/ros2_ws/ROS2Moveit2ControlARoboticArm/moveit2_ws/install/my_robot_moveit_config/lib/python3.10/site-packages'
[4.882s] Level 1:colcon.colcon_core.environment:checking '/home/joho/ros2_ws/ROS2Moveit2ControlARoboticArm/moveit2_ws/install/my_robot_moveit_config/bin'
[4.884s] INFO:colcon.colcon_core.shell:Creating package script '/home/joho/ros2_ws/ROS2Moveit2ControlARoboticArm/moveit2_ws/install/my_robot_moveit_config/share/my_robot_moveit_config/package.ps1'
[4.885s] INFO:colcon.colcon_core.shell:Creating package descriptor '/home/joho/ros2_ws/ROS2Moveit2ControlARoboticArm/moveit2_ws/install/my_robot_moveit_config/share/my_robot_moveit_config/package.dsv'
[4.887s] INFO:colcon.colcon_core.shell:Creating package script '/home/joho/ros2_ws/ROS2Moveit2ControlARoboticArm/moveit2_ws/install/my_robot_moveit_config/share/my_robot_moveit_config/package.sh'
[4.890s] INFO:colcon.colcon_core.shell:Creating package script '/home/joho/ros2_ws/ROS2Moveit2ControlARoboticArm/moveit2_ws/install/my_robot_moveit_config/share/my_robot_moveit_config/package.bash'
[4.892s] INFO:colcon.colcon_core.shell:Creating package script '/home/joho/ros2_ws/ROS2Moveit2ControlARoboticArm/moveit2_ws/install/my_robot_moveit_config/share/my_robot_moveit_config/package.zsh'
[4.893s] Level 1:colcon.colcon_core.environment:create_file_with_runtime_dependencies(/home/joho/ros2_ws/ROS2Moveit2ControlARoboticArm/moveit2_ws/install/my_robot_moveit_config/share/colcon-core/packages/my_robot_moveit_config)
[4.895s] Level 1:colcon.colcon_core.environment:create_environment_scripts_only(my_robot_moveit_config)
[4.896s] Level 1:colcon.colcon_core.environment:checking '/home/joho/ros2_ws/ROS2Moveit2ControlARoboticArm/moveit2_ws/install/my_robot_moveit_config' for CMake module files
[4.898s] Level 1:colcon.colcon_core.environment:checking '/home/joho/ros2_ws/ROS2Moveit2ControlARoboticArm/moveit2_ws/install/my_robot_moveit_config' for CMake config files
[4.899s] Level 1:colcon.colcon_core.shell:create_environment_hook('my_robot_moveit_config', 'cmake_prefix_path')
[4.899s] INFO:colcon.colcon_core.shell:Creating environment hook '/home/joho/ros2_ws/ROS2Moveit2ControlARoboticArm/moveit2_ws/install/my_robot_moveit_config/share/my_robot_moveit_config/hook/cmake_prefix_path.ps1'
[4.900s] INFO:colcon.colcon_core.shell:Creating environment descriptor '/home/joho/ros2_ws/ROS2Moveit2ControlARoboticArm/moveit2_ws/install/my_robot_moveit_config/share/my_robot_moveit_config/hook/cmake_prefix_path.dsv'
[4.901s] INFO:colcon.colcon_core.shell:Creating environment hook '/home/joho/ros2_ws/ROS2Moveit2ControlARoboticArm/moveit2_ws/install/my_robot_moveit_config/share/my_robot_moveit_config/hook/cmake_prefix_path.sh'
[4.902s] Level 1:colcon.colcon_core.environment:checking '/home/joho/ros2_ws/ROS2Moveit2ControlARoboticArm/moveit2_ws/install/my_robot_moveit_config/bin'
[4.902s] Level 1:colcon.colcon_core.environment:checking '/home/joho/ros2_ws/ROS2Moveit2ControlARoboticArm/moveit2_ws/install/my_robot_moveit_config/lib/pkgconfig/my_robot_moveit_config.pc'
[4.903s] Level 1:colcon.colcon_core.environment:checking '/home/joho/ros2_ws/ROS2Moveit2ControlARoboticArm/moveit2_ws/install/my_robot_moveit_config/lib/python3.10/site-packages'
[4.904s] Level 1:colcon.colcon_core.environment:checking '/home/joho/ros2_ws/ROS2Moveit2ControlARoboticArm/moveit2_ws/install/my_robot_moveit_config/bin'
[4.904s] INFO:colcon.colcon_core.shell:Creating package script '/home/joho/ros2_ws/ROS2Moveit2ControlARoboticArm/moveit2_ws/install/my_robot_moveit_config/share/my_robot_moveit_config/package.ps1'
[4.906s] INFO:colcon.colcon_core.shell:Creating package descriptor '/home/joho/ros2_ws/ROS2Moveit2ControlARoboticArm/moveit2_ws/install/my_robot_moveit_config/share/my_robot_moveit_config/package.dsv'
[4.907s] INFO:colcon.colcon_core.shell:Creating package script '/home/joho/ros2_ws/ROS2Moveit2ControlARoboticArm/moveit2_ws/install/my_robot_moveit_config/share/my_robot_moveit_config/package.sh'
[4.908s] INFO:colcon.colcon_core.shell:Creating package script '/home/joho/ros2_ws/ROS2Moveit2ControlARoboticArm/moveit2_ws/install/my_robot_moveit_config/share/my_robot_moveit_config/package.bash'
[4.908s] INFO:colcon.colcon_core.shell:Creating package script '/home/joho/ros2_ws/ROS2Moveit2ControlARoboticArm/moveit2_ws/install/my_robot_moveit_config/share/my_robot_moveit_config/package.zsh'
[4.909s] Level 1:colcon.colcon_core.environment:create_file_with_runtime_dependencies(/home/joho/ros2_ws/ROS2Moveit2ControlARoboticArm/moveit2_ws/install/my_robot_moveit_config/share/colcon-core/packages/my_robot_moveit_config)
[4.910s] INFO:colcon.colcon_ros.task.ament_cmake.build:Building ROS package in '/home/joho/ros2_ws/ROS2Moveit2ControlARoboticArm/moveit2_ws/src/my_robot_bringup' with build type 'ament_cmake'
[4.910s] INFO:colcon.colcon_cmake.task.cmake.build:Building CMake package in '/home/joho/ros2_ws/ROS2Moveit2ControlARoboticArm/moveit2_ws/src/my_robot_bringup'
[4.911s] INFO:colcon.colcon_core.shell:Skip shell extension 'powershell' for command environment: Not usable outside of PowerShell
[4.911s] DEBUG:colcon.colcon_core.shell:Skip shell extension 'dsv' for command environment
[4.938s] DEBUG:colcon.colcon_core.event_handler.log_command:Invoking command in '/home/joho/ros2_ws/ROS2Moveit2ControlARoboticArm/moveit2_ws/build/my_robot_bringup': CMAKE_PREFIX_PATH=/home/joho/ros2_ws/ROS2Moveit2ControlARoboticArm/moveit2_ws/install/my_robot_moveit_config:/home/joho/ros2_ws/ROS2Moveit2ControlARoboticArm/moveit2_ws/install/my_robot_description:/home/joho/ros2_ws/ROS2Moveit2ControlARoboticArm/install/my_robot_bringup:/home/joho/ros2_ws/ROS2Moveit2ControlARoboticArm/install/my_robot_moveit_config:/home/joho/ros2_ws/ROS2Moveit2ControlARoboticArm/install/my_robot_description:/home/joho/ros2_ws/ROS2Moveit2ControlARoboticArm/moveit2_ws/install/my_robot_bringup:/home/joho/Documents/RoboticsAndROS2-LearnByDoingManipulators/arduinobot_ws/install/arduinobot_utils:/home/joho/Documents/RoboticsAndROS2-LearnByDoingManipulators/arduinobot_ws/install/arduinobot_remote:/home/joho/Documents/RoboticsAndROS2-LearnByDoingManipulators/arduinobot_ws/install/arduinobot_cpp_examples:/home/joho/Documents/RoboticsAndROS2-LearnByDoingManipulators/arduinobot_ws/install/arduinobot_msgs:/home/joho/Documents/RoboticsAndROS2-LearnByDoingManipulators/arduinobot_ws/install/arduinobot_moveit:/home/joho/Documents/RoboticsAndROS2-LearnByDoingManipulators/arduinobot_ws/install/arduinobot_firmware:/home/joho/Documents/RoboticsAndROS2-LearnByDoingManipulators/arduinobot_ws/install/arduinobot_description:/home/joho/Documents/RoboticsAndROS2-LearnByDoingManipulators/arduinobot_ws/install/arduinobot_controller:/home/joho/Documents/RoboticsAndROS2-LearnByDoingManipulators/arduinobot_ws/install/arduinobot_bringup:/home/joho/Documents/RoboticsAndROS2-LearnByDoingManipulators/arduinobot_ws/install/arduinobot_py_examples:/opt/ros/humble /usr/bin/cmake /home/joho/ros2_ws/ROS2Moveit2ControlARoboticArm/moveit2_ws/src/my_robot_bringup -DCMAKE_INSTALL_PREFIX=/home/joho/ros2_ws/ROS2Moveit2ControlARoboticArm/moveit2_ws/install/my_robot_bringup
[6.586s] DEBUG:colcon.colcon_core.event_handler.log_command:Invoked command in '/home/joho/ros2_ws/ROS2Moveit2ControlARoboticArm/moveit2_ws/build/my_robot_bringup' returned '0': CMAKE_PREFIX_PATH=/home/joho/ros2_ws/ROS2Moveit2ControlARoboticArm/moveit2_ws/install/my_robot_moveit_config:/home/joho/ros2_ws/ROS2Moveit2ControlARoboticArm/moveit2_ws/install/my_robot_description:/home/joho/ros2_ws/ROS2Moveit2ControlARoboticArm/install/my_robot_bringup:/home/joho/ros2_ws/ROS2Moveit2ControlARoboticArm/install/my_robot_moveit_config:/home/joho/ros2_ws/ROS2Moveit2ControlARoboticArm/install/my_robot_description:/home/joho/ros2_ws/ROS2Moveit2ControlARoboticArm/moveit2_ws/install/my_robot_bringup:/home/joho/Documents/RoboticsAndROS2-LearnByDoingManipulators/arduinobot_ws/install/arduinobot_utils:/home/joho/Documents/RoboticsAndROS2-LearnByDoingManipulators/arduinobot_ws/install/arduinobot_remote:/home/joho/Documents/RoboticsAndROS2-LearnByDoingManipulators/arduinobot_ws/install/arduinobot_cpp_examples:/home/joho/Documents/RoboticsAndROS2-LearnByDoingManipulators/arduinobot_ws/install/arduinobot_msgs:/home/joho/Documents/RoboticsAndROS2-LearnByDoingManipulators/arduinobot_ws/install/arduinobot_moveit:/home/joho/Documents/RoboticsAndROS2-LearnByDoingManipulators/arduinobot_ws/install/arduinobot_firmware:/home/joho/Documents/RoboticsAndROS2-LearnByDoingManipulators/arduinobot_ws/install/arduinobot_description:/home/joho/Documents/RoboticsAndROS2-LearnByDoingManipulators/arduinobot_ws/install/arduinobot_controller:/home/joho/Documents/RoboticsAndROS2-LearnByDoingManipulators/arduinobot_ws/install/arduinobot_bringup:/home/joho/Documents/RoboticsAndROS2-LearnByDoingManipulators/arduinobot_ws/install/arduinobot_py_examples:/opt/ros/humble /usr/bin/cmake /home/joho/ros2_ws/ROS2Moveit2ControlARoboticArm/moveit2_ws/src/my_robot_bringup -DCMAKE_INSTALL_PREFIX=/home/joho/ros2_ws/ROS2Moveit2ControlARoboticArm/moveit2_ws/install/my_robot_bringup
[6.590s] DEBUG:colcon.colcon_core.event_handler.log_command:Invoking command in '/home/joho/ros2_ws/ROS2Moveit2ControlARoboticArm/moveit2_ws/build/my_robot_bringup': CMAKE_PREFIX_PATH=/home/joho/ros2_ws/ROS2Moveit2ControlARoboticArm/moveit2_ws/install/my_robot_moveit_config:/home/joho/ros2_ws/ROS2Moveit2ControlARoboticArm/moveit2_ws/install/my_robot_description:/home/joho/ros2_ws/ROS2Moveit2ControlARoboticArm/install/my_robot_bringup:/home/joho/ros2_ws/ROS2Moveit2ControlARoboticArm/install/my_robot_moveit_config:/home/joho/ros2_ws/ROS2Moveit2ControlARoboticArm/install/my_robot_description:/home/joho/ros2_ws/ROS2Moveit2ControlARoboticArm/moveit2_ws/install/my_robot_bringup:/home/joho/Documents/RoboticsAndROS2-LearnByDoingManipulators/arduinobot_ws/install/arduinobot_utils:/home/joho/Documents/RoboticsAndROS2-LearnByDoingManipulators/arduinobot_ws/install/arduinobot_remote:/home/joho/Documents/RoboticsAndROS2-LearnByDoingManipulators/arduinobot_ws/install/arduinobot_cpp_examples:/home/joho/Documents/RoboticsAndROS2-LearnByDoingManipulators/arduinobot_ws/install/arduinobot_msgs:/home/joho/Documents/RoboticsAndROS2-LearnByDoingManipulators/arduinobot_ws/install/arduinobot_moveit:/home/joho/Documents/RoboticsAndROS2-LearnByDoingManipulators/arduinobot_ws/install/arduinobot_firmware:/home/joho/Documents/RoboticsAndROS2-LearnByDoingManipulators/arduinobot_ws/install/arduinobot_description:/home/joho/Documents/RoboticsAndROS2-LearnByDoingManipulators/arduinobot_ws/install/arduinobot_controller:/home/joho/Documents/RoboticsAndROS2-LearnByDoingManipulators/arduinobot_ws/install/arduinobot_bringup:/home/joho/Documents/RoboticsAndROS2-LearnByDoingManipulators/arduinobot_ws/install/arduinobot_py_examples:/opt/ros/humble /usr/bin/cmake --build /home/joho/ros2_ws/ROS2Moveit2ControlARoboticArm/moveit2_ws/build/my_robot_bringup -- -j4 -l4
[6.679s] DEBUG:colcon.colcon_core.event_handler.log_command:Invoked command in '/home/joho/ros2_ws/ROS2Moveit2ControlARoboticArm/moveit2_ws/build/my_robot_bringup' returned '0': CMAKE_PREFIX_PATH=/home/joho/ros2_ws/ROS2Moveit2ControlARoboticArm/moveit2_ws/install/my_robot_moveit_config:/home/joho/ros2_ws/ROS2Moveit2ControlARoboticArm/moveit2_ws/install/my_robot_description:/home/joho/ros2_ws/ROS2Moveit2ControlARoboticArm/install/my_robot_bringup:/home/joho/ros2_ws/ROS2Moveit2ControlARoboticArm/install/my_robot_moveit_config:/home/joho/ros2_ws/ROS2Moveit2ControlARoboticArm/install/my_robot_description:/home/joho/ros2_ws/ROS2Moveit2ControlARoboticArm/moveit2_ws/install/my_robot_bringup:/home/joho/Documents/RoboticsAndROS2-LearnByDoingManipulators/arduinobot_ws/install/arduinobot_utils:/home/joho/Documents/RoboticsAndROS2-LearnByDoingManipulators/arduinobot_ws/install/arduinobot_remote:/home/joho/Documents/RoboticsAndROS2-LearnByDoingManipulators/arduinobot_ws/install/arduinobot_cpp_examples:/home/joho/Documents/RoboticsAndROS2-LearnByDoingManipulators/arduinobot_ws/install/arduinobot_msgs:/home/joho/Documents/RoboticsAndROS2-LearnByDoingManipulators/arduinobot_ws/install/arduinobot_moveit:/home/joho/Documents/RoboticsAndROS2-LearnByDoingManipulators/arduinobot_ws/install/arduinobot_firmware:/home/joho/Documents/RoboticsAndROS2-LearnByDoingManipulators/arduinobot_ws/install/arduinobot_description:/home/joho/Documents/RoboticsAndROS2-LearnByDoingManipulators/arduinobot_ws/install/arduinobot_controller:/home/joho/Documents/RoboticsAndROS2-LearnByDoingManipulators/arduinobot_ws/install/arduinobot_bringup:/home/joho/Documents/RoboticsAndROS2-LearnByDoingManipulators/arduinobot_ws/install/arduinobot_py_examples:/opt/ros/humble /usr/bin/cmake --build /home/joho/ros2_ws/ROS2Moveit2ControlARoboticArm/moveit2_ws/build/my_robot_bringup -- -j4 -l4
[6.684s] DEBUG:colcon.colcon_core.event_handler.log_command:Invoking command in '/home/joho/ros2_ws/ROS2Moveit2ControlARoboticArm/moveit2_ws/build/my_robot_bringup': CMAKE_PREFIX_PATH=/home/joho/ros2_ws/ROS2Moveit2ControlARoboticArm/moveit2_ws/install/my_robot_moveit_config:/home/joho/ros2_ws/ROS2Moveit2ControlARoboticArm/moveit2_ws/install/my_robot_description:/home/joho/ros2_ws/ROS2Moveit2ControlARoboticArm/install/my_robot_bringup:/home/joho/ros2_ws/ROS2Moveit2ControlARoboticArm/install/my_robot_moveit_config:/home/joho/ros2_ws/ROS2Moveit2ControlARoboticArm/install/my_robot_description:/home/joho/ros2_ws/ROS2Moveit2ControlARoboticArm/moveit2_ws/install/my_robot_bringup:/home/joho/Documents/RoboticsAndROS2-LearnByDoingManipulators/arduinobot_ws/install/arduinobot_utils:/home/joho/Documents/RoboticsAndROS2-LearnByDoingManipulators/arduinobot_ws/install/arduinobot_remote:/home/joho/Documents/RoboticsAndROS2-LearnByDoingManipulators/arduinobot_ws/install/arduinobot_cpp_examples:/home/joho/Documents/RoboticsAndROS2-LearnByDoingManipulators/arduinobot_ws/install/arduinobot_msgs:/home/joho/Documents/RoboticsAndROS2-LearnByDoingManipulators/arduinobot_ws/install/arduinobot_moveit:/home/joho/Documents/RoboticsAndROS2-LearnByDoingManipulators/arduinobot_ws/install/arduinobot_firmware:/home/joho/Documents/RoboticsAndROS2-LearnByDoingManipulators/arduinobot_ws/install/arduinobot_description:/home/joho/Documents/RoboticsAndROS2-LearnByDoingManipulators/arduinobot_ws/install/arduinobot_controller:/home/joho/Documents/RoboticsAndROS2-LearnByDoingManipulators/arduinobot_ws/install/arduinobot_bringup:/home/joho/Documents/RoboticsAndROS2-LearnByDoingManipulators/arduinobot_ws/install/arduinobot_py_examples:/opt/ros/humble /usr/bin/cmake --install /home/joho/ros2_ws/ROS2Moveit2ControlARoboticArm/moveit2_ws/build/my_robot_bringup
[6.711s] Level 1:colcon.colcon_core.environment:create_environment_scripts_only(my_robot_bringup)
[6.712s] Level 1:colcon.colcon_core.environment:checking '/home/joho/ros2_ws/ROS2Moveit2ControlARoboticArm/moveit2_ws/install/my_robot_bringup' for CMake module files
[6.713s] DEBUG:colcon.colcon_core.event_handler.log_command:Invoked command in '/home/joho/ros2_ws/ROS2Moveit2ControlARoboticArm/moveit2_ws/build/my_robot_bringup' returned '0': CMAKE_PREFIX_PATH=/home/joho/ros2_ws/ROS2Moveit2ControlARoboticArm/moveit2_ws/install/my_robot_moveit_config:/home/joho/ros2_ws/ROS2Moveit2ControlARoboticArm/moveit2_ws/install/my_robot_description:/home/joho/ros2_ws/ROS2Moveit2ControlARoboticArm/install/my_robot_bringup:/home/joho/ros2_ws/ROS2Moveit2ControlARoboticArm/install/my_robot_moveit_config:/home/joho/ros2_ws/ROS2Moveit2ControlARoboticArm/install/my_robot_description:/home/joho/ros2_ws/ROS2Moveit2ControlARoboticArm/moveit2_ws/install/my_robot_bringup:/home/joho/Documents/RoboticsAndROS2-LearnByDoingManipulators/arduinobot_ws/install/arduinobot_utils:/home/joho/Documents/RoboticsAndROS2-LearnByDoingManipulators/arduinobot_ws/install/arduinobot_remote:/home/joho/Documents/RoboticsAndROS2-LearnByDoingManipulators/arduinobot_ws/install/arduinobot_cpp_examples:/home/joho/Documents/RoboticsAndROS2-LearnByDoingManipulators/arduinobot_ws/install/arduinobot_msgs:/home/joho/Documents/RoboticsAndROS2-LearnByDoingManipulators/arduinobot_ws/install/arduinobot_moveit:/home/joho/Documents/RoboticsAndROS2-LearnByDoingManipulators/arduinobot_ws/install/arduinobot_firmware:/home/joho/Documents/RoboticsAndROS2-LearnByDoingManipulators/arduinobot_ws/install/arduinobot_description:/home/joho/Documents/RoboticsAndROS2-LearnByDoingManipulators/arduinobot_ws/install/arduinobot_controller:/home/joho/Documents/RoboticsAndROS2-LearnByDoingManipulators/arduinobot_ws/install/arduinobot_bringup:/home/joho/Documents/RoboticsAndROS2-LearnByDoingManipulators/arduinobot_ws/install/arduinobot_py_examples:/opt/ros/humble /usr/bin/cmake --install /home/joho/ros2_ws/ROS2Moveit2ControlARoboticArm/moveit2_ws/build/my_robot_bringup
[6.714s] Level 1:colcon.colcon_core.environment:checking '/home/joho/ros2_ws/ROS2Moveit2ControlARoboticArm/moveit2_ws/install/my_robot_bringup' for CMake config files
[6.715s] Level 1:colcon.colcon_core.shell:create_environment_hook('my_robot_bringup', 'cmake_prefix_path')
[6.715s] INFO:colcon.colcon_core.shell:Creating environment hook '/home/joho/ros2_ws/ROS2Moveit2ControlARoboticArm/moveit2_ws/install/my_robot_bringup/share/my_robot_bringup/hook/cmake_prefix_path.ps1'
[6.716s] INFO:colcon.colcon_core.shell:Creating environment descriptor '/home/joho/ros2_ws/ROS2Moveit2ControlARoboticArm/moveit2_ws/install/my_robot_bringup/share/my_robot_bringup/hook/cmake_prefix_path.dsv'
[6.717s] INFO:colcon.colcon_core.shell:Creating environment hook '/home/joho/ros2_ws/ROS2Moveit2ControlARoboticArm/moveit2_ws/install/my_robot_bringup/share/my_robot_bringup/hook/cmake_prefix_path.sh'
[6.718s] Level 1:colcon.colcon_core.environment:checking '/home/joho/ros2_ws/ROS2Moveit2ControlARoboticArm/moveit2_ws/install/my_robot_bringup/bin'
[6.718s] Level 1:colcon.colcon_core.environment:checking '/home/joho/ros2_ws/ROS2Moveit2ControlARoboticArm/moveit2_ws/install/my_robot_bringup/lib/pkgconfig/my_robot_bringup.pc'
[6.719s] Level 1:colcon.colcon_core.environment:checking '/home/joho/ros2_ws/ROS2Moveit2ControlARoboticArm/moveit2_ws/install/my_robot_bringup/lib/python3.10/site-packages'
[6.720s] Level 1:colcon.colcon_core.environment:checking '/home/joho/ros2_ws/ROS2Moveit2ControlARoboticArm/moveit2_ws/install/my_robot_bringup/bin'
[6.721s] INFO:colcon.colcon_core.shell:Creating package script '/home/joho/ros2_ws/ROS2Moveit2ControlARoboticArm/moveit2_ws/install/my_robot_bringup/share/my_robot_bringup/package.ps1'
[6.722s] INFO:colcon.colcon_core.shell:Creating package descriptor '/home/joho/ros2_ws/ROS2Moveit2ControlARoboticArm/moveit2_ws/install/my_robot_bringup/share/my_robot_bringup/package.dsv'
[6.723s] INFO:colcon.colcon_core.shell:Creating package script '/home/joho/ros2_ws/ROS2Moveit2ControlARoboticArm/moveit2_ws/install/my_robot_bringup/share/my_robot_bringup/package.sh'
[6.724s] INFO:colcon.colcon_core.shell:Creating package script '/home/joho/ros2_ws/ROS2Moveit2ControlARoboticArm/moveit2_ws/install/my_robot_bringup/share/my_robot_bringup/package.bash'
[6.725s] INFO:colcon.colcon_core.shell:Creating package script '/home/joho/ros2_ws/ROS2Moveit2ControlARoboticArm/moveit2_ws/install/my_robot_bringup/share/my_robot_bringup/package.zsh'
[6.726s] Level 1:colcon.colcon_core.environment:create_file_with_runtime_dependencies(/home/joho/ros2_ws/ROS2Moveit2ControlARoboticArm/moveit2_ws/install/my_robot_bringup/share/colcon-core/packages/my_robot_bringup)
[6.728s] Level 1:colcon.colcon_core.environment:create_environment_scripts_only(my_robot_bringup)
[6.728s] Level 1:colcon.colcon_core.environment:checking '/home/joho/ros2_ws/ROS2Moveit2ControlARoboticArm/moveit2_ws/install/my_robot_bringup' for CMake module files
[6.730s] Level 1:colcon.colcon_core.environment:checking '/home/joho/ros2_ws/ROS2Moveit2ControlARoboticArm/moveit2_ws/install/my_robot_bringup' for CMake config files
[6.730s] Level 1:colcon.colcon_core.shell:create_environment_hook('my_robot_bringup', 'cmake_prefix_path')
[6.731s] INFO:colcon.colcon_core.shell:Creating environment hook '/home/joho/ros2_ws/ROS2Moveit2ControlARoboticArm/moveit2_ws/install/my_robot_bringup/share/my_robot_bringup/hook/cmake_prefix_path.ps1'
[6.732s] INFO:colcon.colcon_core.shell:Creating environment descriptor '/home/joho/ros2_ws/ROS2Moveit2ControlARoboticArm/moveit2_ws/install/my_robot_bringup/share/my_robot_bringup/hook/cmake_prefix_path.dsv'
[6.733s] INFO:colcon.colcon_core.shell:Creating environment hook '/home/joho/ros2_ws/ROS2Moveit2ControlARoboticArm/moveit2_ws/install/my_robot_bringup/share/my_robot_bringup/hook/cmake_prefix_path.sh'
[6.735s] Level 1:colcon.colcon_core.environment:checking '/home/joho/ros2_ws/ROS2Moveit2ControlARoboticArm/moveit2_ws/install/my_robot_bringup/bin'
[6.735s] Level 1:colcon.colcon_core.environment:checking '/home/joho/ros2_ws/ROS2Moveit2ControlARoboticArm/moveit2_ws/install/my_robot_bringup/lib/pkgconfig/my_robot_bringup.pc'
[6.736s] Level 1:colcon.colcon_core.environment:checking '/home/joho/ros2_ws/ROS2Moveit2ControlARoboticArm/moveit2_ws/install/my_robot_bringup/lib/python3.10/site-packages'
[6.737s] Level 1:colcon.colcon_core.environment:checking '/home/joho/ros2_ws/ROS2Moveit2ControlARoboticArm/moveit2_ws/install/my_robot_bringup/bin'
[6.737s] INFO:colcon.colcon_core.shell:Creating package script '/home/joho/ros2_ws/ROS2Moveit2ControlARoboticArm/moveit2_ws/install/my_robot_bringup/share/my_robot_bringup/package.ps1'
[6.739s] INFO:colcon.colcon_core.shell:Creating package descriptor '/home/joho/ros2_ws/ROS2Moveit2ControlARoboticArm/moveit2_ws/install/my_robot_bringup/share/my_robot_bringup/package.dsv'
[6.740s] INFO:colcon.colcon_core.shell:Creating package script '/home/joho/ros2_ws/ROS2Moveit2ControlARoboticArm/moveit2_ws/install/my_robot_bringup/share/my_robot_bringup/package.sh'
[6.741s] INFO:colcon.colcon_core.shell:Creating package script '/home/joho/ros2_ws/ROS2Moveit2ControlARoboticArm/moveit2_ws/install/my_robot_bringup/share/my_robot_bringup/package.bash'
[6.742s] INFO:colcon.colcon_core.shell:Creating package script '/home/joho/ros2_ws/ROS2Moveit2ControlARoboticArm/moveit2_ws/install/my_robot_bringup/share/my_robot_bringup/package.zsh'
[6.743s] Level 1:colcon.colcon_core.environment:create_file_with_runtime_dependencies(/home/joho/ros2_ws/ROS2Moveit2ControlARoboticArm/moveit2_ws/install/my_robot_bringup/share/colcon-core/packages/my_robot_bringup)
[6.743s] DEBUG:colcon.colcon_parallel_executor.executor.parallel:closing loop
[6.744s] DEBUG:colcon.colcon_parallel_executor.executor.parallel:loop closed
[6.744s] DEBUG:colcon.colcon_parallel_executor.executor.parallel:run_until_complete finished with '0'
[6.744s] DEBUG:colcon.colcon_core.event_reactor:joining thread
[6.757s] INFO:colcon.colcon_core.plugin_system:Skipping extension 'colcon_notification.desktop_notification.terminal_notifier': Not used on non-Darwin systems
[6.757s] INFO:colcon.colcon_core.plugin_system:Skipping extension 'colcon_notification.desktop_notification.win32': Not used on non-Windows systems
[6.757s] INFO:colcon.colcon_notification.desktop_notification:Sending desktop notification using 'notify2'
[6.796s] DEBUG:colcon.colcon_core.event_reactor:joined thread
[6.797s] INFO:colcon.colcon_core.shell:Creating prefix script '/home/joho/ros2_ws/ROS2Moveit2ControlARoboticArm/moveit2_ws/install/local_setup.ps1'
[6.801s] INFO:colcon.colcon_core.shell:Creating prefix util module '/home/joho/ros2_ws/ROS2Moveit2ControlARoboticArm/moveit2_ws/install/_local_setup_util_ps1.py'
[6.807s] INFO:colcon.colcon_core.shell:Creating prefix chain script '/home/joho/ros2_ws/ROS2Moveit2ControlARoboticArm/moveit2_ws/install/setup.ps1'
[6.812s] INFO:colcon.colcon_core.shell:Creating prefix script '/home/joho/ros2_ws/ROS2Moveit2ControlARoboticArm/moveit2_ws/install/local_setup.sh'
[6.814s] INFO:colcon.colcon_core.shell:Creating prefix util module '/home/joho/ros2_ws/ROS2Moveit2ControlARoboticArm/moveit2_ws/install/_local_setup_util_sh.py'
[6.815s] INFO:colcon.colcon_core.shell:Creating prefix chain script '/home/joho/ros2_ws/ROS2Moveit2ControlARoboticArm/moveit2_ws/install/setup.sh'
[6.821s] INFO:colcon.colcon_core.shell:Creating prefix script '/home/joho/ros2_ws/ROS2Moveit2ControlARoboticArm/moveit2_ws/install/local_setup.bash'
[6.822s] INFO:colcon.colcon_core.shell:Creating prefix chain script '/home/joho/ros2_ws/ROS2Moveit2ControlARoboticArm/moveit2_ws/install/setup.bash'
[6.827s] INFO:colcon.colcon_core.shell:Creating prefix script '/home/joho/ros2_ws/ROS2Moveit2ControlARoboticArm/moveit2_ws/install/local_setup.zsh'
[6.828s] INFO:colcon.colcon_core.shell:Creating prefix chain script '/home/joho/ros2_ws/ROS2Moveit2ControlARoboticArm/moveit2_ws/install/setup.zsh'
