[0.286s] DEBUG:colcon:Command line arguments: ['/usr/bin/colcon', 'build']
[0.286s] DEBUG:colcon:Parsed command line arguments: Namespace(log_base=None, log_level=None, verb_name='build', build_base='build', install_base='install', merge_install=False, symlink_install=False, test_result_base=None, continue_on_error=False, executor='parallel', parallel_workers=4, event_handlers=None, ignore_user_meta=False, metas=['./colcon.meta'], base_paths=['.'], packages_ignore=None, packages_ignore_regex=None, paths=None, packages_up_to=None, packages_up_to_regex=None, packages_above=None, packages_above_and_dependencies=None, packages_above_depth=None, packages_select_by_dep=None, packages_skip_by_dep=None, packages_skip_up_to=None, packages_select_build_failed=False, packages_skip_build_finished=False, packages_select_test_failures=False, packages_skip_test_passed=False, packages_select=None, packages_skip=None, packages_select_regex=None, packages_skip_regex=None, packages_start=None, packages_end=None, allow_overriding=[], cmake_args=None, cmake_target=None, cmake_target_skip_unavailable=False, cmake_clean_cache=False, cmake_clean_first=False, cmake_force_configure=False, ament_cmake_args=None, catkin_cmake_args=None, catkin_skip_building_tests=False, mixin_files=None, mixin=None, verb_parser=<colcon_mixin.mixin.mixin_argument.MixinArgumentDecorator object at 0x75df3fa47790>, verb_extension=<colcon_core.verb.build.BuildVerb object at 0x75df3fa0ccd0>, main=<bound method BuildVerb.main of <colcon_core.verb.build.BuildVerb object at 0x75df3fa0ccd0>>, mixin_verb=('build',))
[0.766s] Level 1:colcon.colcon_core.package_discovery:discover_packages(colcon_meta) check parameters
[0.766s] Level 1:colcon.colcon_core.package_discovery:discover_packages(recursive) check parameters
[0.766s] Level 1:colcon.colcon_core.package_discovery:discover_packages(ignore) check parameters
[0.766s] Level 1:colcon.colcon_core.package_discovery:discover_packages(path) check parameters
[0.767s] Level 1:colcon.colcon_core.package_discovery:discover_packages(colcon_meta) discover
[0.767s] Level 1:colcon.colcon_core.package_discovery:discover_packages(recursive) discover
[0.767s] INFO:colcon.colcon_core.package_discovery:Crawling recursively for packages in '/home/joho/ros2_ws/ROS2Moveit2ControlARoboticArm/moveit2_ws'
[0.767s] Level 1:colcon.colcon_core.package_identification:_identify(.) by extensions ['ignore', 'ignore_ament_install']
[0.767s] Level 1:colcon.colcon_core.package_identification:_identify(.) by extension 'ignore'
[0.767s] Level 1:colcon.colcon_core.package_identification:_identify(.) by extension 'ignore_ament_install'
[0.768s] Level 1:colcon.colcon_core.package_identification:_identify(.) by extensions ['colcon_pkg']
[0.768s] Level 1:colcon.colcon_core.package_identification:_identify(.) by extension 'colcon_pkg'
[0.768s] Level 1:colcon.colcon_core.package_identification:_identify(.) by extensions ['colcon_meta']
[0.768s] Level 1:colcon.colcon_core.package_identification:_identify(.) by extension 'colcon_meta'
[0.768s] Level 1:colcon.colcon_core.package_identification:_identify(.) by extensions ['ros']
[0.768s] Level 1:colcon.colcon_core.package_identification:_identify(.) by extension 'ros'
[0.796s] Level 1:colcon.colcon_core.package_identification:_identify(.) by extensions ['cmake', 'python']
[0.796s] Level 1:colcon.colcon_core.package_identification:_identify(.) by extension 'cmake'
[0.796s] Level 1:colcon.colcon_core.package_identification:_identify(.) by extension 'python'
[0.796s] Level 1:colcon.colcon_core.package_identification:_identify(.) by extensions ['python_setup_py']
[0.796s] Level 1:colcon.colcon_core.package_identification:_identify(.) by extension 'python_setup_py'
[0.797s] Level 1:colcon.colcon_core.package_identification:_identify(build) by extensions ['ignore', 'ignore_ament_install']
[0.797s] Level 1:colcon.colcon_core.package_identification:_identify(build) by extension 'ignore'
[0.797s] Level 1:colcon.colcon_core.package_identification:_identify(build) ignored
[0.797s] Level 1:colcon.colcon_core.package_identification:_identify(install) by extensions ['ignore', 'ignore_ament_install']
[0.798s] Level 1:colcon.colcon_core.package_identification:_identify(install) by extension 'ignore'
[0.798s] Level 1:colcon.colcon_core.package_identification:_identify(install) ignored
[0.798s] Level 1:colcon.colcon_core.package_identification:_identify(log) by extensions ['ignore', 'ignore_ament_install']
[0.798s] Level 1:colcon.colcon_core.package_identification:_identify(log) by extension 'ignore'
[0.798s] Level 1:colcon.colcon_core.package_identification:_identify(log) ignored
[0.798s] Level 1:colcon.colcon_core.package_identification:_identify(src) by extensions ['ignore', 'ignore_ament_install']
[0.799s] Level 1:colcon.colcon_core.package_identification:_identify(src) by extension 'ignore'
[0.799s] Level 1:colcon.colcon_core.package_identification:_identify(src) by extension 'ignore_ament_install'
[0.799s] Level 1:colcon.colcon_core.package_identification:_identify(src) by extensions ['colcon_pkg']
[0.799s] Level 1:colcon.colcon_core.package_identification:_identify(src) by extension 'colcon_pkg'
[0.799s] Level 1:colcon.colcon_core.package_identification:_identify(src) by extensions ['colcon_meta']
[0.799s] Level 1:colcon.colcon_core.package_identification:_identify(src) by extension 'colcon_meta'
[0.799s] Level 1:colcon.colcon_core.package_identification:_identify(src) by extensions ['ros']
[0.799s] Level 1:colcon.colcon_core.package_identification:_identify(src) by extension 'ros'
[0.800s] Level 1:colcon.colcon_core.package_identification:_identify(src) by extensions ['cmake', 'python']
[0.800s] Level 1:colcon.colcon_core.package_identification:_identify(src) by extension 'cmake'
[0.800s] Level 1:colcon.colcon_core.package_identification:_identify(src) by extension 'python'
[0.800s] Level 1:colcon.colcon_core.package_identification:_identify(src) by extensions ['python_setup_py']
[0.800s] Level 1:colcon.colcon_core.package_identification:_identify(src) by extension 'python_setup_py'
[0.800s] Level 1:colcon.colcon_core.package_identification:_identify(src/my_robot_bringup) by extensions ['ignore', 'ignore_ament_install']
[0.801s] Level 1:colcon.colcon_core.package_identification:_identify(src/my_robot_bringup) by extension 'ignore'
[0.801s] Level 1:colcon.colcon_core.package_identification:_identify(src/my_robot_bringup) by extension 'ignore_ament_install'
[0.801s] Level 1:colcon.colcon_core.package_identification:_identify(src/my_robot_bringup) by extensions ['colcon_pkg']
[0.801s] Level 1:colcon.colcon_core.package_identification:_identify(src/my_robot_bringup) by extension 'colcon_pkg'
[0.801s] Level 1:colcon.colcon_core.package_identification:_identify(src/my_robot_bringup) by extensions ['colcon_meta']
[0.801s] Level 1:colcon.colcon_core.package_identification:_identify(src/my_robot_bringup) by extension 'colcon_meta'
[0.801s] Level 1:colcon.colcon_core.package_identification:_identify(src/my_robot_bringup) by extensions ['ros']
[0.801s] Level 1:colcon.colcon_core.package_identification:_identify(src/my_robot_bringup) by extension 'ros'
[0.807s] DEBUG:colcon.colcon_core.package_identification:Package 'src/my_robot_bringup' with type 'ros.ament_cmake' and name 'my_robot_bringup'
[0.808s] Level 1:colcon.colcon_core.package_identification:_identify(src/my_robot_description) by extensions ['ignore', 'ignore_ament_install']
[0.808s] Level 1:colcon.colcon_core.package_identification:_identify(src/my_robot_description) by extension 'ignore'
[0.808s] Level 1:colcon.colcon_core.package_identification:_identify(src/my_robot_description) by extension 'ignore_ament_install'
[0.808s] Level 1:colcon.colcon_core.package_identification:_identify(src/my_robot_description) by extensions ['colcon_pkg']
[0.808s] Level 1:colcon.colcon_core.package_identification:_identify(src/my_robot_description) by extension 'colcon_pkg'
[0.808s] Level 1:colcon.colcon_core.package_identification:_identify(src/my_robot_description) by extensions ['colcon_meta']
[0.809s] Level 1:colcon.colcon_core.package_identification:_identify(src/my_robot_description) by extension 'colcon_meta'
[0.809s] Level 1:colcon.colcon_core.package_identification:_identify(src/my_robot_description) by extensions ['ros']
[0.809s] Level 1:colcon.colcon_core.package_identification:_identify(src/my_robot_description) by extension 'ros'
[0.810s] DEBUG:colcon.colcon_core.package_identification:Package 'src/my_robot_description' with type 'ros.ament_cmake' and name 'my_robot_description'
[0.810s] Level 1:colcon.colcon_core.package_identification:_identify(src/my_robot_moveit_config) by extensions ['ignore', 'ignore_ament_install']
[0.811s] Level 1:colcon.colcon_core.package_identification:_identify(src/my_robot_moveit_config) by extension 'ignore'
[0.811s] Level 1:colcon.colcon_core.package_identification:_identify(src/my_robot_moveit_config) by extension 'ignore_ament_install'
[0.811s] Level 1:colcon.colcon_core.package_identification:_identify(src/my_robot_moveit_config) by extensions ['colcon_pkg']
[0.811s] Level 1:colcon.colcon_core.package_identification:_identify(src/my_robot_moveit_config) by extension 'colcon_pkg'
[0.811s] Level 1:colcon.colcon_core.package_identification:_identify(src/my_robot_moveit_config) by extensions ['colcon_meta']
[0.811s] Level 1:colcon.colcon_core.package_identification:_identify(src/my_robot_moveit_config) by extension 'colcon_meta'
[0.811s] Level 1:colcon.colcon_core.package_identification:_identify(src/my_robot_moveit_config) by extensions ['ros']
[0.812s] Level 1:colcon.colcon_core.package_identification:_identify(src/my_robot_moveit_config) by extension 'ros'
[0.814s] DEBUG:colcon.colcon_core.package_identification:Package 'src/my_robot_moveit_config' with type 'ros.ament_cmake' and name 'my_robot_moveit_config'
[0.814s] Level 1:colcon.colcon_core.package_discovery:discover_packages(recursive) using defaults
[0.814s] Level 1:colcon.colcon_core.package_discovery:discover_packages(ignore) discover
[0.814s] Level 1:colcon.colcon_core.package_discovery:discover_packages(ignore) using defaults
[0.814s] Level 1:colcon.colcon_core.package_discovery:discover_packages(path) discover
[0.815s] Level 1:colcon.colcon_core.package_discovery:discover_packages(path) using defaults
[0.890s] Level 1:colcon.colcon_core.package_discovery:discover_packages(prefix_path) check parameters
[0.890s] Level 1:colcon.colcon_core.package_discovery:discover_packages(prefix_path) discover
[0.892s] WARNING:colcon.colcon_core.prefix_path.colcon:The path '/home/joho/ros2_ws/ROS2Moveit2ControlARoboticArm/install' in the environment variable COLCON_PREFIX_PATH doesn't exist
[0.892s] WARNING:colcon.colcon_ros.prefix_path.ament:The path '/home/joho/ros2_ws/ROS2Moveit2ControlARoboticArm/install/my_robot_bringup' in the environment variable AMENT_PREFIX_PATH doesn't exist
[0.892s] WARNING:colcon.colcon_ros.prefix_path.ament:The path '/home/joho/ros2_ws/ROS2Moveit2ControlARoboticArm/install/my_robot_moveit_config' in the environment variable AMENT_PREFIX_PATH doesn't exist
[0.892s] WARNING:colcon.colcon_ros.prefix_path.ament:The path '/home/joho/ros2_ws/ROS2Moveit2ControlARoboticArm/install/my_robot_description' in the environment variable AMENT_PREFIX_PATH doesn't exist
[0.893s] WARNING:colcon.colcon_ros.prefix_path.catkin:The path '/home/joho/ros2_ws/ROS2Moveit2ControlARoboticArm/install/my_robot_bringup' in the environment variable CMAKE_PREFIX_PATH doesn't exist
[0.894s] WARNING:colcon.colcon_ros.prefix_path.catkin:The path '/home/joho/ros2_ws/ROS2Moveit2ControlARoboticArm/install/my_robot_moveit_config' in the environment variable CMAKE_PREFIX_PATH doesn't exist
[0.894s] WARNING:colcon.colcon_ros.prefix_path.catkin:The path '/home/joho/ros2_ws/ROS2Moveit2ControlARoboticArm/install/my_robot_description' in the environment variable CMAKE_PREFIX_PATH doesn't exist
[0.896s] DEBUG:colcon.colcon_installed_package_information.package_discovery:Found 3 installed packages in /home/joho/ros2_ws/ROS2Moveit2ControlARoboticArm/moveit2_ws/install
[0.898s] DEBUG:colcon.colcon_installed_package_information.package_discovery:Found 10 installed packages in /home/joho/Documents/RoboticsAndROS2-LearnByDoingManipulators/arduinobot_ws/install
[0.903s] DEBUG:colcon.colcon_installed_package_information.package_discovery:Found 425 installed packages in /opt/ros/humble
[0.911s] Level 1:colcon.colcon_core.package_discovery:discover_packages(prefix_path) using defaults
[1.070s] Level 5:colcon.colcon_core.verb:set package 'my_robot_description' build argument 'cmake_args' from command line to 'None'
[1.070s] Level 5:colcon.colcon_core.verb:set package 'my_robot_description' build argument 'cmake_target' from command line to 'None'
[1.070s] Level 5:colcon.colcon_core.verb:set package 'my_robot_description' build argument 'cmake_target_skip_unavailable' from command line to 'False'
[1.070s] Level 5:colcon.colcon_core.verb:set package 'my_robot_description' build argument 'cmake_clean_cache' from command line to 'False'
[1.070s] Level 5:colcon.colcon_core.verb:set package 'my_robot_description' build argument 'cmake_clean_first' from command line to 'False'
[1.071s] Level 5:colcon.colcon_core.verb:set package 'my_robot_description' build argument 'cmake_force_configure' from command line to 'False'
[1.071s] Level 5:colcon.colcon_core.verb:set package 'my_robot_description' build argument 'ament_cmake_args' from command line to 'None'
[1.071s] Level 5:colcon.colcon_core.verb:set package 'my_robot_description' build argument 'catkin_cmake_args' from command line to 'None'
[1.071s] Level 5:colcon.colcon_core.verb:set package 'my_robot_description' build argument 'catkin_skip_building_tests' from command line to 'False'
[1.071s] DEBUG:colcon.colcon_core.verb:Building package 'my_robot_description' with the following arguments: {'ament_cmake_args': None, 'build_base': '/home/joho/ros2_ws/ROS2Moveit2ControlARoboticArm/moveit2_ws/build/my_robot_description', 'catkin_cmake_args': None, 'catkin_skip_building_tests': False, 'cmake_args': None, 'cmake_clean_cache': False, 'cmake_clean_first': False, 'cmake_force_configure': False, 'cmake_target': None, 'cmake_target_skip_unavailable': False, 'install_base': '/home/joho/ros2_ws/ROS2Moveit2ControlARoboticArm/moveit2_ws/install/my_robot_description', 'merge_install': False, 'path': '/home/joho/ros2_ws/ROS2Moveit2ControlARoboticArm/moveit2_ws/src/my_robot_description', 'symlink_install': False, 'test_result_base': None}
[1.072s] Level 5:colcon.colcon_core.verb:set package 'my_robot_moveit_config' build argument 'cmake_args' from command line to 'None'
[1.072s] Level 5:colcon.colcon_core.verb:set package 'my_robot_moveit_config' build argument 'cmake_target' from command line to 'None'
[1.072s] Level 5:colcon.colcon_core.verb:set package 'my_robot_moveit_config' build argument 'cmake_target_skip_unavailable' from command line to 'False'
[1.072s] Level 5:colcon.colcon_core.verb:set package 'my_robot_moveit_config' build argument 'cmake_clean_cache' from command line to 'False'
[1.072s] Level 5:colcon.colcon_core.verb:set package 'my_robot_moveit_config' build argument 'cmake_clean_first' from command line to 'False'
[1.072s] Level 5:colcon.colcon_core.verb:set package 'my_robot_moveit_config' build argument 'cmake_force_configure' from command line to 'False'
[1.072s] Level 5:colcon.colcon_core.verb:set package 'my_robot_moveit_config' build argument 'ament_cmake_args' from command line to 'None'
[1.073s] Level 5:colcon.colcon_core.verb:set package 'my_robot_moveit_config' build argument 'catkin_cmake_args' from command line to 'None'
[1.073s] Level 5:colcon.colcon_core.verb:set package 'my_robot_moveit_config' build argument 'catkin_skip_building_tests' from command line to 'False'
[1.073s] DEBUG:colcon.colcon_core.verb:Building package 'my_robot_moveit_config' with the following arguments: {'ament_cmake_args': None, 'build_base': '/home/joho/ros2_ws/ROS2Moveit2ControlARoboticArm/moveit2_ws/build/my_robot_moveit_config', 'catkin_cmake_args': None, 'catkin_skip_building_tests': False, 'cmake_args': None, 'cmake_clean_cache': False, 'cmake_clean_first': False, 'cmake_force_configure': False, 'cmake_target': None, 'cmake_target_skip_unavailable': False, 'install_base': '/home/joho/ros2_ws/ROS2Moveit2ControlARoboticArm/moveit2_ws/install/my_robot_moveit_config', 'merge_install': False, 'path': '/home/joho/ros2_ws/ROS2Moveit2ControlARoboticArm/moveit2_ws/src/my_robot_moveit_config', 'symlink_install': False, 'test_result_base': None}
[1.074s] Level 5:colcon.colcon_core.verb:set package 'my_robot_bringup' build argument 'cmake_args' from command line to 'None'
[1.074s] Level 5:colcon.colcon_core.verb:set package 'my_robot_bringup' build argument 'cmake_target' from command line to 'None'
[1.074s] Level 5:colcon.colcon_core.verb:set package 'my_robot_bringup' build argument 'cmake_target_skip_unavailable' from command line to 'False'
[1.074s] Level 5:colcon.colcon_core.verb:set package 'my_robot_bringup' build argument 'cmake_clean_cache' from command line to 'False'
[1.074s] Level 5:colcon.colcon_core.verb:set package 'my_robot_bringup' build argument 'cmake_clean_first' from command line to 'False'
[1.074s] Level 5:colcon.colcon_core.verb:set package 'my_robot_bringup' build argument 'cmake_force_configure' from command line to 'False'
[1.074s] Level 5:colcon.colcon_core.verb:set package 'my_robot_bringup' build argument 'ament_cmake_args' from command line to 'None'
[1.074s] Level 5:colcon.colcon_core.verb:set package 'my_robot_bringup' build argument 'catkin_cmake_args' from command line to 'None'
[1.074s] Level 5:colcon.colcon_core.verb:set package 'my_robot_bringup' build argument 'catkin_skip_building_tests' from command line to 'False'
[1.075s] DEBUG:colcon.colcon_core.verb:Building package 'my_robot_bringup' with the following arguments: {'ament_cmake_args': None, 'build_base': '/home/joho/ros2_ws/ROS2Moveit2ControlARoboticArm/moveit2_ws/build/my_robot_bringup', 'catkin_cmake_args': None, 'catkin_skip_building_tests': False, 'cmake_args': None, 'cmake_clean_cache': False, 'cmake_clean_first': False, 'cmake_force_configure': False, 'cmake_target': None, 'cmake_target_skip_unavailable': False, 'install_base': '/home/joho/ros2_ws/ROS2Moveit2ControlARoboticArm/moveit2_ws/install/my_robot_bringup', 'merge_install': False, 'path': '/home/joho/ros2_ws/ROS2Moveit2ControlARoboticArm/moveit2_ws/src/my_robot_bringup', 'symlink_install': False, 'test_result_base': None}
[1.075s] INFO:colcon.colcon_core.executor:Executing jobs using 'parallel' executor
[1.077s] DEBUG:colcon.colcon_parallel_executor.executor.parallel:run_until_complete
[1.077s] INFO:colcon.colcon_ros.task.ament_cmake.build:Building ROS package in '/home/joho/ros2_ws/ROS2Moveit2ControlARoboticArm/moveit2_ws/src/my_robot_description' with build type 'ament_cmake'
[1.078s] INFO:colcon.colcon_cmake.task.cmake.build:Building CMake package in '/home/joho/ros2_ws/ROS2Moveit2ControlARoboticArm/moveit2_ws/src/my_robot_description'
[1.084s] INFO:colcon.colcon_core.plugin_system:Skipping extension 'colcon_core.shell.bat': Not used on non-Windows systems
[1.084s] INFO:colcon.colcon_core.shell:Skip shell extension 'powershell' for command environment: Not usable outside of PowerShell
[1.084s] DEBUG:colcon.colcon_core.shell:Skip shell extension 'dsv' for command environment
[1.114s] DEBUG:colcon.colcon_core.event_handler.log_command:Invoking command in '/home/joho/ros2_ws/ROS2Moveit2ControlARoboticArm/moveit2_ws/build/my_robot_description': CMAKE_PREFIX_PATH=${CMAKE_PREFIX_PATH}:/home/joho/Documents/RoboticsAndROS2-LearnByDoingManipulators/arduinobot_ws/install/arduinobot_py_examples:/opt/ros/humble /usr/bin/cmake --build /home/joho/ros2_ws/ROS2Moveit2ControlARoboticArm/moveit2_ws/build/my_robot_description -- -j4 -l4
[1.201s] DEBUG:colcon.colcon_core.event_handler.log_command:Invoked command in '/home/joho/ros2_ws/ROS2Moveit2ControlARoboticArm/moveit2_ws/build/my_robot_description' returned '0': CMAKE_PREFIX_PATH=${CMAKE_PREFIX_PATH}:/home/joho/Documents/RoboticsAndROS2-LearnByDoingManipulators/arduinobot_ws/install/arduinobot_py_examples:/opt/ros/humble /usr/bin/cmake --build /home/joho/ros2_ws/ROS2Moveit2ControlARoboticArm/moveit2_ws/build/my_robot_description -- -j4 -l4
[1.233s] DEBUG:colcon.colcon_core.event_handler.log_command:Invoking command in '/home/joho/ros2_ws/ROS2Moveit2ControlARoboticArm/moveit2_ws/build/my_robot_description': CMAKE_PREFIX_PATH=${CMAKE_PREFIX_PATH}:/home/joho/Documents/RoboticsAndROS2-LearnByDoingManipulators/arduinobot_ws/install/arduinobot_py_examples:/opt/ros/humble /usr/bin/cmake --install /home/joho/ros2_ws/ROS2Moveit2ControlARoboticArm/moveit2_ws/build/my_robot_description
[1.267s] Level 1:colcon.colcon_core.environment:create_environment_scripts_only(my_robot_description)
[1.268s] DEBUG:colcon.colcon_core.event_handler.log_command:Invoked command in '/home/joho/ros2_ws/ROS2Moveit2ControlARoboticArm/moveit2_ws/build/my_robot_description' returned '0': CMAKE_PREFIX_PATH=${CMAKE_PREFIX_PATH}:/home/joho/Documents/RoboticsAndROS2-LearnByDoingManipulators/arduinobot_ws/install/arduinobot_py_examples:/opt/ros/humble /usr/bin/cmake --install /home/joho/ros2_ws/ROS2Moveit2ControlARoboticArm/moveit2_ws/build/my_robot_description
[1.274s] Level 1:colcon.colcon_core.environment:checking '/home/joho/ros2_ws/ROS2Moveit2ControlARoboticArm/moveit2_ws/install/my_robot_description' for CMake module files
[1.276s] Level 1:colcon.colcon_core.environment:checking '/home/joho/ros2_ws/ROS2Moveit2ControlARoboticArm/moveit2_ws/install/my_robot_description' for CMake config files
[1.277s] Level 1:colcon.colcon_core.shell:create_environment_hook('my_robot_description', 'cmake_prefix_path')
[1.278s] INFO:colcon.colcon_core.shell:Creating environment hook '/home/joho/ros2_ws/ROS2Moveit2ControlARoboticArm/moveit2_ws/install/my_robot_description/share/my_robot_description/hook/cmake_prefix_path.ps1'
[1.279s] INFO:colcon.colcon_core.shell:Creating environment descriptor '/home/joho/ros2_ws/ROS2Moveit2ControlARoboticArm/moveit2_ws/install/my_robot_description/share/my_robot_description/hook/cmake_prefix_path.dsv'
[1.281s] INFO:colcon.colcon_core.shell:Creating environment hook '/home/joho/ros2_ws/ROS2Moveit2ControlARoboticArm/moveit2_ws/install/my_robot_description/share/my_robot_description/hook/cmake_prefix_path.sh'
[1.283s] Level 1:colcon.colcon_core.environment:checking '/home/joho/ros2_ws/ROS2Moveit2ControlARoboticArm/moveit2_ws/install/my_robot_description/bin'
[1.283s] Level 1:colcon.colcon_core.environment:checking '/home/joho/ros2_ws/ROS2Moveit2ControlARoboticArm/moveit2_ws/install/my_robot_description/lib/pkgconfig/my_robot_description.pc'
[1.284s] Level 1:colcon.colcon_core.environment:checking '/home/joho/ros2_ws/ROS2Moveit2ControlARoboticArm/moveit2_ws/install/my_robot_description/lib/python3.10/site-packages'
[1.285s] Level 1:colcon.colcon_core.environment:checking '/home/joho/ros2_ws/ROS2Moveit2ControlARoboticArm/moveit2_ws/install/my_robot_description/bin'
[1.286s] INFO:colcon.colcon_core.shell:Creating package script '/home/joho/ros2_ws/ROS2Moveit2ControlARoboticArm/moveit2_ws/install/my_robot_description/share/my_robot_description/package.ps1'
[1.288s] INFO:colcon.colcon_core.shell:Creating package descriptor '/home/joho/ros2_ws/ROS2Moveit2ControlARoboticArm/moveit2_ws/install/my_robot_description/share/my_robot_description/package.dsv'
[1.289s] INFO:colcon.colcon_core.shell:Creating package script '/home/joho/ros2_ws/ROS2Moveit2ControlARoboticArm/moveit2_ws/install/my_robot_description/share/my_robot_description/package.sh'
[1.292s] INFO:colcon.colcon_core.shell:Creating package script '/home/joho/ros2_ws/ROS2Moveit2ControlARoboticArm/moveit2_ws/install/my_robot_description/share/my_robot_description/package.bash'
[1.294s] INFO:colcon.colcon_core.shell:Creating package script '/home/joho/ros2_ws/ROS2Moveit2ControlARoboticArm/moveit2_ws/install/my_robot_description/share/my_robot_description/package.zsh'
[1.296s] Level 1:colcon.colcon_core.environment:create_file_with_runtime_dependencies(/home/joho/ros2_ws/ROS2Moveit2ControlARoboticArm/moveit2_ws/install/my_robot_description/share/colcon-core/packages/my_robot_description)
[1.297s] Level 1:colcon.colcon_core.environment:create_environment_scripts_only(my_robot_description)
[1.298s] Level 1:colcon.colcon_core.environment:checking '/home/joho/ros2_ws/ROS2Moveit2ControlARoboticArm/moveit2_ws/install/my_robot_description' for CMake module files
[1.299s] Level 1:colcon.colcon_core.environment:checking '/home/joho/ros2_ws/ROS2Moveit2ControlARoboticArm/moveit2_ws/install/my_robot_description' for CMake config files
[1.300s] Level 1:colcon.colcon_core.shell:create_environment_hook('my_robot_description', 'cmake_prefix_path')
[1.301s] INFO:colcon.colcon_core.shell:Creating environment hook '/home/joho/ros2_ws/ROS2Moveit2ControlARoboticArm/moveit2_ws/install/my_robot_description/share/my_robot_description/hook/cmake_prefix_path.ps1'
[1.302s] INFO:colcon.colcon_core.shell:Creating environment descriptor '/home/joho/ros2_ws/ROS2Moveit2ControlARoboticArm/moveit2_ws/install/my_robot_description/share/my_robot_description/hook/cmake_prefix_path.dsv'
[1.303s] INFO:colcon.colcon_core.shell:Creating environment hook '/home/joho/ros2_ws/ROS2Moveit2ControlARoboticArm/moveit2_ws/install/my_robot_description/share/my_robot_description/hook/cmake_prefix_path.sh'
[1.304s] Level 1:colcon.colcon_core.environment:checking '/home/joho/ros2_ws/ROS2Moveit2ControlARoboticArm/moveit2_ws/install/my_robot_description/bin'
[1.304s] Level 1:colcon.colcon_core.environment:checking '/home/joho/ros2_ws/ROS2Moveit2ControlARoboticArm/moveit2_ws/install/my_robot_description/lib/pkgconfig/my_robot_description.pc'
[1.305s] Level 1:colcon.colcon_core.environment:checking '/home/joho/ros2_ws/ROS2Moveit2ControlARoboticArm/moveit2_ws/install/my_robot_description/lib/python3.10/site-packages'
[1.306s] Level 1:colcon.colcon_core.environment:checking '/home/joho/ros2_ws/ROS2Moveit2ControlARoboticArm/moveit2_ws/install/my_robot_description/bin'
[1.307s] INFO:colcon.colcon_core.shell:Creating package script '/home/joho/ros2_ws/ROS2Moveit2ControlARoboticArm/moveit2_ws/install/my_robot_description/share/my_robot_description/package.ps1'
[1.308s] INFO:colcon.colcon_core.shell:Creating package descriptor '/home/joho/ros2_ws/ROS2Moveit2ControlARoboticArm/moveit2_ws/install/my_robot_description/share/my_robot_description/package.dsv'
[1.310s] INFO:colcon.colcon_core.shell:Creating package script '/home/joho/ros2_ws/ROS2Moveit2ControlARoboticArm/moveit2_ws/install/my_robot_description/share/my_robot_description/package.sh'
[1.311s] INFO:colcon.colcon_core.shell:Creating package script '/home/joho/ros2_ws/ROS2Moveit2ControlARoboticArm/moveit2_ws/install/my_robot_description/share/my_robot_description/package.bash'
[1.312s] INFO:colcon.colcon_core.shell:Creating package script '/home/joho/ros2_ws/ROS2Moveit2ControlARoboticArm/moveit2_ws/install/my_robot_description/share/my_robot_description/package.zsh'
[1.313s] Level 1:colcon.colcon_core.environment:create_file_with_runtime_dependencies(/home/joho/ros2_ws/ROS2Moveit2ControlARoboticArm/moveit2_ws/install/my_robot_description/share/colcon-core/packages/my_robot_description)
[1.314s] INFO:colcon.colcon_ros.task.ament_cmake.build:Building ROS package in '/home/joho/ros2_ws/ROS2Moveit2ControlARoboticArm/moveit2_ws/src/my_robot_moveit_config' with build type 'ament_cmake'
[1.314s] INFO:colcon.colcon_cmake.task.cmake.build:Building CMake package in '/home/joho/ros2_ws/ROS2Moveit2ControlARoboticArm/moveit2_ws/src/my_robot_moveit_config'
[1.314s] INFO:colcon.colcon_core.shell:Skip shell extension 'powershell' for command environment: Not usable outside of PowerShell
[1.315s] DEBUG:colcon.colcon_core.shell:Skip shell extension 'dsv' for command environment
[1.345s] DEBUG:colcon.colcon_core.event_handler.log_command:Invoking command in '/home/joho/ros2_ws/ROS2Moveit2ControlARoboticArm/moveit2_ws/build/my_robot_moveit_config': CMAKE_PREFIX_PATH=/home/joho/ros2_ws/ROS2Moveit2ControlARoboticArm/moveit2_ws/install/my_robot_description:/home/joho/ros2_ws/ROS2Moveit2ControlARoboticArm/install/my_robot_bringup:/home/joho/ros2_ws/ROS2Moveit2ControlARoboticArm/install/my_robot_moveit_config:/home/joho/ros2_ws/ROS2Moveit2ControlARoboticArm/install/my_robot_description:/home/joho/ros2_ws/ROS2Moveit2ControlARoboticArm/moveit2_ws/install/my_robot_bringup:/home/joho/ros2_ws/ROS2Moveit2ControlARoboticArm/moveit2_ws/install/my_robot_moveit_config:/home/joho/Documents/RoboticsAndROS2-LearnByDoingManipulators/arduinobot_ws/install/arduinobot_utils:/home/joho/Documents/RoboticsAndROS2-LearnByDoingManipulators/arduinobot_ws/install/arduinobot_remote:/home/joho/Documents/RoboticsAndROS2-LearnByDoingManipulators/arduinobot_ws/install/arduinobot_cpp_examples:/home/joho/Documents/RoboticsAndROS2-LearnByDoingManipulators/arduinobot_ws/install/arduinobot_msgs:/home/joho/Documents/RoboticsAndROS2-LearnByDoingManipulators/arduinobot_ws/install/arduinobot_moveit:/home/joho/Documents/RoboticsAndROS2-LearnByDoingManipulators/arduinobot_ws/install/arduinobot_firmware:/home/joho/Documents/RoboticsAndROS2-LearnByDoingManipulators/arduinobot_ws/install/arduinobot_description:/home/joho/Documents/RoboticsAndROS2-LearnByDoingManipulators/arduinobot_ws/install/arduinobot_controller:/home/joho/Documents/RoboticsAndROS2-LearnByDoingManipulators/arduinobot_ws/install/arduinobot_bringup:/home/joho/Documents/RoboticsAndROS2-LearnByDoingManipulators/arduinobot_ws/install/arduinobot_py_examples:/opt/ros/humble /usr/bin/cmake --build /home/joho/ros2_ws/ROS2Moveit2ControlARoboticArm/moveit2_ws/build/my_robot_moveit_config -- -j4 -l4
[1.434s] DEBUG:colcon.colcon_core.event_handler.log_command:Invoked command in '/home/joho/ros2_ws/ROS2Moveit2ControlARoboticArm/moveit2_ws/build/my_robot_moveit_config' returned '0': CMAKE_PREFIX_PATH=/home/joho/ros2_ws/ROS2Moveit2ControlARoboticArm/moveit2_ws/install/my_robot_description:/home/joho/ros2_ws/ROS2Moveit2ControlARoboticArm/install/my_robot_bringup:/home/joho/ros2_ws/ROS2Moveit2ControlARoboticArm/install/my_robot_moveit_config:/home/joho/ros2_ws/ROS2Moveit2ControlARoboticArm/install/my_robot_description:/home/joho/ros2_ws/ROS2Moveit2ControlARoboticArm/moveit2_ws/install/my_robot_bringup:/home/joho/ros2_ws/ROS2Moveit2ControlARoboticArm/moveit2_ws/install/my_robot_moveit_config:/home/joho/Documents/RoboticsAndROS2-LearnByDoingManipulators/arduinobot_ws/install/arduinobot_utils:/home/joho/Documents/RoboticsAndROS2-LearnByDoingManipulators/arduinobot_ws/install/arduinobot_remote:/home/joho/Documents/RoboticsAndROS2-LearnByDoingManipulators/arduinobot_ws/install/arduinobot_cpp_examples:/home/joho/Documents/RoboticsAndROS2-LearnByDoingManipulators/arduinobot_ws/install/arduinobot_msgs:/home/joho/Documents/RoboticsAndROS2-LearnByDoingManipulators/arduinobot_ws/install/arduinobot_moveit:/home/joho/Documents/RoboticsAndROS2-LearnByDoingManipulators/arduinobot_ws/install/arduinobot_firmware:/home/joho/Documents/RoboticsAndROS2-LearnByDoingManipulators/arduinobot_ws/install/arduinobot_description:/home/joho/Documents/RoboticsAndROS2-LearnByDoingManipulators/arduinobot_ws/install/arduinobot_controller:/home/joho/Documents/RoboticsAndROS2-LearnByDoingManipulators/arduinobot_ws/install/arduinobot_bringup:/home/joho/Documents/RoboticsAndROS2-LearnByDoingManipulators/arduinobot_ws/install/arduinobot_py_examples:/opt/ros/humble /usr/bin/cmake --build /home/joho/ros2_ws/ROS2Moveit2ControlARoboticArm/moveit2_ws/build/my_robot_moveit_config -- -j4 -l4
[1.441s] DEBUG:colcon.colcon_core.event_handler.log_command:Invoking command in '/home/joho/ros2_ws/ROS2Moveit2ControlARoboticArm/moveit2_ws/build/my_robot_moveit_config': CMAKE_PREFIX_PATH=/home/joho/ros2_ws/ROS2Moveit2ControlARoboticArm/moveit2_ws/install/my_robot_description:/home/joho/ros2_ws/ROS2Moveit2ControlARoboticArm/install/my_robot_bringup:/home/joho/ros2_ws/ROS2Moveit2ControlARoboticArm/install/my_robot_moveit_config:/home/joho/ros2_ws/ROS2Moveit2ControlARoboticArm/install/my_robot_description:/home/joho/ros2_ws/ROS2Moveit2ControlARoboticArm/moveit2_ws/install/my_robot_bringup:/home/joho/ros2_ws/ROS2Moveit2ControlARoboticArm/moveit2_ws/install/my_robot_moveit_config:/home/joho/Documents/RoboticsAndROS2-LearnByDoingManipulators/arduinobot_ws/install/arduinobot_utils:/home/joho/Documents/RoboticsAndROS2-LearnByDoingManipulators/arduinobot_ws/install/arduinobot_remote:/home/joho/Documents/RoboticsAndROS2-LearnByDoingManipulators/arduinobot_ws/install/arduinobot_cpp_examples:/home/joho/Documents/RoboticsAndROS2-LearnByDoingManipulators/arduinobot_ws/install/arduinobot_msgs:/home/joho/Documents/RoboticsAndROS2-LearnByDoingManipulators/arduinobot_ws/install/arduinobot_moveit:/home/joho/Documents/RoboticsAndROS2-LearnByDoingManipulators/arduinobot_ws/install/arduinobot_firmware:/home/joho/Documents/RoboticsAndROS2-LearnByDoingManipulators/arduinobot_ws/install/arduinobot_description:/home/joho/Documents/RoboticsAndROS2-LearnByDoingManipulators/arduinobot_ws/install/arduinobot_controller:/home/joho/Documents/RoboticsAndROS2-LearnByDoingManipulators/arduinobot_ws/install/arduinobot_bringup:/home/joho/Documents/RoboticsAndROS2-LearnByDoingManipulators/arduinobot_ws/install/arduinobot_py_examples:/opt/ros/humble /usr/bin/cmake --install /home/joho/ros2_ws/ROS2Moveit2ControlARoboticArm/moveit2_ws/build/my_robot_moveit_config
[1.468s] Level 1:colcon.colcon_core.environment:create_environment_scripts_only(my_robot_moveit_config)
[1.469s] Level 1:colcon.colcon_core.environment:checking '/home/joho/ros2_ws/ROS2Moveit2ControlARoboticArm/moveit2_ws/install/my_robot_moveit_config' for CMake module files
[1.470s] Level 1:colcon.colcon_core.environment:checking '/home/joho/ros2_ws/ROS2Moveit2ControlARoboticArm/moveit2_ws/install/my_robot_moveit_config' for CMake config files
[1.473s] DEBUG:colcon.colcon_core.event_handler.log_command:Invoked command in '/home/joho/ros2_ws/ROS2Moveit2ControlARoboticArm/moveit2_ws/build/my_robot_moveit_config' returned '0': CMAKE_PREFIX_PATH=/home/joho/ros2_ws/ROS2Moveit2ControlARoboticArm/moveit2_ws/install/my_robot_description:/home/joho/ros2_ws/ROS2Moveit2ControlARoboticArm/install/my_robot_bringup:/home/joho/ros2_ws/ROS2Moveit2ControlARoboticArm/install/my_robot_moveit_config:/home/joho/ros2_ws/ROS2Moveit2ControlARoboticArm/install/my_robot_description:/home/joho/ros2_ws/ROS2Moveit2ControlARoboticArm/moveit2_ws/install/my_robot_bringup:/home/joho/ros2_ws/ROS2Moveit2ControlARoboticArm/moveit2_ws/install/my_robot_moveit_config:/home/joho/Documents/RoboticsAndROS2-LearnByDoingManipulators/arduinobot_ws/install/arduinobot_utils:/home/joho/Documents/RoboticsAndROS2-LearnByDoingManipulators/arduinobot_ws/install/arduinobot_remote:/home/joho/Documents/RoboticsAndROS2-LearnByDoingManipulators/arduinobot_ws/install/arduinobot_cpp_examples:/home/joho/Documents/RoboticsAndROS2-LearnByDoingManipulators/arduinobot_ws/install/arduinobot_msgs:/home/joho/Documents/RoboticsAndROS2-LearnByDoingManipulators/arduinobot_ws/install/arduinobot_moveit:/home/joho/Documents/RoboticsAndROS2-LearnByDoingManipulators/arduinobot_ws/install/arduinobot_firmware:/home/joho/Documents/RoboticsAndROS2-LearnByDoingManipulators/arduinobot_ws/install/arduinobot_description:/home/joho/Documents/RoboticsAndROS2-LearnByDoingManipulators/arduinobot_ws/install/arduinobot_controller:/home/joho/Documents/RoboticsAndROS2-LearnByDoingManipulators/arduinobot_ws/install/arduinobot_bringup:/home/joho/Documents/RoboticsAndROS2-LearnByDoingManipulators/arduinobot_ws/install/arduinobot_py_examples:/opt/ros/humble /usr/bin/cmake --install /home/joho/ros2_ws/ROS2Moveit2ControlARoboticArm/moveit2_ws/build/my_robot_moveit_config
[1.474s] Level 1:colcon.colcon_core.shell:create_environment_hook('my_robot_moveit_config', 'cmake_prefix_path')
[1.475s] INFO:colcon.colcon_core.shell:Creating environment hook '/home/joho/ros2_ws/ROS2Moveit2ControlARoboticArm/moveit2_ws/install/my_robot_moveit_config/share/my_robot_moveit_config/hook/cmake_prefix_path.ps1'
[1.476s] INFO:colcon.colcon_core.shell:Creating environment descriptor '/home/joho/ros2_ws/ROS2Moveit2ControlARoboticArm/moveit2_ws/install/my_robot_moveit_config/share/my_robot_moveit_config/hook/cmake_prefix_path.dsv'
[1.477s] INFO:colcon.colcon_core.shell:Creating environment hook '/home/joho/ros2_ws/ROS2Moveit2ControlARoboticArm/moveit2_ws/install/my_robot_moveit_config/share/my_robot_moveit_config/hook/cmake_prefix_path.sh'
[1.478s] Level 1:colcon.colcon_core.environment:checking '/home/joho/ros2_ws/ROS2Moveit2ControlARoboticArm/moveit2_ws/install/my_robot_moveit_config/bin'
[1.479s] Level 1:colcon.colcon_core.environment:checking '/home/joho/ros2_ws/ROS2Moveit2ControlARoboticArm/moveit2_ws/install/my_robot_moveit_config/lib/pkgconfig/my_robot_moveit_config.pc'
[1.479s] Level 1:colcon.colcon_core.environment:checking '/home/joho/ros2_ws/ROS2Moveit2ControlARoboticArm/moveit2_ws/install/my_robot_moveit_config/lib/python3.10/site-packages'
[1.481s] Level 1:colcon.colcon_core.environment:checking '/home/joho/ros2_ws/ROS2Moveit2ControlARoboticArm/moveit2_ws/install/my_robot_moveit_config/bin'
[1.482s] INFO:colcon.colcon_core.shell:Creating package script '/home/joho/ros2_ws/ROS2Moveit2ControlARoboticArm/moveit2_ws/install/my_robot_moveit_config/share/my_robot_moveit_config/package.ps1'
[1.483s] INFO:colcon.colcon_core.shell:Creating package descriptor '/home/joho/ros2_ws/ROS2Moveit2ControlARoboticArm/moveit2_ws/install/my_robot_moveit_config/share/my_robot_moveit_config/package.dsv'
[1.484s] INFO:colcon.colcon_core.shell:Creating package script '/home/joho/ros2_ws/ROS2Moveit2ControlARoboticArm/moveit2_ws/install/my_robot_moveit_config/share/my_robot_moveit_config/package.sh'
[1.485s] INFO:colcon.colcon_core.shell:Creating package script '/home/joho/ros2_ws/ROS2Moveit2ControlARoboticArm/moveit2_ws/install/my_robot_moveit_config/share/my_robot_moveit_config/package.bash'
[1.486s] INFO:colcon.colcon_core.shell:Creating package script '/home/joho/ros2_ws/ROS2Moveit2ControlARoboticArm/moveit2_ws/install/my_robot_moveit_config/share/my_robot_moveit_config/package.zsh'
[1.487s] Level 1:colcon.colcon_core.environment:create_file_with_runtime_dependencies(/home/joho/ros2_ws/ROS2Moveit2ControlARoboticArm/moveit2_ws/install/my_robot_moveit_config/share/colcon-core/packages/my_robot_moveit_config)
[1.489s] Level 1:colcon.colcon_core.environment:create_environment_scripts_only(my_robot_moveit_config)
[1.490s] Level 1:colcon.colcon_core.environment:checking '/home/joho/ros2_ws/ROS2Moveit2ControlARoboticArm/moveit2_ws/install/my_robot_moveit_config' for CMake module files
[1.492s] Level 1:colcon.colcon_core.environment:checking '/home/joho/ros2_ws/ROS2Moveit2ControlARoboticArm/moveit2_ws/install/my_robot_moveit_config' for CMake config files
[1.493s] Level 1:colcon.colcon_core.shell:create_environment_hook('my_robot_moveit_config', 'cmake_prefix_path')
[1.493s] INFO:colcon.colcon_core.shell:Creating environment hook '/home/joho/ros2_ws/ROS2Moveit2ControlARoboticArm/moveit2_ws/install/my_robot_moveit_config/share/my_robot_moveit_config/hook/cmake_prefix_path.ps1'
[1.494s] INFO:colcon.colcon_core.shell:Creating environment descriptor '/home/joho/ros2_ws/ROS2Moveit2ControlARoboticArm/moveit2_ws/install/my_robot_moveit_config/share/my_robot_moveit_config/hook/cmake_prefix_path.dsv'
[1.495s] INFO:colcon.colcon_core.shell:Creating environment hook '/home/joho/ros2_ws/ROS2Moveit2ControlARoboticArm/moveit2_ws/install/my_robot_moveit_config/share/my_robot_moveit_config/hook/cmake_prefix_path.sh'
[1.497s] Level 1:colcon.colcon_core.environment:checking '/home/joho/ros2_ws/ROS2Moveit2ControlARoboticArm/moveit2_ws/install/my_robot_moveit_config/bin'
[1.497s] Level 1:colcon.colcon_core.environment:checking '/home/joho/ros2_ws/ROS2Moveit2ControlARoboticArm/moveit2_ws/install/my_robot_moveit_config/lib/pkgconfig/my_robot_moveit_config.pc'
[1.498s] Level 1:colcon.colcon_core.environment:checking '/home/joho/ros2_ws/ROS2Moveit2ControlARoboticArm/moveit2_ws/install/my_robot_moveit_config/lib/python3.10/site-packages'
[1.499s] Level 1:colcon.colcon_core.environment:checking '/home/joho/ros2_ws/ROS2Moveit2ControlARoboticArm/moveit2_ws/install/my_robot_moveit_config/bin'
[1.500s] INFO:colcon.colcon_core.shell:Creating package script '/home/joho/ros2_ws/ROS2Moveit2ControlARoboticArm/moveit2_ws/install/my_robot_moveit_config/share/my_robot_moveit_config/package.ps1'
[1.501s] INFO:colcon.colcon_core.shell:Creating package descriptor '/home/joho/ros2_ws/ROS2Moveit2ControlARoboticArm/moveit2_ws/install/my_robot_moveit_config/share/my_robot_moveit_config/package.dsv'
[1.502s] INFO:colcon.colcon_core.shell:Creating package script '/home/joho/ros2_ws/ROS2Moveit2ControlARoboticArm/moveit2_ws/install/my_robot_moveit_config/share/my_robot_moveit_config/package.sh'
[1.503s] INFO:colcon.colcon_core.shell:Creating package script '/home/joho/ros2_ws/ROS2Moveit2ControlARoboticArm/moveit2_ws/install/my_robot_moveit_config/share/my_robot_moveit_config/package.bash'
[1.505s] INFO:colcon.colcon_core.shell:Creating package script '/home/joho/ros2_ws/ROS2Moveit2ControlARoboticArm/moveit2_ws/install/my_robot_moveit_config/share/my_robot_moveit_config/package.zsh'
[1.506s] Level 1:colcon.colcon_core.environment:create_file_with_runtime_dependencies(/home/joho/ros2_ws/ROS2Moveit2ControlARoboticArm/moveit2_ws/install/my_robot_moveit_config/share/colcon-core/packages/my_robot_moveit_config)
[1.507s] INFO:colcon.colcon_ros.task.ament_cmake.build:Building ROS package in '/home/joho/ros2_ws/ROS2Moveit2ControlARoboticArm/moveit2_ws/src/my_robot_bringup' with build type 'ament_cmake'
[1.508s] INFO:colcon.colcon_cmake.task.cmake.build:Building CMake package in '/home/joho/ros2_ws/ROS2Moveit2ControlARoboticArm/moveit2_ws/src/my_robot_bringup'
[1.509s] INFO:colcon.colcon_core.shell:Skip shell extension 'powershell' for command environment: Not usable outside of PowerShell
[1.509s] DEBUG:colcon.colcon_core.shell:Skip shell extension 'dsv' for command environment
[1.539s] DEBUG:colcon.colcon_core.event_handler.log_command:Invoking command in '/home/joho/ros2_ws/ROS2Moveit2ControlARoboticArm/moveit2_ws/build/my_robot_bringup': CMAKE_PREFIX_PATH=/home/joho/ros2_ws/ROS2Moveit2ControlARoboticArm/moveit2_ws/install/my_robot_moveit_config:/home/joho/ros2_ws/ROS2Moveit2ControlARoboticArm/moveit2_ws/install/my_robot_description:/home/joho/ros2_ws/ROS2Moveit2ControlARoboticArm/install/my_robot_bringup:/home/joho/ros2_ws/ROS2Moveit2ControlARoboticArm/install/my_robot_moveit_config:/home/joho/ros2_ws/ROS2Moveit2ControlARoboticArm/install/my_robot_description:/home/joho/ros2_ws/ROS2Moveit2ControlARoboticArm/moveit2_ws/install/my_robot_bringup:/home/joho/Documents/RoboticsAndROS2-LearnByDoingManipulators/arduinobot_ws/install/arduinobot_utils:/home/joho/Documents/RoboticsAndROS2-LearnByDoingManipulators/arduinobot_ws/install/arduinobot_remote:/home/joho/Documents/RoboticsAndROS2-LearnByDoingManipulators/arduinobot_ws/install/arduinobot_cpp_examples:/home/joho/Documents/RoboticsAndROS2-LearnByDoingManipulators/arduinobot_ws/install/arduinobot_msgs:/home/joho/Documents/RoboticsAndROS2-LearnByDoingManipulators/arduinobot_ws/install/arduinobot_moveit:/home/joho/Documents/RoboticsAndROS2-LearnByDoingManipulators/arduinobot_ws/install/arduinobot_firmware:/home/joho/Documents/RoboticsAndROS2-LearnByDoingManipulators/arduinobot_ws/install/arduinobot_description:/home/joho/Documents/RoboticsAndROS2-LearnByDoingManipulators/arduinobot_ws/install/arduinobot_controller:/home/joho/Documents/RoboticsAndROS2-LearnByDoingManipulators/arduinobot_ws/install/arduinobot_bringup:/home/joho/Documents/RoboticsAndROS2-LearnByDoingManipulators/arduinobot_ws/install/arduinobot_py_examples:/opt/ros/humble /usr/bin/cmake --build /home/joho/ros2_ws/ROS2Moveit2ControlARoboticArm/moveit2_ws/build/my_robot_bringup -- -j4 -l4
[1.629s] DEBUG:colcon.colcon_core.event_handler.log_command:Invoked command in '/home/joho/ros2_ws/ROS2Moveit2ControlARoboticArm/moveit2_ws/build/my_robot_bringup' returned '0': CMAKE_PREFIX_PATH=/home/joho/ros2_ws/ROS2Moveit2ControlARoboticArm/moveit2_ws/install/my_robot_moveit_config:/home/joho/ros2_ws/ROS2Moveit2ControlARoboticArm/moveit2_ws/install/my_robot_description:/home/joho/ros2_ws/ROS2Moveit2ControlARoboticArm/install/my_robot_bringup:/home/joho/ros2_ws/ROS2Moveit2ControlARoboticArm/install/my_robot_moveit_config:/home/joho/ros2_ws/ROS2Moveit2ControlARoboticArm/install/my_robot_description:/home/joho/ros2_ws/ROS2Moveit2ControlARoboticArm/moveit2_ws/install/my_robot_bringup:/home/joho/Documents/RoboticsAndROS2-LearnByDoingManipulators/arduinobot_ws/install/arduinobot_utils:/home/joho/Documents/RoboticsAndROS2-LearnByDoingManipulators/arduinobot_ws/install/arduinobot_remote:/home/joho/Documents/RoboticsAndROS2-LearnByDoingManipulators/arduinobot_ws/install/arduinobot_cpp_examples:/home/joho/Documents/RoboticsAndROS2-LearnByDoingManipulators/arduinobot_ws/install/arduinobot_msgs:/home/joho/Documents/RoboticsAndROS2-LearnByDoingManipulators/arduinobot_ws/install/arduinobot_moveit:/home/joho/Documents/RoboticsAndROS2-LearnByDoingManipulators/arduinobot_ws/install/arduinobot_firmware:/home/joho/Documents/RoboticsAndROS2-LearnByDoingManipulators/arduinobot_ws/install/arduinobot_description:/home/joho/Documents/RoboticsAndROS2-LearnByDoingManipulators/arduinobot_ws/install/arduinobot_controller:/home/joho/Documents/RoboticsAndROS2-LearnByDoingManipulators/arduinobot_ws/install/arduinobot_bringup:/home/joho/Documents/RoboticsAndROS2-LearnByDoingManipulators/arduinobot_ws/install/arduinobot_py_examples:/opt/ros/humble /usr/bin/cmake --build /home/joho/ros2_ws/ROS2Moveit2ControlARoboticArm/moveit2_ws/build/my_robot_bringup -- -j4 -l4
[1.634s] DEBUG:colcon.colcon_core.event_handler.log_command:Invoking command in '/home/joho/ros2_ws/ROS2Moveit2ControlARoboticArm/moveit2_ws/build/my_robot_bringup': CMAKE_PREFIX_PATH=/home/joho/ros2_ws/ROS2Moveit2ControlARoboticArm/moveit2_ws/install/my_robot_moveit_config:/home/joho/ros2_ws/ROS2Moveit2ControlARoboticArm/moveit2_ws/install/my_robot_description:/home/joho/ros2_ws/ROS2Moveit2ControlARoboticArm/install/my_robot_bringup:/home/joho/ros2_ws/ROS2Moveit2ControlARoboticArm/install/my_robot_moveit_config:/home/joho/ros2_ws/ROS2Moveit2ControlARoboticArm/install/my_robot_description:/home/joho/ros2_ws/ROS2Moveit2ControlARoboticArm/moveit2_ws/install/my_robot_bringup:/home/joho/Documents/RoboticsAndROS2-LearnByDoingManipulators/arduinobot_ws/install/arduinobot_utils:/home/joho/Documents/RoboticsAndROS2-LearnByDoingManipulators/arduinobot_ws/install/arduinobot_remote:/home/joho/Documents/RoboticsAndROS2-LearnByDoingManipulators/arduinobot_ws/install/arduinobot_cpp_examples:/home/joho/Documents/RoboticsAndROS2-LearnByDoingManipulators/arduinobot_ws/install/arduinobot_msgs:/home/joho/Documents/RoboticsAndROS2-LearnByDoingManipulators/arduinobot_ws/install/arduinobot_moveit:/home/joho/Documents/RoboticsAndROS2-LearnByDoingManipulators/arduinobot_ws/install/arduinobot_firmware:/home/joho/Documents/RoboticsAndROS2-LearnByDoingManipulators/arduinobot_ws/install/arduinobot_description:/home/joho/Documents/RoboticsAndROS2-LearnByDoingManipulators/arduinobot_ws/install/arduinobot_controller:/home/joho/Documents/RoboticsAndROS2-LearnByDoingManipulators/arduinobot_ws/install/arduinobot_bringup:/home/joho/Documents/RoboticsAndROS2-LearnByDoingManipulators/arduinobot_ws/install/arduinobot_py_examples:/opt/ros/humble /usr/bin/cmake --install /home/joho/ros2_ws/ROS2Moveit2ControlARoboticArm/moveit2_ws/build/my_robot_bringup
[1.662s] Level 1:colcon.colcon_core.environment:create_environment_scripts_only(my_robot_bringup)
[1.663s] Level 1:colcon.colcon_core.environment:checking '/home/joho/ros2_ws/ROS2Moveit2ControlARoboticArm/moveit2_ws/install/my_robot_bringup' for CMake module files
[1.665s] DEBUG:colcon.colcon_core.event_handler.log_command:Invoked command in '/home/joho/ros2_ws/ROS2Moveit2ControlARoboticArm/moveit2_ws/build/my_robot_bringup' returned '0': CMAKE_PREFIX_PATH=/home/joho/ros2_ws/ROS2Moveit2ControlARoboticArm/moveit2_ws/install/my_robot_moveit_config:/home/joho/ros2_ws/ROS2Moveit2ControlARoboticArm/moveit2_ws/install/my_robot_description:/home/joho/ros2_ws/ROS2Moveit2ControlARoboticArm/install/my_robot_bringup:/home/joho/ros2_ws/ROS2Moveit2ControlARoboticArm/install/my_robot_moveit_config:/home/joho/ros2_ws/ROS2Moveit2ControlARoboticArm/install/my_robot_description:/home/joho/ros2_ws/ROS2Moveit2ControlARoboticArm/moveit2_ws/install/my_robot_bringup:/home/joho/Documents/RoboticsAndROS2-LearnByDoingManipulators/arduinobot_ws/install/arduinobot_utils:/home/joho/Documents/RoboticsAndROS2-LearnByDoingManipulators/arduinobot_ws/install/arduinobot_remote:/home/joho/Documents/RoboticsAndROS2-LearnByDoingManipulators/arduinobot_ws/install/arduinobot_cpp_examples:/home/joho/Documents/RoboticsAndROS2-LearnByDoingManipulators/arduinobot_ws/install/arduinobot_msgs:/home/joho/Documents/RoboticsAndROS2-LearnByDoingManipulators/arduinobot_ws/install/arduinobot_moveit:/home/joho/Documents/RoboticsAndROS2-LearnByDoingManipulators/arduinobot_ws/install/arduinobot_firmware:/home/joho/Documents/RoboticsAndROS2-LearnByDoingManipulators/arduinobot_ws/install/arduinobot_description:/home/joho/Documents/RoboticsAndROS2-LearnByDoingManipulators/arduinobot_ws/install/arduinobot_controller:/home/joho/Documents/RoboticsAndROS2-LearnByDoingManipulators/arduinobot_ws/install/arduinobot_bringup:/home/joho/Documents/RoboticsAndROS2-LearnByDoingManipulators/arduinobot_ws/install/arduinobot_py_examples:/opt/ros/humble /usr/bin/cmake --install /home/joho/ros2_ws/ROS2Moveit2ControlARoboticArm/moveit2_ws/build/my_robot_bringup
[1.667s] Level 1:colcon.colcon_core.environment:checking '/home/joho/ros2_ws/ROS2Moveit2ControlARoboticArm/moveit2_ws/install/my_robot_bringup' for CMake config files
[1.667s] Level 1:colcon.colcon_core.shell:create_environment_hook('my_robot_bringup', 'cmake_prefix_path')
[1.668s] INFO:colcon.colcon_core.shell:Creating environment hook '/home/joho/ros2_ws/ROS2Moveit2ControlARoboticArm/moveit2_ws/install/my_robot_bringup/share/my_robot_bringup/hook/cmake_prefix_path.ps1'
[1.670s] INFO:colcon.colcon_core.shell:Creating environment descriptor '/home/joho/ros2_ws/ROS2Moveit2ControlARoboticArm/moveit2_ws/install/my_robot_bringup/share/my_robot_bringup/hook/cmake_prefix_path.dsv'
[1.671s] INFO:colcon.colcon_core.shell:Creating environment hook '/home/joho/ros2_ws/ROS2Moveit2ControlARoboticArm/moveit2_ws/install/my_robot_bringup/share/my_robot_bringup/hook/cmake_prefix_path.sh'
[1.673s] Level 1:colcon.colcon_core.environment:checking '/home/joho/ros2_ws/ROS2Moveit2ControlARoboticArm/moveit2_ws/install/my_robot_bringup/bin'
[1.673s] Level 1:colcon.colcon_core.environment:checking '/home/joho/ros2_ws/ROS2Moveit2ControlARoboticArm/moveit2_ws/install/my_robot_bringup/lib/pkgconfig/my_robot_bringup.pc'
[1.674s] Level 1:colcon.colcon_core.environment:checking '/home/joho/ros2_ws/ROS2Moveit2ControlARoboticArm/moveit2_ws/install/my_robot_bringup/lib/python3.10/site-packages'
[1.675s] Level 1:colcon.colcon_core.environment:checking '/home/joho/ros2_ws/ROS2Moveit2ControlARoboticArm/moveit2_ws/install/my_robot_bringup/bin'
[1.677s] INFO:colcon.colcon_core.shell:Creating package script '/home/joho/ros2_ws/ROS2Moveit2ControlARoboticArm/moveit2_ws/install/my_robot_bringup/share/my_robot_bringup/package.ps1'
[1.678s] INFO:colcon.colcon_core.shell:Creating package descriptor '/home/joho/ros2_ws/ROS2Moveit2ControlARoboticArm/moveit2_ws/install/my_robot_bringup/share/my_robot_bringup/package.dsv'
[1.679s] INFO:colcon.colcon_core.shell:Creating package script '/home/joho/ros2_ws/ROS2Moveit2ControlARoboticArm/moveit2_ws/install/my_robot_bringup/share/my_robot_bringup/package.sh'
[1.681s] INFO:colcon.colcon_core.shell:Creating package script '/home/joho/ros2_ws/ROS2Moveit2ControlARoboticArm/moveit2_ws/install/my_robot_bringup/share/my_robot_bringup/package.bash'
[1.682s] INFO:colcon.colcon_core.shell:Creating package script '/home/joho/ros2_ws/ROS2Moveit2ControlARoboticArm/moveit2_ws/install/my_robot_bringup/share/my_robot_bringup/package.zsh'
[1.684s] Level 1:colcon.colcon_core.environment:create_file_with_runtime_dependencies(/home/joho/ros2_ws/ROS2Moveit2ControlARoboticArm/moveit2_ws/install/my_robot_bringup/share/colcon-core/packages/my_robot_bringup)
[1.686s] Level 1:colcon.colcon_core.environment:create_environment_scripts_only(my_robot_bringup)
[1.686s] Level 1:colcon.colcon_core.environment:checking '/home/joho/ros2_ws/ROS2Moveit2ControlARoboticArm/moveit2_ws/install/my_robot_bringup' for CMake module files
[1.688s] Level 1:colcon.colcon_core.environment:checking '/home/joho/ros2_ws/ROS2Moveit2ControlARoboticArm/moveit2_ws/install/my_robot_bringup' for CMake config files
[1.689s] Level 1:colcon.colcon_core.shell:create_environment_hook('my_robot_bringup', 'cmake_prefix_path')
[1.690s] INFO:colcon.colcon_core.shell:Creating environment hook '/home/joho/ros2_ws/ROS2Moveit2ControlARoboticArm/moveit2_ws/install/my_robot_bringup/share/my_robot_bringup/hook/cmake_prefix_path.ps1'
[1.691s] INFO:colcon.colcon_core.shell:Creating environment descriptor '/home/joho/ros2_ws/ROS2Moveit2ControlARoboticArm/moveit2_ws/install/my_robot_bringup/share/my_robot_bringup/hook/cmake_prefix_path.dsv'
[1.692s] INFO:colcon.colcon_core.shell:Creating environment hook '/home/joho/ros2_ws/ROS2Moveit2ControlARoboticArm/moveit2_ws/install/my_robot_bringup/share/my_robot_bringup/hook/cmake_prefix_path.sh'
[1.694s] Level 1:colcon.colcon_core.environment:checking '/home/joho/ros2_ws/ROS2Moveit2ControlARoboticArm/moveit2_ws/install/my_robot_bringup/bin'
[1.694s] Level 1:colcon.colcon_core.environment:checking '/home/joho/ros2_ws/ROS2Moveit2ControlARoboticArm/moveit2_ws/install/my_robot_bringup/lib/pkgconfig/my_robot_bringup.pc'
[1.695s] Level 1:colcon.colcon_core.environment:checking '/home/joho/ros2_ws/ROS2Moveit2ControlARoboticArm/moveit2_ws/install/my_robot_bringup/lib/python3.10/site-packages'
[1.697s] Level 1:colcon.colcon_core.environment:checking '/home/joho/ros2_ws/ROS2Moveit2ControlARoboticArm/moveit2_ws/install/my_robot_bringup/bin'
[1.699s] INFO:colcon.colcon_core.shell:Creating package script '/home/joho/ros2_ws/ROS2Moveit2ControlARoboticArm/moveit2_ws/install/my_robot_bringup/share/my_robot_bringup/package.ps1'
[1.701s] INFO:colcon.colcon_core.shell:Creating package descriptor '/home/joho/ros2_ws/ROS2Moveit2ControlARoboticArm/moveit2_ws/install/my_robot_bringup/share/my_robot_bringup/package.dsv'
[1.703s] INFO:colcon.colcon_core.shell:Creating package script '/home/joho/ros2_ws/ROS2Moveit2ControlARoboticArm/moveit2_ws/install/my_robot_bringup/share/my_robot_bringup/package.sh'
[1.705s] INFO:colcon.colcon_core.shell:Creating package script '/home/joho/ros2_ws/ROS2Moveit2ControlARoboticArm/moveit2_ws/install/my_robot_bringup/share/my_robot_bringup/package.bash'
[1.706s] INFO:colcon.colcon_core.shell:Creating package script '/home/joho/ros2_ws/ROS2Moveit2ControlARoboticArm/moveit2_ws/install/my_robot_bringup/share/my_robot_bringup/package.zsh'
[1.708s] Level 1:colcon.colcon_core.environment:create_file_with_runtime_dependencies(/home/joho/ros2_ws/ROS2Moveit2ControlARoboticArm/moveit2_ws/install/my_robot_bringup/share/colcon-core/packages/my_robot_bringup)
[1.708s] DEBUG:colcon.colcon_parallel_executor.executor.parallel:closing loop
[1.710s] DEBUG:colcon.colcon_parallel_executor.executor.parallel:loop closed
[1.710s] DEBUG:colcon.colcon_parallel_executor.executor.parallel:run_until_complete finished with '0'
[1.710s] DEBUG:colcon.colcon_core.event_reactor:joining thread
[1.722s] INFO:colcon.colcon_core.plugin_system:Skipping extension 'colcon_notification.desktop_notification.terminal_notifier': Not used on non-Darwin systems
[1.722s] INFO:colcon.colcon_core.plugin_system:Skipping extension 'colcon_notification.desktop_notification.win32': Not used on non-Windows systems
[1.722s] INFO:colcon.colcon_notification.desktop_notification:Sending desktop notification using 'notify2'
[1.752s] DEBUG:colcon.colcon_core.event_reactor:joined thread
[1.753s] INFO:colcon.colcon_core.shell:Creating prefix script '/home/joho/ros2_ws/ROS2Moveit2ControlARoboticArm/moveit2_ws/install/local_setup.ps1'
[1.757s] INFO:colcon.colcon_core.shell:Creating prefix util module '/home/joho/ros2_ws/ROS2Moveit2ControlARoboticArm/moveit2_ws/install/_local_setup_util_ps1.py'
[1.762s] INFO:colcon.colcon_core.shell:Creating prefix chain script '/home/joho/ros2_ws/ROS2Moveit2ControlARoboticArm/moveit2_ws/install/setup.ps1'
[1.767s] INFO:colcon.colcon_core.shell:Creating prefix script '/home/joho/ros2_ws/ROS2Moveit2ControlARoboticArm/moveit2_ws/install/local_setup.sh'
[1.769s] INFO:colcon.colcon_core.shell:Creating prefix util module '/home/joho/ros2_ws/ROS2Moveit2ControlARoboticArm/moveit2_ws/install/_local_setup_util_sh.py'
[1.772s] INFO:colcon.colcon_core.shell:Creating prefix chain script '/home/joho/ros2_ws/ROS2Moveit2ControlARoboticArm/moveit2_ws/install/setup.sh'
[1.777s] INFO:colcon.colcon_core.shell:Creating prefix script '/home/joho/ros2_ws/ROS2Moveit2ControlARoboticArm/moveit2_ws/install/local_setup.bash'
[1.779s] INFO:colcon.colcon_core.shell:Creating prefix chain script '/home/joho/ros2_ws/ROS2Moveit2ControlARoboticArm/moveit2_ws/install/setup.bash'
[1.783s] INFO:colcon.colcon_core.shell:Creating prefix script '/home/joho/ros2_ws/ROS2Moveit2ControlARoboticArm/moveit2_ws/install/local_setup.zsh'
[1.784s] INFO:colcon.colcon_core.shell:Creating prefix chain script '/home/joho/ros2_ws/ROS2Moveit2ControlARoboticArm/moveit2_ws/install/setup.zsh'
