[0.165s] DEBUG:colcon:Command line arguments: ['/usr/bin/colcon', 'build']
[0.165s] DEBUG:colcon:Parsed command line arguments: Namespace(log_base=None, log_level=None, verb_name='build', build_base='build', install_base='install', merge_install=False, symlink_install=False, test_result_base=None, continue_on_error=False, executor='parallel', parallel_workers=12, event_handlers=None, ignore_user_meta=False, metas=['./colcon.meta'], base_paths=['.'], packages_ignore=None, packages_ignore_regex=None, paths=None, packages_up_to=None, packages_up_to_regex=None, packages_above=None, packages_above_and_dependencies=None, packages_above_depth=None, packages_select_by_dep=None, packages_skip_by_dep=None, packages_skip_up_to=None, packages_select_build_failed=False, packages_skip_build_finished=False, packages_select_test_failures=False, packages_skip_test_passed=False, packages_select=None, packages_skip=None, packages_select_regex=None, packages_skip_regex=None, packages_start=None, packages_end=None, allow_overriding=[], cmake_args=None, cmake_target=None, cmake_target_skip_unavailable=False, cmake_clean_cache=False, cmake_clean_first=False, cmake_force_configure=False, ament_cmake_args=None, catkin_cmake_args=None, catkin_skip_building_tests=False, mixin_files=None, mixin=None, verb_parser=<colcon_mixin.mixin.mixin_argument.MixinArgumentDecorator object at 0x7257526c0b90>, verb_extension=<colcon_core.verb.build.BuildVerb object at 0x7257527d4fb0>, main=<bound method BuildVerb.main of <colcon_core.verb.build.BuildVerb object at 0x7257527d4fb0>>, mixin_verb=('build',))
[0.215s] Level 1:colcon.colcon_core.package_discovery:discover_packages(colcon_meta) check parameters
[0.215s] Level 1:colcon.colcon_core.package_discovery:discover_packages(recursive) check parameters
[0.215s] Level 1:colcon.colcon_core.package_discovery:discover_packages(ignore) check parameters
[0.215s] Level 1:colcon.colcon_core.package_discovery:discover_packages(path) check parameters
[0.215s] Level 1:colcon.colcon_core.package_discovery:discover_packages(colcon_meta) discover
[0.215s] Level 1:colcon.colcon_core.package_discovery:discover_packages(recursive) discover
[0.216s] INFO:colcon.colcon_core.package_discovery:Crawling recursively for packages in '/home/johotan/ros2/ROS2Moveit2ControlARoboticArm/moveit2_ws'
[0.216s] Level 1:colcon.colcon_core.package_identification:_identify(.) by extensions ['ignore', 'ignore_ament_install']
[0.216s] Level 1:colcon.colcon_core.package_identification:_identify(.) by extension 'ignore'
[0.216s] Level 1:colcon.colcon_core.package_identification:_identify(.) by extension 'ignore_ament_install'
[0.216s] Level 1:colcon.colcon_core.package_identification:_identify(.) by extensions ['colcon_pkg']
[0.216s] Level 1:colcon.colcon_core.package_identification:_identify(.) by extension 'colcon_pkg'
[0.216s] Level 1:colcon.colcon_core.package_identification:_identify(.) by extensions ['colcon_meta']
[0.216s] Level 1:colcon.colcon_core.package_identification:_identify(.) by extension 'colcon_meta'
[0.216s] Level 1:colcon.colcon_core.package_identification:_identify(.) by extensions ['ros']
[0.216s] Level 1:colcon.colcon_core.package_identification:_identify(.) by extension 'ros'
[0.245s] Level 1:colcon.colcon_core.package_identification:_identify(.) by extensions ['cmake', 'python']
[0.245s] Level 1:colcon.colcon_core.package_identification:_identify(.) by extension 'cmake'
[0.245s] Level 1:colcon.colcon_core.package_identification:_identify(.) by extension 'python'
[0.245s] Level 1:colcon.colcon_core.package_identification:_identify(.) by extensions ['python_setup_py']
[0.246s] Level 1:colcon.colcon_core.package_identification:_identify(.) by extension 'python_setup_py'
[0.246s] Level 1:colcon.colcon_core.package_identification:_identify(build) by extensions ['ignore', 'ignore_ament_install']
[0.246s] Level 1:colcon.colcon_core.package_identification:_identify(build) by extension 'ignore'
[0.246s] Level 1:colcon.colcon_core.package_identification:_identify(build) ignored
[0.246s] Level 1:colcon.colcon_core.package_identification:_identify(install) by extensions ['ignore', 'ignore_ament_install']
[0.246s] Level 1:colcon.colcon_core.package_identification:_identify(install) by extension 'ignore'
[0.246s] Level 1:colcon.colcon_core.package_identification:_identify(install) ignored
[0.246s] Level 1:colcon.colcon_core.package_identification:_identify(log) by extensions ['ignore', 'ignore_ament_install']
[0.246s] Level 1:colcon.colcon_core.package_identification:_identify(log) by extension 'ignore'
[0.246s] Level 1:colcon.colcon_core.package_identification:_identify(log) ignored
[0.246s] Level 1:colcon.colcon_core.package_identification:_identify(src) by extensions ['ignore', 'ignore_ament_install']
[0.246s] Level 1:colcon.colcon_core.package_identification:_identify(src) by extension 'ignore'
[0.247s] Level 1:colcon.colcon_core.package_identification:_identify(src) by extension 'ignore_ament_install'
[0.247s] Level 1:colcon.colcon_core.package_identification:_identify(src) by extensions ['colcon_pkg']
[0.247s] Level 1:colcon.colcon_core.package_identification:_identify(src) by extension 'colcon_pkg'
[0.247s] Level 1:colcon.colcon_core.package_identification:_identify(src) by extensions ['colcon_meta']
[0.247s] Level 1:colcon.colcon_core.package_identification:_identify(src) by extension 'colcon_meta'
[0.247s] Level 1:colcon.colcon_core.package_identification:_identify(src) by extensions ['ros']
[0.247s] Level 1:colcon.colcon_core.package_identification:_identify(src) by extension 'ros'
[0.247s] Level 1:colcon.colcon_core.package_identification:_identify(src) by extensions ['cmake', 'python']
[0.247s] Level 1:colcon.colcon_core.package_identification:_identify(src) by extension 'cmake'
[0.247s] Level 1:colcon.colcon_core.package_identification:_identify(src) by extension 'python'
[0.247s] Level 1:colcon.colcon_core.package_identification:_identify(src) by extensions ['python_setup_py']
[0.247s] Level 1:colcon.colcon_core.package_identification:_identify(src) by extension 'python_setup_py'
[0.247s] Level 1:colcon.colcon_core.package_identification:_identify(src/my_robot_bringup) by extensions ['ignore', 'ignore_ament_install']
[0.247s] Level 1:colcon.colcon_core.package_identification:_identify(src/my_robot_bringup) by extension 'ignore'
[0.247s] Level 1:colcon.colcon_core.package_identification:_identify(src/my_robot_bringup) by extension 'ignore_ament_install'
[0.247s] Level 1:colcon.colcon_core.package_identification:_identify(src/my_robot_bringup) by extensions ['colcon_pkg']
[0.247s] Level 1:colcon.colcon_core.package_identification:_identify(src/my_robot_bringup) by extension 'colcon_pkg'
[0.247s] Level 1:colcon.colcon_core.package_identification:_identify(src/my_robot_bringup) by extensions ['colcon_meta']
[0.247s] Level 1:colcon.colcon_core.package_identification:_identify(src/my_robot_bringup) by extension 'colcon_meta'
[0.247s] Level 1:colcon.colcon_core.package_identification:_identify(src/my_robot_bringup) by extensions ['ros']
[0.247s] Level 1:colcon.colcon_core.package_identification:_identify(src/my_robot_bringup) by extension 'ros'
[0.251s] DEBUG:colcon.colcon_core.package_identification:Package 'src/my_robot_bringup' with type 'ros.ament_cmake' and name 'my_robot_bringup'
[0.251s] Level 1:colcon.colcon_core.package_identification:_identify(src/my_robot_commander_cpp) by extensions ['ignore', 'ignore_ament_install']
[0.251s] Level 1:colcon.colcon_core.package_identification:_identify(src/my_robot_commander_cpp) by extension 'ignore'
[0.251s] Level 1:colcon.colcon_core.package_identification:_identify(src/my_robot_commander_cpp) by extension 'ignore_ament_install'
[0.251s] Level 1:colcon.colcon_core.package_identification:_identify(src/my_robot_commander_cpp) by extensions ['colcon_pkg']
[0.251s] Level 1:colcon.colcon_core.package_identification:_identify(src/my_robot_commander_cpp) by extension 'colcon_pkg'
[0.252s] Level 1:colcon.colcon_core.package_identification:_identify(src/my_robot_commander_cpp) by extensions ['colcon_meta']
[0.252s] Level 1:colcon.colcon_core.package_identification:_identify(src/my_robot_commander_cpp) by extension 'colcon_meta'
[0.252s] Level 1:colcon.colcon_core.package_identification:_identify(src/my_robot_commander_cpp) by extensions ['ros']
[0.252s] Level 1:colcon.colcon_core.package_identification:_identify(src/my_robot_commander_cpp) by extension 'ros'
[0.252s] DEBUG:colcon.colcon_core.package_identification:Package 'src/my_robot_commander_cpp' with type 'ros.ament_cmake' and name 'my_robot_commander_cpp'
[0.252s] Level 1:colcon.colcon_core.package_identification:_identify(src/my_robot_description) by extensions ['ignore', 'ignore_ament_install']
[0.252s] Level 1:colcon.colcon_core.package_identification:_identify(src/my_robot_description) by extension 'ignore'
[0.252s] Level 1:colcon.colcon_core.package_identification:_identify(src/my_robot_description) by extension 'ignore_ament_install'
[0.253s] Level 1:colcon.colcon_core.package_identification:_identify(src/my_robot_description) by extensions ['colcon_pkg']
[0.253s] Level 1:colcon.colcon_core.package_identification:_identify(src/my_robot_description) by extension 'colcon_pkg'
[0.253s] Level 1:colcon.colcon_core.package_identification:_identify(src/my_robot_description) by extensions ['colcon_meta']
[0.253s] Level 1:colcon.colcon_core.package_identification:_identify(src/my_robot_description) by extension 'colcon_meta'
[0.253s] Level 1:colcon.colcon_core.package_identification:_identify(src/my_robot_description) by extensions ['ros']
[0.253s] Level 1:colcon.colcon_core.package_identification:_identify(src/my_robot_description) by extension 'ros'
[0.253s] DEBUG:colcon.colcon_core.package_identification:Package 'src/my_robot_description' with type 'ros.ament_cmake' and name 'my_robot_description'
[0.254s] Level 1:colcon.colcon_core.package_identification:_identify(src/my_robot_moveit_config) by extensions ['ignore', 'ignore_ament_install']
[0.254s] Level 1:colcon.colcon_core.package_identification:_identify(src/my_robot_moveit_config) by extension 'ignore'
[0.254s] Level 1:colcon.colcon_core.package_identification:_identify(src/my_robot_moveit_config) by extension 'ignore_ament_install'
[0.254s] Level 1:colcon.colcon_core.package_identification:_identify(src/my_robot_moveit_config) by extensions ['colcon_pkg']
[0.254s] Level 1:colcon.colcon_core.package_identification:_identify(src/my_robot_moveit_config) by extension 'colcon_pkg'
[0.254s] Level 1:colcon.colcon_core.package_identification:_identify(src/my_robot_moveit_config) by extensions ['colcon_meta']
[0.254s] Level 1:colcon.colcon_core.package_identification:_identify(src/my_robot_moveit_config) by extension 'colcon_meta'
[0.254s] Level 1:colcon.colcon_core.package_identification:_identify(src/my_robot_moveit_config) by extensions ['ros']
[0.254s] Level 1:colcon.colcon_core.package_identification:_identify(src/my_robot_moveit_config) by extension 'ros'
[0.255s] DEBUG:colcon.colcon_core.package_identification:Package 'src/my_robot_moveit_config' with type 'ros.ament_cmake' and name 'my_robot_moveit_config'
[0.255s] Level 1:colcon.colcon_core.package_discovery:discover_packages(recursive) using defaults
[0.255s] Level 1:colcon.colcon_core.package_discovery:discover_packages(ignore) discover
[0.255s] Level 1:colcon.colcon_core.package_discovery:discover_packages(ignore) using defaults
[0.255s] Level 1:colcon.colcon_core.package_discovery:discover_packages(path) discover
[0.255s] Level 1:colcon.colcon_core.package_discovery:discover_packages(path) using defaults
[0.278s] Level 1:colcon.colcon_core.package_discovery:discover_packages(prefix_path) check parameters
[0.278s] Level 1:colcon.colcon_core.package_discovery:discover_packages(prefix_path) discover
[0.279s] WARNING:colcon.colcon_core.prefix_path.colcon:The path '/home/johotan/ros2/ROS2Moveit2ControlARoboticArm/install' in the environment variable COLCON_PREFIX_PATH doesn't exist
[0.279s] WARNING:colcon.colcon_ros.prefix_path.ament:The path '/home/johotan/ros2/ROS2Moveit2ControlARoboticArm/install/my_robot_bringup' in the environment variable AMENT_PREFIX_PATH doesn't exist
[0.279s] WARNING:colcon.colcon_ros.prefix_path.ament:The path '/home/johotan/ros2/ROS2Moveit2ControlARoboticArm/install/my_robot_moveit_config' in the environment variable AMENT_PREFIX_PATH doesn't exist
[0.279s] WARNING:colcon.colcon_ros.prefix_path.ament:The path '/home/johotan/ros2/ROS2Moveit2ControlARoboticArm/install/my_robot_description' in the environment variable AMENT_PREFIX_PATH doesn't exist
[0.279s] WARNING:colcon.colcon_ros.prefix_path.ament:The path '/home/johotan/ros2/ROS2Moveit2ControlARoboticArm/install/my_robot_commander_cpp' in the environment variable AMENT_PREFIX_PATH doesn't exist
[0.280s] WARNING:colcon.colcon_ros.prefix_path.catkin:The path '/home/johotan/ros2/ROS2Moveit2ControlARoboticArm/install/my_robot_bringup' in the environment variable CMAKE_PREFIX_PATH doesn't exist
[0.280s] WARNING:colcon.colcon_ros.prefix_path.catkin:The path '/home/johotan/ros2/ROS2Moveit2ControlARoboticArm/install/my_robot_moveit_config' in the environment variable CMAKE_PREFIX_PATH doesn't exist
[0.280s] WARNING:colcon.colcon_ros.prefix_path.catkin:The path '/home/johotan/ros2/ROS2Moveit2ControlARoboticArm/install/my_robot_description' in the environment variable CMAKE_PREFIX_PATH doesn't exist
[0.280s] WARNING:colcon.colcon_ros.prefix_path.catkin:The path '/home/johotan/ros2/ROS2Moveit2ControlARoboticArm/install/my_robot_commander_cpp' in the environment variable CMAKE_PREFIX_PATH doesn't exist
[0.281s] DEBUG:colcon.colcon_installed_package_information.package_discovery:Found 4 installed packages in /home/johotan/ros2/ROS2Moveit2ControlARoboticArm/moveit2_ws/install
[0.284s] DEBUG:colcon.colcon_installed_package_information.package_discovery:Found 444 installed packages in /opt/ros/jazzy
[0.286s] Level 1:colcon.colcon_core.package_discovery:discover_packages(prefix_path) using defaults
[0.399s] Level 5:colcon.colcon_core.verb:set package 'my_robot_commander_cpp' build argument 'cmake_args' from command line to 'None'
[0.400s] Level 5:colcon.colcon_core.verb:set package 'my_robot_commander_cpp' build argument 'cmake_target' from command line to 'None'
[0.400s] Level 5:colcon.colcon_core.verb:set package 'my_robot_commander_cpp' build argument 'cmake_target_skip_unavailable' from command line to 'False'
[0.400s] Level 5:colcon.colcon_core.verb:set package 'my_robot_commander_cpp' build argument 'cmake_clean_cache' from command line to 'False'
[0.400s] Level 5:colcon.colcon_core.verb:set package 'my_robot_commander_cpp' build argument 'cmake_clean_first' from command line to 'False'
[0.400s] Level 5:colcon.colcon_core.verb:set package 'my_robot_commander_cpp' build argument 'cmake_force_configure' from command line to 'False'
[0.400s] Level 5:colcon.colcon_core.verb:set package 'my_robot_commander_cpp' build argument 'ament_cmake_args' from command line to 'None'
[0.400s] Level 5:colcon.colcon_core.verb:set package 'my_robot_commander_cpp' build argument 'catkin_cmake_args' from command line to 'None'
[0.400s] Level 5:colcon.colcon_core.verb:set package 'my_robot_commander_cpp' build argument 'catkin_skip_building_tests' from command line to 'False'
[0.400s] DEBUG:colcon.colcon_core.verb:Building package 'my_robot_commander_cpp' with the following arguments: {'ament_cmake_args': None, 'build_base': '/home/johotan/ros2/ROS2Moveit2ControlARoboticArm/moveit2_ws/build/my_robot_commander_cpp', 'catkin_cmake_args': None, 'catkin_skip_building_tests': False, 'cmake_args': None, 'cmake_clean_cache': False, 'cmake_clean_first': False, 'cmake_force_configure': False, 'cmake_target': None, 'cmake_target_skip_unavailable': False, 'install_base': '/home/johotan/ros2/ROS2Moveit2ControlARoboticArm/moveit2_ws/install/my_robot_commander_cpp', 'merge_install': False, 'path': '/home/johotan/ros2/ROS2Moveit2ControlARoboticArm/moveit2_ws/src/my_robot_commander_cpp', 'symlink_install': False, 'test_result_base': None}
[0.400s] Level 5:colcon.colcon_core.verb:set package 'my_robot_description' build argument 'cmake_args' from command line to 'None'
[0.400s] Level 5:colcon.colcon_core.verb:set package 'my_robot_description' build argument 'cmake_target' from command line to 'None'
[0.400s] Level 5:colcon.colcon_core.verb:set package 'my_robot_description' build argument 'cmake_target_skip_unavailable' from command line to 'False'
[0.400s] Level 5:colcon.colcon_core.verb:set package 'my_robot_description' build argument 'cmake_clean_cache' from command line to 'False'
[0.400s] Level 5:colcon.colcon_core.verb:set package 'my_robot_description' build argument 'cmake_clean_first' from command line to 'False'
[0.400s] Level 5:colcon.colcon_core.verb:set package 'my_robot_description' build argument 'cmake_force_configure' from command line to 'False'
[0.400s] Level 5:colcon.colcon_core.verb:set package 'my_robot_description' build argument 'ament_cmake_args' from command line to 'None'
[0.400s] Level 5:colcon.colcon_core.verb:set package 'my_robot_description' build argument 'catkin_cmake_args' from command line to 'None'
[0.400s] Level 5:colcon.colcon_core.verb:set package 'my_robot_description' build argument 'catkin_skip_building_tests' from command line to 'False'
[0.400s] DEBUG:colcon.colcon_core.verb:Building package 'my_robot_description' with the following arguments: {'ament_cmake_args': None, 'build_base': '/home/johotan/ros2/ROS2Moveit2ControlARoboticArm/moveit2_ws/build/my_robot_description', 'catkin_cmake_args': None, 'catkin_skip_building_tests': False, 'cmake_args': None, 'cmake_clean_cache': False, 'cmake_clean_first': False, 'cmake_force_configure': False, 'cmake_target': None, 'cmake_target_skip_unavailable': False, 'install_base': '/home/johotan/ros2/ROS2Moveit2ControlARoboticArm/moveit2_ws/install/my_robot_description', 'merge_install': False, 'path': '/home/johotan/ros2/ROS2Moveit2ControlARoboticArm/moveit2_ws/src/my_robot_description', 'symlink_install': False, 'test_result_base': None}
[0.400s] Level 5:colcon.colcon_core.verb:set package 'my_robot_moveit_config' build argument 'cmake_args' from command line to 'None'
[0.401s] Level 5:colcon.colcon_core.verb:set package 'my_robot_moveit_config' build argument 'cmake_target' from command line to 'None'
[0.401s] Level 5:colcon.colcon_core.verb:set package 'my_robot_moveit_config' build argument 'cmake_target_skip_unavailable' from command line to 'False'
[0.401s] Level 5:colcon.colcon_core.verb:set package 'my_robot_moveit_config' build argument 'cmake_clean_cache' from command line to 'False'
[0.401s] Level 5:colcon.colcon_core.verb:set package 'my_robot_moveit_config' build argument 'cmake_clean_first' from command line to 'False'
[0.401s] Level 5:colcon.colcon_core.verb:set package 'my_robot_moveit_config' build argument 'cmake_force_configure' from command line to 'False'
[0.401s] Level 5:colcon.colcon_core.verb:set package 'my_robot_moveit_config' build argument 'ament_cmake_args' from command line to 'None'
[0.401s] Level 5:colcon.colcon_core.verb:set package 'my_robot_moveit_config' build argument 'catkin_cmake_args' from command line to 'None'
[0.401s] Level 5:colcon.colcon_core.verb:set package 'my_robot_moveit_config' build argument 'catkin_skip_building_tests' from command line to 'False'
[0.401s] DEBUG:colcon.colcon_core.verb:Building package 'my_robot_moveit_config' with the following arguments: {'ament_cmake_args': None, 'build_base': '/home/johotan/ros2/ROS2Moveit2ControlARoboticArm/moveit2_ws/build/my_robot_moveit_config', 'catkin_cmake_args': None, 'catkin_skip_building_tests': False, 'cmake_args': None, 'cmake_clean_cache': False, 'cmake_clean_first': False, 'cmake_force_configure': False, 'cmake_target': None, 'cmake_target_skip_unavailable': False, 'install_base': '/home/johotan/ros2/ROS2Moveit2ControlARoboticArm/moveit2_ws/install/my_robot_moveit_config', 'merge_install': False, 'path': '/home/johotan/ros2/ROS2Moveit2ControlARoboticArm/moveit2_ws/src/my_robot_moveit_config', 'symlink_install': False, 'test_result_base': None}
[0.401s] Level 5:colcon.colcon_core.verb:set package 'my_robot_bringup' build argument 'cmake_args' from command line to 'None'
[0.401s] Level 5:colcon.colcon_core.verb:set package 'my_robot_bringup' build argument 'cmake_target' from command line to 'None'
[0.401s] Level 5:colcon.colcon_core.verb:set package 'my_robot_bringup' build argument 'cmake_target_skip_unavailable' from command line to 'False'
[0.401s] Level 5:colcon.colcon_core.verb:set package 'my_robot_bringup' build argument 'cmake_clean_cache' from command line to 'False'
[0.401s] Level 5:colcon.colcon_core.verb:set package 'my_robot_bringup' build argument 'cmake_clean_first' from command line to 'False'
[0.401s] Level 5:colcon.colcon_core.verb:set package 'my_robot_bringup' build argument 'cmake_force_configure' from command line to 'False'
[0.401s] Level 5:colcon.colcon_core.verb:set package 'my_robot_bringup' build argument 'ament_cmake_args' from command line to 'None'
[0.401s] Level 5:colcon.colcon_core.verb:set package 'my_robot_bringup' build argument 'catkin_cmake_args' from command line to 'None'
[0.402s] Level 5:colcon.colcon_core.verb:set package 'my_robot_bringup' build argument 'catkin_skip_building_tests' from command line to 'False'
[0.402s] DEBUG:colcon.colcon_core.verb:Building package 'my_robot_bringup' with the following arguments: {'ament_cmake_args': None, 'build_base': '/home/johotan/ros2/ROS2Moveit2ControlARoboticArm/moveit2_ws/build/my_robot_bringup', 'catkin_cmake_args': None, 'catkin_skip_building_tests': False, 'cmake_args': None, 'cmake_clean_cache': False, 'cmake_clean_first': False, 'cmake_force_configure': False, 'cmake_target': None, 'cmake_target_skip_unavailable': False, 'install_base': '/home/johotan/ros2/ROS2Moveit2ControlARoboticArm/moveit2_ws/install/my_robot_bringup', 'merge_install': False, 'path': '/home/johotan/ros2/ROS2Moveit2ControlARoboticArm/moveit2_ws/src/my_robot_bringup', 'symlink_install': False, 'test_result_base': None}
[0.402s] INFO:colcon.colcon_core.executor:Executing jobs using 'parallel' executor
[0.403s] DEBUG:colcon.colcon_parallel_executor.executor.parallel:run_until_complete
[0.403s] INFO:colcon.colcon_ros.task.ament_cmake.build:Building ROS package in '/home/johotan/ros2/ROS2Moveit2ControlARoboticArm/moveit2_ws/src/my_robot_description' with build type 'ament_cmake'
[0.403s] INFO:colcon.colcon_cmake.task.cmake.build:Building CMake package in '/home/johotan/ros2/ROS2Moveit2ControlARoboticArm/moveit2_ws/src/my_robot_description'
[0.407s] INFO:colcon.colcon_core.plugin_system:Skipping extension 'colcon_core.shell.bat': Not used on non-Windows systems
[0.407s] INFO:colcon.colcon_core.shell:Skip shell extension 'powershell' for command environment: Not usable outside of PowerShell
[0.407s] DEBUG:colcon.colcon_core.shell:Skip shell extension 'dsv' for command environment
[0.415s] INFO:colcon.colcon_ros.task.ament_cmake.build:Building ROS package in '/home/johotan/ros2/ROS2Moveit2ControlARoboticArm/moveit2_ws/src/my_robot_commander_cpp' with build type 'ament_cmake'
[0.415s] INFO:colcon.colcon_cmake.task.cmake.build:Building CMake package in '/home/johotan/ros2/ROS2Moveit2ControlARoboticArm/moveit2_ws/src/my_robot_commander_cpp'
[0.415s] INFO:colcon.colcon_core.shell:Skip shell extension 'powershell' for command environment: Not usable outside of PowerShell
[0.415s] DEBUG:colcon.colcon_core.shell:Skip shell extension 'dsv' for command environment
[0.425s] DEBUG:colcon.colcon_core.event_handler.log_command:Invoking command in '/home/johotan/ros2/ROS2Moveit2ControlARoboticArm/moveit2_ws/build/my_robot_description': CMAKE_PREFIX_PATH=${CMAKE_PREFIX_PATH}:/opt/ros/jazzy DEBUGINFOD_URLS=https://debuginfod.ubuntu.com /usr/bin/cmake --build /home/johotan/ros2/ROS2Moveit2ControlARoboticArm/moveit2_ws/build/my_robot_description -- -j12 -l12
[0.432s] DEBUG:colcon.colcon_core.event_handler.log_command:Invoking command in '/home/johotan/ros2/ROS2Moveit2ControlARoboticArm/moveit2_ws/build/my_robot_commander_cpp': CMAKE_PREFIX_PATH=${CMAKE_PREFIX_PATH}:/opt/ros/jazzy DEBUGINFOD_URLS=https://debuginfod.ubuntu.com /usr/bin/cmake --build /home/johotan/ros2/ROS2Moveit2ControlARoboticArm/moveit2_ws/build/my_robot_commander_cpp -- -j12 -l12
[0.473s] DEBUG:colcon.colcon_core.event_handler.log_command:Invoked command in '/home/johotan/ros2/ROS2Moveit2ControlARoboticArm/moveit2_ws/build/my_robot_description' returned '0': CMAKE_PREFIX_PATH=${CMAKE_PREFIX_PATH}:/opt/ros/jazzy DEBUGINFOD_URLS=https://debuginfod.ubuntu.com /usr/bin/cmake --build /home/johotan/ros2/ROS2Moveit2ControlARoboticArm/moveit2_ws/build/my_robot_description -- -j12 -l12
[0.486s] DEBUG:colcon.colcon_core.event_handler.log_command:Invoking command in '/home/johotan/ros2/ROS2Moveit2ControlARoboticArm/moveit2_ws/build/my_robot_description': CMAKE_PREFIX_PATH=${CMAKE_PREFIX_PATH}:/opt/ros/jazzy DEBUGINFOD_URLS=https://debuginfod.ubuntu.com /usr/bin/cmake --install /home/johotan/ros2/ROS2Moveit2ControlARoboticArm/moveit2_ws/build/my_robot_description
[0.496s] Level 1:colcon.colcon_core.environment:create_environment_scripts_only(my_robot_description)
[0.497s] DEBUG:colcon.colcon_core.event_handler.log_command:Invoked command in '/home/johotan/ros2/ROS2Moveit2ControlARoboticArm/moveit2_ws/build/my_robot_description' returned '0': CMAKE_PREFIX_PATH=${CMAKE_PREFIX_PATH}:/opt/ros/jazzy DEBUGINFOD_URLS=https://debuginfod.ubuntu.com /usr/bin/cmake --install /home/johotan/ros2/ROS2Moveit2ControlARoboticArm/moveit2_ws/build/my_robot_description
[0.499s] Level 1:colcon.colcon_core.environment:checking '/home/johotan/ros2/ROS2Moveit2ControlARoboticArm/moveit2_ws/install/my_robot_description' for CMake module files
[0.500s] Level 1:colcon.colcon_core.environment:checking '/home/johotan/ros2/ROS2Moveit2ControlARoboticArm/moveit2_ws/install/my_robot_description' for CMake config files
[0.500s] Level 1:colcon.colcon_core.shell:create_environment_hook('my_robot_description', 'cmake_prefix_path')
[0.500s] INFO:colcon.colcon_core.shell:Creating environment hook '/home/johotan/ros2/ROS2Moveit2ControlARoboticArm/moveit2_ws/install/my_robot_description/share/my_robot_description/hook/cmake_prefix_path.ps1'
[0.501s] INFO:colcon.colcon_core.shell:Creating environment descriptor '/home/johotan/ros2/ROS2Moveit2ControlARoboticArm/moveit2_ws/install/my_robot_description/share/my_robot_description/hook/cmake_prefix_path.dsv'
[0.501s] INFO:colcon.colcon_core.shell:Creating environment hook '/home/johotan/ros2/ROS2Moveit2ControlARoboticArm/moveit2_ws/install/my_robot_description/share/my_robot_description/hook/cmake_prefix_path.sh'
[0.502s] Level 1:colcon.colcon_core.environment:checking '/home/johotan/ros2/ROS2Moveit2ControlARoboticArm/moveit2_ws/install/my_robot_description/bin'
[0.502s] Level 1:colcon.colcon_core.environment:checking '/home/johotan/ros2/ROS2Moveit2ControlARoboticArm/moveit2_ws/install/my_robot_description/lib/pkgconfig/my_robot_description.pc'
[0.502s] Level 1:colcon.colcon_core.environment:checking '/home/johotan/ros2/ROS2Moveit2ControlARoboticArm/moveit2_ws/install/my_robot_description/lib/python3.12/site-packages'
[0.503s] Level 1:colcon.colcon_core.environment:checking '/home/johotan/ros2/ROS2Moveit2ControlARoboticArm/moveit2_ws/install/my_robot_description/bin'
[0.503s] INFO:colcon.colcon_core.shell:Creating package script '/home/johotan/ros2/ROS2Moveit2ControlARoboticArm/moveit2_ws/install/my_robot_description/share/my_robot_description/package.ps1'
[0.503s] INFO:colcon.colcon_core.shell:Creating package descriptor '/home/johotan/ros2/ROS2Moveit2ControlARoboticArm/moveit2_ws/install/my_robot_description/share/my_robot_description/package.dsv'
[0.504s] INFO:colcon.colcon_core.shell:Creating package script '/home/johotan/ros2/ROS2Moveit2ControlARoboticArm/moveit2_ws/install/my_robot_description/share/my_robot_description/package.sh'
[0.505s] INFO:colcon.colcon_core.shell:Creating package script '/home/johotan/ros2/ROS2Moveit2ControlARoboticArm/moveit2_ws/install/my_robot_description/share/my_robot_description/package.bash'
[0.506s] INFO:colcon.colcon_core.shell:Creating package script '/home/johotan/ros2/ROS2Moveit2ControlARoboticArm/moveit2_ws/install/my_robot_description/share/my_robot_description/package.zsh'
[0.507s] Level 1:colcon.colcon_core.environment:create_file_with_runtime_dependencies(/home/johotan/ros2/ROS2Moveit2ControlARoboticArm/moveit2_ws/install/my_robot_description/share/colcon-core/packages/my_robot_description)
[0.508s] Level 1:colcon.colcon_core.environment:create_environment_scripts_only(my_robot_description)
[0.508s] Level 1:colcon.colcon_core.environment:checking '/home/johotan/ros2/ROS2Moveit2ControlARoboticArm/moveit2_ws/install/my_robot_description' for CMake module files
[0.508s] Level 1:colcon.colcon_core.environment:checking '/home/johotan/ros2/ROS2Moveit2ControlARoboticArm/moveit2_ws/install/my_robot_description' for CMake config files
[0.509s] Level 1:colcon.colcon_core.shell:create_environment_hook('my_robot_description', 'cmake_prefix_path')
[0.509s] INFO:colcon.colcon_core.shell:Creating environment hook '/home/johotan/ros2/ROS2Moveit2ControlARoboticArm/moveit2_ws/install/my_robot_description/share/my_robot_description/hook/cmake_prefix_path.ps1'
[0.509s] INFO:colcon.colcon_core.shell:Creating environment descriptor '/home/johotan/ros2/ROS2Moveit2ControlARoboticArm/moveit2_ws/install/my_robot_description/share/my_robot_description/hook/cmake_prefix_path.dsv'
[0.509s] INFO:colcon.colcon_core.shell:Creating environment hook '/home/johotan/ros2/ROS2Moveit2ControlARoboticArm/moveit2_ws/install/my_robot_description/share/my_robot_description/hook/cmake_prefix_path.sh'
[0.510s] Level 1:colcon.colcon_core.environment:checking '/home/johotan/ros2/ROS2Moveit2ControlARoboticArm/moveit2_ws/install/my_robot_description/bin'
[0.510s] Level 1:colcon.colcon_core.environment:checking '/home/johotan/ros2/ROS2Moveit2ControlARoboticArm/moveit2_ws/install/my_robot_description/lib/pkgconfig/my_robot_description.pc'
[0.510s] Level 1:colcon.colcon_core.environment:checking '/home/johotan/ros2/ROS2Moveit2ControlARoboticArm/moveit2_ws/install/my_robot_description/lib/python3.12/site-packages'
[0.511s] Level 1:colcon.colcon_core.environment:checking '/home/johotan/ros2/ROS2Moveit2ControlARoboticArm/moveit2_ws/install/my_robot_description/bin'
[0.511s] INFO:colcon.colcon_core.shell:Creating package script '/home/johotan/ros2/ROS2Moveit2ControlARoboticArm/moveit2_ws/install/my_robot_description/share/my_robot_description/package.ps1'
[0.511s] INFO:colcon.colcon_core.shell:Creating package descriptor '/home/johotan/ros2/ROS2Moveit2ControlARoboticArm/moveit2_ws/install/my_robot_description/share/my_robot_description/package.dsv'
[0.512s] INFO:colcon.colcon_core.shell:Creating package script '/home/johotan/ros2/ROS2Moveit2ControlARoboticArm/moveit2_ws/install/my_robot_description/share/my_robot_description/package.sh'
[0.512s] INFO:colcon.colcon_core.shell:Creating package script '/home/johotan/ros2/ROS2Moveit2ControlARoboticArm/moveit2_ws/install/my_robot_description/share/my_robot_description/package.bash'
[0.513s] INFO:colcon.colcon_core.shell:Creating package script '/home/johotan/ros2/ROS2Moveit2ControlARoboticArm/moveit2_ws/install/my_robot_description/share/my_robot_description/package.zsh'
[0.513s] Level 1:colcon.colcon_core.environment:create_file_with_runtime_dependencies(/home/johotan/ros2/ROS2Moveit2ControlARoboticArm/moveit2_ws/install/my_robot_description/share/colcon-core/packages/my_robot_description)
[0.514s] INFO:colcon.colcon_ros.task.ament_cmake.build:Building ROS package in '/home/johotan/ros2/ROS2Moveit2ControlARoboticArm/moveit2_ws/src/my_robot_moveit_config' with build type 'ament_cmake'
[0.514s] INFO:colcon.colcon_cmake.task.cmake.build:Building CMake package in '/home/johotan/ros2/ROS2Moveit2ControlARoboticArm/moveit2_ws/src/my_robot_moveit_config'
[0.514s] INFO:colcon.colcon_core.shell:Skip shell extension 'powershell' for command environment: Not usable outside of PowerShell
[0.514s] DEBUG:colcon.colcon_core.shell:Skip shell extension 'dsv' for command environment
[0.525s] DEBUG:colcon.colcon_core.event_handler.log_command:Invoking command in '/home/johotan/ros2/ROS2Moveit2ControlARoboticArm/moveit2_ws/build/my_robot_moveit_config': CMAKE_PREFIX_PATH=/home/johotan/ros2/ROS2Moveit2ControlARoboticArm/moveit2_ws/install/my_robot_description:/home/johotan/ros2/ROS2Moveit2ControlARoboticArm/install/my_robot_bringup:/home/johotan/ros2/ROS2Moveit2ControlARoboticArm/install/my_robot_moveit_config:/home/johotan/ros2/ROS2Moveit2ControlARoboticArm/install/my_robot_description:/home/johotan/ros2/ROS2Moveit2ControlARoboticArm/install/my_robot_commander_cpp:/home/johotan/ros2/ROS2Moveit2ControlARoboticArm/moveit2_ws/install/my_robot_bringup:/home/johotan/ros2/ROS2Moveit2ControlARoboticArm/moveit2_ws/install/my_robot_moveit_config:/home/johotan/ros2/ROS2Moveit2ControlARoboticArm/moveit2_ws/install/my_robot_commander_cpp:/opt/ros/jazzy/opt/gz_sim_vendor:/opt/ros/jazzy/opt/gz_sensors_vendor:/opt/ros/jazzy/opt/gz_physics_vendor:/opt/ros/jazzy/opt/sdformat_vendor:/opt/ros/jazzy/opt/gz_gui_vendor:/opt/ros/jazzy/opt/gz_transport_vendor:/opt/ros/jazzy/opt/gz_rendering_vendor:/opt/ros/jazzy/opt/gz_plugin_vendor:/opt/ros/jazzy/opt/gz_fuel_tools_vendor:/opt/ros/jazzy/opt/gz_msgs_vendor:/opt/ros/jazzy/opt/gz_common_vendor:/opt/ros/jazzy/opt/gz_math_vendor:/opt/ros/jazzy/opt/gz_utils_vendor:/opt/ros/jazzy/opt/gz_tools_vendor:/opt/ros/jazzy/opt/gz_ogre_next_vendor:/opt/ros/jazzy/opt/gz_dartsim_vendor:/opt/ros/jazzy/opt/gz_cmake_vendor:/opt/ros/jazzy DEBUGINFOD_URLS=https://debuginfod.ubuntu.com /usr/bin/cmake --build /home/johotan/ros2/ROS2Moveit2ControlARoboticArm/moveit2_ws/build/my_robot_moveit_config -- -j12 -l12
[0.580s] DEBUG:colcon.colcon_core.event_handler.log_command:Invoked command in '/home/johotan/ros2/ROS2Moveit2ControlARoboticArm/moveit2_ws/build/my_robot_moveit_config' returned '0': CMAKE_PREFIX_PATH=/home/johotan/ros2/ROS2Moveit2ControlARoboticArm/moveit2_ws/install/my_robot_description:/home/johotan/ros2/ROS2Moveit2ControlARoboticArm/install/my_robot_bringup:/home/johotan/ros2/ROS2Moveit2ControlARoboticArm/install/my_robot_moveit_config:/home/johotan/ros2/ROS2Moveit2ControlARoboticArm/install/my_robot_description:/home/johotan/ros2/ROS2Moveit2ControlARoboticArm/install/my_robot_commander_cpp:/home/johotan/ros2/ROS2Moveit2ControlARoboticArm/moveit2_ws/install/my_robot_bringup:/home/johotan/ros2/ROS2Moveit2ControlARoboticArm/moveit2_ws/install/my_robot_moveit_config:/home/johotan/ros2/ROS2Moveit2ControlARoboticArm/moveit2_ws/install/my_robot_commander_cpp:/opt/ros/jazzy/opt/gz_sim_vendor:/opt/ros/jazzy/opt/gz_sensors_vendor:/opt/ros/jazzy/opt/gz_physics_vendor:/opt/ros/jazzy/opt/sdformat_vendor:/opt/ros/jazzy/opt/gz_gui_vendor:/opt/ros/jazzy/opt/gz_transport_vendor:/opt/ros/jazzy/opt/gz_rendering_vendor:/opt/ros/jazzy/opt/gz_plugin_vendor:/opt/ros/jazzy/opt/gz_fuel_tools_vendor:/opt/ros/jazzy/opt/gz_msgs_vendor:/opt/ros/jazzy/opt/gz_common_vendor:/opt/ros/jazzy/opt/gz_math_vendor:/opt/ros/jazzy/opt/gz_utils_vendor:/opt/ros/jazzy/opt/gz_tools_vendor:/opt/ros/jazzy/opt/gz_ogre_next_vendor:/opt/ros/jazzy/opt/gz_dartsim_vendor:/opt/ros/jazzy/opt/gz_cmake_vendor:/opt/ros/jazzy DEBUGINFOD_URLS=https://debuginfod.ubuntu.com /usr/bin/cmake --build /home/johotan/ros2/ROS2Moveit2ControlARoboticArm/moveit2_ws/build/my_robot_moveit_config -- -j12 -l12
[0.582s] DEBUG:colcon.colcon_core.event_handler.log_command:Invoking command in '/home/johotan/ros2/ROS2Moveit2ControlARoboticArm/moveit2_ws/build/my_robot_moveit_config': CMAKE_PREFIX_PATH=/home/johotan/ros2/ROS2Moveit2ControlARoboticArm/moveit2_ws/install/my_robot_description:/home/johotan/ros2/ROS2Moveit2ControlARoboticArm/install/my_robot_bringup:/home/johotan/ros2/ROS2Moveit2ControlARoboticArm/install/my_robot_moveit_config:/home/johotan/ros2/ROS2Moveit2ControlARoboticArm/install/my_robot_description:/home/johotan/ros2/ROS2Moveit2ControlARoboticArm/install/my_robot_commander_cpp:/home/johotan/ros2/ROS2Moveit2ControlARoboticArm/moveit2_ws/install/my_robot_bringup:/home/johotan/ros2/ROS2Moveit2ControlARoboticArm/moveit2_ws/install/my_robot_moveit_config:/home/johotan/ros2/ROS2Moveit2ControlARoboticArm/moveit2_ws/install/my_robot_commander_cpp:/opt/ros/jazzy/opt/gz_sim_vendor:/opt/ros/jazzy/opt/gz_sensors_vendor:/opt/ros/jazzy/opt/gz_physics_vendor:/opt/ros/jazzy/opt/sdformat_vendor:/opt/ros/jazzy/opt/gz_gui_vendor:/opt/ros/jazzy/opt/gz_transport_vendor:/opt/ros/jazzy/opt/gz_rendering_vendor:/opt/ros/jazzy/opt/gz_plugin_vendor:/opt/ros/jazzy/opt/gz_fuel_tools_vendor:/opt/ros/jazzy/opt/gz_msgs_vendor:/opt/ros/jazzy/opt/gz_common_vendor:/opt/ros/jazzy/opt/gz_math_vendor:/opt/ros/jazzy/opt/gz_utils_vendor:/opt/ros/jazzy/opt/gz_tools_vendor:/opt/ros/jazzy/opt/gz_ogre_next_vendor:/opt/ros/jazzy/opt/gz_dartsim_vendor:/opt/ros/jazzy/opt/gz_cmake_vendor:/opt/ros/jazzy DEBUGINFOD_URLS=https://debuginfod.ubuntu.com /usr/bin/cmake --install /home/johotan/ros2/ROS2Moveit2ControlARoboticArm/moveit2_ws/build/my_robot_moveit_config
[0.594s] Level 1:colcon.colcon_core.environment:create_environment_scripts_only(my_robot_moveit_config)
[0.594s] Level 1:colcon.colcon_core.environment:checking '/home/johotan/ros2/ROS2Moveit2ControlARoboticArm/moveit2_ws/install/my_robot_moveit_config' for CMake module files
[0.595s] Level 1:colcon.colcon_core.environment:checking '/home/johotan/ros2/ROS2Moveit2ControlARoboticArm/moveit2_ws/install/my_robot_moveit_config' for CMake config files
[0.596s] DEBUG:colcon.colcon_core.event_handler.log_command:Invoked command in '/home/johotan/ros2/ROS2Moveit2ControlARoboticArm/moveit2_ws/build/my_robot_moveit_config' returned '0': CMAKE_PREFIX_PATH=/home/johotan/ros2/ROS2Moveit2ControlARoboticArm/moveit2_ws/install/my_robot_description:/home/johotan/ros2/ROS2Moveit2ControlARoboticArm/install/my_robot_bringup:/home/johotan/ros2/ROS2Moveit2ControlARoboticArm/install/my_robot_moveit_config:/home/johotan/ros2/ROS2Moveit2ControlARoboticArm/install/my_robot_description:/home/johotan/ros2/ROS2Moveit2ControlARoboticArm/install/my_robot_commander_cpp:/home/johotan/ros2/ROS2Moveit2ControlARoboticArm/moveit2_ws/install/my_robot_bringup:/home/johotan/ros2/ROS2Moveit2ControlARoboticArm/moveit2_ws/install/my_robot_moveit_config:/home/johotan/ros2/ROS2Moveit2ControlARoboticArm/moveit2_ws/install/my_robot_commander_cpp:/opt/ros/jazzy/opt/gz_sim_vendor:/opt/ros/jazzy/opt/gz_sensors_vendor:/opt/ros/jazzy/opt/gz_physics_vendor:/opt/ros/jazzy/opt/sdformat_vendor:/opt/ros/jazzy/opt/gz_gui_vendor:/opt/ros/jazzy/opt/gz_transport_vendor:/opt/ros/jazzy/opt/gz_rendering_vendor:/opt/ros/jazzy/opt/gz_plugin_vendor:/opt/ros/jazzy/opt/gz_fuel_tools_vendor:/opt/ros/jazzy/opt/gz_msgs_vendor:/opt/ros/jazzy/opt/gz_common_vendor:/opt/ros/jazzy/opt/gz_math_vendor:/opt/ros/jazzy/opt/gz_utils_vendor:/opt/ros/jazzy/opt/gz_tools_vendor:/opt/ros/jazzy/opt/gz_ogre_next_vendor:/opt/ros/jazzy/opt/gz_dartsim_vendor:/opt/ros/jazzy/opt/gz_cmake_vendor:/opt/ros/jazzy DEBUGINFOD_URLS=https://debuginfod.ubuntu.com /usr/bin/cmake --install /home/johotan/ros2/ROS2Moveit2ControlARoboticArm/moveit2_ws/build/my_robot_moveit_config
[0.596s] Level 1:colcon.colcon_core.shell:create_environment_hook('my_robot_moveit_config', 'cmake_prefix_path')
[0.596s] INFO:colcon.colcon_core.shell:Creating environment hook '/home/johotan/ros2/ROS2Moveit2ControlARoboticArm/moveit2_ws/install/my_robot_moveit_config/share/my_robot_moveit_config/hook/cmake_prefix_path.ps1'
[0.597s] INFO:colcon.colcon_core.shell:Creating environment descriptor '/home/johotan/ros2/ROS2Moveit2ControlARoboticArm/moveit2_ws/install/my_robot_moveit_config/share/my_robot_moveit_config/hook/cmake_prefix_path.dsv'
[0.597s] INFO:colcon.colcon_core.shell:Creating environment hook '/home/johotan/ros2/ROS2Moveit2ControlARoboticArm/moveit2_ws/install/my_robot_moveit_config/share/my_robot_moveit_config/hook/cmake_prefix_path.sh'
[0.598s] Level 1:colcon.colcon_core.environment:checking '/home/johotan/ros2/ROS2Moveit2ControlARoboticArm/moveit2_ws/install/my_robot_moveit_config/bin'
[0.598s] Level 1:colcon.colcon_core.environment:checking '/home/johotan/ros2/ROS2Moveit2ControlARoboticArm/moveit2_ws/install/my_robot_moveit_config/lib/pkgconfig/my_robot_moveit_config.pc'
[0.598s] Level 1:colcon.colcon_core.environment:checking '/home/johotan/ros2/ROS2Moveit2ControlARoboticArm/moveit2_ws/install/my_robot_moveit_config/lib/python3.12/site-packages'
[0.598s] Level 1:colcon.colcon_core.environment:checking '/home/johotan/ros2/ROS2Moveit2ControlARoboticArm/moveit2_ws/install/my_robot_moveit_config/bin'
[0.599s] INFO:colcon.colcon_core.shell:Creating package script '/home/johotan/ros2/ROS2Moveit2ControlARoboticArm/moveit2_ws/install/my_robot_moveit_config/share/my_robot_moveit_config/package.ps1'
[0.599s] INFO:colcon.colcon_core.shell:Creating package descriptor '/home/johotan/ros2/ROS2Moveit2ControlARoboticArm/moveit2_ws/install/my_robot_moveit_config/share/my_robot_moveit_config/package.dsv'
[0.599s] INFO:colcon.colcon_core.shell:Creating package script '/home/johotan/ros2/ROS2Moveit2ControlARoboticArm/moveit2_ws/install/my_robot_moveit_config/share/my_robot_moveit_config/package.sh'
[0.600s] INFO:colcon.colcon_core.shell:Creating package script '/home/johotan/ros2/ROS2Moveit2ControlARoboticArm/moveit2_ws/install/my_robot_moveit_config/share/my_robot_moveit_config/package.bash'
[0.600s] INFO:colcon.colcon_core.shell:Creating package script '/home/johotan/ros2/ROS2Moveit2ControlARoboticArm/moveit2_ws/install/my_robot_moveit_config/share/my_robot_moveit_config/package.zsh'
[0.600s] Level 1:colcon.colcon_core.environment:create_file_with_runtime_dependencies(/home/johotan/ros2/ROS2Moveit2ControlARoboticArm/moveit2_ws/install/my_robot_moveit_config/share/colcon-core/packages/my_robot_moveit_config)
[0.601s] Level 1:colcon.colcon_core.environment:create_environment_scripts_only(my_robot_moveit_config)
[0.601s] Level 1:colcon.colcon_core.environment:checking '/home/johotan/ros2/ROS2Moveit2ControlARoboticArm/moveit2_ws/install/my_robot_moveit_config' for CMake module files
[0.601s] Level 1:colcon.colcon_core.environment:checking '/home/johotan/ros2/ROS2Moveit2ControlARoboticArm/moveit2_ws/install/my_robot_moveit_config' for CMake config files
[0.601s] Level 1:colcon.colcon_core.shell:create_environment_hook('my_robot_moveit_config', 'cmake_prefix_path')
[0.601s] INFO:colcon.colcon_core.shell:Creating environment hook '/home/johotan/ros2/ROS2Moveit2ControlARoboticArm/moveit2_ws/install/my_robot_moveit_config/share/my_robot_moveit_config/hook/cmake_prefix_path.ps1'
[0.602s] INFO:colcon.colcon_core.shell:Creating environment descriptor '/home/johotan/ros2/ROS2Moveit2ControlARoboticArm/moveit2_ws/install/my_robot_moveit_config/share/my_robot_moveit_config/hook/cmake_prefix_path.dsv'
[0.602s] INFO:colcon.colcon_core.shell:Creating environment hook '/home/johotan/ros2/ROS2Moveit2ControlARoboticArm/moveit2_ws/install/my_robot_moveit_config/share/my_robot_moveit_config/hook/cmake_prefix_path.sh'
[0.603s] Level 1:colcon.colcon_core.environment:checking '/home/johotan/ros2/ROS2Moveit2ControlARoboticArm/moveit2_ws/install/my_robot_moveit_config/bin'
[0.603s] Level 1:colcon.colcon_core.environment:checking '/home/johotan/ros2/ROS2Moveit2ControlARoboticArm/moveit2_ws/install/my_robot_moveit_config/lib/pkgconfig/my_robot_moveit_config.pc'
[0.603s] Level 1:colcon.colcon_core.environment:checking '/home/johotan/ros2/ROS2Moveit2ControlARoboticArm/moveit2_ws/install/my_robot_moveit_config/lib/python3.12/site-packages'
[0.603s] Level 1:colcon.colcon_core.environment:checking '/home/johotan/ros2/ROS2Moveit2ControlARoboticArm/moveit2_ws/install/my_robot_moveit_config/bin'
[0.604s] INFO:colcon.colcon_core.shell:Creating package script '/home/johotan/ros2/ROS2Moveit2ControlARoboticArm/moveit2_ws/install/my_robot_moveit_config/share/my_robot_moveit_config/package.ps1'
[0.604s] INFO:colcon.colcon_core.shell:Creating package descriptor '/home/johotan/ros2/ROS2Moveit2ControlARoboticArm/moveit2_ws/install/my_robot_moveit_config/share/my_robot_moveit_config/package.dsv'
[0.605s] INFO:colcon.colcon_core.shell:Creating package script '/home/johotan/ros2/ROS2Moveit2ControlARoboticArm/moveit2_ws/install/my_robot_moveit_config/share/my_robot_moveit_config/package.sh'
[0.605s] INFO:colcon.colcon_core.shell:Creating package script '/home/johotan/ros2/ROS2Moveit2ControlARoboticArm/moveit2_ws/install/my_robot_moveit_config/share/my_robot_moveit_config/package.bash'
[0.606s] INFO:colcon.colcon_core.shell:Creating package script '/home/johotan/ros2/ROS2Moveit2ControlARoboticArm/moveit2_ws/install/my_robot_moveit_config/share/my_robot_moveit_config/package.zsh'
[0.606s] Level 1:colcon.colcon_core.environment:create_file_with_runtime_dependencies(/home/johotan/ros2/ROS2Moveit2ControlARoboticArm/moveit2_ws/install/my_robot_moveit_config/share/colcon-core/packages/my_robot_moveit_config)
[0.606s] INFO:colcon.colcon_ros.task.ament_cmake.build:Building ROS package in '/home/johotan/ros2/ROS2Moveit2ControlARoboticArm/moveit2_ws/src/my_robot_bringup' with build type 'ament_cmake'
[0.607s] INFO:colcon.colcon_cmake.task.cmake.build:Building CMake package in '/home/johotan/ros2/ROS2Moveit2ControlARoboticArm/moveit2_ws/src/my_robot_bringup'
[0.607s] INFO:colcon.colcon_core.shell:Skip shell extension 'powershell' for command environment: Not usable outside of PowerShell
[0.607s] DEBUG:colcon.colcon_core.shell:Skip shell extension 'dsv' for command environment
[0.623s] DEBUG:colcon.colcon_core.event_handler.log_command:Invoking command in '/home/johotan/ros2/ROS2Moveit2ControlARoboticArm/moveit2_ws/build/my_robot_bringup': CMAKE_PREFIX_PATH=/home/johotan/ros2/ROS2Moveit2ControlARoboticArm/moveit2_ws/install/my_robot_moveit_config:/home/johotan/ros2/ROS2Moveit2ControlARoboticArm/moveit2_ws/install/my_robot_description:/home/johotan/ros2/ROS2Moveit2ControlARoboticArm/install/my_robot_bringup:/home/johotan/ros2/ROS2Moveit2ControlARoboticArm/install/my_robot_moveit_config:/home/johotan/ros2/ROS2Moveit2ControlARoboticArm/install/my_robot_description:/home/johotan/ros2/ROS2Moveit2ControlARoboticArm/install/my_robot_commander_cpp:/home/johotan/ros2/ROS2Moveit2ControlARoboticArm/moveit2_ws/install/my_robot_bringup:/home/johotan/ros2/ROS2Moveit2ControlARoboticArm/moveit2_ws/install/my_robot_commander_cpp:/opt/ros/jazzy/opt/gz_sim_vendor:/opt/ros/jazzy/opt/gz_sensors_vendor:/opt/ros/jazzy/opt/gz_physics_vendor:/opt/ros/jazzy/opt/sdformat_vendor:/opt/ros/jazzy/opt/gz_gui_vendor:/opt/ros/jazzy/opt/gz_transport_vendor:/opt/ros/jazzy/opt/gz_rendering_vendor:/opt/ros/jazzy/opt/gz_plugin_vendor:/opt/ros/jazzy/opt/gz_fuel_tools_vendor:/opt/ros/jazzy/opt/gz_msgs_vendor:/opt/ros/jazzy/opt/gz_common_vendor:/opt/ros/jazzy/opt/gz_math_vendor:/opt/ros/jazzy/opt/gz_utils_vendor:/opt/ros/jazzy/opt/gz_tools_vendor:/opt/ros/jazzy/opt/gz_ogre_next_vendor:/opt/ros/jazzy/opt/gz_dartsim_vendor:/opt/ros/jazzy/opt/gz_cmake_vendor:/opt/ros/jazzy DEBUGINFOD_URLS=https://debuginfod.ubuntu.com /usr/bin/cmake --build /home/johotan/ros2/ROS2Moveit2ControlARoboticArm/moveit2_ws/build/my_robot_bringup -- -j12 -l12
[0.669s] DEBUG:colcon.colcon_core.event_handler.log_command:Invoked command in '/home/johotan/ros2/ROS2Moveit2ControlARoboticArm/moveit2_ws/build/my_robot_bringup' returned '0': CMAKE_PREFIX_PATH=/home/johotan/ros2/ROS2Moveit2ControlARoboticArm/moveit2_ws/install/my_robot_moveit_config:/home/johotan/ros2/ROS2Moveit2ControlARoboticArm/moveit2_ws/install/my_robot_description:/home/johotan/ros2/ROS2Moveit2ControlARoboticArm/install/my_robot_bringup:/home/johotan/ros2/ROS2Moveit2ControlARoboticArm/install/my_robot_moveit_config:/home/johotan/ros2/ROS2Moveit2ControlARoboticArm/install/my_robot_description:/home/johotan/ros2/ROS2Moveit2ControlARoboticArm/install/my_robot_commander_cpp:/home/johotan/ros2/ROS2Moveit2ControlARoboticArm/moveit2_ws/install/my_robot_bringup:/home/johotan/ros2/ROS2Moveit2ControlARoboticArm/moveit2_ws/install/my_robot_commander_cpp:/opt/ros/jazzy/opt/gz_sim_vendor:/opt/ros/jazzy/opt/gz_sensors_vendor:/opt/ros/jazzy/opt/gz_physics_vendor:/opt/ros/jazzy/opt/sdformat_vendor:/opt/ros/jazzy/opt/gz_gui_vendor:/opt/ros/jazzy/opt/gz_transport_vendor:/opt/ros/jazzy/opt/gz_rendering_vendor:/opt/ros/jazzy/opt/gz_plugin_vendor:/opt/ros/jazzy/opt/gz_fuel_tools_vendor:/opt/ros/jazzy/opt/gz_msgs_vendor:/opt/ros/jazzy/opt/gz_common_vendor:/opt/ros/jazzy/opt/gz_math_vendor:/opt/ros/jazzy/opt/gz_utils_vendor:/opt/ros/jazzy/opt/gz_tools_vendor:/opt/ros/jazzy/opt/gz_ogre_next_vendor:/opt/ros/jazzy/opt/gz_dartsim_vendor:/opt/ros/jazzy/opt/gz_cmake_vendor:/opt/ros/jazzy DEBUGINFOD_URLS=https://debuginfod.ubuntu.com /usr/bin/cmake --build /home/johotan/ros2/ROS2Moveit2ControlARoboticArm/moveit2_ws/build/my_robot_bringup -- -j12 -l12
[0.671s] DEBUG:colcon.colcon_core.event_handler.log_command:Invoking command in '/home/johotan/ros2/ROS2Moveit2ControlARoboticArm/moveit2_ws/build/my_robot_bringup': CMAKE_PREFIX_PATH=/home/johotan/ros2/ROS2Moveit2ControlARoboticArm/moveit2_ws/install/my_robot_moveit_config:/home/johotan/ros2/ROS2Moveit2ControlARoboticArm/moveit2_ws/install/my_robot_description:/home/johotan/ros2/ROS2Moveit2ControlARoboticArm/install/my_robot_bringup:/home/johotan/ros2/ROS2Moveit2ControlARoboticArm/install/my_robot_moveit_config:/home/johotan/ros2/ROS2Moveit2ControlARoboticArm/install/my_robot_description:/home/johotan/ros2/ROS2Moveit2ControlARoboticArm/install/my_robot_commander_cpp:/home/johotan/ros2/ROS2Moveit2ControlARoboticArm/moveit2_ws/install/my_robot_bringup:/home/johotan/ros2/ROS2Moveit2ControlARoboticArm/moveit2_ws/install/my_robot_commander_cpp:/opt/ros/jazzy/opt/gz_sim_vendor:/opt/ros/jazzy/opt/gz_sensors_vendor:/opt/ros/jazzy/opt/gz_physics_vendor:/opt/ros/jazzy/opt/sdformat_vendor:/opt/ros/jazzy/opt/gz_gui_vendor:/opt/ros/jazzy/opt/gz_transport_vendor:/opt/ros/jazzy/opt/gz_rendering_vendor:/opt/ros/jazzy/opt/gz_plugin_vendor:/opt/ros/jazzy/opt/gz_fuel_tools_vendor:/opt/ros/jazzy/opt/gz_msgs_vendor:/opt/ros/jazzy/opt/gz_common_vendor:/opt/ros/jazzy/opt/gz_math_vendor:/opt/ros/jazzy/opt/gz_utils_vendor:/opt/ros/jazzy/opt/gz_tools_vendor:/opt/ros/jazzy/opt/gz_ogre_next_vendor:/opt/ros/jazzy/opt/gz_dartsim_vendor:/opt/ros/jazzy/opt/gz_cmake_vendor:/opt/ros/jazzy DEBUGINFOD_URLS=https://debuginfod.ubuntu.com /usr/bin/cmake --install /home/johotan/ros2/ROS2Moveit2ControlARoboticArm/moveit2_ws/build/my_robot_bringup
[0.683s] Level 1:colcon.colcon_core.environment:create_environment_scripts_only(my_robot_bringup)
[0.684s] Level 1:colcon.colcon_core.environment:checking '/home/johotan/ros2/ROS2Moveit2ControlARoboticArm/moveit2_ws/install/my_robot_bringup' for CMake module files
[0.684s] DEBUG:colcon.colcon_core.event_handler.log_command:Invoked command in '/home/johotan/ros2/ROS2Moveit2ControlARoboticArm/moveit2_ws/build/my_robot_bringup' returned '0': CMAKE_PREFIX_PATH=/home/johotan/ros2/ROS2Moveit2ControlARoboticArm/moveit2_ws/install/my_robot_moveit_config:/home/johotan/ros2/ROS2Moveit2ControlARoboticArm/moveit2_ws/install/my_robot_description:/home/johotan/ros2/ROS2Moveit2ControlARoboticArm/install/my_robot_bringup:/home/johotan/ros2/ROS2Moveit2ControlARoboticArm/install/my_robot_moveit_config:/home/johotan/ros2/ROS2Moveit2ControlARoboticArm/install/my_robot_description:/home/johotan/ros2/ROS2Moveit2ControlARoboticArm/install/my_robot_commander_cpp:/home/johotan/ros2/ROS2Moveit2ControlARoboticArm/moveit2_ws/install/my_robot_bringup:/home/johotan/ros2/ROS2Moveit2ControlARoboticArm/moveit2_ws/install/my_robot_commander_cpp:/opt/ros/jazzy/opt/gz_sim_vendor:/opt/ros/jazzy/opt/gz_sensors_vendor:/opt/ros/jazzy/opt/gz_physics_vendor:/opt/ros/jazzy/opt/sdformat_vendor:/opt/ros/jazzy/opt/gz_gui_vendor:/opt/ros/jazzy/opt/gz_transport_vendor:/opt/ros/jazzy/opt/gz_rendering_vendor:/opt/ros/jazzy/opt/gz_plugin_vendor:/opt/ros/jazzy/opt/gz_fuel_tools_vendor:/opt/ros/jazzy/opt/gz_msgs_vendor:/opt/ros/jazzy/opt/gz_common_vendor:/opt/ros/jazzy/opt/gz_math_vendor:/opt/ros/jazzy/opt/gz_utils_vendor:/opt/ros/jazzy/opt/gz_tools_vendor:/opt/ros/jazzy/opt/gz_ogre_next_vendor:/opt/ros/jazzy/opt/gz_dartsim_vendor:/opt/ros/jazzy/opt/gz_cmake_vendor:/opt/ros/jazzy DEBUGINFOD_URLS=https://debuginfod.ubuntu.com /usr/bin/cmake --install /home/johotan/ros2/ROS2Moveit2ControlARoboticArm/moveit2_ws/build/my_robot_bringup
[0.685s] Level 1:colcon.colcon_core.environment:checking '/home/johotan/ros2/ROS2Moveit2ControlARoboticArm/moveit2_ws/install/my_robot_bringup' for CMake config files
[0.685s] Level 1:colcon.colcon_core.shell:create_environment_hook('my_robot_bringup', 'cmake_prefix_path')
[0.685s] INFO:colcon.colcon_core.shell:Creating environment hook '/home/johotan/ros2/ROS2Moveit2ControlARoboticArm/moveit2_ws/install/my_robot_bringup/share/my_robot_bringup/hook/cmake_prefix_path.ps1'
[0.685s] INFO:colcon.colcon_core.shell:Creating environment descriptor '/home/johotan/ros2/ROS2Moveit2ControlARoboticArm/moveit2_ws/install/my_robot_bringup/share/my_robot_bringup/hook/cmake_prefix_path.dsv'
[0.686s] INFO:colcon.colcon_core.shell:Creating environment hook '/home/johotan/ros2/ROS2Moveit2ControlARoboticArm/moveit2_ws/install/my_robot_bringup/share/my_robot_bringup/hook/cmake_prefix_path.sh'
[0.686s] Level 1:colcon.colcon_core.environment:checking '/home/johotan/ros2/ROS2Moveit2ControlARoboticArm/moveit2_ws/install/my_robot_bringup/bin'
[0.686s] Level 1:colcon.colcon_core.environment:checking '/home/johotan/ros2/ROS2Moveit2ControlARoboticArm/moveit2_ws/install/my_robot_bringup/lib/pkgconfig/my_robot_bringup.pc'
[0.687s] Level 1:colcon.colcon_core.environment:checking '/home/johotan/ros2/ROS2Moveit2ControlARoboticArm/moveit2_ws/install/my_robot_bringup/lib/python3.12/site-packages'
[0.687s] Level 1:colcon.colcon_core.environment:checking '/home/johotan/ros2/ROS2Moveit2ControlARoboticArm/moveit2_ws/install/my_robot_bringup/bin'
[0.687s] INFO:colcon.colcon_core.shell:Creating package script '/home/johotan/ros2/ROS2Moveit2ControlARoboticArm/moveit2_ws/install/my_robot_bringup/share/my_robot_bringup/package.ps1'
[0.687s] INFO:colcon.colcon_core.shell:Creating package descriptor '/home/johotan/ros2/ROS2Moveit2ControlARoboticArm/moveit2_ws/install/my_robot_bringup/share/my_robot_bringup/package.dsv'
[0.688s] INFO:colcon.colcon_core.shell:Creating package script '/home/johotan/ros2/ROS2Moveit2ControlARoboticArm/moveit2_ws/install/my_robot_bringup/share/my_robot_bringup/package.sh'
[0.688s] INFO:colcon.colcon_core.shell:Creating package script '/home/johotan/ros2/ROS2Moveit2ControlARoboticArm/moveit2_ws/install/my_robot_bringup/share/my_robot_bringup/package.bash'
[0.688s] INFO:colcon.colcon_core.shell:Creating package script '/home/johotan/ros2/ROS2Moveit2ControlARoboticArm/moveit2_ws/install/my_robot_bringup/share/my_robot_bringup/package.zsh'
[0.689s] Level 1:colcon.colcon_core.environment:create_file_with_runtime_dependencies(/home/johotan/ros2/ROS2Moveit2ControlARoboticArm/moveit2_ws/install/my_robot_bringup/share/colcon-core/packages/my_robot_bringup)
[0.689s] Level 1:colcon.colcon_core.environment:create_environment_scripts_only(my_robot_bringup)
[0.689s] Level 1:colcon.colcon_core.environment:checking '/home/johotan/ros2/ROS2Moveit2ControlARoboticArm/moveit2_ws/install/my_robot_bringup' for CMake module files
[0.690s] Level 1:colcon.colcon_core.environment:checking '/home/johotan/ros2/ROS2Moveit2ControlARoboticArm/moveit2_ws/install/my_robot_bringup' for CMake config files
[0.690s] Level 1:colcon.colcon_core.shell:create_environment_hook('my_robot_bringup', 'cmake_prefix_path')
[0.690s] INFO:colcon.colcon_core.shell:Creating environment hook '/home/johotan/ros2/ROS2Moveit2ControlARoboticArm/moveit2_ws/install/my_robot_bringup/share/my_robot_bringup/hook/cmake_prefix_path.ps1'
[0.690s] INFO:colcon.colcon_core.shell:Creating environment descriptor '/home/johotan/ros2/ROS2Moveit2ControlARoboticArm/moveit2_ws/install/my_robot_bringup/share/my_robot_bringup/hook/cmake_prefix_path.dsv'
[0.691s] INFO:colcon.colcon_core.shell:Creating environment hook '/home/johotan/ros2/ROS2Moveit2ControlARoboticArm/moveit2_ws/install/my_robot_bringup/share/my_robot_bringup/hook/cmake_prefix_path.sh'
[0.691s] Level 1:colcon.colcon_core.environment:checking '/home/johotan/ros2/ROS2Moveit2ControlARoboticArm/moveit2_ws/install/my_robot_bringup/bin'
[0.691s] Level 1:colcon.colcon_core.environment:checking '/home/johotan/ros2/ROS2Moveit2ControlARoboticArm/moveit2_ws/install/my_robot_bringup/lib/pkgconfig/my_robot_bringup.pc'
[0.691s] Level 1:colcon.colcon_core.environment:checking '/home/johotan/ros2/ROS2Moveit2ControlARoboticArm/moveit2_ws/install/my_robot_bringup/lib/python3.12/site-packages'
[0.692s] Level 1:colcon.colcon_core.environment:checking '/home/johotan/ros2/ROS2Moveit2ControlARoboticArm/moveit2_ws/install/my_robot_bringup/bin'
[0.692s] INFO:colcon.colcon_core.shell:Creating package script '/home/johotan/ros2/ROS2Moveit2ControlARoboticArm/moveit2_ws/install/my_robot_bringup/share/my_robot_bringup/package.ps1'
[0.693s] INFO:colcon.colcon_core.shell:Creating package descriptor '/home/johotan/ros2/ROS2Moveit2ControlARoboticArm/moveit2_ws/install/my_robot_bringup/share/my_robot_bringup/package.dsv'
[0.693s] INFO:colcon.colcon_core.shell:Creating package script '/home/johotan/ros2/ROS2Moveit2ControlARoboticArm/moveit2_ws/install/my_robot_bringup/share/my_robot_bringup/package.sh'
[0.694s] INFO:colcon.colcon_core.shell:Creating package script '/home/johotan/ros2/ROS2Moveit2ControlARoboticArm/moveit2_ws/install/my_robot_bringup/share/my_robot_bringup/package.bash'
[0.694s] INFO:colcon.colcon_core.shell:Creating package script '/home/johotan/ros2/ROS2Moveit2ControlARoboticArm/moveit2_ws/install/my_robot_bringup/share/my_robot_bringup/package.zsh'
[0.694s] Level 1:colcon.colcon_core.environment:create_file_with_runtime_dependencies(/home/johotan/ros2/ROS2Moveit2ControlARoboticArm/moveit2_ws/install/my_robot_bringup/share/colcon-core/packages/my_robot_bringup)
[1.959s] DEBUG:colcon.colcon_core.event_handler.log_command:Invoked command in '/home/johotan/ros2/ROS2Moveit2ControlARoboticArm/moveit2_ws/build/my_robot_commander_cpp' returned '2': CMAKE_PREFIX_PATH=${CMAKE_PREFIX_PATH}:/opt/ros/jazzy DEBUGINFOD_URLS=https://debuginfod.ubuntu.com /usr/bin/cmake --build /home/johotan/ros2/ROS2Moveit2ControlARoboticArm/moveit2_ws/build/my_robot_commander_cpp -- -j12 -l12
[1.960s] Level 1:colcon.colcon_core.environment:create_environment_scripts_only(my_robot_commander_cpp)
[1.960s] Level 1:colcon.colcon_core.environment:checking '/home/johotan/ros2/ROS2Moveit2ControlARoboticArm/moveit2_ws/install/my_robot_commander_cpp' for CMake module files
[1.961s] Level 1:colcon.colcon_core.environment:checking '/home/johotan/ros2/ROS2Moveit2ControlARoboticArm/moveit2_ws/install/my_robot_commander_cpp' for CMake config files
[1.961s] Level 1:colcon.colcon_core.shell:create_environment_hook('my_robot_commander_cpp', 'cmake_prefix_path')
[1.961s] INFO:colcon.colcon_core.shell:Creating environment hook '/home/johotan/ros2/ROS2Moveit2ControlARoboticArm/moveit2_ws/install/my_robot_commander_cpp/share/my_robot_commander_cpp/hook/cmake_prefix_path.ps1'
[1.962s] INFO:colcon.colcon_core.shell:Creating environment descriptor '/home/johotan/ros2/ROS2Moveit2ControlARoboticArm/moveit2_ws/install/my_robot_commander_cpp/share/my_robot_commander_cpp/hook/cmake_prefix_path.dsv'
[1.962s] INFO:colcon.colcon_core.shell:Creating environment hook '/home/johotan/ros2/ROS2Moveit2ControlARoboticArm/moveit2_ws/install/my_robot_commander_cpp/share/my_robot_commander_cpp/hook/cmake_prefix_path.sh'
[1.963s] Level 1:colcon.colcon_core.environment:checking '/home/johotan/ros2/ROS2Moveit2ControlARoboticArm/moveit2_ws/install/my_robot_commander_cpp/lib'
[1.963s] Level 1:colcon.colcon_core.environment:checking '/home/johotan/ros2/ROS2Moveit2ControlARoboticArm/moveit2_ws/install/my_robot_commander_cpp/bin'
[1.963s] Level 1:colcon.colcon_core.environment:checking '/home/johotan/ros2/ROS2Moveit2ControlARoboticArm/moveit2_ws/install/my_robot_commander_cpp/lib/pkgconfig/my_robot_commander_cpp.pc'
[1.963s] Level 1:colcon.colcon_core.environment:checking '/home/johotan/ros2/ROS2Moveit2ControlARoboticArm/moveit2_ws/install/my_robot_commander_cpp/lib/python3.12/site-packages'
[1.964s] Level 1:colcon.colcon_core.environment:checking '/home/johotan/ros2/ROS2Moveit2ControlARoboticArm/moveit2_ws/install/my_robot_commander_cpp/bin'
[1.964s] INFO:colcon.colcon_core.shell:Creating package script '/home/johotan/ros2/ROS2Moveit2ControlARoboticArm/moveit2_ws/install/my_robot_commander_cpp/share/my_robot_commander_cpp/package.ps1'
[1.965s] INFO:colcon.colcon_core.shell:Creating package descriptor '/home/johotan/ros2/ROS2Moveit2ControlARoboticArm/moveit2_ws/install/my_robot_commander_cpp/share/my_robot_commander_cpp/package.dsv'
[1.965s] INFO:colcon.colcon_core.shell:Creating package script '/home/johotan/ros2/ROS2Moveit2ControlARoboticArm/moveit2_ws/install/my_robot_commander_cpp/share/my_robot_commander_cpp/package.sh'
[1.965s] INFO:colcon.colcon_core.shell:Creating package script '/home/johotan/ros2/ROS2Moveit2ControlARoboticArm/moveit2_ws/install/my_robot_commander_cpp/share/my_robot_commander_cpp/package.bash'
[1.966s] INFO:colcon.colcon_core.shell:Creating package script '/home/johotan/ros2/ROS2Moveit2ControlARoboticArm/moveit2_ws/install/my_robot_commander_cpp/share/my_robot_commander_cpp/package.zsh'
[1.966s] Level 1:colcon.colcon_core.environment:create_file_with_runtime_dependencies(/home/johotan/ros2/ROS2Moveit2ControlARoboticArm/moveit2_ws/install/my_robot_commander_cpp/share/colcon-core/packages/my_robot_commander_cpp)
[1.977s] DEBUG:colcon.colcon_parallel_executor.executor.parallel:closing loop
[1.977s] DEBUG:colcon.colcon_parallel_executor.executor.parallel:loop closed
[1.977s] DEBUG:colcon.colcon_parallel_executor.executor.parallel:run_until_complete finished with '2'
[1.977s] DEBUG:colcon.colcon_core.event_reactor:joining thread
[1.984s] INFO:colcon.colcon_core.plugin_system:Skipping extension 'colcon_notification.desktop_notification.terminal_notifier': Not used on non-Darwin systems
[1.984s] INFO:colcon.colcon_core.plugin_system:Skipping extension 'colcon_notification.desktop_notification.win32': Not used on non-Windows systems
[1.984s] INFO:colcon.colcon_notification.desktop_notification:Sending desktop notification using 'notify2'
[1.999s] DEBUG:colcon.colcon_core.event_reactor:joined thread
[2.000s] INFO:colcon.colcon_core.shell:Creating prefix script '/home/johotan/ros2/ROS2Moveit2ControlARoboticArm/moveit2_ws/install/local_setup.ps1'
[2.001s] INFO:colcon.colcon_core.shell:Creating prefix util module '/home/johotan/ros2/ROS2Moveit2ControlARoboticArm/moveit2_ws/install/_local_setup_util_ps1.py'
[2.002s] INFO:colcon.colcon_core.shell:Creating prefix chain script '/home/johotan/ros2/ROS2Moveit2ControlARoboticArm/moveit2_ws/install/setup.ps1'
[2.003s] INFO:colcon.colcon_core.shell:Creating prefix script '/home/johotan/ros2/ROS2Moveit2ControlARoboticArm/moveit2_ws/install/local_setup.sh'
[2.004s] INFO:colcon.colcon_core.shell:Creating prefix util module '/home/johotan/ros2/ROS2Moveit2ControlARoboticArm/moveit2_ws/install/_local_setup_util_sh.py'
[2.004s] INFO:colcon.colcon_core.shell:Creating prefix chain script '/home/johotan/ros2/ROS2Moveit2ControlARoboticArm/moveit2_ws/install/setup.sh'
[2.006s] INFO:colcon.colcon_core.shell:Creating prefix script '/home/johotan/ros2/ROS2Moveit2ControlARoboticArm/moveit2_ws/install/local_setup.bash'
[2.006s] INFO:colcon.colcon_core.shell:Creating prefix chain script '/home/johotan/ros2/ROS2Moveit2ControlARoboticArm/moveit2_ws/install/setup.bash'
[2.008s] INFO:colcon.colcon_core.shell:Creating prefix script '/home/johotan/ros2/ROS2Moveit2ControlARoboticArm/moveit2_ws/install/local_setup.zsh'
[2.008s] INFO:colcon.colcon_core.shell:Creating prefix chain script '/home/johotan/ros2/ROS2Moveit2ControlARoboticArm/moveit2_ws/install/setup.zsh'
